[2023-04-15T18:15:20.763+0000] {processor.py:153} INFO - Started process (PID=38) to work on /home/airflow/.local/lib/python3.7/site-packages/airflow/example_dags/example_xcomargs.py
[2023-04-15T18:15:20.765+0000] {processor.py:743} INFO - Processing file /home/airflow/.local/lib/python3.7/site-packages/airflow/example_dags/example_xcomargs.py for tasks to queue
[2023-04-15T18:15:20.770+0000] {logging_mixin.py:137} INFO - [2023-04-15T18:15:20.770+0000] {dagbag.py:532} INFO - Filling up the DagBag from /home/airflow/.local/lib/python3.7/site-packages/airflow/example_dags/example_xcomargs.py
[2023-04-15T18:15:20.829+0000] {processor.py:753} INFO - DAG(s) dict_keys(['example_xcom_args', 'example_xcom_args_with_operators']) retrieved from /home/airflow/.local/lib/python3.7/site-packages/airflow/example_dags/example_xcomargs.py
[2023-04-15T18:15:20.906+0000] {logging_mixin.py:137} INFO - [2023-04-15T18:15:20.906+0000] {dag.py:2705} INFO - Sync 2 DAGs
[2023-04-15T18:15:20.974+0000] {logging_mixin.py:137} INFO - [2023-04-15T18:15:20.973+0000] {dag.py:3456} INFO - Setting next_dagrun for example_xcom_args to None, run_after=None
[2023-04-15T18:15:20.983+0000] {logging_mixin.py:137} INFO - [2023-04-15T18:15:20.983+0000] {dag.py:3456} INFO - Setting next_dagrun for example_xcom_args_with_operators to None, run_after=None
[2023-04-15T18:15:21.022+0000] {processor.py:175} INFO - Processing /home/airflow/.local/lib/python3.7/site-packages/airflow/example_dags/example_xcomargs.py took 0.266 seconds
[2023-04-15T18:16:10.944+0000] {processor.py:153} INFO - Started process (PID=88) to work on /home/airflow/.local/lib/python3.7/site-packages/airflow/example_dags/example_xcomargs.py
[2023-04-15T18:16:10.947+0000] {processor.py:743} INFO - Processing file /home/airflow/.local/lib/python3.7/site-packages/airflow/example_dags/example_xcomargs.py for tasks to queue
[2023-04-15T18:16:10.951+0000] {logging_mixin.py:137} INFO - [2023-04-15T18:16:10.951+0000] {dagbag.py:532} INFO - Filling up the DagBag from /home/airflow/.local/lib/python3.7/site-packages/airflow/example_dags/example_xcomargs.py
[2023-04-15T18:16:11.077+0000] {processor.py:753} INFO - DAG(s) dict_keys(['example_xcom_args', 'example_xcom_args_with_operators']) retrieved from /home/airflow/.local/lib/python3.7/site-packages/airflow/example_dags/example_xcomargs.py
[2023-04-15T18:16:11.235+0000] {logging_mixin.py:137} INFO - [2023-04-15T18:16:11.235+0000] {dag.py:2705} INFO - Sync 2 DAGs
[2023-04-15T18:16:11.380+0000] {logging_mixin.py:137} INFO - [2023-04-15T18:16:11.379+0000] {dag.py:3456} INFO - Setting next_dagrun for example_xcom_args to None, run_after=None
[2023-04-15T18:16:11.400+0000] {logging_mixin.py:137} INFO - [2023-04-15T18:16:11.400+0000] {dag.py:3456} INFO - Setting next_dagrun for example_xcom_args_with_operators to None, run_after=None
[2023-04-15T18:16:11.543+0000] {processor.py:175} INFO - Processing /home/airflow/.local/lib/python3.7/site-packages/airflow/example_dags/example_xcomargs.py took 0.628 seconds
[2023-04-15T18:16:42.007+0000] {processor.py:153} INFO - Started process (PID=135) to work on /home/airflow/.local/lib/python3.7/site-packages/airflow/example_dags/example_xcomargs.py
[2023-04-15T18:16:42.012+0000] {processor.py:743} INFO - Processing file /home/airflow/.local/lib/python3.7/site-packages/airflow/example_dags/example_xcomargs.py for tasks to queue
[2023-04-15T18:16:42.017+0000] {logging_mixin.py:137} INFO - [2023-04-15T18:16:42.016+0000] {dagbag.py:532} INFO - Filling up the DagBag from /home/airflow/.local/lib/python3.7/site-packages/airflow/example_dags/example_xcomargs.py
[2023-04-15T18:16:42.075+0000] {processor.py:753} INFO - DAG(s) dict_keys(['example_xcom_args', 'example_xcom_args_with_operators']) retrieved from /home/airflow/.local/lib/python3.7/site-packages/airflow/example_dags/example_xcomargs.py
[2023-04-15T18:16:42.169+0000] {logging_mixin.py:137} INFO - [2023-04-15T18:16:42.168+0000] {dag.py:2705} INFO - Sync 2 DAGs
[2023-04-15T18:16:42.221+0000] {logging_mixin.py:137} INFO - [2023-04-15T18:16:42.221+0000] {dag.py:3456} INFO - Setting next_dagrun for example_xcom_args to None, run_after=None
[2023-04-15T18:16:42.233+0000] {logging_mixin.py:137} INFO - [2023-04-15T18:16:42.233+0000] {dag.py:3456} INFO - Setting next_dagrun for example_xcom_args_with_operators to None, run_after=None
[2023-04-15T18:16:42.282+0000] {processor.py:175} INFO - Processing /home/airflow/.local/lib/python3.7/site-packages/airflow/example_dags/example_xcomargs.py took 0.292 seconds
[2023-04-15T18:17:12.485+0000] {processor.py:153} INFO - Started process (PID=184) to work on /home/airflow/.local/lib/python3.7/site-packages/airflow/example_dags/example_xcomargs.py
[2023-04-15T18:17:12.487+0000] {processor.py:743} INFO - Processing file /home/airflow/.local/lib/python3.7/site-packages/airflow/example_dags/example_xcomargs.py for tasks to queue
[2023-04-15T18:17:12.489+0000] {logging_mixin.py:137} INFO - [2023-04-15T18:17:12.489+0000] {dagbag.py:532} INFO - Filling up the DagBag from /home/airflow/.local/lib/python3.7/site-packages/airflow/example_dags/example_xcomargs.py
[2023-04-15T18:17:12.521+0000] {processor.py:753} INFO - DAG(s) dict_keys(['example_xcom_args', 'example_xcom_args_with_operators']) retrieved from /home/airflow/.local/lib/python3.7/site-packages/airflow/example_dags/example_xcomargs.py
[2023-04-15T18:17:12.567+0000] {logging_mixin.py:137} INFO - [2023-04-15T18:17:12.567+0000] {dag.py:2705} INFO - Sync 2 DAGs
[2023-04-15T18:17:12.606+0000] {logging_mixin.py:137} INFO - [2023-04-15T18:17:12.606+0000] {dag.py:3456} INFO - Setting next_dagrun for example_xcom_args to None, run_after=None
[2023-04-15T18:17:12.614+0000] {logging_mixin.py:137} INFO - [2023-04-15T18:17:12.613+0000] {dag.py:3456} INFO - Setting next_dagrun for example_xcom_args_with_operators to None, run_after=None
[2023-04-15T18:17:12.648+0000] {processor.py:175} INFO - Processing /home/airflow/.local/lib/python3.7/site-packages/airflow/example_dags/example_xcomargs.py took 0.169 seconds
[2023-04-15T18:17:43.455+0000] {processor.py:153} INFO - Started process (PID=234) to work on /home/airflow/.local/lib/python3.7/site-packages/airflow/example_dags/example_xcomargs.py
[2023-04-15T18:17:43.457+0000] {processor.py:743} INFO - Processing file /home/airflow/.local/lib/python3.7/site-packages/airflow/example_dags/example_xcomargs.py for tasks to queue
[2023-04-15T18:17:43.459+0000] {logging_mixin.py:137} INFO - [2023-04-15T18:17:43.459+0000] {dagbag.py:532} INFO - Filling up the DagBag from /home/airflow/.local/lib/python3.7/site-packages/airflow/example_dags/example_xcomargs.py
[2023-04-15T18:17:43.494+0000] {processor.py:753} INFO - DAG(s) dict_keys(['example_xcom_args', 'example_xcom_args_with_operators']) retrieved from /home/airflow/.local/lib/python3.7/site-packages/airflow/example_dags/example_xcomargs.py
[2023-04-15T18:17:43.540+0000] {logging_mixin.py:137} INFO - [2023-04-15T18:17:43.539+0000] {dag.py:2705} INFO - Sync 2 DAGs
[2023-04-15T18:17:43.576+0000] {logging_mixin.py:137} INFO - [2023-04-15T18:17:43.576+0000] {dag.py:3456} INFO - Setting next_dagrun for example_xcom_args to None, run_after=None
[2023-04-15T18:17:43.583+0000] {logging_mixin.py:137} INFO - [2023-04-15T18:17:43.583+0000] {dag.py:3456} INFO - Setting next_dagrun for example_xcom_args_with_operators to None, run_after=None
[2023-04-15T18:17:43.611+0000] {processor.py:175} INFO - Processing /home/airflow/.local/lib/python3.7/site-packages/airflow/example_dags/example_xcomargs.py took 0.161 seconds
[2023-04-15T18:18:13.798+0000] {processor.py:153} INFO - Started process (PID=283) to work on /home/airflow/.local/lib/python3.7/site-packages/airflow/example_dags/example_xcomargs.py
[2023-04-15T18:18:13.800+0000] {processor.py:743} INFO - Processing file /home/airflow/.local/lib/python3.7/site-packages/airflow/example_dags/example_xcomargs.py for tasks to queue
[2023-04-15T18:18:13.803+0000] {logging_mixin.py:137} INFO - [2023-04-15T18:18:13.803+0000] {dagbag.py:532} INFO - Filling up the DagBag from /home/airflow/.local/lib/python3.7/site-packages/airflow/example_dags/example_xcomargs.py
[2023-04-15T18:18:13.840+0000] {processor.py:753} INFO - DAG(s) dict_keys(['example_xcom_args', 'example_xcom_args_with_operators']) retrieved from /home/airflow/.local/lib/python3.7/site-packages/airflow/example_dags/example_xcomargs.py
[2023-04-15T18:18:13.888+0000] {logging_mixin.py:137} INFO - [2023-04-15T18:18:13.888+0000] {dag.py:2705} INFO - Sync 2 DAGs
[2023-04-15T18:18:13.925+0000] {logging_mixin.py:137} INFO - [2023-04-15T18:18:13.925+0000] {dag.py:3456} INFO - Setting next_dagrun for example_xcom_args to None, run_after=None
[2023-04-15T18:18:13.932+0000] {logging_mixin.py:137} INFO - [2023-04-15T18:18:13.932+0000] {dag.py:3456} INFO - Setting next_dagrun for example_xcom_args_with_operators to None, run_after=None
[2023-04-15T18:18:13.960+0000] {processor.py:175} INFO - Processing /home/airflow/.local/lib/python3.7/site-packages/airflow/example_dags/example_xcomargs.py took 0.170 seconds
[2023-04-15T18:18:44.524+0000] {processor.py:153} INFO - Started process (PID=332) to work on /home/airflow/.local/lib/python3.7/site-packages/airflow/example_dags/example_xcomargs.py
[2023-04-15T18:18:44.527+0000] {processor.py:743} INFO - Processing file /home/airflow/.local/lib/python3.7/site-packages/airflow/example_dags/example_xcomargs.py for tasks to queue
[2023-04-15T18:18:44.529+0000] {logging_mixin.py:137} INFO - [2023-04-15T18:18:44.529+0000] {dagbag.py:532} INFO - Filling up the DagBag from /home/airflow/.local/lib/python3.7/site-packages/airflow/example_dags/example_xcomargs.py
[2023-04-15T18:18:44.567+0000] {processor.py:753} INFO - DAG(s) dict_keys(['example_xcom_args_with_operators', 'example_xcom_args']) retrieved from /home/airflow/.local/lib/python3.7/site-packages/airflow/example_dags/example_xcomargs.py
[2023-04-15T18:18:44.633+0000] {logging_mixin.py:137} INFO - [2023-04-15T18:18:44.633+0000] {dag.py:2705} INFO - Sync 2 DAGs
[2023-04-15T18:18:44.674+0000] {logging_mixin.py:137} INFO - [2023-04-15T18:18:44.674+0000] {dag.py:3456} INFO - Setting next_dagrun for example_xcom_args to None, run_after=None
[2023-04-15T18:18:44.680+0000] {logging_mixin.py:137} INFO - [2023-04-15T18:18:44.680+0000] {dag.py:3456} INFO - Setting next_dagrun for example_xcom_args_with_operators to None, run_after=None
[2023-04-15T18:18:44.723+0000] {processor.py:175} INFO - Processing /home/airflow/.local/lib/python3.7/site-packages/airflow/example_dags/example_xcomargs.py took 0.205 seconds
[2023-04-15T18:19:15.202+0000] {processor.py:153} INFO - Started process (PID=383) to work on /home/airflow/.local/lib/python3.7/site-packages/airflow/example_dags/example_xcomargs.py
[2023-04-15T18:19:15.205+0000] {processor.py:743} INFO - Processing file /home/airflow/.local/lib/python3.7/site-packages/airflow/example_dags/example_xcomargs.py for tasks to queue
[2023-04-15T18:19:15.207+0000] {logging_mixin.py:137} INFO - [2023-04-15T18:19:15.207+0000] {dagbag.py:532} INFO - Filling up the DagBag from /home/airflow/.local/lib/python3.7/site-packages/airflow/example_dags/example_xcomargs.py
[2023-04-15T18:19:15.244+0000] {processor.py:753} INFO - DAG(s) dict_keys(['example_xcom_args', 'example_xcom_args_with_operators']) retrieved from /home/airflow/.local/lib/python3.7/site-packages/airflow/example_dags/example_xcomargs.py
[2023-04-15T18:19:15.291+0000] {logging_mixin.py:137} INFO - [2023-04-15T18:19:15.291+0000] {dag.py:2705} INFO - Sync 2 DAGs
[2023-04-15T18:19:15.344+0000] {logging_mixin.py:137} INFO - [2023-04-15T18:19:15.344+0000] {dag.py:3456} INFO - Setting next_dagrun for example_xcom_args to None, run_after=None
[2023-04-15T18:19:15.356+0000] {logging_mixin.py:137} INFO - [2023-04-15T18:19:15.356+0000] {dag.py:3456} INFO - Setting next_dagrun for example_xcom_args_with_operators to None, run_after=None
[2023-04-15T18:19:15.392+0000] {processor.py:175} INFO - Processing /home/airflow/.local/lib/python3.7/site-packages/airflow/example_dags/example_xcomargs.py took 0.197 seconds
[2023-04-15T18:19:45.593+0000] {processor.py:153} INFO - Started process (PID=440) to work on /home/airflow/.local/lib/python3.7/site-packages/airflow/example_dags/example_xcomargs.py
[2023-04-15T18:19:45.597+0000] {processor.py:743} INFO - Processing file /home/airflow/.local/lib/python3.7/site-packages/airflow/example_dags/example_xcomargs.py for tasks to queue
[2023-04-15T18:19:45.602+0000] {logging_mixin.py:137} INFO - [2023-04-15T18:19:45.602+0000] {dagbag.py:532} INFO - Filling up the DagBag from /home/airflow/.local/lib/python3.7/site-packages/airflow/example_dags/example_xcomargs.py
[2023-04-15T18:19:45.641+0000] {processor.py:753} INFO - DAG(s) dict_keys(['example_xcom_args_with_operators', 'example_xcom_args']) retrieved from /home/airflow/.local/lib/python3.7/site-packages/airflow/example_dags/example_xcomargs.py
[2023-04-15T18:19:45.688+0000] {logging_mixin.py:137} INFO - [2023-04-15T18:19:45.688+0000] {dag.py:2705} INFO - Sync 2 DAGs
[2023-04-15T18:19:45.728+0000] {logging_mixin.py:137} INFO - [2023-04-15T18:19:45.728+0000] {dag.py:3456} INFO - Setting next_dagrun for example_xcom_args to None, run_after=None
[2023-04-15T18:19:45.734+0000] {logging_mixin.py:137} INFO - [2023-04-15T18:19:45.734+0000] {dag.py:3456} INFO - Setting next_dagrun for example_xcom_args_with_operators to None, run_after=None
[2023-04-15T18:19:45.764+0000] {processor.py:175} INFO - Processing /home/airflow/.local/lib/python3.7/site-packages/airflow/example_dags/example_xcomargs.py took 0.179 seconds
[2023-04-15T18:20:15.889+0000] {processor.py:153} INFO - Started process (PID=489) to work on /home/airflow/.local/lib/python3.7/site-packages/airflow/example_dags/example_xcomargs.py
[2023-04-15T18:20:15.891+0000] {processor.py:743} INFO - Processing file /home/airflow/.local/lib/python3.7/site-packages/airflow/example_dags/example_xcomargs.py for tasks to queue
[2023-04-15T18:20:15.893+0000] {logging_mixin.py:137} INFO - [2023-04-15T18:20:15.893+0000] {dagbag.py:532} INFO - Filling up the DagBag from /home/airflow/.local/lib/python3.7/site-packages/airflow/example_dags/example_xcomargs.py
[2023-04-15T18:20:15.929+0000] {processor.py:753} INFO - DAG(s) dict_keys(['example_xcom_args', 'example_xcom_args_with_operators']) retrieved from /home/airflow/.local/lib/python3.7/site-packages/airflow/example_dags/example_xcomargs.py
[2023-04-15T18:20:15.976+0000] {logging_mixin.py:137} INFO - [2023-04-15T18:20:15.975+0000] {dag.py:2705} INFO - Sync 2 DAGs
[2023-04-15T18:20:16.013+0000] {logging_mixin.py:137} INFO - [2023-04-15T18:20:16.013+0000] {dag.py:3456} INFO - Setting next_dagrun for example_xcom_args to None, run_after=None
[2023-04-15T18:20:16.019+0000] {logging_mixin.py:137} INFO - [2023-04-15T18:20:16.019+0000] {dag.py:3456} INFO - Setting next_dagrun for example_xcom_args_with_operators to None, run_after=None
[2023-04-15T18:20:16.045+0000] {processor.py:175} INFO - Processing /home/airflow/.local/lib/python3.7/site-packages/airflow/example_dags/example_xcomargs.py took 0.163 seconds
[2023-04-15T18:20:46.403+0000] {processor.py:153} INFO - Started process (PID=539) to work on /home/airflow/.local/lib/python3.7/site-packages/airflow/example_dags/example_xcomargs.py
[2023-04-15T18:20:46.408+0000] {processor.py:743} INFO - Processing file /home/airflow/.local/lib/python3.7/site-packages/airflow/example_dags/example_xcomargs.py for tasks to queue
[2023-04-15T18:20:46.411+0000] {logging_mixin.py:137} INFO - [2023-04-15T18:20:46.411+0000] {dagbag.py:532} INFO - Filling up the DagBag from /home/airflow/.local/lib/python3.7/site-packages/airflow/example_dags/example_xcomargs.py
[2023-04-15T18:20:46.475+0000] {processor.py:753} INFO - DAG(s) dict_keys(['example_xcom_args', 'example_xcom_args_with_operators']) retrieved from /home/airflow/.local/lib/python3.7/site-packages/airflow/example_dags/example_xcomargs.py
[2023-04-15T18:20:46.537+0000] {logging_mixin.py:137} INFO - [2023-04-15T18:20:46.537+0000] {dag.py:2705} INFO - Sync 2 DAGs
[2023-04-15T18:20:46.596+0000] {logging_mixin.py:137} INFO - [2023-04-15T18:20:46.596+0000] {dag.py:3456} INFO - Setting next_dagrun for example_xcom_args to None, run_after=None
[2023-04-15T18:20:46.604+0000] {logging_mixin.py:137} INFO - [2023-04-15T18:20:46.604+0000] {dag.py:3456} INFO - Setting next_dagrun for example_xcom_args_with_operators to None, run_after=None
[2023-04-15T18:20:46.642+0000] {processor.py:175} INFO - Processing /home/airflow/.local/lib/python3.7/site-packages/airflow/example_dags/example_xcomargs.py took 0.246 seconds
[2023-04-15T18:21:17.428+0000] {processor.py:153} INFO - Started process (PID=589) to work on /home/airflow/.local/lib/python3.7/site-packages/airflow/example_dags/example_xcomargs.py
[2023-04-15T18:21:17.436+0000] {processor.py:743} INFO - Processing file /home/airflow/.local/lib/python3.7/site-packages/airflow/example_dags/example_xcomargs.py for tasks to queue
[2023-04-15T18:21:17.440+0000] {logging_mixin.py:137} INFO - [2023-04-15T18:21:17.440+0000] {dagbag.py:532} INFO - Filling up the DagBag from /home/airflow/.local/lib/python3.7/site-packages/airflow/example_dags/example_xcomargs.py
[2023-04-15T18:21:17.920+0000] {processor.py:753} INFO - DAG(s) dict_keys(['example_xcom_args_with_operators', 'example_xcom_args']) retrieved from /home/airflow/.local/lib/python3.7/site-packages/airflow/example_dags/example_xcomargs.py
[2023-04-15T18:21:18.450+0000] {logging_mixin.py:137} INFO - [2023-04-15T18:21:18.449+0000] {dag.py:2705} INFO - Sync 2 DAGs
[2023-04-15T18:21:18.657+0000] {logging_mixin.py:137} INFO - [2023-04-15T18:21:18.656+0000] {dag.py:3456} INFO - Setting next_dagrun for example_xcom_args to None, run_after=None
[2023-04-15T18:21:18.687+0000] {logging_mixin.py:137} INFO - [2023-04-15T18:21:18.686+0000] {dag.py:3456} INFO - Setting next_dagrun for example_xcom_args_with_operators to None, run_after=None
[2023-04-15T18:21:18.770+0000] {processor.py:175} INFO - Processing /home/airflow/.local/lib/python3.7/site-packages/airflow/example_dags/example_xcomargs.py took 1.370 seconds
[2023-04-15T18:21:49.567+0000] {processor.py:153} INFO - Started process (PID=640) to work on /home/airflow/.local/lib/python3.7/site-packages/airflow/example_dags/example_xcomargs.py
[2023-04-15T18:21:49.570+0000] {processor.py:743} INFO - Processing file /home/airflow/.local/lib/python3.7/site-packages/airflow/example_dags/example_xcomargs.py for tasks to queue
[2023-04-15T18:21:49.574+0000] {logging_mixin.py:137} INFO - [2023-04-15T18:21:49.574+0000] {dagbag.py:532} INFO - Filling up the DagBag from /home/airflow/.local/lib/python3.7/site-packages/airflow/example_dags/example_xcomargs.py
[2023-04-15T18:21:49.612+0000] {processor.py:753} INFO - DAG(s) dict_keys(['example_xcom_args_with_operators', 'example_xcom_args']) retrieved from /home/airflow/.local/lib/python3.7/site-packages/airflow/example_dags/example_xcomargs.py
[2023-04-15T18:21:49.661+0000] {logging_mixin.py:137} INFO - [2023-04-15T18:21:49.660+0000] {dag.py:2705} INFO - Sync 2 DAGs
[2023-04-15T18:21:49.700+0000] {logging_mixin.py:137} INFO - [2023-04-15T18:21:49.700+0000] {dag.py:3456} INFO - Setting next_dagrun for example_xcom_args to None, run_after=None
[2023-04-15T18:21:49.707+0000] {logging_mixin.py:137} INFO - [2023-04-15T18:21:49.707+0000] {dag.py:3456} INFO - Setting next_dagrun for example_xcom_args_with_operators to None, run_after=None
[2023-04-15T18:21:49.740+0000] {processor.py:175} INFO - Processing /home/airflow/.local/lib/python3.7/site-packages/airflow/example_dags/example_xcomargs.py took 0.180 seconds
