[2023-04-15T18:15:21.313+0000] {processor.py:153} INFO - Started process (PID=41) to work on /home/airflow/.local/lib/python3.7/site-packages/airflow/example_dags/example_subdag_operator.py
[2023-04-15T18:15:21.316+0000] {processor.py:743} INFO - Processing file /home/airflow/.local/lib/python3.7/site-packages/airflow/example_dags/example_subdag_operator.py for tasks to queue
[2023-04-15T18:15:21.318+0000] {logging_mixin.py:137} INFO - [2023-04-15T18:15:21.318+0000] {dagbag.py:532} INFO - Filling up the DagBag from /home/airflow/.local/lib/python3.7/site-packages/airflow/example_dags/example_subdag_operator.py
[2023-04-15T18:15:21.494+0000] {processor.py:753} INFO - DAG(s) dict_keys(['example_subdag_operator.section-1', 'example_subdag_operator.section-2', 'example_subdag_operator']) retrieved from /home/airflow/.local/lib/python3.7/site-packages/airflow/example_dags/example_subdag_operator.py
[2023-04-15T18:15:21.560+0000] {logging_mixin.py:137} INFO - [2023-04-15T18:15:21.560+0000] {dag.py:2705} INFO - Sync 3 DAGs
[2023-04-15T18:15:21.626+0000] {logging_mixin.py:137} INFO - [2023-04-15T18:15:21.625+0000] {dag.py:3456} INFO - Setting next_dagrun for example_subdag_operator to 2022-01-01T00:00:00+00:00, run_after=2022-01-01T00:00:00+00:00
[2023-04-15T18:15:21.641+0000] {logging_mixin.py:137} INFO - [2023-04-15T18:15:21.640+0000] {dag.py:3456} INFO - Setting next_dagrun for example_subdag_operator.section-1 to None, run_after=None
[2023-04-15T18:15:21.655+0000] {logging_mixin.py:137} INFO - [2023-04-15T18:15:21.655+0000] {dag.py:3456} INFO - Setting next_dagrun for example_subdag_operator.section-2 to None, run_after=None
[2023-04-15T18:15:21.682+0000] {logging_mixin.py:137} INFO - [2023-04-15T18:15:21.682+0000] {dag.py:2705} INFO - Sync 2 DAGs
[2023-04-15T18:15:21.698+0000] {logging_mixin.py:137} INFO - [2023-04-15T18:15:21.698+0000] {dag.py:3456} INFO - Setting next_dagrun for example_subdag_operator.section-1 to None, run_after=None
[2023-04-15T18:15:21.701+0000] {logging_mixin.py:137} INFO - [2023-04-15T18:15:21.701+0000] {dag.py:3456} INFO - Setting next_dagrun for example_subdag_operator.section-2 to None, run_after=None
[2023-04-15T18:15:21.738+0000] {processor.py:175} INFO - Processing /home/airflow/.local/lib/python3.7/site-packages/airflow/example_dags/example_subdag_operator.py took 0.433 seconds
[2023-04-15T18:16:12.170+0000] {processor.py:153} INFO - Started process (PID=91) to work on /home/airflow/.local/lib/python3.7/site-packages/airflow/example_dags/example_subdag_operator.py
[2023-04-15T18:16:12.183+0000] {processor.py:743} INFO - Processing file /home/airflow/.local/lib/python3.7/site-packages/airflow/example_dags/example_subdag_operator.py for tasks to queue
[2023-04-15T18:16:12.193+0000] {logging_mixin.py:137} INFO - [2023-04-15T18:16:12.189+0000] {dagbag.py:532} INFO - Filling up the DagBag from /home/airflow/.local/lib/python3.7/site-packages/airflow/example_dags/example_subdag_operator.py
[2023-04-15T18:16:12.375+0000] {processor.py:753} INFO - DAG(s) dict_keys(['example_subdag_operator.section-1', 'example_subdag_operator.section-2', 'example_subdag_operator']) retrieved from /home/airflow/.local/lib/python3.7/site-packages/airflow/example_dags/example_subdag_operator.py
[2023-04-15T18:16:12.493+0000] {logging_mixin.py:137} INFO - [2023-04-15T18:16:12.491+0000] {dag.py:2705} INFO - Sync 3 DAGs
[2023-04-15T18:16:12.830+0000] {logging_mixin.py:137} INFO - [2023-04-15T18:16:12.829+0000] {dag.py:3456} INFO - Setting next_dagrun for example_subdag_operator to 2022-01-01T00:00:00+00:00, run_after=2022-01-01T00:00:00+00:00
[2023-04-15T18:16:12.966+0000] {logging_mixin.py:137} INFO - [2023-04-15T18:16:12.953+0000] {dag.py:3456} INFO - Setting next_dagrun for example_subdag_operator.section-1 to None, run_after=None
[2023-04-15T18:16:12.992+0000] {logging_mixin.py:137} INFO - [2023-04-15T18:16:12.992+0000] {dag.py:3456} INFO - Setting next_dagrun for example_subdag_operator.section-2 to None, run_after=None
[2023-04-15T18:16:13.035+0000] {logging_mixin.py:137} INFO - [2023-04-15T18:16:13.035+0000] {dag.py:2705} INFO - Sync 2 DAGs
[2023-04-15T18:16:13.059+0000] {logging_mixin.py:137} INFO - [2023-04-15T18:16:13.059+0000] {dag.py:3456} INFO - Setting next_dagrun for example_subdag_operator.section-1 to None, run_after=None
[2023-04-15T18:16:13.085+0000] {logging_mixin.py:137} INFO - [2023-04-15T18:16:13.084+0000] {dag.py:3456} INFO - Setting next_dagrun for example_subdag_operator.section-2 to None, run_after=None
[2023-04-15T18:16:13.201+0000] {processor.py:175} INFO - Processing /home/airflow/.local/lib/python3.7/site-packages/airflow/example_dags/example_subdag_operator.py took 1.037 seconds
[2023-04-15T18:16:43.682+0000] {processor.py:153} INFO - Started process (PID=140) to work on /home/airflow/.local/lib/python3.7/site-packages/airflow/example_dags/example_subdag_operator.py
[2023-04-15T18:16:43.698+0000] {processor.py:743} INFO - Processing file /home/airflow/.local/lib/python3.7/site-packages/airflow/example_dags/example_subdag_operator.py for tasks to queue
[2023-04-15T18:16:43.715+0000] {logging_mixin.py:137} INFO - [2023-04-15T18:16:43.714+0000] {dagbag.py:532} INFO - Filling up the DagBag from /home/airflow/.local/lib/python3.7/site-packages/airflow/example_dags/example_subdag_operator.py
[2023-04-15T18:16:43.835+0000] {processor.py:753} INFO - DAG(s) dict_keys(['example_subdag_operator.section-1', 'example_subdag_operator.section-2', 'example_subdag_operator']) retrieved from /home/airflow/.local/lib/python3.7/site-packages/airflow/example_dags/example_subdag_operator.py
[2023-04-15T18:16:43.949+0000] {logging_mixin.py:137} INFO - [2023-04-15T18:16:43.948+0000] {dag.py:2705} INFO - Sync 3 DAGs
[2023-04-15T18:16:44.005+0000] {logging_mixin.py:137} INFO - [2023-04-15T18:16:44.004+0000] {dag.py:3456} INFO - Setting next_dagrun for example_subdag_operator to 2022-01-01T00:00:00+00:00, run_after=2022-01-01T00:00:00+00:00
[2023-04-15T18:16:44.018+0000] {logging_mixin.py:137} INFO - [2023-04-15T18:16:44.018+0000] {dag.py:3456} INFO - Setting next_dagrun for example_subdag_operator.section-1 to None, run_after=None
[2023-04-15T18:16:44.024+0000] {logging_mixin.py:137} INFO - [2023-04-15T18:16:44.024+0000] {dag.py:3456} INFO - Setting next_dagrun for example_subdag_operator.section-2 to None, run_after=None
[2023-04-15T18:16:44.055+0000] {logging_mixin.py:137} INFO - [2023-04-15T18:16:44.054+0000] {dag.py:2705} INFO - Sync 2 DAGs
[2023-04-15T18:16:44.076+0000] {logging_mixin.py:137} INFO - [2023-04-15T18:16:44.076+0000] {dag.py:3456} INFO - Setting next_dagrun for example_subdag_operator.section-1 to None, run_after=None
[2023-04-15T18:16:44.078+0000] {logging_mixin.py:137} INFO - [2023-04-15T18:16:44.078+0000] {dag.py:3456} INFO - Setting next_dagrun for example_subdag_operator.section-2 to None, run_after=None
[2023-04-15T18:16:44.117+0000] {processor.py:175} INFO - Processing /home/airflow/.local/lib/python3.7/site-packages/airflow/example_dags/example_subdag_operator.py took 0.453 seconds
[2023-04-15T18:17:14.269+0000] {processor.py:153} INFO - Started process (PID=189) to work on /home/airflow/.local/lib/python3.7/site-packages/airflow/example_dags/example_subdag_operator.py
[2023-04-15T18:17:14.271+0000] {processor.py:743} INFO - Processing file /home/airflow/.local/lib/python3.7/site-packages/airflow/example_dags/example_subdag_operator.py for tasks to queue
[2023-04-15T18:17:14.274+0000] {logging_mixin.py:137} INFO - [2023-04-15T18:17:14.273+0000] {dagbag.py:532} INFO - Filling up the DagBag from /home/airflow/.local/lib/python3.7/site-packages/airflow/example_dags/example_subdag_operator.py
[2023-04-15T18:17:14.328+0000] {processor.py:753} INFO - DAG(s) dict_keys(['example_subdag_operator.section-1', 'example_subdag_operator.section-2', 'example_subdag_operator']) retrieved from /home/airflow/.local/lib/python3.7/site-packages/airflow/example_dags/example_subdag_operator.py
[2023-04-15T18:17:14.370+0000] {logging_mixin.py:137} INFO - [2023-04-15T18:17:14.370+0000] {dag.py:2705} INFO - Sync 3 DAGs
[2023-04-15T18:17:14.414+0000] {logging_mixin.py:137} INFO - [2023-04-15T18:17:14.413+0000] {dag.py:3456} INFO - Setting next_dagrun for example_subdag_operator to 2022-01-01T00:00:00+00:00, run_after=2022-01-01T00:00:00+00:00
[2023-04-15T18:17:14.422+0000] {logging_mixin.py:137} INFO - [2023-04-15T18:17:14.422+0000] {dag.py:3456} INFO - Setting next_dagrun for example_subdag_operator.section-1 to None, run_after=None
[2023-04-15T18:17:14.427+0000] {logging_mixin.py:137} INFO - [2023-04-15T18:17:14.426+0000] {dag.py:3456} INFO - Setting next_dagrun for example_subdag_operator.section-2 to None, run_after=None
[2023-04-15T18:17:14.442+0000] {logging_mixin.py:137} INFO - [2023-04-15T18:17:14.442+0000] {dag.py:2705} INFO - Sync 2 DAGs
[2023-04-15T18:17:14.453+0000] {logging_mixin.py:137} INFO - [2023-04-15T18:17:14.453+0000] {dag.py:3456} INFO - Setting next_dagrun for example_subdag_operator.section-1 to None, run_after=None
[2023-04-15T18:17:14.455+0000] {logging_mixin.py:137} INFO - [2023-04-15T18:17:14.455+0000] {dag.py:3456} INFO - Setting next_dagrun for example_subdag_operator.section-2 to None, run_after=None
[2023-04-15T18:17:14.475+0000] {processor.py:175} INFO - Processing /home/airflow/.local/lib/python3.7/site-packages/airflow/example_dags/example_subdag_operator.py took 0.211 seconds
[2023-04-15T18:17:44.656+0000] {processor.py:153} INFO - Started process (PID=237) to work on /home/airflow/.local/lib/python3.7/site-packages/airflow/example_dags/example_subdag_operator.py
[2023-04-15T18:17:44.658+0000] {processor.py:743} INFO - Processing file /home/airflow/.local/lib/python3.7/site-packages/airflow/example_dags/example_subdag_operator.py for tasks to queue
[2023-04-15T18:17:44.660+0000] {logging_mixin.py:137} INFO - [2023-04-15T18:17:44.660+0000] {dagbag.py:532} INFO - Filling up the DagBag from /home/airflow/.local/lib/python3.7/site-packages/airflow/example_dags/example_subdag_operator.py
[2023-04-15T18:17:44.704+0000] {processor.py:753} INFO - DAG(s) dict_keys(['example_subdag_operator.section-1', 'example_subdag_operator.section-2', 'example_subdag_operator']) retrieved from /home/airflow/.local/lib/python3.7/site-packages/airflow/example_dags/example_subdag_operator.py
[2023-04-15T18:17:44.735+0000] {logging_mixin.py:137} INFO - [2023-04-15T18:17:44.734+0000] {dag.py:2705} INFO - Sync 3 DAGs
[2023-04-15T18:17:44.772+0000] {logging_mixin.py:137} INFO - [2023-04-15T18:17:44.771+0000] {dag.py:3456} INFO - Setting next_dagrun for example_subdag_operator to 2022-01-01T00:00:00+00:00, run_after=2022-01-01T00:00:00+00:00
[2023-04-15T18:17:44.779+0000] {logging_mixin.py:137} INFO - [2023-04-15T18:17:44.779+0000] {dag.py:3456} INFO - Setting next_dagrun for example_subdag_operator.section-1 to None, run_after=None
[2023-04-15T18:17:44.782+0000] {logging_mixin.py:137} INFO - [2023-04-15T18:17:44.782+0000] {dag.py:3456} INFO - Setting next_dagrun for example_subdag_operator.section-2 to None, run_after=None
[2023-04-15T18:17:44.798+0000] {logging_mixin.py:137} INFO - [2023-04-15T18:17:44.798+0000] {dag.py:2705} INFO - Sync 2 DAGs
[2023-04-15T18:17:44.810+0000] {logging_mixin.py:137} INFO - [2023-04-15T18:17:44.809+0000] {dag.py:3456} INFO - Setting next_dagrun for example_subdag_operator.section-1 to None, run_after=None
[2023-04-15T18:17:44.812+0000] {logging_mixin.py:137} INFO - [2023-04-15T18:17:44.811+0000] {dag.py:3456} INFO - Setting next_dagrun for example_subdag_operator.section-2 to None, run_after=None
[2023-04-15T18:17:44.831+0000] {processor.py:175} INFO - Processing /home/airflow/.local/lib/python3.7/site-packages/airflow/example_dags/example_subdag_operator.py took 0.179 seconds
[2023-04-15T18:18:15.028+0000] {processor.py:153} INFO - Started process (PID=286) to work on /home/airflow/.local/lib/python3.7/site-packages/airflow/example_dags/example_subdag_operator.py
[2023-04-15T18:18:15.033+0000] {processor.py:743} INFO - Processing file /home/airflow/.local/lib/python3.7/site-packages/airflow/example_dags/example_subdag_operator.py for tasks to queue
[2023-04-15T18:18:15.037+0000] {logging_mixin.py:137} INFO - [2023-04-15T18:18:15.036+0000] {dagbag.py:532} INFO - Filling up the DagBag from /home/airflow/.local/lib/python3.7/site-packages/airflow/example_dags/example_subdag_operator.py
[2023-04-15T18:18:15.139+0000] {processor.py:753} INFO - DAG(s) dict_keys(['example_subdag_operator.section-1', 'example_subdag_operator.section-2', 'example_subdag_operator']) retrieved from /home/airflow/.local/lib/python3.7/site-packages/airflow/example_dags/example_subdag_operator.py
[2023-04-15T18:18:15.229+0000] {logging_mixin.py:137} INFO - [2023-04-15T18:18:15.229+0000] {dag.py:2705} INFO - Sync 3 DAGs
[2023-04-15T18:18:15.295+0000] {logging_mixin.py:137} INFO - [2023-04-15T18:18:15.295+0000] {dag.py:3456} INFO - Setting next_dagrun for example_subdag_operator to 2022-01-01T00:00:00+00:00, run_after=2022-01-01T00:00:00+00:00
[2023-04-15T18:18:15.304+0000] {logging_mixin.py:137} INFO - [2023-04-15T18:18:15.303+0000] {dag.py:3456} INFO - Setting next_dagrun for example_subdag_operator.section-1 to None, run_after=None
[2023-04-15T18:18:15.311+0000] {logging_mixin.py:137} INFO - [2023-04-15T18:18:15.310+0000] {dag.py:3456} INFO - Setting next_dagrun for example_subdag_operator.section-2 to None, run_after=None
[2023-04-15T18:18:15.333+0000] {logging_mixin.py:137} INFO - [2023-04-15T18:18:15.333+0000] {dag.py:2705} INFO - Sync 2 DAGs
[2023-04-15T18:18:15.349+0000] {logging_mixin.py:137} INFO - [2023-04-15T18:18:15.349+0000] {dag.py:3456} INFO - Setting next_dagrun for example_subdag_operator.section-1 to None, run_after=None
[2023-04-15T18:18:15.352+0000] {logging_mixin.py:137} INFO - [2023-04-15T18:18:15.352+0000] {dag.py:3456} INFO - Setting next_dagrun for example_subdag_operator.section-2 to None, run_after=None
[2023-04-15T18:18:15.377+0000] {processor.py:175} INFO - Processing /home/airflow/.local/lib/python3.7/site-packages/airflow/example_dags/example_subdag_operator.py took 0.358 seconds
[2023-04-15T18:18:45.763+0000] {processor.py:153} INFO - Started process (PID=343) to work on /home/airflow/.local/lib/python3.7/site-packages/airflow/example_dags/example_subdag_operator.py
[2023-04-15T18:18:45.765+0000] {processor.py:743} INFO - Processing file /home/airflow/.local/lib/python3.7/site-packages/airflow/example_dags/example_subdag_operator.py for tasks to queue
[2023-04-15T18:18:45.768+0000] {logging_mixin.py:137} INFO - [2023-04-15T18:18:45.767+0000] {dagbag.py:532} INFO - Filling up the DagBag from /home/airflow/.local/lib/python3.7/site-packages/airflow/example_dags/example_subdag_operator.py
[2023-04-15T18:18:45.814+0000] {processor.py:753} INFO - DAG(s) dict_keys(['example_subdag_operator.section-1', 'example_subdag_operator.section-2', 'example_subdag_operator']) retrieved from /home/airflow/.local/lib/python3.7/site-packages/airflow/example_dags/example_subdag_operator.py
[2023-04-15T18:18:45.844+0000] {logging_mixin.py:137} INFO - [2023-04-15T18:18:45.844+0000] {dag.py:2705} INFO - Sync 3 DAGs
[2023-04-15T18:18:45.882+0000] {logging_mixin.py:137} INFO - [2023-04-15T18:18:45.882+0000] {dag.py:3456} INFO - Setting next_dagrun for example_subdag_operator to 2022-01-01T00:00:00+00:00, run_after=2022-01-01T00:00:00+00:00
[2023-04-15T18:18:45.890+0000] {logging_mixin.py:137} INFO - [2023-04-15T18:18:45.890+0000] {dag.py:3456} INFO - Setting next_dagrun for example_subdag_operator.section-1 to None, run_after=None
[2023-04-15T18:18:45.894+0000] {logging_mixin.py:137} INFO - [2023-04-15T18:18:45.894+0000] {dag.py:3456} INFO - Setting next_dagrun for example_subdag_operator.section-2 to None, run_after=None
[2023-04-15T18:18:45.906+0000] {logging_mixin.py:137} INFO - [2023-04-15T18:18:45.906+0000] {dag.py:2705} INFO - Sync 2 DAGs
[2023-04-15T18:18:45.915+0000] {logging_mixin.py:137} INFO - [2023-04-15T18:18:45.915+0000] {dag.py:3456} INFO - Setting next_dagrun for example_subdag_operator.section-1 to None, run_after=None
[2023-04-15T18:18:45.917+0000] {logging_mixin.py:137} INFO - [2023-04-15T18:18:45.916+0000] {dag.py:3456} INFO - Setting next_dagrun for example_subdag_operator.section-2 to None, run_after=None
[2023-04-15T18:18:45.934+0000] {processor.py:175} INFO - Processing /home/airflow/.local/lib/python3.7/site-packages/airflow/example_dags/example_subdag_operator.py took 0.176 seconds
[2023-04-15T18:19:16.373+0000] {processor.py:153} INFO - Started process (PID=393) to work on /home/airflow/.local/lib/python3.7/site-packages/airflow/example_dags/example_subdag_operator.py
[2023-04-15T18:19:16.375+0000] {processor.py:743} INFO - Processing file /home/airflow/.local/lib/python3.7/site-packages/airflow/example_dags/example_subdag_operator.py for tasks to queue
[2023-04-15T18:19:16.378+0000] {logging_mixin.py:137} INFO - [2023-04-15T18:19:16.377+0000] {dagbag.py:532} INFO - Filling up the DagBag from /home/airflow/.local/lib/python3.7/site-packages/airflow/example_dags/example_subdag_operator.py
[2023-04-15T18:19:16.430+0000] {processor.py:753} INFO - DAG(s) dict_keys(['example_subdag_operator.section-1', 'example_subdag_operator.section-2', 'example_subdag_operator']) retrieved from /home/airflow/.local/lib/python3.7/site-packages/airflow/example_dags/example_subdag_operator.py
[2023-04-15T18:19:16.462+0000] {logging_mixin.py:137} INFO - [2023-04-15T18:19:16.461+0000] {dag.py:2705} INFO - Sync 3 DAGs
[2023-04-15T18:19:16.499+0000] {logging_mixin.py:137} INFO - [2023-04-15T18:19:16.499+0000] {dag.py:3456} INFO - Setting next_dagrun for example_subdag_operator to 2022-01-01T00:00:00+00:00, run_after=2022-01-01T00:00:00+00:00
[2023-04-15T18:19:16.505+0000] {logging_mixin.py:137} INFO - [2023-04-15T18:19:16.505+0000] {dag.py:3456} INFO - Setting next_dagrun for example_subdag_operator.section-1 to None, run_after=None
[2023-04-15T18:19:16.509+0000] {logging_mixin.py:137} INFO - [2023-04-15T18:19:16.509+0000] {dag.py:3456} INFO - Setting next_dagrun for example_subdag_operator.section-2 to None, run_after=None
[2023-04-15T18:19:16.522+0000] {logging_mixin.py:137} INFO - [2023-04-15T18:19:16.522+0000] {dag.py:2705} INFO - Sync 2 DAGs
[2023-04-15T18:19:16.532+0000] {logging_mixin.py:137} INFO - [2023-04-15T18:19:16.532+0000] {dag.py:3456} INFO - Setting next_dagrun for example_subdag_operator.section-1 to None, run_after=None
[2023-04-15T18:19:16.534+0000] {logging_mixin.py:137} INFO - [2023-04-15T18:19:16.534+0000] {dag.py:3456} INFO - Setting next_dagrun for example_subdag_operator.section-2 to None, run_after=None
[2023-04-15T18:19:16.555+0000] {processor.py:175} INFO - Processing /home/airflow/.local/lib/python3.7/site-packages/airflow/example_dags/example_subdag_operator.py took 0.190 seconds
[2023-04-15T18:19:46.816+0000] {processor.py:153} INFO - Started process (PID=443) to work on /home/airflow/.local/lib/python3.7/site-packages/airflow/example_dags/example_subdag_operator.py
[2023-04-15T18:19:46.820+0000] {processor.py:743} INFO - Processing file /home/airflow/.local/lib/python3.7/site-packages/airflow/example_dags/example_subdag_operator.py for tasks to queue
[2023-04-15T18:19:46.823+0000] {logging_mixin.py:137} INFO - [2023-04-15T18:19:46.823+0000] {dagbag.py:532} INFO - Filling up the DagBag from /home/airflow/.local/lib/python3.7/site-packages/airflow/example_dags/example_subdag_operator.py
[2023-04-15T18:19:46.874+0000] {processor.py:753} INFO - DAG(s) dict_keys(['example_subdag_operator.section-1', 'example_subdag_operator.section-2', 'example_subdag_operator']) retrieved from /home/airflow/.local/lib/python3.7/site-packages/airflow/example_dags/example_subdag_operator.py
[2023-04-15T18:19:46.906+0000] {logging_mixin.py:137} INFO - [2023-04-15T18:19:46.906+0000] {dag.py:2705} INFO - Sync 3 DAGs
[2023-04-15T18:19:46.945+0000] {logging_mixin.py:137} INFO - [2023-04-15T18:19:46.945+0000] {dag.py:3456} INFO - Setting next_dagrun for example_subdag_operator to 2022-01-01T00:00:00+00:00, run_after=2022-01-01T00:00:00+00:00
[2023-04-15T18:19:46.953+0000] {logging_mixin.py:137} INFO - [2023-04-15T18:19:46.953+0000] {dag.py:3456} INFO - Setting next_dagrun for example_subdag_operator.section-1 to None, run_after=None
[2023-04-15T18:19:46.957+0000] {logging_mixin.py:137} INFO - [2023-04-15T18:19:46.956+0000] {dag.py:3456} INFO - Setting next_dagrun for example_subdag_operator.section-2 to None, run_after=None
[2023-04-15T18:19:46.970+0000] {logging_mixin.py:137} INFO - [2023-04-15T18:19:46.970+0000] {dag.py:2705} INFO - Sync 2 DAGs
[2023-04-15T18:19:46.982+0000] {logging_mixin.py:137} INFO - [2023-04-15T18:19:46.982+0000] {dag.py:3456} INFO - Setting next_dagrun for example_subdag_operator.section-1 to None, run_after=None
[2023-04-15T18:19:46.984+0000] {logging_mixin.py:137} INFO - [2023-04-15T18:19:46.984+0000] {dag.py:3456} INFO - Setting next_dagrun for example_subdag_operator.section-2 to None, run_after=None
[2023-04-15T18:19:47.008+0000] {processor.py:175} INFO - Processing /home/airflow/.local/lib/python3.7/site-packages/airflow/example_dags/example_subdag_operator.py took 0.197 seconds
[2023-04-15T18:20:17.104+0000] {processor.py:153} INFO - Started process (PID=492) to work on /home/airflow/.local/lib/python3.7/site-packages/airflow/example_dags/example_subdag_operator.py
[2023-04-15T18:20:17.107+0000] {processor.py:743} INFO - Processing file /home/airflow/.local/lib/python3.7/site-packages/airflow/example_dags/example_subdag_operator.py for tasks to queue
[2023-04-15T18:20:17.109+0000] {logging_mixin.py:137} INFO - [2023-04-15T18:20:17.109+0000] {dagbag.py:532} INFO - Filling up the DagBag from /home/airflow/.local/lib/python3.7/site-packages/airflow/example_dags/example_subdag_operator.py
[2023-04-15T18:20:17.161+0000] {processor.py:753} INFO - DAG(s) dict_keys(['example_subdag_operator.section-1', 'example_subdag_operator.section-2', 'example_subdag_operator']) retrieved from /home/airflow/.local/lib/python3.7/site-packages/airflow/example_dags/example_subdag_operator.py
[2023-04-15T18:20:17.192+0000] {logging_mixin.py:137} INFO - [2023-04-15T18:20:17.192+0000] {dag.py:2705} INFO - Sync 3 DAGs
[2023-04-15T18:20:17.231+0000] {logging_mixin.py:137} INFO - [2023-04-15T18:20:17.231+0000] {dag.py:3456} INFO - Setting next_dagrun for example_subdag_operator to 2022-01-01T00:00:00+00:00, run_after=2022-01-01T00:00:00+00:00
[2023-04-15T18:20:17.238+0000] {logging_mixin.py:137} INFO - [2023-04-15T18:20:17.238+0000] {dag.py:3456} INFO - Setting next_dagrun for example_subdag_operator.section-1 to None, run_after=None
[2023-04-15T18:20:17.242+0000] {logging_mixin.py:137} INFO - [2023-04-15T18:20:17.242+0000] {dag.py:3456} INFO - Setting next_dagrun for example_subdag_operator.section-2 to None, run_after=None
[2023-04-15T18:20:17.255+0000] {logging_mixin.py:137} INFO - [2023-04-15T18:20:17.255+0000] {dag.py:2705} INFO - Sync 2 DAGs
[2023-04-15T18:20:17.266+0000] {logging_mixin.py:137} INFO - [2023-04-15T18:20:17.265+0000] {dag.py:3456} INFO - Setting next_dagrun for example_subdag_operator.section-1 to None, run_after=None
[2023-04-15T18:20:17.268+0000] {logging_mixin.py:137} INFO - [2023-04-15T18:20:17.268+0000] {dag.py:3456} INFO - Setting next_dagrun for example_subdag_operator.section-2 to None, run_after=None
[2023-04-15T18:20:17.301+0000] {processor.py:175} INFO - Processing /home/airflow/.local/lib/python3.7/site-packages/airflow/example_dags/example_subdag_operator.py took 0.203 seconds
[2023-04-15T18:20:47.698+0000] {processor.py:153} INFO - Started process (PID=542) to work on /home/airflow/.local/lib/python3.7/site-packages/airflow/example_dags/example_subdag_operator.py
[2023-04-15T18:20:47.701+0000] {processor.py:743} INFO - Processing file /home/airflow/.local/lib/python3.7/site-packages/airflow/example_dags/example_subdag_operator.py for tasks to queue
[2023-04-15T18:20:47.703+0000] {logging_mixin.py:137} INFO - [2023-04-15T18:20:47.703+0000] {dagbag.py:532} INFO - Filling up the DagBag from /home/airflow/.local/lib/python3.7/site-packages/airflow/example_dags/example_subdag_operator.py
[2023-04-15T18:20:47.775+0000] {processor.py:753} INFO - DAG(s) dict_keys(['example_subdag_operator.section-1', 'example_subdag_operator.section-2', 'example_subdag_operator']) retrieved from /home/airflow/.local/lib/python3.7/site-packages/airflow/example_dags/example_subdag_operator.py
[2023-04-15T18:20:47.823+0000] {logging_mixin.py:137} INFO - [2023-04-15T18:20:47.822+0000] {dag.py:2705} INFO - Sync 3 DAGs
[2023-04-15T18:20:47.995+0000] {logging_mixin.py:137} INFO - [2023-04-15T18:20:47.995+0000] {dag.py:3456} INFO - Setting next_dagrun for example_subdag_operator to 2022-01-01T00:00:00+00:00, run_after=2022-01-01T00:00:00+00:00
[2023-04-15T18:20:48.013+0000] {logging_mixin.py:137} INFO - [2023-04-15T18:20:48.013+0000] {dag.py:3456} INFO - Setting next_dagrun for example_subdag_operator.section-1 to None, run_after=None
[2023-04-15T18:20:48.021+0000] {logging_mixin.py:137} INFO - [2023-04-15T18:20:48.020+0000] {dag.py:3456} INFO - Setting next_dagrun for example_subdag_operator.section-2 to None, run_after=None
[2023-04-15T18:20:48.062+0000] {logging_mixin.py:137} INFO - [2023-04-15T18:20:48.060+0000] {dag.py:2705} INFO - Sync 2 DAGs
[2023-04-15T18:20:48.085+0000] {logging_mixin.py:137} INFO - [2023-04-15T18:20:48.084+0000] {dag.py:3456} INFO - Setting next_dagrun for example_subdag_operator.section-1 to None, run_after=None
[2023-04-15T18:20:48.087+0000] {logging_mixin.py:137} INFO - [2023-04-15T18:20:48.087+0000] {dag.py:3456} INFO - Setting next_dagrun for example_subdag_operator.section-2 to None, run_after=None
[2023-04-15T18:20:48.127+0000] {processor.py:175} INFO - Processing /home/airflow/.local/lib/python3.7/site-packages/airflow/example_dags/example_subdag_operator.py took 0.434 seconds
[2023-04-15T18:21:19.707+0000] {processor.py:153} INFO - Started process (PID=592) to work on /home/airflow/.local/lib/python3.7/site-packages/airflow/example_dags/example_subdag_operator.py
[2023-04-15T18:21:19.763+0000] {processor.py:743} INFO - Processing file /home/airflow/.local/lib/python3.7/site-packages/airflow/example_dags/example_subdag_operator.py for tasks to queue
[2023-04-15T18:21:19.772+0000] {logging_mixin.py:137} INFO - [2023-04-15T18:21:19.771+0000] {dagbag.py:532} INFO - Filling up the DagBag from /home/airflow/.local/lib/python3.7/site-packages/airflow/example_dags/example_subdag_operator.py
[2023-04-15T18:21:20.110+0000] {processor.py:753} INFO - DAG(s) dict_keys(['example_subdag_operator.section-1', 'example_subdag_operator.section-2', 'example_subdag_operator']) retrieved from /home/airflow/.local/lib/python3.7/site-packages/airflow/example_dags/example_subdag_operator.py
[2023-04-15T18:21:25.376+0000] {logging_mixin.py:137} INFO - [2023-04-15T18:21:25.375+0000] {dag.py:2705} INFO - Sync 3 DAGs
[2023-04-15T18:21:25.600+0000] {logging_mixin.py:137} INFO - [2023-04-15T18:21:25.599+0000] {dag.py:3456} INFO - Setting next_dagrun for example_subdag_operator to 2022-01-01T00:00:00+00:00, run_after=2022-01-01T00:00:00+00:00
[2023-04-15T18:21:25.612+0000] {logging_mixin.py:137} INFO - [2023-04-15T18:21:25.612+0000] {dag.py:3456} INFO - Setting next_dagrun for example_subdag_operator.section-1 to None, run_after=None
[2023-04-15T18:21:25.617+0000] {logging_mixin.py:137} INFO - [2023-04-15T18:21:25.617+0000] {dag.py:3456} INFO - Setting next_dagrun for example_subdag_operator.section-2 to None, run_after=None
[2023-04-15T18:21:25.642+0000] {logging_mixin.py:137} INFO - [2023-04-15T18:21:25.641+0000] {dag.py:2705} INFO - Sync 2 DAGs
[2023-04-15T18:21:25.723+0000] {logging_mixin.py:137} INFO - [2023-04-15T18:21:25.723+0000] {dag.py:3456} INFO - Setting next_dagrun for example_subdag_operator.section-1 to None, run_after=None
[2023-04-15T18:21:25.727+0000] {logging_mixin.py:137} INFO - [2023-04-15T18:21:25.726+0000] {dag.py:3456} INFO - Setting next_dagrun for example_subdag_operator.section-2 to None, run_after=None
[2023-04-15T18:21:25.824+0000] {processor.py:175} INFO - Processing /home/airflow/.local/lib/python3.7/site-packages/airflow/example_dags/example_subdag_operator.py took 6.185 seconds
[2023-04-15T18:21:56.159+0000] {processor.py:153} INFO - Started process (PID=643) to work on /home/airflow/.local/lib/python3.7/site-packages/airflow/example_dags/example_subdag_operator.py
[2023-04-15T18:21:56.162+0000] {processor.py:743} INFO - Processing file /home/airflow/.local/lib/python3.7/site-packages/airflow/example_dags/example_subdag_operator.py for tasks to queue
[2023-04-15T18:21:56.164+0000] {logging_mixin.py:137} INFO - [2023-04-15T18:21:56.164+0000] {dagbag.py:532} INFO - Filling up the DagBag from /home/airflow/.local/lib/python3.7/site-packages/airflow/example_dags/example_subdag_operator.py
[2023-04-15T18:21:56.211+0000] {processor.py:753} INFO - DAG(s) dict_keys(['example_subdag_operator.section-1', 'example_subdag_operator.section-2', 'example_subdag_operator']) retrieved from /home/airflow/.local/lib/python3.7/site-packages/airflow/example_dags/example_subdag_operator.py
[2023-04-15T18:21:56.243+0000] {logging_mixin.py:137} INFO - [2023-04-15T18:21:56.243+0000] {dag.py:2705} INFO - Sync 3 DAGs
[2023-04-15T18:21:56.280+0000] {logging_mixin.py:137} INFO - [2023-04-15T18:21:56.280+0000] {dag.py:3456} INFO - Setting next_dagrun for example_subdag_operator to 2022-01-01T00:00:00+00:00, run_after=2022-01-01T00:00:00+00:00
[2023-04-15T18:21:56.287+0000] {logging_mixin.py:137} INFO - [2023-04-15T18:21:56.286+0000] {dag.py:3456} INFO - Setting next_dagrun for example_subdag_operator.section-1 to None, run_after=None
[2023-04-15T18:21:56.289+0000] {logging_mixin.py:137} INFO - [2023-04-15T18:21:56.289+0000] {dag.py:3456} INFO - Setting next_dagrun for example_subdag_operator.section-2 to None, run_after=None
[2023-04-15T18:21:56.301+0000] {logging_mixin.py:137} INFO - [2023-04-15T18:21:56.300+0000] {dag.py:2705} INFO - Sync 2 DAGs
[2023-04-15T18:21:56.309+0000] {logging_mixin.py:137} INFO - [2023-04-15T18:21:56.309+0000] {dag.py:3456} INFO - Setting next_dagrun for example_subdag_operator.section-1 to None, run_after=None
[2023-04-15T18:21:56.311+0000] {logging_mixin.py:137} INFO - [2023-04-15T18:21:56.311+0000] {dag.py:3456} INFO - Setting next_dagrun for example_subdag_operator.section-2 to None, run_after=None
[2023-04-15T18:21:56.328+0000] {processor.py:175} INFO - Processing /home/airflow/.local/lib/python3.7/site-packages/airflow/example_dags/example_subdag_operator.py took 0.174 seconds
