[2023-04-15T18:15:23.468+0000] {processor.py:153} INFO - Started process (PID=48) to work on /home/airflow/.local/lib/python3.7/site-packages/airflow/example_dags/example_branch_day_of_week_operator.py
[2023-04-15T18:15:23.471+0000] {processor.py:743} INFO - Processing file /home/airflow/.local/lib/python3.7/site-packages/airflow/example_dags/example_branch_day_of_week_operator.py for tasks to queue
[2023-04-15T18:15:23.474+0000] {logging_mixin.py:137} INFO - [2023-04-15T18:15:23.474+0000] {dagbag.py:532} INFO - Filling up the DagBag from /home/airflow/.local/lib/python3.7/site-packages/airflow/example_dags/example_branch_day_of_week_operator.py
[2023-04-15T18:15:23.555+0000] {processor.py:753} INFO - DAG(s) dict_keys(['example_weekday_branch_operator']) retrieved from /home/airflow/.local/lib/python3.7/site-packages/airflow/example_dags/example_branch_day_of_week_operator.py
[2023-04-15T18:15:24.317+0000] {logging_mixin.py:137} INFO - [2023-04-15T18:15:24.317+0000] {dag.py:2705} INFO - Sync 1 DAGs
[2023-04-15T18:15:24.516+0000] {logging_mixin.py:137} INFO - [2023-04-15T18:15:24.516+0000] {dag.py:3456} INFO - Setting next_dagrun for example_weekday_branch_operator to 2023-04-14T00:00:00+00:00, run_after=2023-04-15T00:00:00+00:00
[2023-04-15T18:15:24.643+0000] {processor.py:175} INFO - Processing /home/airflow/.local/lib/python3.7/site-packages/airflow/example_dags/example_branch_day_of_week_operator.py took 1.219 seconds
[2023-04-15T18:16:14.748+0000] {processor.py:153} INFO - Started process (PID=104) to work on /home/airflow/.local/lib/python3.7/site-packages/airflow/example_dags/example_branch_day_of_week_operator.py
[2023-04-15T18:16:14.762+0000] {processor.py:743} INFO - Processing file /home/airflow/.local/lib/python3.7/site-packages/airflow/example_dags/example_branch_day_of_week_operator.py for tasks to queue
[2023-04-15T18:16:14.767+0000] {logging_mixin.py:137} INFO - [2023-04-15T18:16:14.766+0000] {dagbag.py:532} INFO - Filling up the DagBag from /home/airflow/.local/lib/python3.7/site-packages/airflow/example_dags/example_branch_day_of_week_operator.py
[2023-04-15T18:16:14.893+0000] {processor.py:753} INFO - DAG(s) dict_keys(['example_weekday_branch_operator']) retrieved from /home/airflow/.local/lib/python3.7/site-packages/airflow/example_dags/example_branch_day_of_week_operator.py
[2023-04-15T18:16:15.113+0000] {logging_mixin.py:137} INFO - [2023-04-15T18:16:15.112+0000] {dag.py:2705} INFO - Sync 1 DAGs
[2023-04-15T18:16:15.274+0000] {logging_mixin.py:137} INFO - [2023-04-15T18:16:15.274+0000] {dag.py:3456} INFO - Setting next_dagrun for example_weekday_branch_operator to 2023-04-14T00:00:00+00:00, run_after=2023-04-15T00:00:00+00:00
[2023-04-15T18:16:15.317+0000] {processor.py:175} INFO - Processing /home/airflow/.local/lib/python3.7/site-packages/airflow/example_dags/example_branch_day_of_week_operator.py took 0.574 seconds
[2023-04-15T18:16:45.781+0000] {processor.py:153} INFO - Started process (PID=153) to work on /home/airflow/.local/lib/python3.7/site-packages/airflow/example_dags/example_branch_day_of_week_operator.py
[2023-04-15T18:16:45.784+0000] {processor.py:743} INFO - Processing file /home/airflow/.local/lib/python3.7/site-packages/airflow/example_dags/example_branch_day_of_week_operator.py for tasks to queue
[2023-04-15T18:16:45.786+0000] {logging_mixin.py:137} INFO - [2023-04-15T18:16:45.786+0000] {dagbag.py:532} INFO - Filling up the DagBag from /home/airflow/.local/lib/python3.7/site-packages/airflow/example_dags/example_branch_day_of_week_operator.py
[2023-04-15T18:16:45.816+0000] {processor.py:753} INFO - DAG(s) dict_keys(['example_weekday_branch_operator']) retrieved from /home/airflow/.local/lib/python3.7/site-packages/airflow/example_dags/example_branch_day_of_week_operator.py
[2023-04-15T18:16:45.862+0000] {logging_mixin.py:137} INFO - [2023-04-15T18:16:45.862+0000] {dag.py:2705} INFO - Sync 1 DAGs
[2023-04-15T18:16:45.902+0000] {logging_mixin.py:137} INFO - [2023-04-15T18:16:45.902+0000] {dag.py:3456} INFO - Setting next_dagrun for example_weekday_branch_operator to 2023-04-14T00:00:00+00:00, run_after=2023-04-15T00:00:00+00:00
[2023-04-15T18:16:45.938+0000] {processor.py:175} INFO - Processing /home/airflow/.local/lib/python3.7/site-packages/airflow/example_dags/example_branch_day_of_week_operator.py took 0.164 seconds
[2023-04-15T18:17:16.049+0000] {processor.py:153} INFO - Started process (PID=203) to work on /home/airflow/.local/lib/python3.7/site-packages/airflow/example_dags/example_branch_day_of_week_operator.py
[2023-04-15T18:17:16.051+0000] {processor.py:743} INFO - Processing file /home/airflow/.local/lib/python3.7/site-packages/airflow/example_dags/example_branch_day_of_week_operator.py for tasks to queue
[2023-04-15T18:17:16.054+0000] {logging_mixin.py:137} INFO - [2023-04-15T18:17:16.054+0000] {dagbag.py:532} INFO - Filling up the DagBag from /home/airflow/.local/lib/python3.7/site-packages/airflow/example_dags/example_branch_day_of_week_operator.py
[2023-04-15T18:17:16.080+0000] {processor.py:753} INFO - DAG(s) dict_keys(['example_weekday_branch_operator']) retrieved from /home/airflow/.local/lib/python3.7/site-packages/airflow/example_dags/example_branch_day_of_week_operator.py
[2023-04-15T18:17:16.124+0000] {logging_mixin.py:137} INFO - [2023-04-15T18:17:16.124+0000] {dag.py:2705} INFO - Sync 1 DAGs
[2023-04-15T18:17:16.168+0000] {logging_mixin.py:137} INFO - [2023-04-15T18:17:16.168+0000] {dag.py:3456} INFO - Setting next_dagrun for example_weekday_branch_operator to 2023-04-14T00:00:00+00:00, run_after=2023-04-15T00:00:00+00:00
[2023-04-15T18:17:16.202+0000] {processor.py:175} INFO - Processing /home/airflow/.local/lib/python3.7/site-packages/airflow/example_dags/example_branch_day_of_week_operator.py took 0.162 seconds
[2023-04-15T18:17:46.668+0000] {processor.py:153} INFO - Started process (PID=252) to work on /home/airflow/.local/lib/python3.7/site-packages/airflow/example_dags/example_branch_day_of_week_operator.py
[2023-04-15T18:17:46.670+0000] {processor.py:743} INFO - Processing file /home/airflow/.local/lib/python3.7/site-packages/airflow/example_dags/example_branch_day_of_week_operator.py for tasks to queue
[2023-04-15T18:17:46.674+0000] {logging_mixin.py:137} INFO - [2023-04-15T18:17:46.674+0000] {dagbag.py:532} INFO - Filling up the DagBag from /home/airflow/.local/lib/python3.7/site-packages/airflow/example_dags/example_branch_day_of_week_operator.py
[2023-04-15T18:17:46.699+0000] {processor.py:753} INFO - DAG(s) dict_keys(['example_weekday_branch_operator']) retrieved from /home/airflow/.local/lib/python3.7/site-packages/airflow/example_dags/example_branch_day_of_week_operator.py
[2023-04-15T18:17:46.749+0000] {logging_mixin.py:137} INFO - [2023-04-15T18:17:46.749+0000] {dag.py:2705} INFO - Sync 1 DAGs
[2023-04-15T18:17:46.792+0000] {logging_mixin.py:137} INFO - [2023-04-15T18:17:46.792+0000] {dag.py:3456} INFO - Setting next_dagrun for example_weekday_branch_operator to 2023-04-14T00:00:00+00:00, run_after=2023-04-15T00:00:00+00:00
[2023-04-15T18:17:46.824+0000] {processor.py:175} INFO - Processing /home/airflow/.local/lib/python3.7/site-packages/airflow/example_dags/example_branch_day_of_week_operator.py took 0.164 seconds
[2023-04-15T18:18:17.190+0000] {processor.py:153} INFO - Started process (PID=301) to work on /home/airflow/.local/lib/python3.7/site-packages/airflow/example_dags/example_branch_day_of_week_operator.py
[2023-04-15T18:18:17.193+0000] {processor.py:743} INFO - Processing file /home/airflow/.local/lib/python3.7/site-packages/airflow/example_dags/example_branch_day_of_week_operator.py for tasks to queue
[2023-04-15T18:18:17.195+0000] {logging_mixin.py:137} INFO - [2023-04-15T18:18:17.195+0000] {dagbag.py:532} INFO - Filling up the DagBag from /home/airflow/.local/lib/python3.7/site-packages/airflow/example_dags/example_branch_day_of_week_operator.py
[2023-04-15T18:18:17.220+0000] {processor.py:753} INFO - DAG(s) dict_keys(['example_weekday_branch_operator']) retrieved from /home/airflow/.local/lib/python3.7/site-packages/airflow/example_dags/example_branch_day_of_week_operator.py
[2023-04-15T18:18:17.282+0000] {logging_mixin.py:137} INFO - [2023-04-15T18:18:17.281+0000] {dag.py:2705} INFO - Sync 1 DAGs
[2023-04-15T18:18:17.333+0000] {logging_mixin.py:137} INFO - [2023-04-15T18:18:17.333+0000] {dag.py:3456} INFO - Setting next_dagrun for example_weekday_branch_operator to 2023-04-14T00:00:00+00:00, run_after=2023-04-15T00:00:00+00:00
[2023-04-15T18:18:17.365+0000] {processor.py:175} INFO - Processing /home/airflow/.local/lib/python3.7/site-packages/airflow/example_dags/example_branch_day_of_week_operator.py took 0.182 seconds
[2023-04-15T18:18:47.594+0000] {processor.py:153} INFO - Started process (PID=352) to work on /home/airflow/.local/lib/python3.7/site-packages/airflow/example_dags/example_branch_day_of_week_operator.py
[2023-04-15T18:18:47.597+0000] {processor.py:743} INFO - Processing file /home/airflow/.local/lib/python3.7/site-packages/airflow/example_dags/example_branch_day_of_week_operator.py for tasks to queue
[2023-04-15T18:18:47.600+0000] {logging_mixin.py:137} INFO - [2023-04-15T18:18:47.600+0000] {dagbag.py:532} INFO - Filling up the DagBag from /home/airflow/.local/lib/python3.7/site-packages/airflow/example_dags/example_branch_day_of_week_operator.py
[2023-04-15T18:18:47.626+0000] {processor.py:753} INFO - DAG(s) dict_keys(['example_weekday_branch_operator']) retrieved from /home/airflow/.local/lib/python3.7/site-packages/airflow/example_dags/example_branch_day_of_week_operator.py
[2023-04-15T18:18:47.669+0000] {logging_mixin.py:137} INFO - [2023-04-15T18:18:47.669+0000] {dag.py:2705} INFO - Sync 1 DAGs
[2023-04-15T18:18:47.717+0000] {logging_mixin.py:137} INFO - [2023-04-15T18:18:47.717+0000] {dag.py:3456} INFO - Setting next_dagrun for example_weekday_branch_operator to 2023-04-14T00:00:00+00:00, run_after=2023-04-15T00:00:00+00:00
[2023-04-15T18:18:47.749+0000] {processor.py:175} INFO - Processing /home/airflow/.local/lib/python3.7/site-packages/airflow/example_dags/example_branch_day_of_week_operator.py took 0.161 seconds
[2023-04-15T18:19:18.322+0000] {processor.py:153} INFO - Started process (PID=402) to work on /home/airflow/.local/lib/python3.7/site-packages/airflow/example_dags/example_branch_day_of_week_operator.py
[2023-04-15T18:19:18.325+0000] {processor.py:743} INFO - Processing file /home/airflow/.local/lib/python3.7/site-packages/airflow/example_dags/example_branch_day_of_week_operator.py for tasks to queue
[2023-04-15T18:19:18.328+0000] {logging_mixin.py:137} INFO - [2023-04-15T18:19:18.328+0000] {dagbag.py:532} INFO - Filling up the DagBag from /home/airflow/.local/lib/python3.7/site-packages/airflow/example_dags/example_branch_day_of_week_operator.py
[2023-04-15T18:19:18.353+0000] {processor.py:753} INFO - DAG(s) dict_keys(['example_weekday_branch_operator']) retrieved from /home/airflow/.local/lib/python3.7/site-packages/airflow/example_dags/example_branch_day_of_week_operator.py
[2023-04-15T18:19:18.396+0000] {logging_mixin.py:137} INFO - [2023-04-15T18:19:18.396+0000] {dag.py:2705} INFO - Sync 1 DAGs
[2023-04-15T18:19:18.435+0000] {logging_mixin.py:137} INFO - [2023-04-15T18:19:18.434+0000] {dag.py:3456} INFO - Setting next_dagrun for example_weekday_branch_operator to 2023-04-14T00:00:00+00:00, run_after=2023-04-15T00:00:00+00:00
[2023-04-15T18:19:18.465+0000] {processor.py:175} INFO - Processing /home/airflow/.local/lib/python3.7/site-packages/airflow/example_dags/example_branch_day_of_week_operator.py took 0.150 seconds
[2023-04-15T18:19:48.758+0000] {processor.py:153} INFO - Started process (PID=452) to work on /home/airflow/.local/lib/python3.7/site-packages/airflow/example_dags/example_branch_day_of_week_operator.py
[2023-04-15T18:19:48.761+0000] {processor.py:743} INFO - Processing file /home/airflow/.local/lib/python3.7/site-packages/airflow/example_dags/example_branch_day_of_week_operator.py for tasks to queue
[2023-04-15T18:19:48.763+0000] {logging_mixin.py:137} INFO - [2023-04-15T18:19:48.763+0000] {dagbag.py:532} INFO - Filling up the DagBag from /home/airflow/.local/lib/python3.7/site-packages/airflow/example_dags/example_branch_day_of_week_operator.py
[2023-04-15T18:19:48.785+0000] {processor.py:753} INFO - DAG(s) dict_keys(['example_weekday_branch_operator']) retrieved from /home/airflow/.local/lib/python3.7/site-packages/airflow/example_dags/example_branch_day_of_week_operator.py
[2023-04-15T18:19:48.828+0000] {logging_mixin.py:137} INFO - [2023-04-15T18:19:48.828+0000] {dag.py:2705} INFO - Sync 1 DAGs
[2023-04-15T18:19:48.871+0000] {logging_mixin.py:137} INFO - [2023-04-15T18:19:48.871+0000] {dag.py:3456} INFO - Setting next_dagrun for example_weekday_branch_operator to 2023-04-14T00:00:00+00:00, run_after=2023-04-15T00:00:00+00:00
[2023-04-15T18:19:48.902+0000] {processor.py:175} INFO - Processing /home/airflow/.local/lib/python3.7/site-packages/airflow/example_dags/example_branch_day_of_week_operator.py took 0.150 seconds
[2023-04-15T18:20:19.362+0000] {processor.py:153} INFO - Started process (PID=501) to work on /home/airflow/.local/lib/python3.7/site-packages/airflow/example_dags/example_branch_day_of_week_operator.py
[2023-04-15T18:20:19.366+0000] {processor.py:743} INFO - Processing file /home/airflow/.local/lib/python3.7/site-packages/airflow/example_dags/example_branch_day_of_week_operator.py for tasks to queue
[2023-04-15T18:20:19.371+0000] {logging_mixin.py:137} INFO - [2023-04-15T18:20:19.370+0000] {dagbag.py:532} INFO - Filling up the DagBag from /home/airflow/.local/lib/python3.7/site-packages/airflow/example_dags/example_branch_day_of_week_operator.py
[2023-04-15T18:20:19.399+0000] {processor.py:753} INFO - DAG(s) dict_keys(['example_weekday_branch_operator']) retrieved from /home/airflow/.local/lib/python3.7/site-packages/airflow/example_dags/example_branch_day_of_week_operator.py
[2023-04-15T18:20:19.451+0000] {logging_mixin.py:137} INFO - [2023-04-15T18:20:19.451+0000] {dag.py:2705} INFO - Sync 1 DAGs
[2023-04-15T18:20:19.499+0000] {logging_mixin.py:137} INFO - [2023-04-15T18:20:19.499+0000] {dag.py:3456} INFO - Setting next_dagrun for example_weekday_branch_operator to 2023-04-14T00:00:00+00:00, run_after=2023-04-15T00:00:00+00:00
[2023-04-15T18:20:19.542+0000] {processor.py:175} INFO - Processing /home/airflow/.local/lib/python3.7/site-packages/airflow/example_dags/example_branch_day_of_week_operator.py took 0.189 seconds
[2023-04-15T18:20:49.727+0000] {processor.py:153} INFO - Started process (PID=549) to work on /home/airflow/.local/lib/python3.7/site-packages/airflow/example_dags/example_branch_day_of_week_operator.py
[2023-04-15T18:20:49.729+0000] {processor.py:743} INFO - Processing file /home/airflow/.local/lib/python3.7/site-packages/airflow/example_dags/example_branch_day_of_week_operator.py for tasks to queue
[2023-04-15T18:20:49.732+0000] {logging_mixin.py:137} INFO - [2023-04-15T18:20:49.732+0000] {dagbag.py:532} INFO - Filling up the DagBag from /home/airflow/.local/lib/python3.7/site-packages/airflow/example_dags/example_branch_day_of_week_operator.py
[2023-04-15T18:20:49.758+0000] {processor.py:753} INFO - DAG(s) dict_keys(['example_weekday_branch_operator']) retrieved from /home/airflow/.local/lib/python3.7/site-packages/airflow/example_dags/example_branch_day_of_week_operator.py
[2023-04-15T18:20:49.807+0000] {logging_mixin.py:137} INFO - [2023-04-15T18:20:49.807+0000] {dag.py:2705} INFO - Sync 1 DAGs
[2023-04-15T18:20:49.848+0000] {logging_mixin.py:137} INFO - [2023-04-15T18:20:49.848+0000] {dag.py:3456} INFO - Setting next_dagrun for example_weekday_branch_operator to 2023-04-14T00:00:00+00:00, run_after=2023-04-15T00:00:00+00:00
[2023-04-15T18:20:49.885+0000] {processor.py:175} INFO - Processing /home/airflow/.local/lib/python3.7/site-packages/airflow/example_dags/example_branch_day_of_week_operator.py took 0.165 seconds
[2023-04-15T18:21:27.328+0000] {processor.py:153} INFO - Started process (PID=599) to work on /home/airflow/.local/lib/python3.7/site-packages/airflow/example_dags/example_branch_day_of_week_operator.py
[2023-04-15T18:21:27.331+0000] {processor.py:743} INFO - Processing file /home/airflow/.local/lib/python3.7/site-packages/airflow/example_dags/example_branch_day_of_week_operator.py for tasks to queue
[2023-04-15T18:21:27.335+0000] {logging_mixin.py:137} INFO - [2023-04-15T18:21:27.334+0000] {dagbag.py:532} INFO - Filling up the DagBag from /home/airflow/.local/lib/python3.7/site-packages/airflow/example_dags/example_branch_day_of_week_operator.py
[2023-04-15T18:21:27.387+0000] {processor.py:753} INFO - DAG(s) dict_keys(['example_weekday_branch_operator']) retrieved from /home/airflow/.local/lib/python3.7/site-packages/airflow/example_dags/example_branch_day_of_week_operator.py
[2023-04-15T18:21:27.451+0000] {logging_mixin.py:137} INFO - [2023-04-15T18:21:27.451+0000] {dag.py:2705} INFO - Sync 1 DAGs
[2023-04-15T18:21:27.514+0000] {logging_mixin.py:137} INFO - [2023-04-15T18:21:27.514+0000] {dag.py:3456} INFO - Setting next_dagrun for example_weekday_branch_operator to 2023-04-14T00:00:00+00:00, run_after=2023-04-15T00:00:00+00:00
[2023-04-15T18:21:27.589+0000] {processor.py:175} INFO - Processing /home/airflow/.local/lib/python3.7/site-packages/airflow/example_dags/example_branch_day_of_week_operator.py took 0.277 seconds
[2023-04-15T18:21:57.836+0000] {processor.py:153} INFO - Started process (PID=650) to work on /home/airflow/.local/lib/python3.7/site-packages/airflow/example_dags/example_branch_day_of_week_operator.py
[2023-04-15T18:21:57.841+0000] {processor.py:743} INFO - Processing file /home/airflow/.local/lib/python3.7/site-packages/airflow/example_dags/example_branch_day_of_week_operator.py for tasks to queue
[2023-04-15T18:21:57.847+0000] {logging_mixin.py:137} INFO - [2023-04-15T18:21:57.847+0000] {dagbag.py:532} INFO - Filling up the DagBag from /home/airflow/.local/lib/python3.7/site-packages/airflow/example_dags/example_branch_day_of_week_operator.py
[2023-04-15T18:21:57.876+0000] {processor.py:753} INFO - DAG(s) dict_keys(['example_weekday_branch_operator']) retrieved from /home/airflow/.local/lib/python3.7/site-packages/airflow/example_dags/example_branch_day_of_week_operator.py
[2023-04-15T18:21:57.915+0000] {logging_mixin.py:137} INFO - [2023-04-15T18:21:57.915+0000] {dag.py:2705} INFO - Sync 1 DAGs
[2023-04-15T18:21:57.953+0000] {logging_mixin.py:137} INFO - [2023-04-15T18:21:57.952+0000] {dag.py:3456} INFO - Setting next_dagrun for example_weekday_branch_operator to 2023-04-14T00:00:00+00:00, run_after=2023-04-15T00:00:00+00:00
[2023-04-15T18:21:57.984+0000] {processor.py:175} INFO - Processing /home/airflow/.local/lib/python3.7/site-packages/airflow/example_dags/example_branch_day_of_week_operator.py took 0.154 seconds
