[2023-04-15T18:15:21.102+0000] {processor.py:153} INFO - Started process (PID=40) to work on /home/airflow/.local/lib/python3.7/site-packages/airflow/example_dags/example_datasets.py
[2023-04-15T18:15:21.106+0000] {processor.py:743} INFO - Processing file /home/airflow/.local/lib/python3.7/site-packages/airflow/example_dags/example_datasets.py for tasks to queue
[2023-04-15T18:15:21.110+0000] {logging_mixin.py:137} INFO - [2023-04-15T18:15:21.109+0000] {dagbag.py:532} INFO - Filling up the DagBag from /home/airflow/.local/lib/python3.7/site-packages/airflow/example_dags/example_datasets.py
[2023-04-15T18:15:21.143+0000] {processor.py:753} INFO - DAG(s) dict_keys(['dataset_consumes_unknown_never_scheduled', 'dataset_consumes_1_and_2', 'dataset_consumes_1_never_scheduled', 'dataset_produces_1', 'dataset_produces_2', 'dataset_consumes_1']) retrieved from /home/airflow/.local/lib/python3.7/site-packages/airflow/example_dags/example_datasets.py
[2023-04-15T18:15:21.346+0000] {logging_mixin.py:137} INFO - [2023-04-15T18:15:21.346+0000] {dag.py:2705} INFO - Sync 6 DAGs
[2023-04-15T18:15:21.425+0000] {logging_mixin.py:137} INFO - [2023-04-15T18:15:21.425+0000] {dag.py:3456} INFO - Setting next_dagrun for dataset_consumes_1 to None, run_after=None
[2023-04-15T18:15:21.437+0000] {logging_mixin.py:137} INFO - [2023-04-15T18:15:21.437+0000] {dag.py:3456} INFO - Setting next_dagrun for dataset_consumes_1_and_2 to None, run_after=None
[2023-04-15T18:15:21.443+0000] {logging_mixin.py:137} INFO - [2023-04-15T18:15:21.443+0000] {dag.py:3456} INFO - Setting next_dagrun for dataset_consumes_1_never_scheduled to None, run_after=None
[2023-04-15T18:15:21.450+0000] {logging_mixin.py:137} INFO - [2023-04-15T18:15:21.450+0000] {dag.py:3456} INFO - Setting next_dagrun for dataset_consumes_unknown_never_scheduled to None, run_after=None
[2023-04-15T18:15:21.457+0000] {logging_mixin.py:137} INFO - [2023-04-15T18:15:21.456+0000] {dag.py:3456} INFO - Setting next_dagrun for dataset_produces_1 to 2023-04-14T00:00:00+00:00, run_after=2023-04-15T00:00:00+00:00
[2023-04-15T18:15:21.470+0000] {logging_mixin.py:137} INFO - [2023-04-15T18:15:21.470+0000] {dag.py:3456} INFO - Setting next_dagrun for dataset_produces_2 to None, run_after=None
[2023-04-15T18:15:21.543+0000] {processor.py:175} INFO - Processing /home/airflow/.local/lib/python3.7/site-packages/airflow/example_dags/example_datasets.py took 0.446 seconds
[2023-04-15T18:16:12.104+0000] {processor.py:153} INFO - Started process (PID=90) to work on /home/airflow/.local/lib/python3.7/site-packages/airflow/example_dags/example_datasets.py
[2023-04-15T18:16:12.109+0000] {processor.py:743} INFO - Processing file /home/airflow/.local/lib/python3.7/site-packages/airflow/example_dags/example_datasets.py for tasks to queue
[2023-04-15T18:16:12.114+0000] {logging_mixin.py:137} INFO - [2023-04-15T18:16:12.114+0000] {dagbag.py:532} INFO - Filling up the DagBag from /home/airflow/.local/lib/python3.7/site-packages/airflow/example_dags/example_datasets.py
[2023-04-15T18:16:12.208+0000] {processor.py:753} INFO - DAG(s) dict_keys(['dataset_consumes_1', 'dataset_consumes_1_and_2', 'dataset_consumes_1_never_scheduled', 'dataset_consumes_unknown_never_scheduled', 'dataset_produces_2', 'dataset_produces_1']) retrieved from /home/airflow/.local/lib/python3.7/site-packages/airflow/example_dags/example_datasets.py
[2023-04-15T18:16:12.365+0000] {logging_mixin.py:137} INFO - [2023-04-15T18:16:12.365+0000] {dag.py:2705} INFO - Sync 6 DAGs
[2023-04-15T18:16:12.465+0000] {logging_mixin.py:137} INFO - [2023-04-15T18:16:12.465+0000] {dag.py:3456} INFO - Setting next_dagrun for dataset_consumes_1 to None, run_after=None
[2023-04-15T18:16:12.476+0000] {logging_mixin.py:137} INFO - [2023-04-15T18:16:12.476+0000] {dag.py:3456} INFO - Setting next_dagrun for dataset_consumes_1_and_2 to None, run_after=None
[2023-04-15T18:16:12.484+0000] {logging_mixin.py:137} INFO - [2023-04-15T18:16:12.484+0000] {dag.py:3456} INFO - Setting next_dagrun for dataset_consumes_1_never_scheduled to None, run_after=None
[2023-04-15T18:16:12.489+0000] {logging_mixin.py:137} INFO - [2023-04-15T18:16:12.489+0000] {dag.py:3456} INFO - Setting next_dagrun for dataset_consumes_unknown_never_scheduled to None, run_after=None
[2023-04-15T18:16:12.514+0000] {logging_mixin.py:137} INFO - [2023-04-15T18:16:12.514+0000] {dag.py:3456} INFO - Setting next_dagrun for dataset_produces_1 to 2023-04-14T00:00:00+00:00, run_after=2023-04-15T00:00:00+00:00
[2023-04-15T18:16:12.520+0000] {logging_mixin.py:137} INFO - [2023-04-15T18:16:12.520+0000] {dag.py:3456} INFO - Setting next_dagrun for dataset_produces_2 to None, run_after=None
[2023-04-15T18:16:12.852+0000] {processor.py:175} INFO - Processing /home/airflow/.local/lib/python3.7/site-packages/airflow/example_dags/example_datasets.py took 0.757 seconds
[2023-04-15T18:16:43.391+0000] {processor.py:153} INFO - Started process (PID=139) to work on /home/airflow/.local/lib/python3.7/site-packages/airflow/example_dags/example_datasets.py
[2023-04-15T18:16:43.411+0000] {processor.py:743} INFO - Processing file /home/airflow/.local/lib/python3.7/site-packages/airflow/example_dags/example_datasets.py for tasks to queue
[2023-04-15T18:16:43.423+0000] {logging_mixin.py:137} INFO - [2023-04-15T18:16:43.423+0000] {dagbag.py:532} INFO - Filling up the DagBag from /home/airflow/.local/lib/python3.7/site-packages/airflow/example_dags/example_datasets.py
[2023-04-15T18:16:43.471+0000] {processor.py:753} INFO - DAG(s) dict_keys(['dataset_produces_1', 'dataset_consumes_1', 'dataset_consumes_1_never_scheduled', 'dataset_produces_2', 'dataset_consumes_unknown_never_scheduled', 'dataset_consumes_1_and_2']) retrieved from /home/airflow/.local/lib/python3.7/site-packages/airflow/example_dags/example_datasets.py
[2023-04-15T18:16:43.666+0000] {logging_mixin.py:137} INFO - [2023-04-15T18:16:43.665+0000] {dag.py:2705} INFO - Sync 6 DAGs
[2023-04-15T18:16:43.795+0000] {logging_mixin.py:137} INFO - [2023-04-15T18:16:43.794+0000] {dag.py:3456} INFO - Setting next_dagrun for dataset_consumes_1 to None, run_after=None
[2023-04-15T18:16:43.812+0000] {logging_mixin.py:137} INFO - [2023-04-15T18:16:43.812+0000] {dag.py:3456} INFO - Setting next_dagrun for dataset_consumes_1_and_2 to None, run_after=None
[2023-04-15T18:16:43.831+0000] {logging_mixin.py:137} INFO - [2023-04-15T18:16:43.829+0000] {dag.py:3456} INFO - Setting next_dagrun for dataset_consumes_1_never_scheduled to None, run_after=None
[2023-04-15T18:16:43.867+0000] {logging_mixin.py:137} INFO - [2023-04-15T18:16:43.867+0000] {dag.py:3456} INFO - Setting next_dagrun for dataset_consumes_unknown_never_scheduled to None, run_after=None
[2023-04-15T18:16:43.876+0000] {logging_mixin.py:137} INFO - [2023-04-15T18:16:43.876+0000] {dag.py:3456} INFO - Setting next_dagrun for dataset_produces_1 to 2023-04-14T00:00:00+00:00, run_after=2023-04-15T00:00:00+00:00
[2023-04-15T18:16:43.907+0000] {logging_mixin.py:137} INFO - [2023-04-15T18:16:43.907+0000] {dag.py:3456} INFO - Setting next_dagrun for dataset_produces_2 to None, run_after=None
[2023-04-15T18:16:43.998+0000] {processor.py:175} INFO - Processing /home/airflow/.local/lib/python3.7/site-packages/airflow/example_dags/example_datasets.py took 0.617 seconds
[2023-04-15T18:17:14.263+0000] {processor.py:153} INFO - Started process (PID=188) to work on /home/airflow/.local/lib/python3.7/site-packages/airflow/example_dags/example_datasets.py
[2023-04-15T18:17:14.266+0000] {processor.py:743} INFO - Processing file /home/airflow/.local/lib/python3.7/site-packages/airflow/example_dags/example_datasets.py for tasks to queue
[2023-04-15T18:17:14.268+0000] {logging_mixin.py:137} INFO - [2023-04-15T18:17:14.268+0000] {dagbag.py:532} INFO - Filling up the DagBag from /home/airflow/.local/lib/python3.7/site-packages/airflow/example_dags/example_datasets.py
[2023-04-15T18:17:14.298+0000] {processor.py:753} INFO - DAG(s) dict_keys(['dataset_consumes_1_and_2', 'dataset_consumes_1_never_scheduled', 'dataset_produces_1', 'dataset_consumes_unknown_never_scheduled', 'dataset_produces_2', 'dataset_consumes_1']) retrieved from /home/airflow/.local/lib/python3.7/site-packages/airflow/example_dags/example_datasets.py
[2023-04-15T18:17:14.382+0000] {logging_mixin.py:137} INFO - [2023-04-15T18:17:14.381+0000] {dag.py:2705} INFO - Sync 6 DAGs
[2023-04-15T18:17:14.425+0000] {logging_mixin.py:137} INFO - [2023-04-15T18:17:14.424+0000] {dag.py:3456} INFO - Setting next_dagrun for dataset_consumes_1 to None, run_after=None
[2023-04-15T18:17:14.432+0000] {logging_mixin.py:137} INFO - [2023-04-15T18:17:14.431+0000] {dag.py:3456} INFO - Setting next_dagrun for dataset_consumes_1_and_2 to None, run_after=None
[2023-04-15T18:17:14.436+0000] {logging_mixin.py:137} INFO - [2023-04-15T18:17:14.436+0000] {dag.py:3456} INFO - Setting next_dagrun for dataset_consumes_1_never_scheduled to None, run_after=None
[2023-04-15T18:17:14.441+0000] {logging_mixin.py:137} INFO - [2023-04-15T18:17:14.441+0000] {dag.py:3456} INFO - Setting next_dagrun for dataset_consumes_unknown_never_scheduled to None, run_after=None
[2023-04-15T18:17:14.448+0000] {logging_mixin.py:137} INFO - [2023-04-15T18:17:14.447+0000] {dag.py:3456} INFO - Setting next_dagrun for dataset_produces_1 to 2023-04-14T00:00:00+00:00, run_after=2023-04-15T00:00:00+00:00
[2023-04-15T18:17:14.451+0000] {logging_mixin.py:137} INFO - [2023-04-15T18:17:14.451+0000] {dag.py:3456} INFO - Setting next_dagrun for dataset_produces_2 to None, run_after=None
[2023-04-15T18:17:14.512+0000] {processor.py:175} INFO - Processing /home/airflow/.local/lib/python3.7/site-packages/airflow/example_dags/example_datasets.py took 0.254 seconds
[2023-04-15T18:17:44.646+0000] {processor.py:153} INFO - Started process (PID=236) to work on /home/airflow/.local/lib/python3.7/site-packages/airflow/example_dags/example_datasets.py
[2023-04-15T18:17:44.648+0000] {processor.py:743} INFO - Processing file /home/airflow/.local/lib/python3.7/site-packages/airflow/example_dags/example_datasets.py for tasks to queue
[2023-04-15T18:17:44.651+0000] {logging_mixin.py:137} INFO - [2023-04-15T18:17:44.651+0000] {dagbag.py:532} INFO - Filling up the DagBag from /home/airflow/.local/lib/python3.7/site-packages/airflow/example_dags/example_datasets.py
[2023-04-15T18:17:44.674+0000] {processor.py:753} INFO - DAG(s) dict_keys(['dataset_consumes_1_and_2', 'dataset_produces_1', 'dataset_consumes_1', 'dataset_consumes_unknown_never_scheduled', 'dataset_consumes_1_never_scheduled', 'dataset_produces_2']) retrieved from /home/airflow/.local/lib/python3.7/site-packages/airflow/example_dags/example_datasets.py
[2023-04-15T18:17:44.737+0000] {logging_mixin.py:137} INFO - [2023-04-15T18:17:44.736+0000] {dag.py:2705} INFO - Sync 6 DAGs
[2023-04-15T18:17:44.775+0000] {logging_mixin.py:137} INFO - [2023-04-15T18:17:44.774+0000] {dag.py:3456} INFO - Setting next_dagrun for dataset_consumes_1 to None, run_after=None
[2023-04-15T18:17:44.782+0000] {logging_mixin.py:137} INFO - [2023-04-15T18:17:44.782+0000] {dag.py:3456} INFO - Setting next_dagrun for dataset_consumes_1_and_2 to None, run_after=None
[2023-04-15T18:17:44.786+0000] {logging_mixin.py:137} INFO - [2023-04-15T18:17:44.786+0000] {dag.py:3456} INFO - Setting next_dagrun for dataset_consumes_1_never_scheduled to None, run_after=None
[2023-04-15T18:17:44.790+0000] {logging_mixin.py:137} INFO - [2023-04-15T18:17:44.790+0000] {dag.py:3456} INFO - Setting next_dagrun for dataset_consumes_unknown_never_scheduled to None, run_after=None
[2023-04-15T18:17:44.796+0000] {logging_mixin.py:137} INFO - [2023-04-15T18:17:44.796+0000] {dag.py:3456} INFO - Setting next_dagrun for dataset_produces_1 to 2023-04-14T00:00:00+00:00, run_after=2023-04-15T00:00:00+00:00
[2023-04-15T18:17:44.802+0000] {logging_mixin.py:137} INFO - [2023-04-15T18:17:44.801+0000] {dag.py:3456} INFO - Setting next_dagrun for dataset_produces_2 to None, run_after=None
[2023-04-15T18:17:44.869+0000] {processor.py:175} INFO - Processing /home/airflow/.local/lib/python3.7/site-packages/airflow/example_dags/example_datasets.py took 0.229 seconds
[2023-04-15T18:18:15.018+0000] {processor.py:153} INFO - Started process (PID=285) to work on /home/airflow/.local/lib/python3.7/site-packages/airflow/example_dags/example_datasets.py
[2023-04-15T18:18:15.023+0000] {processor.py:743} INFO - Processing file /home/airflow/.local/lib/python3.7/site-packages/airflow/example_dags/example_datasets.py for tasks to queue
[2023-04-15T18:18:15.028+0000] {logging_mixin.py:137} INFO - [2023-04-15T18:18:15.027+0000] {dagbag.py:532} INFO - Filling up the DagBag from /home/airflow/.local/lib/python3.7/site-packages/airflow/example_dags/example_datasets.py
[2023-04-15T18:18:15.079+0000] {processor.py:753} INFO - DAG(s) dict_keys(['dataset_produces_2', 'dataset_consumes_unknown_never_scheduled', 'dataset_consumes_1_never_scheduled', 'dataset_produces_1', 'dataset_consumes_1', 'dataset_consumes_1_and_2']) retrieved from /home/airflow/.local/lib/python3.7/site-packages/airflow/example_dags/example_datasets.py
[2023-04-15T18:18:15.234+0000] {logging_mixin.py:137} INFO - [2023-04-15T18:18:15.234+0000] {dag.py:2705} INFO - Sync 6 DAGs
[2023-04-15T18:18:15.302+0000] {logging_mixin.py:137} INFO - [2023-04-15T18:18:15.302+0000] {dag.py:3456} INFO - Setting next_dagrun for dataset_consumes_1 to None, run_after=None
[2023-04-15T18:18:15.316+0000] {logging_mixin.py:137} INFO - [2023-04-15T18:18:15.316+0000] {dag.py:3456} INFO - Setting next_dagrun for dataset_consumes_1_and_2 to None, run_after=None
[2023-04-15T18:18:15.321+0000] {logging_mixin.py:137} INFO - [2023-04-15T18:18:15.320+0000] {dag.py:3456} INFO - Setting next_dagrun for dataset_consumes_1_never_scheduled to None, run_after=None
[2023-04-15T18:18:15.325+0000] {logging_mixin.py:137} INFO - [2023-04-15T18:18:15.325+0000] {dag.py:3456} INFO - Setting next_dagrun for dataset_consumes_unknown_never_scheduled to None, run_after=None
[2023-04-15T18:18:15.334+0000] {logging_mixin.py:137} INFO - [2023-04-15T18:18:15.334+0000] {dag.py:3456} INFO - Setting next_dagrun for dataset_produces_1 to 2023-04-14T00:00:00+00:00, run_after=2023-04-15T00:00:00+00:00
[2023-04-15T18:18:15.339+0000] {logging_mixin.py:137} INFO - [2023-04-15T18:18:15.339+0000] {dag.py:3456} INFO - Setting next_dagrun for dataset_produces_2 to None, run_after=None
[2023-04-15T18:18:15.422+0000] {processor.py:175} INFO - Processing /home/airflow/.local/lib/python3.7/site-packages/airflow/example_dags/example_datasets.py took 0.416 seconds
[2023-04-15T18:18:45.753+0000] {processor.py:153} INFO - Started process (PID=342) to work on /home/airflow/.local/lib/python3.7/site-packages/airflow/example_dags/example_datasets.py
[2023-04-15T18:18:45.755+0000] {processor.py:743} INFO - Processing file /home/airflow/.local/lib/python3.7/site-packages/airflow/example_dags/example_datasets.py for tasks to queue
[2023-04-15T18:18:45.758+0000] {logging_mixin.py:137} INFO - [2023-04-15T18:18:45.758+0000] {dagbag.py:532} INFO - Filling up the DagBag from /home/airflow/.local/lib/python3.7/site-packages/airflow/example_dags/example_datasets.py
[2023-04-15T18:18:45.783+0000] {processor.py:753} INFO - DAG(s) dict_keys(['dataset_consumes_1', 'dataset_produces_2', 'dataset_consumes_1_and_2', 'dataset_produces_1', 'dataset_consumes_unknown_never_scheduled', 'dataset_consumes_1_never_scheduled']) retrieved from /home/airflow/.local/lib/python3.7/site-packages/airflow/example_dags/example_datasets.py
[2023-04-15T18:18:45.845+0000] {logging_mixin.py:137} INFO - [2023-04-15T18:18:45.845+0000] {dag.py:2705} INFO - Sync 6 DAGs
[2023-04-15T18:18:45.892+0000] {logging_mixin.py:137} INFO - [2023-04-15T18:18:45.892+0000] {dag.py:3456} INFO - Setting next_dagrun for dataset_consumes_1 to None, run_after=None
[2023-04-15T18:18:45.898+0000] {logging_mixin.py:137} INFO - [2023-04-15T18:18:45.898+0000] {dag.py:3456} INFO - Setting next_dagrun for dataset_consumes_1_and_2 to None, run_after=None
[2023-04-15T18:18:45.901+0000] {logging_mixin.py:137} INFO - [2023-04-15T18:18:45.901+0000] {dag.py:3456} INFO - Setting next_dagrun for dataset_consumes_1_never_scheduled to None, run_after=None
[2023-04-15T18:18:45.905+0000] {logging_mixin.py:137} INFO - [2023-04-15T18:18:45.905+0000] {dag.py:3456} INFO - Setting next_dagrun for dataset_consumes_unknown_never_scheduled to None, run_after=None
[2023-04-15T18:18:45.911+0000] {logging_mixin.py:137} INFO - [2023-04-15T18:18:45.910+0000] {dag.py:3456} INFO - Setting next_dagrun for dataset_produces_1 to 2023-04-14T00:00:00+00:00, run_after=2023-04-15T00:00:00+00:00
[2023-04-15T18:18:45.915+0000] {logging_mixin.py:137} INFO - [2023-04-15T18:18:45.915+0000] {dag.py:3456} INFO - Setting next_dagrun for dataset_produces_2 to None, run_after=None
[2023-04-15T18:18:45.972+0000] {processor.py:175} INFO - Processing /home/airflow/.local/lib/python3.7/site-packages/airflow/example_dags/example_datasets.py took 0.224 seconds
[2023-04-15T18:19:16.366+0000] {processor.py:153} INFO - Started process (PID=392) to work on /home/airflow/.local/lib/python3.7/site-packages/airflow/example_dags/example_datasets.py
[2023-04-15T18:19:16.369+0000] {processor.py:743} INFO - Processing file /home/airflow/.local/lib/python3.7/site-packages/airflow/example_dags/example_datasets.py for tasks to queue
[2023-04-15T18:19:16.372+0000] {logging_mixin.py:137} INFO - [2023-04-15T18:19:16.371+0000] {dagbag.py:532} INFO - Filling up the DagBag from /home/airflow/.local/lib/python3.7/site-packages/airflow/example_dags/example_datasets.py
[2023-04-15T18:19:16.400+0000] {processor.py:753} INFO - DAG(s) dict_keys(['dataset_produces_1', 'dataset_consumes_1', 'dataset_consumes_1_and_2', 'dataset_consumes_1_never_scheduled', 'dataset_consumes_unknown_never_scheduled', 'dataset_produces_2']) retrieved from /home/airflow/.local/lib/python3.7/site-packages/airflow/example_dags/example_datasets.py
[2023-04-15T18:19:16.466+0000] {logging_mixin.py:137} INFO - [2023-04-15T18:19:16.466+0000] {dag.py:2705} INFO - Sync 6 DAGs
[2023-04-15T18:19:16.505+0000] {logging_mixin.py:137} INFO - [2023-04-15T18:19:16.504+0000] {dag.py:3456} INFO - Setting next_dagrun for dataset_consumes_1 to None, run_after=None
[2023-04-15T18:19:16.511+0000] {logging_mixin.py:137} INFO - [2023-04-15T18:19:16.511+0000] {dag.py:3456} INFO - Setting next_dagrun for dataset_consumes_1_and_2 to None, run_after=None
[2023-04-15T18:19:16.515+0000] {logging_mixin.py:137} INFO - [2023-04-15T18:19:16.515+0000] {dag.py:3456} INFO - Setting next_dagrun for dataset_consumes_1_never_scheduled to None, run_after=None
[2023-04-15T18:19:16.519+0000] {logging_mixin.py:137} INFO - [2023-04-15T18:19:16.518+0000] {dag.py:3456} INFO - Setting next_dagrun for dataset_consumes_unknown_never_scheduled to None, run_after=None
[2023-04-15T18:19:16.524+0000] {logging_mixin.py:137} INFO - [2023-04-15T18:19:16.524+0000] {dag.py:3456} INFO - Setting next_dagrun for dataset_produces_1 to 2023-04-14T00:00:00+00:00, run_after=2023-04-15T00:00:00+00:00
[2023-04-15T18:19:16.528+0000] {logging_mixin.py:137} INFO - [2023-04-15T18:19:16.528+0000] {dag.py:3456} INFO - Setting next_dagrun for dataset_produces_2 to None, run_after=None
[2023-04-15T18:19:16.596+0000] {processor.py:175} INFO - Processing /home/airflow/.local/lib/python3.7/site-packages/airflow/example_dags/example_datasets.py took 0.237 seconds
[2023-04-15T18:19:46.810+0000] {processor.py:153} INFO - Started process (PID=442) to work on /home/airflow/.local/lib/python3.7/site-packages/airflow/example_dags/example_datasets.py
[2023-04-15T18:19:46.813+0000] {processor.py:743} INFO - Processing file /home/airflow/.local/lib/python3.7/site-packages/airflow/example_dags/example_datasets.py for tasks to queue
[2023-04-15T18:19:46.817+0000] {logging_mixin.py:137} INFO - [2023-04-15T18:19:46.816+0000] {dagbag.py:532} INFO - Filling up the DagBag from /home/airflow/.local/lib/python3.7/site-packages/airflow/example_dags/example_datasets.py
[2023-04-15T18:19:46.845+0000] {processor.py:753} INFO - DAG(s) dict_keys(['dataset_consumes_1_never_scheduled', 'dataset_consumes_unknown_never_scheduled', 'dataset_produces_1', 'dataset_consumes_1_and_2', 'dataset_produces_2', 'dataset_consumes_1']) retrieved from /home/airflow/.local/lib/python3.7/site-packages/airflow/example_dags/example_datasets.py
[2023-04-15T18:19:46.910+0000] {logging_mixin.py:137} INFO - [2023-04-15T18:19:46.909+0000] {dag.py:2705} INFO - Sync 6 DAGs
[2023-04-15T18:19:46.953+0000] {logging_mixin.py:137} INFO - [2023-04-15T18:19:46.953+0000] {dag.py:3456} INFO - Setting next_dagrun for dataset_consumes_1 to None, run_after=None
[2023-04-15T18:19:46.961+0000] {logging_mixin.py:137} INFO - [2023-04-15T18:19:46.961+0000] {dag.py:3456} INFO - Setting next_dagrun for dataset_consumes_1_and_2 to None, run_after=None
[2023-04-15T18:19:46.965+0000] {logging_mixin.py:137} INFO - [2023-04-15T18:19:46.964+0000] {dag.py:3456} INFO - Setting next_dagrun for dataset_consumes_1_never_scheduled to None, run_after=None
[2023-04-15T18:19:46.968+0000] {logging_mixin.py:137} INFO - [2023-04-15T18:19:46.968+0000] {dag.py:3456} INFO - Setting next_dagrun for dataset_consumes_unknown_never_scheduled to None, run_after=None
[2023-04-15T18:19:46.974+0000] {logging_mixin.py:137} INFO - [2023-04-15T18:19:46.974+0000] {dag.py:3456} INFO - Setting next_dagrun for dataset_produces_1 to 2023-04-14T00:00:00+00:00, run_after=2023-04-15T00:00:00+00:00
[2023-04-15T18:19:46.978+0000] {logging_mixin.py:137} INFO - [2023-04-15T18:19:46.978+0000] {dag.py:3456} INFO - Setting next_dagrun for dataset_produces_2 to None, run_after=None
[2023-04-15T18:19:47.041+0000] {processor.py:175} INFO - Processing /home/airflow/.local/lib/python3.7/site-packages/airflow/example_dags/example_datasets.py took 0.238 seconds
[2023-04-15T18:20:17.098+0000] {processor.py:153} INFO - Started process (PID=491) to work on /home/airflow/.local/lib/python3.7/site-packages/airflow/example_dags/example_datasets.py
[2023-04-15T18:20:17.101+0000] {processor.py:743} INFO - Processing file /home/airflow/.local/lib/python3.7/site-packages/airflow/example_dags/example_datasets.py for tasks to queue
[2023-04-15T18:20:17.103+0000] {logging_mixin.py:137} INFO - [2023-04-15T18:20:17.103+0000] {dagbag.py:532} INFO - Filling up the DagBag from /home/airflow/.local/lib/python3.7/site-packages/airflow/example_dags/example_datasets.py
[2023-04-15T18:20:17.131+0000] {processor.py:753} INFO - DAG(s) dict_keys(['dataset_consumes_1_never_scheduled', 'dataset_produces_2', 'dataset_consumes_unknown_never_scheduled', 'dataset_produces_1', 'dataset_consumes_1', 'dataset_consumes_1_and_2']) retrieved from /home/airflow/.local/lib/python3.7/site-packages/airflow/example_dags/example_datasets.py
[2023-04-15T18:20:17.196+0000] {logging_mixin.py:137} INFO - [2023-04-15T18:20:17.196+0000] {dag.py:2705} INFO - Sync 6 DAGs
[2023-04-15T18:20:17.236+0000] {logging_mixin.py:137} INFO - [2023-04-15T18:20:17.236+0000] {dag.py:3456} INFO - Setting next_dagrun for dataset_consumes_1 to None, run_after=None
[2023-04-15T18:20:17.244+0000] {logging_mixin.py:137} INFO - [2023-04-15T18:20:17.244+0000] {dag.py:3456} INFO - Setting next_dagrun for dataset_consumes_1_and_2 to None, run_after=None
[2023-04-15T18:20:17.248+0000] {logging_mixin.py:137} INFO - [2023-04-15T18:20:17.248+0000] {dag.py:3456} INFO - Setting next_dagrun for dataset_consumes_1_never_scheduled to None, run_after=None
[2023-04-15T18:20:17.251+0000] {logging_mixin.py:137} INFO - [2023-04-15T18:20:17.251+0000] {dag.py:3456} INFO - Setting next_dagrun for dataset_consumes_unknown_never_scheduled to None, run_after=None
[2023-04-15T18:20:17.257+0000] {logging_mixin.py:137} INFO - [2023-04-15T18:20:17.257+0000] {dag.py:3456} INFO - Setting next_dagrun for dataset_produces_1 to 2023-04-14T00:00:00+00:00, run_after=2023-04-15T00:00:00+00:00
[2023-04-15T18:20:17.260+0000] {logging_mixin.py:137} INFO - [2023-04-15T18:20:17.260+0000] {dag.py:3456} INFO - Setting next_dagrun for dataset_produces_2 to None, run_after=None
[2023-04-15T18:20:17.345+0000] {processor.py:175} INFO - Processing /home/airflow/.local/lib/python3.7/site-packages/airflow/example_dags/example_datasets.py took 0.254 seconds
[2023-04-15T18:20:47.685+0000] {processor.py:153} INFO - Started process (PID=541) to work on /home/airflow/.local/lib/python3.7/site-packages/airflow/example_dags/example_datasets.py
[2023-04-15T18:20:47.690+0000] {processor.py:743} INFO - Processing file /home/airflow/.local/lib/python3.7/site-packages/airflow/example_dags/example_datasets.py for tasks to queue
[2023-04-15T18:20:47.694+0000] {logging_mixin.py:137} INFO - [2023-04-15T18:20:47.693+0000] {dagbag.py:532} INFO - Filling up the DagBag from /home/airflow/.local/lib/python3.7/site-packages/airflow/example_dags/example_datasets.py
[2023-04-15T18:20:47.723+0000] {processor.py:753} INFO - DAG(s) dict_keys(['dataset_consumes_1', 'dataset_consumes_1_and_2', 'dataset_produces_1', 'dataset_produces_2', 'dataset_consumes_1_never_scheduled', 'dataset_consumes_unknown_never_scheduled']) retrieved from /home/airflow/.local/lib/python3.7/site-packages/airflow/example_dags/example_datasets.py
[2023-04-15T18:20:47.883+0000] {logging_mixin.py:137} INFO - [2023-04-15T18:20:47.883+0000] {dag.py:2705} INFO - Sync 6 DAGs
[2023-04-15T18:20:48.015+0000] {logging_mixin.py:137} INFO - [2023-04-15T18:20:48.014+0000] {dag.py:3456} INFO - Setting next_dagrun for dataset_consumes_1 to None, run_after=None
[2023-04-15T18:20:48.045+0000] {logging_mixin.py:137} INFO - [2023-04-15T18:20:48.045+0000] {dag.py:3456} INFO - Setting next_dagrun for dataset_consumes_1_and_2 to None, run_after=None
[2023-04-15T18:20:48.052+0000] {logging_mixin.py:137} INFO - [2023-04-15T18:20:48.052+0000] {dag.py:3456} INFO - Setting next_dagrun for dataset_consumes_1_never_scheduled to None, run_after=None
[2023-04-15T18:20:48.057+0000] {logging_mixin.py:137} INFO - [2023-04-15T18:20:48.057+0000] {dag.py:3456} INFO - Setting next_dagrun for dataset_consumes_unknown_never_scheduled to None, run_after=None
[2023-04-15T18:20:48.079+0000] {logging_mixin.py:137} INFO - [2023-04-15T18:20:48.079+0000] {dag.py:3456} INFO - Setting next_dagrun for dataset_produces_1 to 2023-04-14T00:00:00+00:00, run_after=2023-04-15T00:00:00+00:00
[2023-04-15T18:20:48.083+0000] {logging_mixin.py:137} INFO - [2023-04-15T18:20:48.083+0000] {dag.py:3456} INFO - Setting next_dagrun for dataset_produces_2 to None, run_after=None
[2023-04-15T18:20:48.183+0000] {processor.py:175} INFO - Processing /home/airflow/.local/lib/python3.7/site-packages/airflow/example_dags/example_datasets.py took 0.509 seconds
[2023-04-15T18:21:18.890+0000] {processor.py:153} INFO - Started process (PID=591) to work on /home/airflow/.local/lib/python3.7/site-packages/airflow/example_dags/example_datasets.py
[2023-04-15T18:21:18.896+0000] {processor.py:743} INFO - Processing file /home/airflow/.local/lib/python3.7/site-packages/airflow/example_dags/example_datasets.py for tasks to queue
[2023-04-15T18:21:18.903+0000] {logging_mixin.py:137} INFO - [2023-04-15T18:21:18.902+0000] {dagbag.py:532} INFO - Filling up the DagBag from /home/airflow/.local/lib/python3.7/site-packages/airflow/example_dags/example_datasets.py
[2023-04-15T18:21:18.996+0000] {processor.py:753} INFO - DAG(s) dict_keys(['dataset_consumes_1_and_2', 'dataset_produces_1', 'dataset_produces_2', 'dataset_consumes_unknown_never_scheduled', 'dataset_consumes_1_never_scheduled', 'dataset_consumes_1']) retrieved from /home/airflow/.local/lib/python3.7/site-packages/airflow/example_dags/example_datasets.py
[2023-04-15T18:21:19.359+0000] {logging_mixin.py:137} INFO - [2023-04-15T18:21:19.358+0000] {dag.py:2705} INFO - Sync 6 DAGs
[2023-04-15T18:21:19.553+0000] {logging_mixin.py:137} INFO - [2023-04-15T18:21:19.552+0000] {dag.py:3456} INFO - Setting next_dagrun for dataset_consumes_1 to None, run_after=None
[2023-04-15T18:21:19.595+0000] {logging_mixin.py:137} INFO - [2023-04-15T18:21:19.594+0000] {dag.py:3456} INFO - Setting next_dagrun for dataset_consumes_1_and_2 to None, run_after=None
[2023-04-15T18:21:19.612+0000] {logging_mixin.py:137} INFO - [2023-04-15T18:21:19.612+0000] {dag.py:3456} INFO - Setting next_dagrun for dataset_consumes_1_never_scheduled to None, run_after=None
[2023-04-15T18:21:19.629+0000] {logging_mixin.py:137} INFO - [2023-04-15T18:21:19.628+0000] {dag.py:3456} INFO - Setting next_dagrun for dataset_consumes_unknown_never_scheduled to None, run_after=None
[2023-04-15T18:21:19.707+0000] {logging_mixin.py:137} INFO - [2023-04-15T18:21:19.707+0000] {dag.py:3456} INFO - Setting next_dagrun for dataset_produces_1 to 2023-04-14T00:00:00+00:00, run_after=2023-04-15T00:00:00+00:00
[2023-04-15T18:21:19.772+0000] {logging_mixin.py:137} INFO - [2023-04-15T18:21:19.771+0000] {dag.py:3456} INFO - Setting next_dagrun for dataset_produces_2 to None, run_after=None
[2023-04-15T18:21:20.119+0000] {processor.py:175} INFO - Processing /home/airflow/.local/lib/python3.7/site-packages/airflow/example_dags/example_datasets.py took 1.242 seconds
[2023-04-15T18:21:55.824+0000] {processor.py:153} INFO - Started process (PID=642) to work on /home/airflow/.local/lib/python3.7/site-packages/airflow/example_dags/example_datasets.py
[2023-04-15T18:21:55.830+0000] {processor.py:743} INFO - Processing file /home/airflow/.local/lib/python3.7/site-packages/airflow/example_dags/example_datasets.py for tasks to queue
[2023-04-15T18:21:55.833+0000] {logging_mixin.py:137} INFO - [2023-04-15T18:21:55.832+0000] {dagbag.py:532} INFO - Filling up the DagBag from /home/airflow/.local/lib/python3.7/site-packages/airflow/example_dags/example_datasets.py
[2023-04-15T18:21:55.862+0000] {processor.py:753} INFO - DAG(s) dict_keys(['dataset_consumes_1_and_2', 'dataset_consumes_1', 'dataset_consumes_1_never_scheduled', 'dataset_produces_2', 'dataset_produces_1', 'dataset_consumes_unknown_never_scheduled']) retrieved from /home/airflow/.local/lib/python3.7/site-packages/airflow/example_dags/example_datasets.py
[2023-04-15T18:21:55.940+0000] {logging_mixin.py:137} INFO - [2023-04-15T18:21:55.939+0000] {dag.py:2705} INFO - Sync 6 DAGs
[2023-04-15T18:21:56.014+0000] {logging_mixin.py:137} INFO - [2023-04-15T18:21:56.014+0000] {dag.py:3456} INFO - Setting next_dagrun for dataset_consumes_1 to None, run_after=None
[2023-04-15T18:21:56.022+0000] {logging_mixin.py:137} INFO - [2023-04-15T18:21:56.022+0000] {dag.py:3456} INFO - Setting next_dagrun for dataset_consumes_1_and_2 to None, run_after=None
[2023-04-15T18:21:56.027+0000] {logging_mixin.py:137} INFO - [2023-04-15T18:21:56.027+0000] {dag.py:3456} INFO - Setting next_dagrun for dataset_consumes_1_never_scheduled to None, run_after=None
[2023-04-15T18:21:56.031+0000] {logging_mixin.py:137} INFO - [2023-04-15T18:21:56.031+0000] {dag.py:3456} INFO - Setting next_dagrun for dataset_consumes_unknown_never_scheduled to None, run_after=None
[2023-04-15T18:21:56.038+0000] {logging_mixin.py:137} INFO - [2023-04-15T18:21:56.038+0000] {dag.py:3456} INFO - Setting next_dagrun for dataset_produces_1 to 2023-04-14T00:00:00+00:00, run_after=2023-04-15T00:00:00+00:00
[2023-04-15T18:21:56.044+0000] {logging_mixin.py:137} INFO - [2023-04-15T18:21:56.043+0000] {dag.py:3456} INFO - Setting next_dagrun for dataset_produces_2 to None, run_after=None
[2023-04-15T18:21:56.121+0000] {processor.py:175} INFO - Processing /home/airflow/.local/lib/python3.7/site-packages/airflow/example_dags/example_datasets.py took 0.302 seconds
