[2023-04-15T18:15:26.463+0000] {processor.py:153} INFO - Started process (PID=57) to work on /home/airflow/.local/lib/python3.7/site-packages/airflow/example_dags/example_short_circuit_operator.py
[2023-04-15T18:15:26.467+0000] {processor.py:743} INFO - Processing file /home/airflow/.local/lib/python3.7/site-packages/airflow/example_dags/example_short_circuit_operator.py for tasks to queue
[2023-04-15T18:15:26.475+0000] {logging_mixin.py:137} INFO - [2023-04-15T18:15:26.474+0000] {dagbag.py:532} INFO - Filling up the DagBag from /home/airflow/.local/lib/python3.7/site-packages/airflow/example_dags/example_short_circuit_operator.py
[2023-04-15T18:15:26.565+0000] {processor.py:753} INFO - DAG(s) dict_keys(['example_short_circuit_operator']) retrieved from /home/airflow/.local/lib/python3.7/site-packages/airflow/example_dags/example_short_circuit_operator.py
[2023-04-15T18:15:26.669+0000] {logging_mixin.py:137} INFO - [2023-04-15T18:15:26.668+0000] {dag.py:2705} INFO - Sync 1 DAGs
[2023-04-15T18:15:26.770+0000] {logging_mixin.py:137} INFO - [2023-04-15T18:15:26.770+0000] {dag.py:3456} INFO - Setting next_dagrun for example_short_circuit_operator to 2023-04-14T18:15:26.769263+00:00, run_after=2023-04-15T18:15:26.769263+00:00
[2023-04-15T18:15:26.823+0000] {processor.py:175} INFO - Processing /home/airflow/.local/lib/python3.7/site-packages/airflow/example_dags/example_short_circuit_operator.py took 0.370 seconds
[2023-04-15T18:16:16.618+0000] {processor.py:153} INFO - Started process (PID=113) to work on /home/airflow/.local/lib/python3.7/site-packages/airflow/example_dags/example_short_circuit_operator.py
[2023-04-15T18:16:16.623+0000] {processor.py:743} INFO - Processing file /home/airflow/.local/lib/python3.7/site-packages/airflow/example_dags/example_short_circuit_operator.py for tasks to queue
[2023-04-15T18:16:16.626+0000] {logging_mixin.py:137} INFO - [2023-04-15T18:16:16.626+0000] {dagbag.py:532} INFO - Filling up the DagBag from /home/airflow/.local/lib/python3.7/site-packages/airflow/example_dags/example_short_circuit_operator.py
[2023-04-15T18:16:16.710+0000] {processor.py:753} INFO - DAG(s) dict_keys(['example_short_circuit_operator']) retrieved from /home/airflow/.local/lib/python3.7/site-packages/airflow/example_dags/example_short_circuit_operator.py
[2023-04-15T18:16:16.836+0000] {logging_mixin.py:137} INFO - [2023-04-15T18:16:16.836+0000] {dag.py:2705} INFO - Sync 1 DAGs
[2023-04-15T18:16:16.931+0000] {logging_mixin.py:137} INFO - [2023-04-15T18:16:16.931+0000] {dag.py:3456} INFO - Setting next_dagrun for example_short_circuit_operator to 2023-04-14T18:16:16.930718+00:00, run_after=2023-04-15T18:16:16.930718+00:00
[2023-04-15T18:16:17.028+0000] {processor.py:175} INFO - Processing /home/airflow/.local/lib/python3.7/site-packages/airflow/example_dags/example_short_circuit_operator.py took 0.427 seconds
[2023-04-15T18:16:47.740+0000] {processor.py:153} INFO - Started process (PID=162) to work on /home/airflow/.local/lib/python3.7/site-packages/airflow/example_dags/example_short_circuit_operator.py
[2023-04-15T18:16:47.743+0000] {processor.py:743} INFO - Processing file /home/airflow/.local/lib/python3.7/site-packages/airflow/example_dags/example_short_circuit_operator.py for tasks to queue
[2023-04-15T18:16:47.746+0000] {logging_mixin.py:137} INFO - [2023-04-15T18:16:47.745+0000] {dagbag.py:532} INFO - Filling up the DagBag from /home/airflow/.local/lib/python3.7/site-packages/airflow/example_dags/example_short_circuit_operator.py
[2023-04-15T18:16:47.773+0000] {processor.py:753} INFO - DAG(s) dict_keys(['example_short_circuit_operator']) retrieved from /home/airflow/.local/lib/python3.7/site-packages/airflow/example_dags/example_short_circuit_operator.py
[2023-04-15T18:16:47.819+0000] {logging_mixin.py:137} INFO - [2023-04-15T18:16:47.819+0000] {dag.py:2705} INFO - Sync 1 DAGs
[2023-04-15T18:16:47.857+0000] {logging_mixin.py:137} INFO - [2023-04-15T18:16:47.857+0000] {dag.py:3456} INFO - Setting next_dagrun for example_short_circuit_operator to 2023-04-14T18:16:47.857109+00:00, run_after=2023-04-15T18:16:47.857109+00:00
[2023-04-15T18:16:47.893+0000] {processor.py:175} INFO - Processing /home/airflow/.local/lib/python3.7/site-packages/airflow/example_dags/example_short_circuit_operator.py took 0.158 seconds
[2023-04-15T18:17:18.197+0000] {processor.py:153} INFO - Started process (PID=212) to work on /home/airflow/.local/lib/python3.7/site-packages/airflow/example_dags/example_short_circuit_operator.py
[2023-04-15T18:17:18.202+0000] {processor.py:743} INFO - Processing file /home/airflow/.local/lib/python3.7/site-packages/airflow/example_dags/example_short_circuit_operator.py for tasks to queue
[2023-04-15T18:17:18.208+0000] {logging_mixin.py:137} INFO - [2023-04-15T18:17:18.207+0000] {dagbag.py:532} INFO - Filling up the DagBag from /home/airflow/.local/lib/python3.7/site-packages/airflow/example_dags/example_short_circuit_operator.py
[2023-04-15T18:17:18.242+0000] {processor.py:753} INFO - DAG(s) dict_keys(['example_short_circuit_operator']) retrieved from /home/airflow/.local/lib/python3.7/site-packages/airflow/example_dags/example_short_circuit_operator.py
[2023-04-15T18:17:18.286+0000] {logging_mixin.py:137} INFO - [2023-04-15T18:17:18.285+0000] {dag.py:2705} INFO - Sync 1 DAGs
[2023-04-15T18:17:18.330+0000] {logging_mixin.py:137} INFO - [2023-04-15T18:17:18.329+0000] {dag.py:3456} INFO - Setting next_dagrun for example_short_circuit_operator to 2023-04-14T18:17:18.329394+00:00, run_after=2023-04-15T18:17:18.329394+00:00
[2023-04-15T18:17:18.360+0000] {processor.py:175} INFO - Processing /home/airflow/.local/lib/python3.7/site-packages/airflow/example_dags/example_short_circuit_operator.py took 0.171 seconds
[2023-04-15T18:17:48.507+0000] {processor.py:153} INFO - Started process (PID=260) to work on /home/airflow/.local/lib/python3.7/site-packages/airflow/example_dags/example_short_circuit_operator.py
[2023-04-15T18:17:48.509+0000] {processor.py:743} INFO - Processing file /home/airflow/.local/lib/python3.7/site-packages/airflow/example_dags/example_short_circuit_operator.py for tasks to queue
[2023-04-15T18:17:48.511+0000] {logging_mixin.py:137} INFO - [2023-04-15T18:17:48.511+0000] {dagbag.py:532} INFO - Filling up the DagBag from /home/airflow/.local/lib/python3.7/site-packages/airflow/example_dags/example_short_circuit_operator.py
[2023-04-15T18:17:48.537+0000] {processor.py:753} INFO - DAG(s) dict_keys(['example_short_circuit_operator']) retrieved from /home/airflow/.local/lib/python3.7/site-packages/airflow/example_dags/example_short_circuit_operator.py
[2023-04-15T18:17:48.578+0000] {logging_mixin.py:137} INFO - [2023-04-15T18:17:48.577+0000] {dag.py:2705} INFO - Sync 1 DAGs
[2023-04-15T18:17:48.611+0000] {logging_mixin.py:137} INFO - [2023-04-15T18:17:48.611+0000] {dag.py:3456} INFO - Setting next_dagrun for example_short_circuit_operator to 2023-04-14T18:17:48.611014+00:00, run_after=2023-04-15T18:17:48.611014+00:00
[2023-04-15T18:17:48.641+0000] {processor.py:175} INFO - Processing /home/airflow/.local/lib/python3.7/site-packages/airflow/example_dags/example_short_circuit_operator.py took 0.140 seconds
[2023-04-15T18:18:19.345+0000] {processor.py:153} INFO - Started process (PID=310) to work on /home/airflow/.local/lib/python3.7/site-packages/airflow/example_dags/example_short_circuit_operator.py
[2023-04-15T18:18:19.348+0000] {processor.py:743} INFO - Processing file /home/airflow/.local/lib/python3.7/site-packages/airflow/example_dags/example_short_circuit_operator.py for tasks to queue
[2023-04-15T18:18:19.350+0000] {logging_mixin.py:137} INFO - [2023-04-15T18:18:19.350+0000] {dagbag.py:532} INFO - Filling up the DagBag from /home/airflow/.local/lib/python3.7/site-packages/airflow/example_dags/example_short_circuit_operator.py
[2023-04-15T18:18:19.380+0000] {processor.py:753} INFO - DAG(s) dict_keys(['example_short_circuit_operator']) retrieved from /home/airflow/.local/lib/python3.7/site-packages/airflow/example_dags/example_short_circuit_operator.py
[2023-04-15T18:18:19.422+0000] {logging_mixin.py:137} INFO - [2023-04-15T18:18:19.421+0000] {dag.py:2705} INFO - Sync 1 DAGs
[2023-04-15T18:18:19.459+0000] {logging_mixin.py:137} INFO - [2023-04-15T18:18:19.458+0000] {dag.py:3456} INFO - Setting next_dagrun for example_short_circuit_operator to 2023-04-14T18:18:19.458600+00:00, run_after=2023-04-15T18:18:19.458600+00:00
[2023-04-15T18:18:19.488+0000] {processor.py:175} INFO - Processing /home/airflow/.local/lib/python3.7/site-packages/airflow/example_dags/example_short_circuit_operator.py took 0.148 seconds
[2023-04-15T18:18:49.620+0000] {processor.py:153} INFO - Started process (PID=360) to work on /home/airflow/.local/lib/python3.7/site-packages/airflow/example_dags/example_short_circuit_operator.py
[2023-04-15T18:18:49.622+0000] {processor.py:743} INFO - Processing file /home/airflow/.local/lib/python3.7/site-packages/airflow/example_dags/example_short_circuit_operator.py for tasks to queue
[2023-04-15T18:18:49.624+0000] {logging_mixin.py:137} INFO - [2023-04-15T18:18:49.624+0000] {dagbag.py:532} INFO - Filling up the DagBag from /home/airflow/.local/lib/python3.7/site-packages/airflow/example_dags/example_short_circuit_operator.py
[2023-04-15T18:18:49.648+0000] {processor.py:753} INFO - DAG(s) dict_keys(['example_short_circuit_operator']) retrieved from /home/airflow/.local/lib/python3.7/site-packages/airflow/example_dags/example_short_circuit_operator.py
[2023-04-15T18:18:49.687+0000] {logging_mixin.py:137} INFO - [2023-04-15T18:18:49.687+0000] {dag.py:2705} INFO - Sync 1 DAGs
[2023-04-15T18:18:49.721+0000] {logging_mixin.py:137} INFO - [2023-04-15T18:18:49.721+0000] {dag.py:3456} INFO - Setting next_dagrun for example_short_circuit_operator to 2023-04-14T18:18:49.721437+00:00, run_after=2023-04-15T18:18:49.721437+00:00
[2023-04-15T18:18:49.753+0000] {processor.py:175} INFO - Processing /home/airflow/.local/lib/python3.7/site-packages/airflow/example_dags/example_short_circuit_operator.py took 0.139 seconds
[2023-04-15T18:19:20.150+0000] {processor.py:153} INFO - Started process (PID=411) to work on /home/airflow/.local/lib/python3.7/site-packages/airflow/example_dags/example_short_circuit_operator.py
[2023-04-15T18:19:20.152+0000] {processor.py:743} INFO - Processing file /home/airflow/.local/lib/python3.7/site-packages/airflow/example_dags/example_short_circuit_operator.py for tasks to queue
[2023-04-15T18:19:20.155+0000] {logging_mixin.py:137} INFO - [2023-04-15T18:19:20.154+0000] {dagbag.py:532} INFO - Filling up the DagBag from /home/airflow/.local/lib/python3.7/site-packages/airflow/example_dags/example_short_circuit_operator.py
[2023-04-15T18:19:20.183+0000] {processor.py:753} INFO - DAG(s) dict_keys(['example_short_circuit_operator']) retrieved from /home/airflow/.local/lib/python3.7/site-packages/airflow/example_dags/example_short_circuit_operator.py
[2023-04-15T18:19:20.223+0000] {logging_mixin.py:137} INFO - [2023-04-15T18:19:20.223+0000] {dag.py:2705} INFO - Sync 1 DAGs
[2023-04-15T18:19:20.262+0000] {logging_mixin.py:137} INFO - [2023-04-15T18:19:20.262+0000] {dag.py:3456} INFO - Setting next_dagrun for example_short_circuit_operator to 2023-04-14T18:19:20.262001+00:00, run_after=2023-04-15T18:19:20.262001+00:00
[2023-04-15T18:19:20.290+0000] {processor.py:175} INFO - Processing /home/airflow/.local/lib/python3.7/site-packages/airflow/example_dags/example_short_circuit_operator.py took 0.147 seconds
[2023-04-15T18:19:50.566+0000] {processor.py:153} INFO - Started process (PID=461) to work on /home/airflow/.local/lib/python3.7/site-packages/airflow/example_dags/example_short_circuit_operator.py
[2023-04-15T18:19:50.570+0000] {processor.py:743} INFO - Processing file /home/airflow/.local/lib/python3.7/site-packages/airflow/example_dags/example_short_circuit_operator.py for tasks to queue
[2023-04-15T18:19:50.573+0000] {logging_mixin.py:137} INFO - [2023-04-15T18:19:50.573+0000] {dagbag.py:532} INFO - Filling up the DagBag from /home/airflow/.local/lib/python3.7/site-packages/airflow/example_dags/example_short_circuit_operator.py
[2023-04-15T18:19:50.608+0000] {processor.py:753} INFO - DAG(s) dict_keys(['example_short_circuit_operator']) retrieved from /home/airflow/.local/lib/python3.7/site-packages/airflow/example_dags/example_short_circuit_operator.py
[2023-04-15T18:19:50.657+0000] {logging_mixin.py:137} INFO - [2023-04-15T18:19:50.656+0000] {dag.py:2705} INFO - Sync 1 DAGs
[2023-04-15T18:19:50.696+0000] {logging_mixin.py:137} INFO - [2023-04-15T18:19:50.695+0000] {dag.py:3456} INFO - Setting next_dagrun for example_short_circuit_operator to 2023-04-14T18:19:50.695543+00:00, run_after=2023-04-15T18:19:50.695543+00:00
[2023-04-15T18:19:50.733+0000] {processor.py:175} INFO - Processing /home/airflow/.local/lib/python3.7/site-packages/airflow/example_dags/example_short_circuit_operator.py took 0.173 seconds
[2023-04-15T18:20:21.328+0000] {processor.py:153} INFO - Started process (PID=510) to work on /home/airflow/.local/lib/python3.7/site-packages/airflow/example_dags/example_short_circuit_operator.py
[2023-04-15T18:20:21.331+0000] {processor.py:743} INFO - Processing file /home/airflow/.local/lib/python3.7/site-packages/airflow/example_dags/example_short_circuit_operator.py for tasks to queue
[2023-04-15T18:20:21.333+0000] {logging_mixin.py:137} INFO - [2023-04-15T18:20:21.333+0000] {dagbag.py:532} INFO - Filling up the DagBag from /home/airflow/.local/lib/python3.7/site-packages/airflow/example_dags/example_short_circuit_operator.py
[2023-04-15T18:20:21.360+0000] {processor.py:753} INFO - DAG(s) dict_keys(['example_short_circuit_operator']) retrieved from /home/airflow/.local/lib/python3.7/site-packages/airflow/example_dags/example_short_circuit_operator.py
[2023-04-15T18:20:21.406+0000] {logging_mixin.py:137} INFO - [2023-04-15T18:20:21.406+0000] {dag.py:2705} INFO - Sync 1 DAGs
[2023-04-15T18:20:21.444+0000] {logging_mixin.py:137} INFO - [2023-04-15T18:20:21.444+0000] {dag.py:3456} INFO - Setting next_dagrun for example_short_circuit_operator to 2023-04-14T18:20:21.444476+00:00, run_after=2023-04-15T18:20:21.444476+00:00
[2023-04-15T18:20:21.476+0000] {processor.py:175} INFO - Processing /home/airflow/.local/lib/python3.7/site-packages/airflow/example_dags/example_short_circuit_operator.py took 0.155 seconds
[2023-04-15T18:20:51.940+0000] {processor.py:153} INFO - Started process (PID=560) to work on /home/airflow/.local/lib/python3.7/site-packages/airflow/example_dags/example_short_circuit_operator.py
[2023-04-15T18:20:51.944+0000] {processor.py:743} INFO - Processing file /home/airflow/.local/lib/python3.7/site-packages/airflow/example_dags/example_short_circuit_operator.py for tasks to queue
[2023-04-15T18:20:51.947+0000] {logging_mixin.py:137} INFO - [2023-04-15T18:20:51.947+0000] {dagbag.py:532} INFO - Filling up the DagBag from /home/airflow/.local/lib/python3.7/site-packages/airflow/example_dags/example_short_circuit_operator.py
[2023-04-15T18:20:51.979+0000] {processor.py:753} INFO - DAG(s) dict_keys(['example_short_circuit_operator']) retrieved from /home/airflow/.local/lib/python3.7/site-packages/airflow/example_dags/example_short_circuit_operator.py
[2023-04-15T18:20:52.023+0000] {logging_mixin.py:137} INFO - [2023-04-15T18:20:52.023+0000] {dag.py:2705} INFO - Sync 1 DAGs
[2023-04-15T18:20:52.061+0000] {logging_mixin.py:137} INFO - [2023-04-15T18:20:52.060+0000] {dag.py:3456} INFO - Setting next_dagrun for example_short_circuit_operator to 2023-04-14T18:20:52.060608+00:00, run_after=2023-04-15T18:20:52.060608+00:00
[2023-04-15T18:20:52.090+0000] {processor.py:175} INFO - Processing /home/airflow/.local/lib/python3.7/site-packages/airflow/example_dags/example_short_circuit_operator.py took 0.159 seconds
[2023-04-15T18:21:28.660+0000] {processor.py:153} INFO - Started process (PID=608) to work on /home/airflow/.local/lib/python3.7/site-packages/airflow/example_dags/example_short_circuit_operator.py
[2023-04-15T18:21:28.664+0000] {processor.py:743} INFO - Processing file /home/airflow/.local/lib/python3.7/site-packages/airflow/example_dags/example_short_circuit_operator.py for tasks to queue
[2023-04-15T18:21:28.666+0000] {logging_mixin.py:137} INFO - [2023-04-15T18:21:28.666+0000] {dagbag.py:532} INFO - Filling up the DagBag from /home/airflow/.local/lib/python3.7/site-packages/airflow/example_dags/example_short_circuit_operator.py
[2023-04-15T18:21:28.714+0000] {processor.py:753} INFO - DAG(s) dict_keys(['example_short_circuit_operator']) retrieved from /home/airflow/.local/lib/python3.7/site-packages/airflow/example_dags/example_short_circuit_operator.py
[2023-04-15T18:21:28.782+0000] {logging_mixin.py:137} INFO - [2023-04-15T18:21:28.782+0000] {dag.py:2705} INFO - Sync 1 DAGs
[2023-04-15T18:21:28.830+0000] {logging_mixin.py:137} INFO - [2023-04-15T18:21:28.829+0000] {dag.py:3456} INFO - Setting next_dagrun for example_short_circuit_operator to 2023-04-14T18:21:28.828977+00:00, run_after=2023-04-15T18:21:28.828977+00:00
[2023-04-15T18:21:28.867+0000] {processor.py:175} INFO - Processing /home/airflow/.local/lib/python3.7/site-packages/airflow/example_dags/example_short_circuit_operator.py took 0.221 seconds
[2023-04-15T18:21:59.696+0000] {processor.py:153} INFO - Started process (PID=659) to work on /home/airflow/.local/lib/python3.7/site-packages/airflow/example_dags/example_short_circuit_operator.py
[2023-04-15T18:21:59.698+0000] {processor.py:743} INFO - Processing file /home/airflow/.local/lib/python3.7/site-packages/airflow/example_dags/example_short_circuit_operator.py for tasks to queue
[2023-04-15T18:21:59.701+0000] {logging_mixin.py:137} INFO - [2023-04-15T18:21:59.701+0000] {dagbag.py:532} INFO - Filling up the DagBag from /home/airflow/.local/lib/python3.7/site-packages/airflow/example_dags/example_short_circuit_operator.py
[2023-04-15T18:21:59.725+0000] {processor.py:753} INFO - DAG(s) dict_keys(['example_short_circuit_operator']) retrieved from /home/airflow/.local/lib/python3.7/site-packages/airflow/example_dags/example_short_circuit_operator.py
[2023-04-15T18:21:59.789+0000] {logging_mixin.py:137} INFO - [2023-04-15T18:21:59.788+0000] {dag.py:2705} INFO - Sync 1 DAGs
[2023-04-15T18:21:59.842+0000] {logging_mixin.py:137} INFO - [2023-04-15T18:21:59.842+0000] {dag.py:3456} INFO - Setting next_dagrun for example_short_circuit_operator to 2023-04-14T18:21:59.842314+00:00, run_after=2023-04-15T18:21:59.842314+00:00
[2023-04-15T18:21:59.880+0000] {processor.py:175} INFO - Processing /home/airflow/.local/lib/python3.7/site-packages/airflow/example_dags/example_short_circuit_operator.py took 0.189 seconds
