[2023-04-15T18:15:49.774+0000] {processor.py:153} INFO - Started process (PID=75) to work on /home/airflow/.local/lib/python3.7/site-packages/airflow/example_dags/example_complex.py
[2023-04-15T18:15:49.781+0000] {processor.py:743} INFO - Processing file /home/airflow/.local/lib/python3.7/site-packages/airflow/example_dags/example_complex.py for tasks to queue
[2023-04-15T18:15:49.785+0000] {logging_mixin.py:137} INFO - [2023-04-15T18:15:49.785+0000] {dagbag.py:532} INFO - Filling up the DagBag from /home/airflow/.local/lib/python3.7/site-packages/airflow/example_dags/example_complex.py
[2023-04-15T18:15:49.835+0000] {logging_mixin.py:137} INFO - [2023-04-15T18:15:49.835+0000] {taskmixin.py:211} WARNING - Dependency <Task(BashOperator): create_entry_group>, delete_entry_group already registered for DAG: example_complex
[2023-04-15T18:15:49.843+0000] {logging_mixin.py:137} INFO - [2023-04-15T18:15:49.842+0000] {taskmixin.py:211} WARNING - Dependency <Task(BashOperator): delete_entry_group>, create_entry_group already registered for DAG: example_complex
[2023-04-15T18:15:49.846+0000] {logging_mixin.py:137} INFO - [2023-04-15T18:15:49.846+0000] {taskmixin.py:211} WARNING - Dependency <Task(BashOperator): create_entry_gcs>, delete_entry already registered for DAG: example_complex
[2023-04-15T18:15:49.849+0000] {logging_mixin.py:137} INFO - [2023-04-15T18:15:49.848+0000] {taskmixin.py:211} WARNING - Dependency <Task(BashOperator): delete_entry>, create_entry_gcs already registered for DAG: example_complex
[2023-04-15T18:15:49.851+0000] {logging_mixin.py:137} INFO - [2023-04-15T18:15:49.850+0000] {taskmixin.py:211} WARNING - Dependency <Task(BashOperator): create_tag>, delete_tag already registered for DAG: example_complex
[2023-04-15T18:15:49.855+0000] {logging_mixin.py:137} INFO - [2023-04-15T18:15:49.854+0000] {taskmixin.py:211} WARNING - Dependency <Task(BashOperator): delete_tag>, create_tag already registered for DAG: example_complex
[2023-04-15T18:15:49.901+0000] {processor.py:753} INFO - DAG(s) dict_keys(['example_complex']) retrieved from /home/airflow/.local/lib/python3.7/site-packages/airflow/example_dags/example_complex.py
[2023-04-15T18:15:50.593+0000] {logging_mixin.py:137} INFO - [2023-04-15T18:15:50.592+0000] {dag.py:2705} INFO - Sync 1 DAGs
[2023-04-15T18:15:52.806+0000] {logging_mixin.py:137} INFO - [2023-04-15T18:15:52.792+0000] {dag.py:3456} INFO - Setting next_dagrun for example_complex to None, run_after=None
[2023-04-15T18:15:54.399+0000] {processor.py:175} INFO - Processing /home/airflow/.local/lib/python3.7/site-packages/airflow/example_dags/example_complex.py took 4.665 seconds
[2023-04-15T18:16:24.703+0000] {processor.py:153} INFO - Started process (PID=124) to work on /home/airflow/.local/lib/python3.7/site-packages/airflow/example_dags/example_complex.py
[2023-04-15T18:16:24.706+0000] {processor.py:743} INFO - Processing file /home/airflow/.local/lib/python3.7/site-packages/airflow/example_dags/example_complex.py for tasks to queue
[2023-04-15T18:16:24.708+0000] {logging_mixin.py:137} INFO - [2023-04-15T18:16:24.708+0000] {dagbag.py:532} INFO - Filling up the DagBag from /home/airflow/.local/lib/python3.7/site-packages/airflow/example_dags/example_complex.py
[2023-04-15T18:16:24.729+0000] {logging_mixin.py:137} INFO - [2023-04-15T18:16:24.729+0000] {taskmixin.py:211} WARNING - Dependency <Task(BashOperator): create_entry_group>, delete_entry_group already registered for DAG: example_complex
[2023-04-15T18:16:24.731+0000] {logging_mixin.py:137} INFO - [2023-04-15T18:16:24.730+0000] {taskmixin.py:211} WARNING - Dependency <Task(BashOperator): delete_entry_group>, create_entry_group already registered for DAG: example_complex
[2023-04-15T18:16:24.732+0000] {logging_mixin.py:137} INFO - [2023-04-15T18:16:24.732+0000] {taskmixin.py:211} WARNING - Dependency <Task(BashOperator): create_entry_gcs>, delete_entry already registered for DAG: example_complex
[2023-04-15T18:16:24.734+0000] {logging_mixin.py:137} INFO - [2023-04-15T18:16:24.734+0000] {taskmixin.py:211} WARNING - Dependency <Task(BashOperator): delete_entry>, create_entry_gcs already registered for DAG: example_complex
[2023-04-15T18:16:24.738+0000] {logging_mixin.py:137} INFO - [2023-04-15T18:16:24.737+0000] {taskmixin.py:211} WARNING - Dependency <Task(BashOperator): create_tag>, delete_tag already registered for DAG: example_complex
[2023-04-15T18:16:24.740+0000] {logging_mixin.py:137} INFO - [2023-04-15T18:16:24.739+0000] {taskmixin.py:211} WARNING - Dependency <Task(BashOperator): delete_tag>, create_tag already registered for DAG: example_complex
[2023-04-15T18:16:24.750+0000] {processor.py:753} INFO - DAG(s) dict_keys(['example_complex']) retrieved from /home/airflow/.local/lib/python3.7/site-packages/airflow/example_dags/example_complex.py
[2023-04-15T18:16:24.803+0000] {logging_mixin.py:137} INFO - [2023-04-15T18:16:24.803+0000] {dag.py:2705} INFO - Sync 1 DAGs
[2023-04-15T18:16:24.841+0000] {logging_mixin.py:137} INFO - [2023-04-15T18:16:24.841+0000] {dag.py:3456} INFO - Setting next_dagrun for example_complex to None, run_after=None
[2023-04-15T18:16:24.870+0000] {processor.py:175} INFO - Processing /home/airflow/.local/lib/python3.7/site-packages/airflow/example_dags/example_complex.py took 0.173 seconds
[2023-04-15T18:16:55.129+0000] {processor.py:153} INFO - Started process (PID=173) to work on /home/airflow/.local/lib/python3.7/site-packages/airflow/example_dags/example_complex.py
[2023-04-15T18:16:55.132+0000] {processor.py:743} INFO - Processing file /home/airflow/.local/lib/python3.7/site-packages/airflow/example_dags/example_complex.py for tasks to queue
[2023-04-15T18:16:55.135+0000] {logging_mixin.py:137} INFO - [2023-04-15T18:16:55.135+0000] {dagbag.py:532} INFO - Filling up the DagBag from /home/airflow/.local/lib/python3.7/site-packages/airflow/example_dags/example_complex.py
[2023-04-15T18:16:55.157+0000] {logging_mixin.py:137} INFO - [2023-04-15T18:16:55.156+0000] {taskmixin.py:211} WARNING - Dependency <Task(BashOperator): create_entry_group>, delete_entry_group already registered for DAG: example_complex
[2023-04-15T18:16:55.159+0000] {logging_mixin.py:137} INFO - [2023-04-15T18:16:55.158+0000] {taskmixin.py:211} WARNING - Dependency <Task(BashOperator): delete_entry_group>, create_entry_group already registered for DAG: example_complex
[2023-04-15T18:16:55.160+0000] {logging_mixin.py:137} INFO - [2023-04-15T18:16:55.160+0000] {taskmixin.py:211} WARNING - Dependency <Task(BashOperator): create_entry_gcs>, delete_entry already registered for DAG: example_complex
[2023-04-15T18:16:55.162+0000] {logging_mixin.py:137} INFO - [2023-04-15T18:16:55.162+0000] {taskmixin.py:211} WARNING - Dependency <Task(BashOperator): delete_entry>, create_entry_gcs already registered for DAG: example_complex
[2023-04-15T18:16:55.164+0000] {logging_mixin.py:137} INFO - [2023-04-15T18:16:55.163+0000] {taskmixin.py:211} WARNING - Dependency <Task(BashOperator): create_tag>, delete_tag already registered for DAG: example_complex
[2023-04-15T18:16:55.165+0000] {logging_mixin.py:137} INFO - [2023-04-15T18:16:55.165+0000] {taskmixin.py:211} WARNING - Dependency <Task(BashOperator): delete_tag>, create_tag already registered for DAG: example_complex
[2023-04-15T18:16:55.175+0000] {processor.py:753} INFO - DAG(s) dict_keys(['example_complex']) retrieved from /home/airflow/.local/lib/python3.7/site-packages/airflow/example_dags/example_complex.py
[2023-04-15T18:16:55.227+0000] {logging_mixin.py:137} INFO - [2023-04-15T18:16:55.227+0000] {dag.py:2705} INFO - Sync 1 DAGs
[2023-04-15T18:16:55.261+0000] {logging_mixin.py:137} INFO - [2023-04-15T18:16:55.261+0000] {dag.py:3456} INFO - Setting next_dagrun for example_complex to None, run_after=None
[2023-04-15T18:16:55.292+0000] {processor.py:175} INFO - Processing /home/airflow/.local/lib/python3.7/site-packages/airflow/example_dags/example_complex.py took 0.170 seconds
[2023-04-15T18:17:25.427+0000] {processor.py:153} INFO - Started process (PID=223) to work on /home/airflow/.local/lib/python3.7/site-packages/airflow/example_dags/example_complex.py
[2023-04-15T18:17:25.440+0000] {processor.py:743} INFO - Processing file /home/airflow/.local/lib/python3.7/site-packages/airflow/example_dags/example_complex.py for tasks to queue
[2023-04-15T18:17:25.447+0000] {logging_mixin.py:137} INFO - [2023-04-15T18:17:25.446+0000] {dagbag.py:532} INFO - Filling up the DagBag from /home/airflow/.local/lib/python3.7/site-packages/airflow/example_dags/example_complex.py
[2023-04-15T18:17:25.525+0000] {logging_mixin.py:137} INFO - [2023-04-15T18:17:25.525+0000] {taskmixin.py:211} WARNING - Dependency <Task(BashOperator): create_entry_group>, delete_entry_group already registered for DAG: example_complex
[2023-04-15T18:17:25.528+0000] {logging_mixin.py:137} INFO - [2023-04-15T18:17:25.528+0000] {taskmixin.py:211} WARNING - Dependency <Task(BashOperator): delete_entry_group>, create_entry_group already registered for DAG: example_complex
[2023-04-15T18:17:25.531+0000] {logging_mixin.py:137} INFO - [2023-04-15T18:17:25.531+0000] {taskmixin.py:211} WARNING - Dependency <Task(BashOperator): create_entry_gcs>, delete_entry already registered for DAG: example_complex
[2023-04-15T18:17:25.534+0000] {logging_mixin.py:137} INFO - [2023-04-15T18:17:25.534+0000] {taskmixin.py:211} WARNING - Dependency <Task(BashOperator): delete_entry>, create_entry_gcs already registered for DAG: example_complex
[2023-04-15T18:17:25.538+0000] {logging_mixin.py:137} INFO - [2023-04-15T18:17:25.538+0000] {taskmixin.py:211} WARNING - Dependency <Task(BashOperator): create_tag>, delete_tag already registered for DAG: example_complex
[2023-04-15T18:17:25.541+0000] {logging_mixin.py:137} INFO - [2023-04-15T18:17:25.540+0000] {taskmixin.py:211} WARNING - Dependency <Task(BashOperator): delete_tag>, create_tag already registered for DAG: example_complex
[2023-04-15T18:17:25.569+0000] {processor.py:753} INFO - DAG(s) dict_keys(['example_complex']) retrieved from /home/airflow/.local/lib/python3.7/site-packages/airflow/example_dags/example_complex.py
[2023-04-15T18:17:25.719+0000] {logging_mixin.py:137} INFO - [2023-04-15T18:17:25.719+0000] {dag.py:2705} INFO - Sync 1 DAGs
[2023-04-15T18:17:25.829+0000] {logging_mixin.py:137} INFO - [2023-04-15T18:17:25.829+0000] {dag.py:3456} INFO - Setting next_dagrun for example_complex to None, run_after=None
[2023-04-15T18:17:25.880+0000] {processor.py:175} INFO - Processing /home/airflow/.local/lib/python3.7/site-packages/airflow/example_dags/example_complex.py took 0.463 seconds
[2023-04-15T18:17:56.903+0000] {processor.py:153} INFO - Started process (PID=272) to work on /home/airflow/.local/lib/python3.7/site-packages/airflow/example_dags/example_complex.py
[2023-04-15T18:17:56.907+0000] {processor.py:743} INFO - Processing file /home/airflow/.local/lib/python3.7/site-packages/airflow/example_dags/example_complex.py for tasks to queue
[2023-04-15T18:17:56.911+0000] {logging_mixin.py:137} INFO - [2023-04-15T18:17:56.911+0000] {dagbag.py:532} INFO - Filling up the DagBag from /home/airflow/.local/lib/python3.7/site-packages/airflow/example_dags/example_complex.py
[2023-04-15T18:17:56.949+0000] {logging_mixin.py:137} INFO - [2023-04-15T18:17:56.949+0000] {taskmixin.py:211} WARNING - Dependency <Task(BashOperator): create_entry_group>, delete_entry_group already registered for DAG: example_complex
[2023-04-15T18:17:56.952+0000] {logging_mixin.py:137} INFO - [2023-04-15T18:17:56.951+0000] {taskmixin.py:211} WARNING - Dependency <Task(BashOperator): delete_entry_group>, create_entry_group already registered for DAG: example_complex
[2023-04-15T18:17:56.954+0000] {logging_mixin.py:137} INFO - [2023-04-15T18:17:56.954+0000] {taskmixin.py:211} WARNING - Dependency <Task(BashOperator): create_entry_gcs>, delete_entry already registered for DAG: example_complex
[2023-04-15T18:17:56.957+0000] {logging_mixin.py:137} INFO - [2023-04-15T18:17:56.956+0000] {taskmixin.py:211} WARNING - Dependency <Task(BashOperator): delete_entry>, create_entry_gcs already registered for DAG: example_complex
[2023-04-15T18:17:56.960+0000] {logging_mixin.py:137} INFO - [2023-04-15T18:17:56.960+0000] {taskmixin.py:211} WARNING - Dependency <Task(BashOperator): create_tag>, delete_tag already registered for DAG: example_complex
[2023-04-15T18:17:56.965+0000] {logging_mixin.py:137} INFO - [2023-04-15T18:17:56.964+0000] {taskmixin.py:211} WARNING - Dependency <Task(BashOperator): delete_tag>, create_tag already registered for DAG: example_complex
[2023-04-15T18:17:56.984+0000] {processor.py:753} INFO - DAG(s) dict_keys(['example_complex']) retrieved from /home/airflow/.local/lib/python3.7/site-packages/airflow/example_dags/example_complex.py
[2023-04-15T18:17:57.078+0000] {logging_mixin.py:137} INFO - [2023-04-15T18:17:57.077+0000] {dag.py:2705} INFO - Sync 1 DAGs
[2023-04-15T18:17:57.184+0000] {logging_mixin.py:137} INFO - [2023-04-15T18:17:57.184+0000] {dag.py:3456} INFO - Setting next_dagrun for example_complex to None, run_after=None
[2023-04-15T18:17:57.249+0000] {processor.py:175} INFO - Processing /home/airflow/.local/lib/python3.7/site-packages/airflow/example_dags/example_complex.py took 0.357 seconds
[2023-04-15T18:18:27.674+0000] {processor.py:153} INFO - Started process (PID=321) to work on /home/airflow/.local/lib/python3.7/site-packages/airflow/example_dags/example_complex.py
[2023-04-15T18:18:27.676+0000] {processor.py:743} INFO - Processing file /home/airflow/.local/lib/python3.7/site-packages/airflow/example_dags/example_complex.py for tasks to queue
[2023-04-15T18:18:27.678+0000] {logging_mixin.py:137} INFO - [2023-04-15T18:18:27.678+0000] {dagbag.py:532} INFO - Filling up the DagBag from /home/airflow/.local/lib/python3.7/site-packages/airflow/example_dags/example_complex.py
[2023-04-15T18:18:27.696+0000] {logging_mixin.py:137} INFO - [2023-04-15T18:18:27.695+0000] {taskmixin.py:211} WARNING - Dependency <Task(BashOperator): create_entry_group>, delete_entry_group already registered for DAG: example_complex
[2023-04-15T18:18:27.698+0000] {logging_mixin.py:137} INFO - [2023-04-15T18:18:27.698+0000] {taskmixin.py:211} WARNING - Dependency <Task(BashOperator): delete_entry_group>, create_entry_group already registered for DAG: example_complex
[2023-04-15T18:18:27.701+0000] {logging_mixin.py:137} INFO - [2023-04-15T18:18:27.701+0000] {taskmixin.py:211} WARNING - Dependency <Task(BashOperator): create_entry_gcs>, delete_entry already registered for DAG: example_complex
[2023-04-15T18:18:27.703+0000] {logging_mixin.py:137} INFO - [2023-04-15T18:18:27.703+0000] {taskmixin.py:211} WARNING - Dependency <Task(BashOperator): delete_entry>, create_entry_gcs already registered for DAG: example_complex
[2023-04-15T18:18:27.705+0000] {logging_mixin.py:137} INFO - [2023-04-15T18:18:27.705+0000] {taskmixin.py:211} WARNING - Dependency <Task(BashOperator): create_tag>, delete_tag already registered for DAG: example_complex
[2023-04-15T18:18:27.706+0000] {logging_mixin.py:137} INFO - [2023-04-15T18:18:27.706+0000] {taskmixin.py:211} WARNING - Dependency <Task(BashOperator): delete_tag>, create_tag already registered for DAG: example_complex
[2023-04-15T18:18:27.717+0000] {processor.py:753} INFO - DAG(s) dict_keys(['example_complex']) retrieved from /home/airflow/.local/lib/python3.7/site-packages/airflow/example_dags/example_complex.py
[2023-04-15T18:18:27.769+0000] {logging_mixin.py:137} INFO - [2023-04-15T18:18:27.769+0000] {dag.py:2705} INFO - Sync 1 DAGs
[2023-04-15T18:18:27.811+0000] {logging_mixin.py:137} INFO - [2023-04-15T18:18:27.811+0000] {dag.py:3456} INFO - Setting next_dagrun for example_complex to None, run_after=None
[2023-04-15T18:18:27.841+0000] {processor.py:175} INFO - Processing /home/airflow/.local/lib/python3.7/site-packages/airflow/example_dags/example_complex.py took 0.172 seconds
[2023-04-15T18:18:58.283+0000] {processor.py:153} INFO - Started process (PID=372) to work on /home/airflow/.local/lib/python3.7/site-packages/airflow/example_dags/example_complex.py
[2023-04-15T18:18:58.286+0000] {processor.py:743} INFO - Processing file /home/airflow/.local/lib/python3.7/site-packages/airflow/example_dags/example_complex.py for tasks to queue
[2023-04-15T18:18:58.289+0000] {logging_mixin.py:137} INFO - [2023-04-15T18:18:58.288+0000] {dagbag.py:532} INFO - Filling up the DagBag from /home/airflow/.local/lib/python3.7/site-packages/airflow/example_dags/example_complex.py
[2023-04-15T18:18:58.309+0000] {logging_mixin.py:137} INFO - [2023-04-15T18:18:58.309+0000] {taskmixin.py:211} WARNING - Dependency <Task(BashOperator): create_entry_group>, delete_entry_group already registered for DAG: example_complex
[2023-04-15T18:18:58.311+0000] {logging_mixin.py:137} INFO - [2023-04-15T18:18:58.311+0000] {taskmixin.py:211} WARNING - Dependency <Task(BashOperator): delete_entry_group>, create_entry_group already registered for DAG: example_complex
[2023-04-15T18:18:58.312+0000] {logging_mixin.py:137} INFO - [2023-04-15T18:18:58.312+0000] {taskmixin.py:211} WARNING - Dependency <Task(BashOperator): create_entry_gcs>, delete_entry already registered for DAG: example_complex
[2023-04-15T18:18:58.314+0000] {logging_mixin.py:137} INFO - [2023-04-15T18:18:58.314+0000] {taskmixin.py:211} WARNING - Dependency <Task(BashOperator): delete_entry>, create_entry_gcs already registered for DAG: example_complex
[2023-04-15T18:18:58.315+0000] {logging_mixin.py:137} INFO - [2023-04-15T18:18:58.315+0000] {taskmixin.py:211} WARNING - Dependency <Task(BashOperator): create_tag>, delete_tag already registered for DAG: example_complex
[2023-04-15T18:18:58.317+0000] {logging_mixin.py:137} INFO - [2023-04-15T18:18:58.317+0000] {taskmixin.py:211} WARNING - Dependency <Task(BashOperator): delete_tag>, create_tag already registered for DAG: example_complex
[2023-04-15T18:18:58.327+0000] {processor.py:753} INFO - DAG(s) dict_keys(['example_complex']) retrieved from /home/airflow/.local/lib/python3.7/site-packages/airflow/example_dags/example_complex.py
[2023-04-15T18:18:58.376+0000] {logging_mixin.py:137} INFO - [2023-04-15T18:18:58.375+0000] {dag.py:2705} INFO - Sync 1 DAGs
[2023-04-15T18:18:58.411+0000] {logging_mixin.py:137} INFO - [2023-04-15T18:18:58.411+0000] {dag.py:3456} INFO - Setting next_dagrun for example_complex to None, run_after=None
[2023-04-15T18:18:58.441+0000] {processor.py:175} INFO - Processing /home/airflow/.local/lib/python3.7/site-packages/airflow/example_dags/example_complex.py took 0.163 seconds
[2023-04-15T18:19:28.518+0000] {processor.py:153} INFO - Started process (PID=422) to work on /home/airflow/.local/lib/python3.7/site-packages/airflow/example_dags/example_complex.py
[2023-04-15T18:19:28.521+0000] {processor.py:743} INFO - Processing file /home/airflow/.local/lib/python3.7/site-packages/airflow/example_dags/example_complex.py for tasks to queue
[2023-04-15T18:19:28.522+0000] {logging_mixin.py:137} INFO - [2023-04-15T18:19:28.522+0000] {dagbag.py:532} INFO - Filling up the DagBag from /home/airflow/.local/lib/python3.7/site-packages/airflow/example_dags/example_complex.py
[2023-04-15T18:19:28.539+0000] {logging_mixin.py:137} INFO - [2023-04-15T18:19:28.539+0000] {taskmixin.py:211} WARNING - Dependency <Task(BashOperator): create_entry_group>, delete_entry_group already registered for DAG: example_complex
[2023-04-15T18:19:28.541+0000] {logging_mixin.py:137} INFO - [2023-04-15T18:19:28.541+0000] {taskmixin.py:211} WARNING - Dependency <Task(BashOperator): delete_entry_group>, create_entry_group already registered for DAG: example_complex
[2023-04-15T18:19:28.543+0000] {logging_mixin.py:137} INFO - [2023-04-15T18:19:28.543+0000] {taskmixin.py:211} WARNING - Dependency <Task(BashOperator): create_entry_gcs>, delete_entry already registered for DAG: example_complex
[2023-04-15T18:19:28.544+0000] {logging_mixin.py:137} INFO - [2023-04-15T18:19:28.544+0000] {taskmixin.py:211} WARNING - Dependency <Task(BashOperator): delete_entry>, create_entry_gcs already registered for DAG: example_complex
[2023-04-15T18:19:28.546+0000] {logging_mixin.py:137} INFO - [2023-04-15T18:19:28.546+0000] {taskmixin.py:211} WARNING - Dependency <Task(BashOperator): create_tag>, delete_tag already registered for DAG: example_complex
[2023-04-15T18:19:28.548+0000] {logging_mixin.py:137} INFO - [2023-04-15T18:19:28.547+0000] {taskmixin.py:211} WARNING - Dependency <Task(BashOperator): delete_tag>, create_tag already registered for DAG: example_complex
[2023-04-15T18:19:28.560+0000] {processor.py:753} INFO - DAG(s) dict_keys(['example_complex']) retrieved from /home/airflow/.local/lib/python3.7/site-packages/airflow/example_dags/example_complex.py
[2023-04-15T18:19:28.622+0000] {logging_mixin.py:137} INFO - [2023-04-15T18:19:28.622+0000] {dag.py:2705} INFO - Sync 1 DAGs
[2023-04-15T18:19:28.657+0000] {logging_mixin.py:137} INFO - [2023-04-15T18:19:28.657+0000] {dag.py:3456} INFO - Setting next_dagrun for example_complex to None, run_after=None
[2023-04-15T18:19:28.687+0000] {processor.py:175} INFO - Processing /home/airflow/.local/lib/python3.7/site-packages/airflow/example_dags/example_complex.py took 0.174 seconds
[2023-04-15T18:19:58.852+0000] {processor.py:153} INFO - Started process (PID=472) to work on /home/airflow/.local/lib/python3.7/site-packages/airflow/example_dags/example_complex.py
[2023-04-15T18:19:58.860+0000] {processor.py:743} INFO - Processing file /home/airflow/.local/lib/python3.7/site-packages/airflow/example_dags/example_complex.py for tasks to queue
[2023-04-15T18:19:58.862+0000] {logging_mixin.py:137} INFO - [2023-04-15T18:19:58.862+0000] {dagbag.py:532} INFO - Filling up the DagBag from /home/airflow/.local/lib/python3.7/site-packages/airflow/example_dags/example_complex.py
[2023-04-15T18:19:58.882+0000] {logging_mixin.py:137} INFO - [2023-04-15T18:19:58.881+0000] {taskmixin.py:211} WARNING - Dependency <Task(BashOperator): create_entry_group>, delete_entry_group already registered for DAG: example_complex
[2023-04-15T18:19:58.884+0000] {logging_mixin.py:137} INFO - [2023-04-15T18:19:58.883+0000] {taskmixin.py:211} WARNING - Dependency <Task(BashOperator): delete_entry_group>, create_entry_group already registered for DAG: example_complex
[2023-04-15T18:19:58.885+0000] {logging_mixin.py:137} INFO - [2023-04-15T18:19:58.885+0000] {taskmixin.py:211} WARNING - Dependency <Task(BashOperator): create_entry_gcs>, delete_entry already registered for DAG: example_complex
[2023-04-15T18:19:58.887+0000] {logging_mixin.py:137} INFO - [2023-04-15T18:19:58.887+0000] {taskmixin.py:211} WARNING - Dependency <Task(BashOperator): delete_entry>, create_entry_gcs already registered for DAG: example_complex
[2023-04-15T18:19:58.889+0000] {logging_mixin.py:137} INFO - [2023-04-15T18:19:58.888+0000] {taskmixin.py:211} WARNING - Dependency <Task(BashOperator): create_tag>, delete_tag already registered for DAG: example_complex
[2023-04-15T18:19:58.890+0000] {logging_mixin.py:137} INFO - [2023-04-15T18:19:58.890+0000] {taskmixin.py:211} WARNING - Dependency <Task(BashOperator): delete_tag>, create_tag already registered for DAG: example_complex
[2023-04-15T18:19:58.901+0000] {processor.py:753} INFO - DAG(s) dict_keys(['example_complex']) retrieved from /home/airflow/.local/lib/python3.7/site-packages/airflow/example_dags/example_complex.py
[2023-04-15T18:19:58.950+0000] {logging_mixin.py:137} INFO - [2023-04-15T18:19:58.950+0000] {dag.py:2705} INFO - Sync 1 DAGs
[2023-04-15T18:19:58.984+0000] {logging_mixin.py:137} INFO - [2023-04-15T18:19:58.984+0000] {dag.py:3456} INFO - Setting next_dagrun for example_complex to None, run_after=None
[2023-04-15T18:19:59.019+0000] {processor.py:175} INFO - Processing /home/airflow/.local/lib/python3.7/site-packages/airflow/example_dags/example_complex.py took 0.173 seconds
[2023-04-15T18:20:29.593+0000] {processor.py:153} INFO - Started process (PID=521) to work on /home/airflow/.local/lib/python3.7/site-packages/airflow/example_dags/example_complex.py
[2023-04-15T18:20:29.595+0000] {processor.py:743} INFO - Processing file /home/airflow/.local/lib/python3.7/site-packages/airflow/example_dags/example_complex.py for tasks to queue
[2023-04-15T18:20:29.598+0000] {logging_mixin.py:137} INFO - [2023-04-15T18:20:29.597+0000] {dagbag.py:532} INFO - Filling up the DagBag from /home/airflow/.local/lib/python3.7/site-packages/airflow/example_dags/example_complex.py
[2023-04-15T18:20:29.617+0000] {logging_mixin.py:137} INFO - [2023-04-15T18:20:29.617+0000] {taskmixin.py:211} WARNING - Dependency <Task(BashOperator): create_entry_group>, delete_entry_group already registered for DAG: example_complex
[2023-04-15T18:20:29.620+0000] {logging_mixin.py:137} INFO - [2023-04-15T18:20:29.620+0000] {taskmixin.py:211} WARNING - Dependency <Task(BashOperator): delete_entry_group>, create_entry_group already registered for DAG: example_complex
[2023-04-15T18:20:29.622+0000] {logging_mixin.py:137} INFO - [2023-04-15T18:20:29.622+0000] {taskmixin.py:211} WARNING - Dependency <Task(BashOperator): create_entry_gcs>, delete_entry already registered for DAG: example_complex
[2023-04-15T18:20:29.623+0000] {logging_mixin.py:137} INFO - [2023-04-15T18:20:29.623+0000] {taskmixin.py:211} WARNING - Dependency <Task(BashOperator): delete_entry>, create_entry_gcs already registered for DAG: example_complex
[2023-04-15T18:20:29.625+0000] {logging_mixin.py:137} INFO - [2023-04-15T18:20:29.625+0000] {taskmixin.py:211} WARNING - Dependency <Task(BashOperator): create_tag>, delete_tag already registered for DAG: example_complex
[2023-04-15T18:20:29.626+0000] {logging_mixin.py:137} INFO - [2023-04-15T18:20:29.626+0000] {taskmixin.py:211} WARNING - Dependency <Task(BashOperator): delete_tag>, create_tag already registered for DAG: example_complex
[2023-04-15T18:20:29.637+0000] {processor.py:753} INFO - DAG(s) dict_keys(['example_complex']) retrieved from /home/airflow/.local/lib/python3.7/site-packages/airflow/example_dags/example_complex.py
[2023-04-15T18:20:29.686+0000] {logging_mixin.py:137} INFO - [2023-04-15T18:20:29.686+0000] {dag.py:2705} INFO - Sync 1 DAGs
[2023-04-15T18:20:29.721+0000] {logging_mixin.py:137} INFO - [2023-04-15T18:20:29.721+0000] {dag.py:3456} INFO - Setting next_dagrun for example_complex to None, run_after=None
[2023-04-15T18:20:29.748+0000] {processor.py:175} INFO - Processing /home/airflow/.local/lib/python3.7/site-packages/airflow/example_dags/example_complex.py took 0.161 seconds
[2023-04-15T18:21:00.217+0000] {processor.py:153} INFO - Started process (PID=571) to work on /home/airflow/.local/lib/python3.7/site-packages/airflow/example_dags/example_complex.py
[2023-04-15T18:21:00.225+0000] {processor.py:743} INFO - Processing file /home/airflow/.local/lib/python3.7/site-packages/airflow/example_dags/example_complex.py for tasks to queue
[2023-04-15T18:21:00.227+0000] {logging_mixin.py:137} INFO - [2023-04-15T18:21:00.227+0000] {dagbag.py:532} INFO - Filling up the DagBag from /home/airflow/.local/lib/python3.7/site-packages/airflow/example_dags/example_complex.py
[2023-04-15T18:21:00.248+0000] {logging_mixin.py:137} INFO - [2023-04-15T18:21:00.248+0000] {taskmixin.py:211} WARNING - Dependency <Task(BashOperator): create_entry_group>, delete_entry_group already registered for DAG: example_complex
[2023-04-15T18:21:00.250+0000] {logging_mixin.py:137} INFO - [2023-04-15T18:21:00.250+0000] {taskmixin.py:211} WARNING - Dependency <Task(BashOperator): delete_entry_group>, create_entry_group already registered for DAG: example_complex
[2023-04-15T18:21:00.251+0000] {logging_mixin.py:137} INFO - [2023-04-15T18:21:00.251+0000] {taskmixin.py:211} WARNING - Dependency <Task(BashOperator): create_entry_gcs>, delete_entry already registered for DAG: example_complex
[2023-04-15T18:21:00.253+0000] {logging_mixin.py:137} INFO - [2023-04-15T18:21:00.253+0000] {taskmixin.py:211} WARNING - Dependency <Task(BashOperator): delete_entry>, create_entry_gcs already registered for DAG: example_complex
[2023-04-15T18:21:00.255+0000] {logging_mixin.py:137} INFO - [2023-04-15T18:21:00.254+0000] {taskmixin.py:211} WARNING - Dependency <Task(BashOperator): create_tag>, delete_tag already registered for DAG: example_complex
[2023-04-15T18:21:00.256+0000] {logging_mixin.py:137} INFO - [2023-04-15T18:21:00.256+0000] {taskmixin.py:211} WARNING - Dependency <Task(BashOperator): delete_tag>, create_tag already registered for DAG: example_complex
[2023-04-15T18:21:00.266+0000] {processor.py:753} INFO - DAG(s) dict_keys(['example_complex']) retrieved from /home/airflow/.local/lib/python3.7/site-packages/airflow/example_dags/example_complex.py
[2023-04-15T18:21:00.315+0000] {logging_mixin.py:137} INFO - [2023-04-15T18:21:00.315+0000] {dag.py:2705} INFO - Sync 1 DAGs
[2023-04-15T18:21:00.353+0000] {logging_mixin.py:137} INFO - [2023-04-15T18:21:00.352+0000] {dag.py:3456} INFO - Setting next_dagrun for example_complex to None, run_after=None
[2023-04-15T18:21:00.382+0000] {processor.py:175} INFO - Processing /home/airflow/.local/lib/python3.7/site-packages/airflow/example_dags/example_complex.py took 0.171 seconds
[2023-04-15T18:21:31.037+0000] {processor.py:153} INFO - Started process (PID=621) to work on /home/airflow/.local/lib/python3.7/site-packages/airflow/example_dags/example_complex.py
[2023-04-15T18:21:31.042+0000] {processor.py:743} INFO - Processing file /home/airflow/.local/lib/python3.7/site-packages/airflow/example_dags/example_complex.py for tasks to queue
[2023-04-15T18:21:31.044+0000] {logging_mixin.py:137} INFO - [2023-04-15T18:21:31.044+0000] {dagbag.py:532} INFO - Filling up the DagBag from /home/airflow/.local/lib/python3.7/site-packages/airflow/example_dags/example_complex.py
[2023-04-15T18:21:31.061+0000] {logging_mixin.py:137} INFO - [2023-04-15T18:21:31.061+0000] {taskmixin.py:211} WARNING - Dependency <Task(BashOperator): create_entry_group>, delete_entry_group already registered for DAG: example_complex
[2023-04-15T18:21:31.065+0000] {logging_mixin.py:137} INFO - [2023-04-15T18:21:31.065+0000] {taskmixin.py:211} WARNING - Dependency <Task(BashOperator): delete_entry_group>, create_entry_group already registered for DAG: example_complex
[2023-04-15T18:21:31.068+0000] {logging_mixin.py:137} INFO - [2023-04-15T18:21:31.068+0000] {taskmixin.py:211} WARNING - Dependency <Task(BashOperator): create_entry_gcs>, delete_entry already registered for DAG: example_complex
[2023-04-15T18:21:31.071+0000] {logging_mixin.py:137} INFO - [2023-04-15T18:21:31.070+0000] {taskmixin.py:211} WARNING - Dependency <Task(BashOperator): delete_entry>, create_entry_gcs already registered for DAG: example_complex
[2023-04-15T18:21:31.074+0000] {logging_mixin.py:137} INFO - [2023-04-15T18:21:31.074+0000] {taskmixin.py:211} WARNING - Dependency <Task(BashOperator): create_tag>, delete_tag already registered for DAG: example_complex
[2023-04-15T18:21:31.077+0000] {logging_mixin.py:137} INFO - [2023-04-15T18:21:31.077+0000] {taskmixin.py:211} WARNING - Dependency <Task(BashOperator): delete_tag>, create_tag already registered for DAG: example_complex
[2023-04-15T18:21:31.089+0000] {processor.py:753} INFO - DAG(s) dict_keys(['example_complex']) retrieved from /home/airflow/.local/lib/python3.7/site-packages/airflow/example_dags/example_complex.py
[2023-04-15T18:21:31.141+0000] {logging_mixin.py:137} INFO - [2023-04-15T18:21:31.141+0000] {dag.py:2705} INFO - Sync 1 DAGs
[2023-04-15T18:21:31.178+0000] {logging_mixin.py:137} INFO - [2023-04-15T18:21:31.178+0000] {dag.py:3456} INFO - Setting next_dagrun for example_complex to None, run_after=None
[2023-04-15T18:21:31.206+0000] {processor.py:175} INFO - Processing /home/airflow/.local/lib/python3.7/site-packages/airflow/example_dags/example_complex.py took 0.174 seconds
[2023-04-15T18:22:02.720+0000] {processor.py:153} INFO - Started process (PID=672) to work on /home/airflow/.local/lib/python3.7/site-packages/airflow/example_dags/example_complex.py
[2023-04-15T18:22:02.723+0000] {processor.py:743} INFO - Processing file /home/airflow/.local/lib/python3.7/site-packages/airflow/example_dags/example_complex.py for tasks to queue
[2023-04-15T18:22:02.791+0000] {logging_mixin.py:137} INFO - [2023-04-15T18:22:02.790+0000] {dagbag.py:532} INFO - Filling up the DagBag from /home/airflow/.local/lib/python3.7/site-packages/airflow/example_dags/example_complex.py
[2023-04-15T18:22:03.255+0000] {logging_mixin.py:137} INFO - [2023-04-15T18:22:03.254+0000] {taskmixin.py:211} WARNING - Dependency <Task(BashOperator): create_entry_group>, delete_entry_group already registered for DAG: example_complex
[2023-04-15T18:22:03.263+0000] {logging_mixin.py:137} INFO - [2023-04-15T18:22:03.262+0000] {taskmixin.py:211} WARNING - Dependency <Task(BashOperator): delete_entry_group>, create_entry_group already registered for DAG: example_complex
[2023-04-15T18:22:03.378+0000] {logging_mixin.py:137} INFO - [2023-04-15T18:22:03.378+0000] {taskmixin.py:211} WARNING - Dependency <Task(BashOperator): create_entry_gcs>, delete_entry already registered for DAG: example_complex
[2023-04-15T18:22:03.379+0000] {logging_mixin.py:137} INFO - [2023-04-15T18:22:03.379+0000] {taskmixin.py:211} WARNING - Dependency <Task(BashOperator): delete_entry>, create_entry_gcs already registered for DAG: example_complex
[2023-04-15T18:22:03.381+0000] {logging_mixin.py:137} INFO - [2023-04-15T18:22:03.381+0000] {taskmixin.py:211} WARNING - Dependency <Task(BashOperator): create_tag>, delete_tag already registered for DAG: example_complex
[2023-04-15T18:22:03.382+0000] {logging_mixin.py:137} INFO - [2023-04-15T18:22:03.382+0000] {taskmixin.py:211} WARNING - Dependency <Task(BashOperator): delete_tag>, create_tag already registered for DAG: example_complex
[2023-04-15T18:22:03.640+0000] {processor.py:753} INFO - DAG(s) dict_keys(['example_complex']) retrieved from /home/airflow/.local/lib/python3.7/site-packages/airflow/example_dags/example_complex.py
[2023-04-15T18:22:03.832+0000] {logging_mixin.py:137} INFO - [2023-04-15T18:22:03.832+0000] {dag.py:2705} INFO - Sync 1 DAGs
[2023-04-15T18:22:03.832+0000] {logging_mixin.py:137} INFO - [2023-04-15T18:22:03.832+0000] {dag.py:3456} INFO - Setting next_dagrun for example_complex to None, run_after=None
[2023-04-15T18:22:03.832+0000] {processor.py:175} INFO - Processing /home/airflow/.local/lib/python3.7/site-packages/airflow/example_dags/example_complex.py took 1.307 seconds
