[2023-04-15T18:15:57.076+0000] {processor.py:153} INFO - Started process (PID=78) to work on /home/airflow/.local/lib/python3.7/site-packages/airflow/example_dags/example_branch_python_dop_operator_3.py
[2023-04-15T18:15:57.079+0000] {processor.py:743} INFO - Processing file /home/airflow/.local/lib/python3.7/site-packages/airflow/example_dags/example_branch_python_dop_operator_3.py for tasks to queue
[2023-04-15T18:15:57.098+0000] {logging_mixin.py:137} INFO - [2023-04-15T18:15:57.095+0000] {dagbag.py:532} INFO - Filling up the DagBag from /home/airflow/.local/lib/python3.7/site-packages/airflow/example_dags/example_branch_python_dop_operator_3.py
[2023-04-15T18:15:57.980+0000] {processor.py:753} INFO - DAG(s) dict_keys(['example_branch_dop_operator_v3']) retrieved from /home/airflow/.local/lib/python3.7/site-packages/airflow/example_dags/example_branch_python_dop_operator_3.py
[2023-04-15T18:16:01.638+0000] {logging_mixin.py:137} INFO - [2023-04-15T18:16:01.638+0000] {dag.py:2705} INFO - Sync 1 DAGs
[2023-04-15T18:16:02.015+0000] {logging_mixin.py:137} INFO - [2023-04-15T18:16:02.015+0000] {dag.py:3456} INFO - Setting next_dagrun for example_branch_dop_operator_v3 to 2023-04-15T18:15:00+00:00, run_after=2023-04-15T18:16:00+00:00
[2023-04-15T18:16:02.086+0000] {processor.py:175} INFO - Processing /home/airflow/.local/lib/python3.7/site-packages/airflow/example_dags/example_branch_python_dop_operator_3.py took 5.034 seconds
[2023-04-15T18:16:32.181+0000] {processor.py:153} INFO - Started process (PID=127) to work on /home/airflow/.local/lib/python3.7/site-packages/airflow/example_dags/example_branch_python_dop_operator_3.py
[2023-04-15T18:16:32.183+0000] {processor.py:743} INFO - Processing file /home/airflow/.local/lib/python3.7/site-packages/airflow/example_dags/example_branch_python_dop_operator_3.py for tasks to queue
[2023-04-15T18:16:32.185+0000] {logging_mixin.py:137} INFO - [2023-04-15T18:16:32.185+0000] {dagbag.py:532} INFO - Filling up the DagBag from /home/airflow/.local/lib/python3.7/site-packages/airflow/example_dags/example_branch_python_dop_operator_3.py
[2023-04-15T18:16:32.217+0000] {processor.py:753} INFO - DAG(s) dict_keys(['example_branch_dop_operator_v3']) retrieved from /home/airflow/.local/lib/python3.7/site-packages/airflow/example_dags/example_branch_python_dop_operator_3.py
[2023-04-15T18:16:32.257+0000] {logging_mixin.py:137} INFO - [2023-04-15T18:16:32.256+0000] {dag.py:2705} INFO - Sync 1 DAGs
[2023-04-15T18:16:32.304+0000] {logging_mixin.py:137} INFO - [2023-04-15T18:16:32.304+0000] {dag.py:3456} INFO - Setting next_dagrun for example_branch_dop_operator_v3 to 2023-04-15T18:15:00+00:00, run_after=2023-04-15T18:16:00+00:00
[2023-04-15T18:16:32.345+0000] {processor.py:175} INFO - Processing /home/airflow/.local/lib/python3.7/site-packages/airflow/example_dags/example_branch_python_dop_operator_3.py took 0.169 seconds
[2023-04-15T18:17:03.399+0000] {processor.py:153} INFO - Started process (PID=176) to work on /home/airflow/.local/lib/python3.7/site-packages/airflow/example_dags/example_branch_python_dop_operator_3.py
[2023-04-15T18:17:03.401+0000] {processor.py:743} INFO - Processing file /home/airflow/.local/lib/python3.7/site-packages/airflow/example_dags/example_branch_python_dop_operator_3.py for tasks to queue
[2023-04-15T18:17:03.403+0000] {logging_mixin.py:137} INFO - [2023-04-15T18:17:03.403+0000] {dagbag.py:532} INFO - Filling up the DagBag from /home/airflow/.local/lib/python3.7/site-packages/airflow/example_dags/example_branch_python_dop_operator_3.py
[2023-04-15T18:17:03.453+0000] {processor.py:753} INFO - DAG(s) dict_keys(['example_branch_dop_operator_v3']) retrieved from /home/airflow/.local/lib/python3.7/site-packages/airflow/example_dags/example_branch_python_dop_operator_3.py
[2023-04-15T18:17:03.500+0000] {logging_mixin.py:137} INFO - [2023-04-15T18:17:03.500+0000] {dag.py:2705} INFO - Sync 1 DAGs
[2023-04-15T18:17:03.541+0000] {logging_mixin.py:137} INFO - [2023-04-15T18:17:03.541+0000] {dag.py:3456} INFO - Setting next_dagrun for example_branch_dop_operator_v3 to 2023-04-15T18:16:00+00:00, run_after=2023-04-15T18:17:00+00:00
[2023-04-15T18:17:03.571+0000] {processor.py:175} INFO - Processing /home/airflow/.local/lib/python3.7/site-packages/airflow/example_dags/example_branch_python_dop_operator_3.py took 0.177 seconds
[2023-04-15T18:17:33.760+0000] {processor.py:153} INFO - Started process (PID=226) to work on /home/airflow/.local/lib/python3.7/site-packages/airflow/example_dags/example_branch_python_dop_operator_3.py
[2023-04-15T18:17:33.762+0000] {processor.py:743} INFO - Processing file /home/airflow/.local/lib/python3.7/site-packages/airflow/example_dags/example_branch_python_dop_operator_3.py for tasks to queue
[2023-04-15T18:17:33.765+0000] {logging_mixin.py:137} INFO - [2023-04-15T18:17:33.764+0000] {dagbag.py:532} INFO - Filling up the DagBag from /home/airflow/.local/lib/python3.7/site-packages/airflow/example_dags/example_branch_python_dop_operator_3.py
[2023-04-15T18:17:33.816+0000] {processor.py:753} INFO - DAG(s) dict_keys(['example_branch_dop_operator_v3']) retrieved from /home/airflow/.local/lib/python3.7/site-packages/airflow/example_dags/example_branch_python_dop_operator_3.py
[2023-04-15T18:17:33.868+0000] {logging_mixin.py:137} INFO - [2023-04-15T18:17:33.868+0000] {dag.py:2705} INFO - Sync 1 DAGs
[2023-04-15T18:17:33.936+0000] {logging_mixin.py:137} INFO - [2023-04-15T18:17:33.936+0000] {dag.py:3456} INFO - Setting next_dagrun for example_branch_dop_operator_v3 to 2023-04-15T18:16:00+00:00, run_after=2023-04-15T18:17:00+00:00
[2023-04-15T18:17:33.972+0000] {processor.py:175} INFO - Processing /home/airflow/.local/lib/python3.7/site-packages/airflow/example_dags/example_branch_python_dop_operator_3.py took 0.219 seconds
[2023-04-15T18:18:04.181+0000] {processor.py:153} INFO - Started process (PID=275) to work on /home/airflow/.local/lib/python3.7/site-packages/airflow/example_dags/example_branch_python_dop_operator_3.py
[2023-04-15T18:18:04.184+0000] {processor.py:743} INFO - Processing file /home/airflow/.local/lib/python3.7/site-packages/airflow/example_dags/example_branch_python_dop_operator_3.py for tasks to queue
[2023-04-15T18:18:04.187+0000] {logging_mixin.py:137} INFO - [2023-04-15T18:18:04.187+0000] {dagbag.py:532} INFO - Filling up the DagBag from /home/airflow/.local/lib/python3.7/site-packages/airflow/example_dags/example_branch_python_dop_operator_3.py
[2023-04-15T18:18:04.225+0000] {processor.py:753} INFO - DAG(s) dict_keys(['example_branch_dop_operator_v3']) retrieved from /home/airflow/.local/lib/python3.7/site-packages/airflow/example_dags/example_branch_python_dop_operator_3.py
[2023-04-15T18:18:04.286+0000] {logging_mixin.py:137} INFO - [2023-04-15T18:18:04.285+0000] {dag.py:2705} INFO - Sync 1 DAGs
[2023-04-15T18:18:04.347+0000] {logging_mixin.py:137} INFO - [2023-04-15T18:18:04.347+0000] {dag.py:3456} INFO - Setting next_dagrun for example_branch_dop_operator_v3 to 2023-04-15T18:17:00+00:00, run_after=2023-04-15T18:18:00+00:00
[2023-04-15T18:18:04.383+0000] {processor.py:175} INFO - Processing /home/airflow/.local/lib/python3.7/site-packages/airflow/example_dags/example_branch_python_dop_operator_3.py took 0.210 seconds
[2023-04-15T18:18:34.932+0000] {processor.py:153} INFO - Started process (PID=325) to work on /home/airflow/.local/lib/python3.7/site-packages/airflow/example_dags/example_branch_python_dop_operator_3.py
[2023-04-15T18:18:34.942+0000] {processor.py:743} INFO - Processing file /home/airflow/.local/lib/python3.7/site-packages/airflow/example_dags/example_branch_python_dop_operator_3.py for tasks to queue
[2023-04-15T18:18:34.947+0000] {logging_mixin.py:137} INFO - [2023-04-15T18:18:34.946+0000] {dagbag.py:532} INFO - Filling up the DagBag from /home/airflow/.local/lib/python3.7/site-packages/airflow/example_dags/example_branch_python_dop_operator_3.py
[2023-04-15T18:18:34.990+0000] {processor.py:753} INFO - DAG(s) dict_keys(['example_branch_dop_operator_v3']) retrieved from /home/airflow/.local/lib/python3.7/site-packages/airflow/example_dags/example_branch_python_dop_operator_3.py
[2023-04-15T18:18:35.028+0000] {logging_mixin.py:137} INFO - [2023-04-15T18:18:35.027+0000] {dag.py:2705} INFO - Sync 1 DAGs
[2023-04-15T18:18:35.074+0000] {logging_mixin.py:137} INFO - [2023-04-15T18:18:35.074+0000] {dag.py:3456} INFO - Setting next_dagrun for example_branch_dop_operator_v3 to 2023-04-15T18:17:00+00:00, run_after=2023-04-15T18:18:00+00:00
[2023-04-15T18:18:35.105+0000] {processor.py:175} INFO - Processing /home/airflow/.local/lib/python3.7/site-packages/airflow/example_dags/example_branch_python_dop_operator_3.py took 0.180 seconds
[2023-04-15T18:19:05.552+0000] {processor.py:153} INFO - Started process (PID=376) to work on /home/airflow/.local/lib/python3.7/site-packages/airflow/example_dags/example_branch_python_dop_operator_3.py
[2023-04-15T18:19:05.558+0000] {processor.py:743} INFO - Processing file /home/airflow/.local/lib/python3.7/site-packages/airflow/example_dags/example_branch_python_dop_operator_3.py for tasks to queue
[2023-04-15T18:19:05.560+0000] {logging_mixin.py:137} INFO - [2023-04-15T18:19:05.560+0000] {dagbag.py:532} INFO - Filling up the DagBag from /home/airflow/.local/lib/python3.7/site-packages/airflow/example_dags/example_branch_python_dop_operator_3.py
[2023-04-15T18:19:05.599+0000] {processor.py:753} INFO - DAG(s) dict_keys(['example_branch_dop_operator_v3']) retrieved from /home/airflow/.local/lib/python3.7/site-packages/airflow/example_dags/example_branch_python_dop_operator_3.py
[2023-04-15T18:19:05.643+0000] {logging_mixin.py:137} INFO - [2023-04-15T18:19:05.642+0000] {dag.py:2705} INFO - Sync 1 DAGs
[2023-04-15T18:19:05.688+0000] {logging_mixin.py:137} INFO - [2023-04-15T18:19:05.688+0000] {dag.py:3456} INFO - Setting next_dagrun for example_branch_dop_operator_v3 to 2023-04-15T18:18:00+00:00, run_after=2023-04-15T18:19:00+00:00
[2023-04-15T18:19:05.757+0000] {processor.py:175} INFO - Processing /home/airflow/.local/lib/python3.7/site-packages/airflow/example_dags/example_branch_python_dop_operator_3.py took 0.210 seconds
[2023-04-15T18:19:35.963+0000] {processor.py:153} INFO - Started process (PID=426) to work on /home/airflow/.local/lib/python3.7/site-packages/airflow/example_dags/example_branch_python_dop_operator_3.py
[2023-04-15T18:19:35.966+0000] {processor.py:743} INFO - Processing file /home/airflow/.local/lib/python3.7/site-packages/airflow/example_dags/example_branch_python_dop_operator_3.py for tasks to queue
[2023-04-15T18:19:35.968+0000] {logging_mixin.py:137} INFO - [2023-04-15T18:19:35.968+0000] {dagbag.py:532} INFO - Filling up the DagBag from /home/airflow/.local/lib/python3.7/site-packages/airflow/example_dags/example_branch_python_dop_operator_3.py
[2023-04-15T18:19:36.004+0000] {processor.py:753} INFO - DAG(s) dict_keys(['example_branch_dop_operator_v3']) retrieved from /home/airflow/.local/lib/python3.7/site-packages/airflow/example_dags/example_branch_python_dop_operator_3.py
[2023-04-15T18:19:36.044+0000] {logging_mixin.py:137} INFO - [2023-04-15T18:19:36.044+0000] {dag.py:2705} INFO - Sync 1 DAGs
[2023-04-15T18:19:36.098+0000] {logging_mixin.py:137} INFO - [2023-04-15T18:19:36.098+0000] {dag.py:3456} INFO - Setting next_dagrun for example_branch_dop_operator_v3 to 2023-04-15T18:18:00+00:00, run_after=2023-04-15T18:19:00+00:00
[2023-04-15T18:19:36.126+0000] {processor.py:175} INFO - Processing /home/airflow/.local/lib/python3.7/site-packages/airflow/example_dags/example_branch_python_dop_operator_3.py took 0.168 seconds
[2023-04-15T18:20:06.328+0000] {processor.py:153} INFO - Started process (PID=476) to work on /home/airflow/.local/lib/python3.7/site-packages/airflow/example_dags/example_branch_python_dop_operator_3.py
[2023-04-15T18:20:06.331+0000] {processor.py:743} INFO - Processing file /home/airflow/.local/lib/python3.7/site-packages/airflow/example_dags/example_branch_python_dop_operator_3.py for tasks to queue
[2023-04-15T18:20:06.334+0000] {logging_mixin.py:137} INFO - [2023-04-15T18:20:06.334+0000] {dagbag.py:532} INFO - Filling up the DagBag from /home/airflow/.local/lib/python3.7/site-packages/airflow/example_dags/example_branch_python_dop_operator_3.py
[2023-04-15T18:20:06.381+0000] {processor.py:753} INFO - DAG(s) dict_keys(['example_branch_dop_operator_v3']) retrieved from /home/airflow/.local/lib/python3.7/site-packages/airflow/example_dags/example_branch_python_dop_operator_3.py
[2023-04-15T18:20:06.427+0000] {logging_mixin.py:137} INFO - [2023-04-15T18:20:06.427+0000] {dag.py:2705} INFO - Sync 1 DAGs
[2023-04-15T18:20:06.480+0000] {logging_mixin.py:137} INFO - [2023-04-15T18:20:06.480+0000] {dag.py:3456} INFO - Setting next_dagrun for example_branch_dop_operator_v3 to 2023-04-15T18:19:00+00:00, run_after=2023-04-15T18:20:00+00:00
[2023-04-15T18:20:06.516+0000] {processor.py:175} INFO - Processing /home/airflow/.local/lib/python3.7/site-packages/airflow/example_dags/example_branch_python_dop_operator_3.py took 0.196 seconds
[2023-04-15T18:20:36.894+0000] {processor.py:153} INFO - Started process (PID=525) to work on /home/airflow/.local/lib/python3.7/site-packages/airflow/example_dags/example_branch_python_dop_operator_3.py
[2023-04-15T18:20:36.897+0000] {processor.py:743} INFO - Processing file /home/airflow/.local/lib/python3.7/site-packages/airflow/example_dags/example_branch_python_dop_operator_3.py for tasks to queue
[2023-04-15T18:20:36.899+0000] {logging_mixin.py:137} INFO - [2023-04-15T18:20:36.899+0000] {dagbag.py:532} INFO - Filling up the DagBag from /home/airflow/.local/lib/python3.7/site-packages/airflow/example_dags/example_branch_python_dop_operator_3.py
[2023-04-15T18:20:36.933+0000] {processor.py:753} INFO - DAG(s) dict_keys(['example_branch_dop_operator_v3']) retrieved from /home/airflow/.local/lib/python3.7/site-packages/airflow/example_dags/example_branch_python_dop_operator_3.py
[2023-04-15T18:20:36.973+0000] {logging_mixin.py:137} INFO - [2023-04-15T18:20:36.973+0000] {dag.py:2705} INFO - Sync 1 DAGs
[2023-04-15T18:20:37.018+0000] {logging_mixin.py:137} INFO - [2023-04-15T18:20:37.017+0000] {dag.py:3456} INFO - Setting next_dagrun for example_branch_dop_operator_v3 to 2023-04-15T18:19:00+00:00, run_after=2023-04-15T18:20:00+00:00
[2023-04-15T18:20:37.050+0000] {processor.py:175} INFO - Processing /home/airflow/.local/lib/python3.7/site-packages/airflow/example_dags/example_branch_python_dop_operator_3.py took 0.161 seconds
[2023-04-15T18:21:07.541+0000] {processor.py:153} INFO - Started process (PID=575) to work on /home/airflow/.local/lib/python3.7/site-packages/airflow/example_dags/example_branch_python_dop_operator_3.py
[2023-04-15T18:21:07.543+0000] {processor.py:743} INFO - Processing file /home/airflow/.local/lib/python3.7/site-packages/airflow/example_dags/example_branch_python_dop_operator_3.py for tasks to queue
[2023-04-15T18:21:07.545+0000] {logging_mixin.py:137} INFO - [2023-04-15T18:21:07.545+0000] {dagbag.py:532} INFO - Filling up the DagBag from /home/airflow/.local/lib/python3.7/site-packages/airflow/example_dags/example_branch_python_dop_operator_3.py
[2023-04-15T18:21:07.579+0000] {processor.py:753} INFO - DAG(s) dict_keys(['example_branch_dop_operator_v3']) retrieved from /home/airflow/.local/lib/python3.7/site-packages/airflow/example_dags/example_branch_python_dop_operator_3.py
[2023-04-15T18:21:07.620+0000] {logging_mixin.py:137} INFO - [2023-04-15T18:21:07.620+0000] {dag.py:2705} INFO - Sync 1 DAGs
[2023-04-15T18:21:07.668+0000] {logging_mixin.py:137} INFO - [2023-04-15T18:21:07.668+0000] {dag.py:3456} INFO - Setting next_dagrun for example_branch_dop_operator_v3 to 2023-04-15T18:20:00+00:00, run_after=2023-04-15T18:21:00+00:00
[2023-04-15T18:21:07.701+0000] {processor.py:175} INFO - Processing /home/airflow/.local/lib/python3.7/site-packages/airflow/example_dags/example_branch_python_dop_operator_3.py took 0.166 seconds
[2023-04-15T18:21:37.749+0000] {processor.py:153} INFO - Started process (PID=625) to work on /home/airflow/.local/lib/python3.7/site-packages/airflow/example_dags/example_branch_python_dop_operator_3.py
[2023-04-15T18:21:37.752+0000] {processor.py:743} INFO - Processing file /home/airflow/.local/lib/python3.7/site-packages/airflow/example_dags/example_branch_python_dop_operator_3.py for tasks to queue
[2023-04-15T18:21:37.754+0000] {logging_mixin.py:137} INFO - [2023-04-15T18:21:37.753+0000] {dagbag.py:532} INFO - Filling up the DagBag from /home/airflow/.local/lib/python3.7/site-packages/airflow/example_dags/example_branch_python_dop_operator_3.py
[2023-04-15T18:21:37.790+0000] {processor.py:753} INFO - DAG(s) dict_keys(['example_branch_dop_operator_v3']) retrieved from /home/airflow/.local/lib/python3.7/site-packages/airflow/example_dags/example_branch_python_dop_operator_3.py
[2023-04-15T18:21:37.828+0000] {logging_mixin.py:137} INFO - [2023-04-15T18:21:37.828+0000] {dag.py:2705} INFO - Sync 1 DAGs
[2023-04-15T18:21:37.871+0000] {logging_mixin.py:137} INFO - [2023-04-15T18:21:37.870+0000] {dag.py:3456} INFO - Setting next_dagrun for example_branch_dop_operator_v3 to 2023-04-15T18:20:00+00:00, run_after=2023-04-15T18:21:00+00:00
[2023-04-15T18:21:37.902+0000] {processor.py:175} INFO - Processing /home/airflow/.local/lib/python3.7/site-packages/airflow/example_dags/example_branch_python_dop_operator_3.py took 0.159 seconds
