[2023-04-15T18:15:25.434+0000] {processor.py:153} INFO - Started process (PID=53) to work on /home/airflow/.local/lib/python3.7/site-packages/airflow/example_dags/example_bash_operator.py
[2023-04-15T18:15:25.438+0000] {processor.py:743} INFO - Processing file /home/airflow/.local/lib/python3.7/site-packages/airflow/example_dags/example_bash_operator.py for tasks to queue
[2023-04-15T18:15:25.442+0000] {logging_mixin.py:137} INFO - [2023-04-15T18:15:25.441+0000] {dagbag.py:532} INFO - Filling up the DagBag from /home/airflow/.local/lib/python3.7/site-packages/airflow/example_dags/example_bash_operator.py
[2023-04-15T18:15:25.524+0000] {processor.py:753} INFO - DAG(s) dict_keys(['example_bash_operator']) retrieved from /home/airflow/.local/lib/python3.7/site-packages/airflow/example_dags/example_bash_operator.py
[2023-04-15T18:15:25.722+0000] {logging_mixin.py:137} INFO - [2023-04-15T18:15:25.722+0000] {dag.py:2705} INFO - Sync 1 DAGs
[2023-04-15T18:15:25.817+0000] {logging_mixin.py:137} INFO - [2023-04-15T18:15:25.816+0000] {dag.py:3456} INFO - Setting next_dagrun for example_bash_operator to 2023-04-14T00:00:00+00:00, run_after=2023-04-15T00:00:00+00:00
[2023-04-15T18:15:25.867+0000] {processor.py:175} INFO - Processing /home/airflow/.local/lib/python3.7/site-packages/airflow/example_dags/example_bash_operator.py took 0.443 seconds
[2023-04-15T18:16:15.989+0000] {processor.py:153} INFO - Started process (PID=109) to work on /home/airflow/.local/lib/python3.7/site-packages/airflow/example_dags/example_bash_operator.py
[2023-04-15T18:16:15.993+0000] {processor.py:743} INFO - Processing file /home/airflow/.local/lib/python3.7/site-packages/airflow/example_dags/example_bash_operator.py for tasks to queue
[2023-04-15T18:16:15.995+0000] {logging_mixin.py:137} INFO - [2023-04-15T18:16:15.995+0000] {dagbag.py:532} INFO - Filling up the DagBag from /home/airflow/.local/lib/python3.7/site-packages/airflow/example_dags/example_bash_operator.py
[2023-04-15T18:16:16.056+0000] {processor.py:753} INFO - DAG(s) dict_keys(['example_bash_operator']) retrieved from /home/airflow/.local/lib/python3.7/site-packages/airflow/example_dags/example_bash_operator.py
[2023-04-15T18:16:16.141+0000] {logging_mixin.py:137} INFO - [2023-04-15T18:16:16.140+0000] {dag.py:2705} INFO - Sync 1 DAGs
[2023-04-15T18:16:16.233+0000] {logging_mixin.py:137} INFO - [2023-04-15T18:16:16.233+0000] {dag.py:3456} INFO - Setting next_dagrun for example_bash_operator to 2023-04-14T00:00:00+00:00, run_after=2023-04-15T00:00:00+00:00
[2023-04-15T18:16:16.270+0000] {processor.py:175} INFO - Processing /home/airflow/.local/lib/python3.7/site-packages/airflow/example_dags/example_bash_operator.py took 0.286 seconds
[2023-04-15T18:16:46.384+0000] {processor.py:153} INFO - Started process (PID=158) to work on /home/airflow/.local/lib/python3.7/site-packages/airflow/example_dags/example_bash_operator.py
[2023-04-15T18:16:46.387+0000] {processor.py:743} INFO - Processing file /home/airflow/.local/lib/python3.7/site-packages/airflow/example_dags/example_bash_operator.py for tasks to queue
[2023-04-15T18:16:46.390+0000] {logging_mixin.py:137} INFO - [2023-04-15T18:16:46.389+0000] {dagbag.py:532} INFO - Filling up the DagBag from /home/airflow/.local/lib/python3.7/site-packages/airflow/example_dags/example_bash_operator.py
[2023-04-15T18:16:46.423+0000] {processor.py:753} INFO - DAG(s) dict_keys(['example_bash_operator']) retrieved from /home/airflow/.local/lib/python3.7/site-packages/airflow/example_dags/example_bash_operator.py
[2023-04-15T18:16:46.480+0000] {logging_mixin.py:137} INFO - [2023-04-15T18:16:46.480+0000] {dag.py:2705} INFO - Sync 1 DAGs
[2023-04-15T18:16:46.521+0000] {logging_mixin.py:137} INFO - [2023-04-15T18:16:46.520+0000] {dag.py:3456} INFO - Setting next_dagrun for example_bash_operator to 2023-04-14T00:00:00+00:00, run_after=2023-04-15T00:00:00+00:00
[2023-04-15T18:16:46.549+0000] {processor.py:175} INFO - Processing /home/airflow/.local/lib/python3.7/site-packages/airflow/example_dags/example_bash_operator.py took 0.170 seconds
[2023-04-15T18:17:16.652+0000] {processor.py:153} INFO - Started process (PID=208) to work on /home/airflow/.local/lib/python3.7/site-packages/airflow/example_dags/example_bash_operator.py
[2023-04-15T18:17:16.655+0000] {processor.py:743} INFO - Processing file /home/airflow/.local/lib/python3.7/site-packages/airflow/example_dags/example_bash_operator.py for tasks to queue
[2023-04-15T18:17:16.658+0000] {logging_mixin.py:137} INFO - [2023-04-15T18:17:16.657+0000] {dagbag.py:532} INFO - Filling up the DagBag from /home/airflow/.local/lib/python3.7/site-packages/airflow/example_dags/example_bash_operator.py
[2023-04-15T18:17:16.693+0000] {processor.py:753} INFO - DAG(s) dict_keys(['example_bash_operator']) retrieved from /home/airflow/.local/lib/python3.7/site-packages/airflow/example_dags/example_bash_operator.py
[2023-04-15T18:17:16.757+0000] {logging_mixin.py:137} INFO - [2023-04-15T18:17:16.757+0000] {dag.py:2705} INFO - Sync 1 DAGs
[2023-04-15T18:17:16.803+0000] {logging_mixin.py:137} INFO - [2023-04-15T18:17:16.803+0000] {dag.py:3456} INFO - Setting next_dagrun for example_bash_operator to 2023-04-14T00:00:00+00:00, run_after=2023-04-15T00:00:00+00:00
[2023-04-15T18:17:16.834+0000] {processor.py:175} INFO - Processing /home/airflow/.local/lib/python3.7/site-packages/airflow/example_dags/example_bash_operator.py took 0.187 seconds
[2023-04-15T18:17:47.275+0000] {processor.py:153} INFO - Started process (PID=257) to work on /home/airflow/.local/lib/python3.7/site-packages/airflow/example_dags/example_bash_operator.py
[2023-04-15T18:17:47.277+0000] {processor.py:743} INFO - Processing file /home/airflow/.local/lib/python3.7/site-packages/airflow/example_dags/example_bash_operator.py for tasks to queue
[2023-04-15T18:17:47.280+0000] {logging_mixin.py:137} INFO - [2023-04-15T18:17:47.280+0000] {dagbag.py:532} INFO - Filling up the DagBag from /home/airflow/.local/lib/python3.7/site-packages/airflow/example_dags/example_bash_operator.py
[2023-04-15T18:17:47.317+0000] {processor.py:753} INFO - DAG(s) dict_keys(['example_bash_operator']) retrieved from /home/airflow/.local/lib/python3.7/site-packages/airflow/example_dags/example_bash_operator.py
[2023-04-15T18:17:47.372+0000] {logging_mixin.py:137} INFO - [2023-04-15T18:17:47.372+0000] {dag.py:2705} INFO - Sync 1 DAGs
[2023-04-15T18:17:47.413+0000] {logging_mixin.py:137} INFO - [2023-04-15T18:17:47.412+0000] {dag.py:3456} INFO - Setting next_dagrun for example_bash_operator to 2023-04-14T00:00:00+00:00, run_after=2023-04-15T00:00:00+00:00
[2023-04-15T18:17:47.446+0000] {processor.py:175} INFO - Processing /home/airflow/.local/lib/python3.7/site-packages/airflow/example_dags/example_bash_operator.py took 0.177 seconds
[2023-04-15T18:18:17.899+0000] {processor.py:153} INFO - Started process (PID=306) to work on /home/airflow/.local/lib/python3.7/site-packages/airflow/example_dags/example_bash_operator.py
[2023-04-15T18:18:17.902+0000] {processor.py:743} INFO - Processing file /home/airflow/.local/lib/python3.7/site-packages/airflow/example_dags/example_bash_operator.py for tasks to queue
[2023-04-15T18:18:17.905+0000] {logging_mixin.py:137} INFO - [2023-04-15T18:18:17.904+0000] {dagbag.py:532} INFO - Filling up the DagBag from /home/airflow/.local/lib/python3.7/site-packages/airflow/example_dags/example_bash_operator.py
[2023-04-15T18:18:17.946+0000] {processor.py:753} INFO - DAG(s) dict_keys(['example_bash_operator']) retrieved from /home/airflow/.local/lib/python3.7/site-packages/airflow/example_dags/example_bash_operator.py
[2023-04-15T18:18:18.008+0000] {logging_mixin.py:137} INFO - [2023-04-15T18:18:18.008+0000] {dag.py:2705} INFO - Sync 1 DAGs
[2023-04-15T18:18:18.052+0000] {logging_mixin.py:137} INFO - [2023-04-15T18:18:18.052+0000] {dag.py:3456} INFO - Setting next_dagrun for example_bash_operator to 2023-04-14T00:00:00+00:00, run_after=2023-04-15T00:00:00+00:00
[2023-04-15T18:18:18.087+0000] {processor.py:175} INFO - Processing /home/airflow/.local/lib/python3.7/site-packages/airflow/example_dags/example_bash_operator.py took 0.194 seconds
[2023-04-15T18:18:48.207+0000] {processor.py:153} INFO - Started process (PID=357) to work on /home/airflow/.local/lib/python3.7/site-packages/airflow/example_dags/example_bash_operator.py
[2023-04-15T18:18:48.211+0000] {processor.py:743} INFO - Processing file /home/airflow/.local/lib/python3.7/site-packages/airflow/example_dags/example_bash_operator.py for tasks to queue
[2023-04-15T18:18:48.214+0000] {logging_mixin.py:137} INFO - [2023-04-15T18:18:48.213+0000] {dagbag.py:532} INFO - Filling up the DagBag from /home/airflow/.local/lib/python3.7/site-packages/airflow/example_dags/example_bash_operator.py
[2023-04-15T18:18:48.246+0000] {processor.py:753} INFO - DAG(s) dict_keys(['example_bash_operator']) retrieved from /home/airflow/.local/lib/python3.7/site-packages/airflow/example_dags/example_bash_operator.py
[2023-04-15T18:18:48.299+0000] {logging_mixin.py:137} INFO - [2023-04-15T18:18:48.299+0000] {dag.py:2705} INFO - Sync 1 DAGs
[2023-04-15T18:18:48.340+0000] {logging_mixin.py:137} INFO - [2023-04-15T18:18:48.340+0000] {dag.py:3456} INFO - Setting next_dagrun for example_bash_operator to 2023-04-14T00:00:00+00:00, run_after=2023-04-15T00:00:00+00:00
[2023-04-15T18:18:48.368+0000] {processor.py:175} INFO - Processing /home/airflow/.local/lib/python3.7/site-packages/airflow/example_dags/example_bash_operator.py took 0.168 seconds
[2023-04-15T18:19:18.927+0000] {processor.py:153} INFO - Started process (PID=407) to work on /home/airflow/.local/lib/python3.7/site-packages/airflow/example_dags/example_bash_operator.py
[2023-04-15T18:19:18.929+0000] {processor.py:743} INFO - Processing file /home/airflow/.local/lib/python3.7/site-packages/airflow/example_dags/example_bash_operator.py for tasks to queue
[2023-04-15T18:19:18.931+0000] {logging_mixin.py:137} INFO - [2023-04-15T18:19:18.931+0000] {dagbag.py:532} INFO - Filling up the DagBag from /home/airflow/.local/lib/python3.7/site-packages/airflow/example_dags/example_bash_operator.py
[2023-04-15T18:19:18.962+0000] {processor.py:753} INFO - DAG(s) dict_keys(['example_bash_operator']) retrieved from /home/airflow/.local/lib/python3.7/site-packages/airflow/example_dags/example_bash_operator.py
[2023-04-15T18:19:19.017+0000] {logging_mixin.py:137} INFO - [2023-04-15T18:19:19.016+0000] {dag.py:2705} INFO - Sync 1 DAGs
[2023-04-15T18:19:19.056+0000] {logging_mixin.py:137} INFO - [2023-04-15T18:19:19.055+0000] {dag.py:3456} INFO - Setting next_dagrun for example_bash_operator to 2023-04-14T00:00:00+00:00, run_after=2023-04-15T00:00:00+00:00
[2023-04-15T18:19:19.082+0000] {processor.py:175} INFO - Processing /home/airflow/.local/lib/python3.7/site-packages/airflow/example_dags/example_bash_operator.py took 0.161 seconds
[2023-04-15T18:19:49.317+0000] {processor.py:153} INFO - Started process (PID=457) to work on /home/airflow/.local/lib/python3.7/site-packages/airflow/example_dags/example_bash_operator.py
[2023-04-15T18:19:49.320+0000] {processor.py:743} INFO - Processing file /home/airflow/.local/lib/python3.7/site-packages/airflow/example_dags/example_bash_operator.py for tasks to queue
[2023-04-15T18:19:49.322+0000] {logging_mixin.py:137} INFO - [2023-04-15T18:19:49.322+0000] {dagbag.py:532} INFO - Filling up the DagBag from /home/airflow/.local/lib/python3.7/site-packages/airflow/example_dags/example_bash_operator.py
[2023-04-15T18:19:49.355+0000] {processor.py:753} INFO - DAG(s) dict_keys(['example_bash_operator']) retrieved from /home/airflow/.local/lib/python3.7/site-packages/airflow/example_dags/example_bash_operator.py
[2023-04-15T18:19:49.410+0000] {logging_mixin.py:137} INFO - [2023-04-15T18:19:49.410+0000] {dag.py:2705} INFO - Sync 1 DAGs
[2023-04-15T18:19:49.449+0000] {logging_mixin.py:137} INFO - [2023-04-15T18:19:49.449+0000] {dag.py:3456} INFO - Setting next_dagrun for example_bash_operator to 2023-04-14T00:00:00+00:00, run_after=2023-04-15T00:00:00+00:00
[2023-04-15T18:19:49.478+0000] {processor.py:175} INFO - Processing /home/airflow/.local/lib/python3.7/site-packages/airflow/example_dags/example_bash_operator.py took 0.167 seconds
[2023-04-15T18:20:19.956+0000] {processor.py:153} INFO - Started process (PID=506) to work on /home/airflow/.local/lib/python3.7/site-packages/airflow/example_dags/example_bash_operator.py
[2023-04-15T18:20:19.960+0000] {processor.py:743} INFO - Processing file /home/airflow/.local/lib/python3.7/site-packages/airflow/example_dags/example_bash_operator.py for tasks to queue
[2023-04-15T18:20:19.962+0000] {logging_mixin.py:137} INFO - [2023-04-15T18:20:19.962+0000] {dagbag.py:532} INFO - Filling up the DagBag from /home/airflow/.local/lib/python3.7/site-packages/airflow/example_dags/example_bash_operator.py
[2023-04-15T18:20:20.000+0000] {processor.py:753} INFO - DAG(s) dict_keys(['example_bash_operator']) retrieved from /home/airflow/.local/lib/python3.7/site-packages/airflow/example_dags/example_bash_operator.py
[2023-04-15T18:20:20.067+0000] {logging_mixin.py:137} INFO - [2023-04-15T18:20:20.067+0000] {dag.py:2705} INFO - Sync 1 DAGs
[2023-04-15T18:20:20.115+0000] {logging_mixin.py:137} INFO - [2023-04-15T18:20:20.115+0000] {dag.py:3456} INFO - Setting next_dagrun for example_bash_operator to 2023-04-14T00:00:00+00:00, run_after=2023-04-15T00:00:00+00:00
[2023-04-15T18:20:20.147+0000] {processor.py:175} INFO - Processing /home/airflow/.local/lib/python3.7/site-packages/airflow/example_dags/example_bash_operator.py took 0.197 seconds
[2023-04-15T18:20:50.560+0000] {processor.py:153} INFO - Started process (PID=556) to work on /home/airflow/.local/lib/python3.7/site-packages/airflow/example_dags/example_bash_operator.py
[2023-04-15T18:20:50.563+0000] {processor.py:743} INFO - Processing file /home/airflow/.local/lib/python3.7/site-packages/airflow/example_dags/example_bash_operator.py for tasks to queue
[2023-04-15T18:20:50.565+0000] {logging_mixin.py:137} INFO - [2023-04-15T18:20:50.565+0000] {dagbag.py:532} INFO - Filling up the DagBag from /home/airflow/.local/lib/python3.7/site-packages/airflow/example_dags/example_bash_operator.py
[2023-04-15T18:20:50.599+0000] {processor.py:753} INFO - DAG(s) dict_keys(['example_bash_operator']) retrieved from /home/airflow/.local/lib/python3.7/site-packages/airflow/example_dags/example_bash_operator.py
[2023-04-15T18:20:50.676+0000] {logging_mixin.py:137} INFO - [2023-04-15T18:20:50.676+0000] {dag.py:2705} INFO - Sync 1 DAGs
[2023-04-15T18:20:50.718+0000] {logging_mixin.py:137} INFO - [2023-04-15T18:20:50.718+0000] {dag.py:3456} INFO - Setting next_dagrun for example_bash_operator to 2023-04-14T00:00:00+00:00, run_after=2023-04-15T00:00:00+00:00
[2023-04-15T18:20:50.746+0000] {processor.py:175} INFO - Processing /home/airflow/.local/lib/python3.7/site-packages/airflow/example_dags/example_bash_operator.py took 0.191 seconds
[2023-04-15T18:21:28.058+0000] {processor.py:153} INFO - Started process (PID=604) to work on /home/airflow/.local/lib/python3.7/site-packages/airflow/example_dags/example_bash_operator.py
[2023-04-15T18:21:28.062+0000] {processor.py:743} INFO - Processing file /home/airflow/.local/lib/python3.7/site-packages/airflow/example_dags/example_bash_operator.py for tasks to queue
[2023-04-15T18:21:28.065+0000] {logging_mixin.py:137} INFO - [2023-04-15T18:21:28.065+0000] {dagbag.py:532} INFO - Filling up the DagBag from /home/airflow/.local/lib/python3.7/site-packages/airflow/example_dags/example_bash_operator.py
[2023-04-15T18:21:28.125+0000] {processor.py:753} INFO - DAG(s) dict_keys(['example_bash_operator']) retrieved from /home/airflow/.local/lib/python3.7/site-packages/airflow/example_dags/example_bash_operator.py
[2023-04-15T18:21:28.251+0000] {logging_mixin.py:137} INFO - [2023-04-15T18:21:28.249+0000] {dag.py:2705} INFO - Sync 1 DAGs
[2023-04-15T18:21:28.324+0000] {logging_mixin.py:137} INFO - [2023-04-15T18:21:28.324+0000] {dag.py:3456} INFO - Setting next_dagrun for example_bash_operator to 2023-04-14T00:00:00+00:00, run_after=2023-04-15T00:00:00+00:00
[2023-04-15T18:21:28.365+0000] {processor.py:175} INFO - Processing /home/airflow/.local/lib/python3.7/site-packages/airflow/example_dags/example_bash_operator.py took 0.314 seconds
[2023-04-15T18:21:58.447+0000] {processor.py:153} INFO - Started process (PID=655) to work on /home/airflow/.local/lib/python3.7/site-packages/airflow/example_dags/example_bash_operator.py
[2023-04-15T18:21:58.450+0000] {processor.py:743} INFO - Processing file /home/airflow/.local/lib/python3.7/site-packages/airflow/example_dags/example_bash_operator.py for tasks to queue
[2023-04-15T18:21:58.452+0000] {logging_mixin.py:137} INFO - [2023-04-15T18:21:58.452+0000] {dagbag.py:532} INFO - Filling up the DagBag from /home/airflow/.local/lib/python3.7/site-packages/airflow/example_dags/example_bash_operator.py
[2023-04-15T18:21:58.482+0000] {processor.py:753} INFO - DAG(s) dict_keys(['example_bash_operator']) retrieved from /home/airflow/.local/lib/python3.7/site-packages/airflow/example_dags/example_bash_operator.py
[2023-04-15T18:21:58.551+0000] {logging_mixin.py:137} INFO - [2023-04-15T18:21:58.550+0000] {dag.py:2705} INFO - Sync 1 DAGs
[2023-04-15T18:21:58.598+0000] {logging_mixin.py:137} INFO - [2023-04-15T18:21:58.598+0000] {dag.py:3456} INFO - Setting next_dagrun for example_bash_operator to 2023-04-14T00:00:00+00:00, run_after=2023-04-15T00:00:00+00:00
[2023-04-15T18:21:58.627+0000] {processor.py:175} INFO - Processing /home/airflow/.local/lib/python3.7/site-packages/airflow/example_dags/example_bash_operator.py took 0.186 seconds
