[2023-04-15T18:15:29.513+0000] {processor.py:153} INFO - Started process (PID=64) to work on /home/airflow/.local/lib/python3.7/site-packages/airflow/example_dags/example_branch_operator.py
[2023-04-15T18:15:29.532+0000] {processor.py:743} INFO - Processing file /home/airflow/.local/lib/python3.7/site-packages/airflow/example_dags/example_branch_operator.py for tasks to queue
[2023-04-15T18:15:29.537+0000] {logging_mixin.py:137} INFO - [2023-04-15T18:15:29.536+0000] {dagbag.py:532} INFO - Filling up the DagBag from /home/airflow/.local/lib/python3.7/site-packages/airflow/example_dags/example_branch_operator.py
[2023-04-15T18:15:29.650+0000] {processor.py:753} INFO - DAG(s) dict_keys(['example_branch_operator']) retrieved from /home/airflow/.local/lib/python3.7/site-packages/airflow/example_dags/example_branch_operator.py
[2023-04-15T18:15:29.940+0000] {logging_mixin.py:137} INFO - [2023-04-15T18:15:29.940+0000] {dag.py:2705} INFO - Sync 1 DAGs
[2023-04-15T18:15:30.060+0000] {logging_mixin.py:137} INFO - [2023-04-15T18:15:30.060+0000] {dag.py:3456} INFO - Setting next_dagrun for example_branch_operator to 2023-04-14T00:00:00+00:00, run_after=2023-04-15T00:00:00+00:00
[2023-04-15T18:15:30.106+0000] {processor.py:175} INFO - Processing /home/airflow/.local/lib/python3.7/site-packages/airflow/example_dags/example_branch_operator.py took 0.620 seconds
[2023-04-15T18:16:18.083+0000] {processor.py:153} INFO - Started process (PID=120) to work on /home/airflow/.local/lib/python3.7/site-packages/airflow/example_dags/example_branch_operator.py
[2023-04-15T18:16:18.094+0000] {processor.py:743} INFO - Processing file /home/airflow/.local/lib/python3.7/site-packages/airflow/example_dags/example_branch_operator.py for tasks to queue
[2023-04-15T18:16:18.100+0000] {logging_mixin.py:137} INFO - [2023-04-15T18:16:18.099+0000] {dagbag.py:532} INFO - Filling up the DagBag from /home/airflow/.local/lib/python3.7/site-packages/airflow/example_dags/example_branch_operator.py
[2023-04-15T18:16:18.189+0000] {processor.py:753} INFO - DAG(s) dict_keys(['example_branch_operator']) retrieved from /home/airflow/.local/lib/python3.7/site-packages/airflow/example_dags/example_branch_operator.py
[2023-04-15T18:16:18.279+0000] {logging_mixin.py:137} INFO - [2023-04-15T18:16:18.278+0000] {dag.py:2705} INFO - Sync 1 DAGs
[2023-04-15T18:16:18.365+0000] {logging_mixin.py:137} INFO - [2023-04-15T18:16:18.365+0000] {dag.py:3456} INFO - Setting next_dagrun for example_branch_operator to 2023-04-14T00:00:00+00:00, run_after=2023-04-15T00:00:00+00:00
[2023-04-15T18:16:18.416+0000] {processor.py:175} INFO - Processing /home/airflow/.local/lib/python3.7/site-packages/airflow/example_dags/example_branch_operator.py took 0.347 seconds
[2023-04-15T18:16:48.663+0000] {processor.py:153} INFO - Started process (PID=169) to work on /home/airflow/.local/lib/python3.7/site-packages/airflow/example_dags/example_branch_operator.py
[2023-04-15T18:16:48.666+0000] {processor.py:743} INFO - Processing file /home/airflow/.local/lib/python3.7/site-packages/airflow/example_dags/example_branch_operator.py for tasks to queue
[2023-04-15T18:16:48.668+0000] {logging_mixin.py:137} INFO - [2023-04-15T18:16:48.668+0000] {dagbag.py:532} INFO - Filling up the DagBag from /home/airflow/.local/lib/python3.7/site-packages/airflow/example_dags/example_branch_operator.py
[2023-04-15T18:16:48.696+0000] {processor.py:753} INFO - DAG(s) dict_keys(['example_branch_operator']) retrieved from /home/airflow/.local/lib/python3.7/site-packages/airflow/example_dags/example_branch_operator.py
[2023-04-15T18:16:48.749+0000] {logging_mixin.py:137} INFO - [2023-04-15T18:16:48.749+0000] {dag.py:2705} INFO - Sync 1 DAGs
[2023-04-15T18:16:48.788+0000] {logging_mixin.py:137} INFO - [2023-04-15T18:16:48.787+0000] {dag.py:3456} INFO - Setting next_dagrun for example_branch_operator to 2023-04-14T00:00:00+00:00, run_after=2023-04-15T00:00:00+00:00
[2023-04-15T18:16:48.823+0000] {processor.py:175} INFO - Processing /home/airflow/.local/lib/python3.7/site-packages/airflow/example_dags/example_branch_operator.py took 0.166 seconds
[2023-04-15T18:17:18.998+0000] {processor.py:153} INFO - Started process (PID=219) to work on /home/airflow/.local/lib/python3.7/site-packages/airflow/example_dags/example_branch_operator.py
[2023-04-15T18:17:19.001+0000] {processor.py:743} INFO - Processing file /home/airflow/.local/lib/python3.7/site-packages/airflow/example_dags/example_branch_operator.py for tasks to queue
[2023-04-15T18:17:19.003+0000] {logging_mixin.py:137} INFO - [2023-04-15T18:17:19.003+0000] {dagbag.py:532} INFO - Filling up the DagBag from /home/airflow/.local/lib/python3.7/site-packages/airflow/example_dags/example_branch_operator.py
[2023-04-15T18:17:19.030+0000] {processor.py:753} INFO - DAG(s) dict_keys(['example_branch_operator']) retrieved from /home/airflow/.local/lib/python3.7/site-packages/airflow/example_dags/example_branch_operator.py
[2023-04-15T18:17:19.074+0000] {logging_mixin.py:137} INFO - [2023-04-15T18:17:19.073+0000] {dag.py:2705} INFO - Sync 1 DAGs
[2023-04-15T18:17:19.113+0000] {logging_mixin.py:137} INFO - [2023-04-15T18:17:19.113+0000] {dag.py:3456} INFO - Setting next_dagrun for example_branch_operator to 2023-04-14T00:00:00+00:00, run_after=2023-04-15T00:00:00+00:00
[2023-04-15T18:17:19.140+0000] {processor.py:175} INFO - Processing /home/airflow/.local/lib/python3.7/site-packages/airflow/example_dags/example_branch_operator.py took 0.147 seconds
[2023-04-15T18:17:49.424+0000] {processor.py:153} INFO - Started process (PID=268) to work on /home/airflow/.local/lib/python3.7/site-packages/airflow/example_dags/example_branch_operator.py
[2023-04-15T18:17:49.426+0000] {processor.py:743} INFO - Processing file /home/airflow/.local/lib/python3.7/site-packages/airflow/example_dags/example_branch_operator.py for tasks to queue
[2023-04-15T18:17:49.428+0000] {logging_mixin.py:137} INFO - [2023-04-15T18:17:49.428+0000] {dagbag.py:532} INFO - Filling up the DagBag from /home/airflow/.local/lib/python3.7/site-packages/airflow/example_dags/example_branch_operator.py
[2023-04-15T18:17:49.455+0000] {processor.py:753} INFO - DAG(s) dict_keys(['example_branch_operator']) retrieved from /home/airflow/.local/lib/python3.7/site-packages/airflow/example_dags/example_branch_operator.py
[2023-04-15T18:17:49.502+0000] {logging_mixin.py:137} INFO - [2023-04-15T18:17:49.501+0000] {dag.py:2705} INFO - Sync 1 DAGs
[2023-04-15T18:17:49.539+0000] {logging_mixin.py:137} INFO - [2023-04-15T18:17:49.539+0000] {dag.py:3456} INFO - Setting next_dagrun for example_branch_operator to 2023-04-14T00:00:00+00:00, run_after=2023-04-15T00:00:00+00:00
[2023-04-15T18:17:49.569+0000] {processor.py:175} INFO - Processing /home/airflow/.local/lib/python3.7/site-packages/airflow/example_dags/example_branch_operator.py took 0.151 seconds
[2023-04-15T18:18:20.272+0000] {processor.py:153} INFO - Started process (PID=317) to work on /home/airflow/.local/lib/python3.7/site-packages/airflow/example_dags/example_branch_operator.py
[2023-04-15T18:18:20.275+0000] {processor.py:743} INFO - Processing file /home/airflow/.local/lib/python3.7/site-packages/airflow/example_dags/example_branch_operator.py for tasks to queue
[2023-04-15T18:18:20.278+0000] {logging_mixin.py:137} INFO - [2023-04-15T18:18:20.278+0000] {dagbag.py:532} INFO - Filling up the DagBag from /home/airflow/.local/lib/python3.7/site-packages/airflow/example_dags/example_branch_operator.py
[2023-04-15T18:18:20.304+0000] {processor.py:753} INFO - DAG(s) dict_keys(['example_branch_operator']) retrieved from /home/airflow/.local/lib/python3.7/site-packages/airflow/example_dags/example_branch_operator.py
[2023-04-15T18:18:20.361+0000] {logging_mixin.py:137} INFO - [2023-04-15T18:18:20.360+0000] {dag.py:2705} INFO - Sync 1 DAGs
[2023-04-15T18:18:20.413+0000] {logging_mixin.py:137} INFO - [2023-04-15T18:18:20.413+0000] {dag.py:3456} INFO - Setting next_dagrun for example_branch_operator to 2023-04-14T00:00:00+00:00, run_after=2023-04-15T00:00:00+00:00
[2023-04-15T18:18:20.452+0000] {processor.py:175} INFO - Processing /home/airflow/.local/lib/python3.7/site-packages/airflow/example_dags/example_branch_operator.py took 0.185 seconds
[2023-04-15T18:18:50.862+0000] {processor.py:153} INFO - Started process (PID=368) to work on /home/airflow/.local/lib/python3.7/site-packages/airflow/example_dags/example_branch_operator.py
[2023-04-15T18:18:50.864+0000] {processor.py:743} INFO - Processing file /home/airflow/.local/lib/python3.7/site-packages/airflow/example_dags/example_branch_operator.py for tasks to queue
[2023-04-15T18:18:50.866+0000] {logging_mixin.py:137} INFO - [2023-04-15T18:18:50.866+0000] {dagbag.py:532} INFO - Filling up the DagBag from /home/airflow/.local/lib/python3.7/site-packages/airflow/example_dags/example_branch_operator.py
[2023-04-15T18:18:50.890+0000] {processor.py:753} INFO - DAG(s) dict_keys(['example_branch_operator']) retrieved from /home/airflow/.local/lib/python3.7/site-packages/airflow/example_dags/example_branch_operator.py
[2023-04-15T18:18:50.931+0000] {logging_mixin.py:137} INFO - [2023-04-15T18:18:50.931+0000] {dag.py:2705} INFO - Sync 1 DAGs
[2023-04-15T18:18:50.966+0000] {logging_mixin.py:137} INFO - [2023-04-15T18:18:50.966+0000] {dag.py:3456} INFO - Setting next_dagrun for example_branch_operator to 2023-04-14T00:00:00+00:00, run_after=2023-04-15T00:00:00+00:00
[2023-04-15T18:18:50.995+0000] {processor.py:175} INFO - Processing /home/airflow/.local/lib/python3.7/site-packages/airflow/example_dags/example_branch_operator.py took 0.138 seconds
[2023-04-15T18:19:21.090+0000] {processor.py:153} INFO - Started process (PID=418) to work on /home/airflow/.local/lib/python3.7/site-packages/airflow/example_dags/example_branch_operator.py
[2023-04-15T18:19:21.092+0000] {processor.py:743} INFO - Processing file /home/airflow/.local/lib/python3.7/site-packages/airflow/example_dags/example_branch_operator.py for tasks to queue
[2023-04-15T18:19:21.094+0000] {logging_mixin.py:137} INFO - [2023-04-15T18:19:21.094+0000] {dagbag.py:532} INFO - Filling up the DagBag from /home/airflow/.local/lib/python3.7/site-packages/airflow/example_dags/example_branch_operator.py
[2023-04-15T18:19:21.119+0000] {processor.py:753} INFO - DAG(s) dict_keys(['example_branch_operator']) retrieved from /home/airflow/.local/lib/python3.7/site-packages/airflow/example_dags/example_branch_operator.py
[2023-04-15T18:19:21.159+0000] {logging_mixin.py:137} INFO - [2023-04-15T18:19:21.159+0000] {dag.py:2705} INFO - Sync 1 DAGs
[2023-04-15T18:19:21.199+0000] {logging_mixin.py:137} INFO - [2023-04-15T18:19:21.199+0000] {dag.py:3456} INFO - Setting next_dagrun for example_branch_operator to 2023-04-14T00:00:00+00:00, run_after=2023-04-15T00:00:00+00:00
[2023-04-15T18:19:21.228+0000] {processor.py:175} INFO - Processing /home/airflow/.local/lib/python3.7/site-packages/airflow/example_dags/example_branch_operator.py took 0.144 seconds
[2023-04-15T18:19:51.469+0000] {processor.py:153} INFO - Started process (PID=468) to work on /home/airflow/.local/lib/python3.7/site-packages/airflow/example_dags/example_branch_operator.py
[2023-04-15T18:19:51.472+0000] {processor.py:743} INFO - Processing file /home/airflow/.local/lib/python3.7/site-packages/airflow/example_dags/example_branch_operator.py for tasks to queue
[2023-04-15T18:19:51.474+0000] {logging_mixin.py:137} INFO - [2023-04-15T18:19:51.474+0000] {dagbag.py:532} INFO - Filling up the DagBag from /home/airflow/.local/lib/python3.7/site-packages/airflow/example_dags/example_branch_operator.py
[2023-04-15T18:19:51.502+0000] {processor.py:753} INFO - DAG(s) dict_keys(['example_branch_operator']) retrieved from /home/airflow/.local/lib/python3.7/site-packages/airflow/example_dags/example_branch_operator.py
[2023-04-15T18:19:51.546+0000] {logging_mixin.py:137} INFO - [2023-04-15T18:19:51.546+0000] {dag.py:2705} INFO - Sync 1 DAGs
[2023-04-15T18:19:51.592+0000] {logging_mixin.py:137} INFO - [2023-04-15T18:19:51.592+0000] {dag.py:3456} INFO - Setting next_dagrun for example_branch_operator to 2023-04-14T00:00:00+00:00, run_after=2023-04-15T00:00:00+00:00
[2023-04-15T18:19:51.629+0000] {processor.py:175} INFO - Processing /home/airflow/.local/lib/python3.7/site-packages/airflow/example_dags/example_branch_operator.py took 0.166 seconds
[2023-04-15T18:20:22.191+0000] {processor.py:153} INFO - Started process (PID=517) to work on /home/airflow/.local/lib/python3.7/site-packages/airflow/example_dags/example_branch_operator.py
[2023-04-15T18:20:22.196+0000] {processor.py:743} INFO - Processing file /home/airflow/.local/lib/python3.7/site-packages/airflow/example_dags/example_branch_operator.py for tasks to queue
[2023-04-15T18:20:22.199+0000] {logging_mixin.py:137} INFO - [2023-04-15T18:20:22.199+0000] {dagbag.py:532} INFO - Filling up the DagBag from /home/airflow/.local/lib/python3.7/site-packages/airflow/example_dags/example_branch_operator.py
[2023-04-15T18:20:22.230+0000] {processor.py:753} INFO - DAG(s) dict_keys(['example_branch_operator']) retrieved from /home/airflow/.local/lib/python3.7/site-packages/airflow/example_dags/example_branch_operator.py
[2023-04-15T18:20:22.285+0000] {logging_mixin.py:137} INFO - [2023-04-15T18:20:22.285+0000] {dag.py:2705} INFO - Sync 1 DAGs
[2023-04-15T18:20:22.337+0000] {logging_mixin.py:137} INFO - [2023-04-15T18:20:22.337+0000] {dag.py:3456} INFO - Setting next_dagrun for example_branch_operator to 2023-04-14T00:00:00+00:00, run_after=2023-04-15T00:00:00+00:00
[2023-04-15T18:20:22.368+0000] {processor.py:175} INFO - Processing /home/airflow/.local/lib/python3.7/site-packages/airflow/example_dags/example_branch_operator.py took 0.185 seconds
[2023-04-15T18:20:52.818+0000] {processor.py:153} INFO - Started process (PID=567) to work on /home/airflow/.local/lib/python3.7/site-packages/airflow/example_dags/example_branch_operator.py
[2023-04-15T18:20:52.822+0000] {processor.py:743} INFO - Processing file /home/airflow/.local/lib/python3.7/site-packages/airflow/example_dags/example_branch_operator.py for tasks to queue
[2023-04-15T18:20:52.827+0000] {logging_mixin.py:137} INFO - [2023-04-15T18:20:52.827+0000] {dagbag.py:532} INFO - Filling up the DagBag from /home/airflow/.local/lib/python3.7/site-packages/airflow/example_dags/example_branch_operator.py
[2023-04-15T18:20:52.862+0000] {processor.py:753} INFO - DAG(s) dict_keys(['example_branch_operator']) retrieved from /home/airflow/.local/lib/python3.7/site-packages/airflow/example_dags/example_branch_operator.py
[2023-04-15T18:20:52.912+0000] {logging_mixin.py:137} INFO - [2023-04-15T18:20:52.912+0000] {dag.py:2705} INFO - Sync 1 DAGs
[2023-04-15T18:20:52.957+0000] {logging_mixin.py:137} INFO - [2023-04-15T18:20:52.957+0000] {dag.py:3456} INFO - Setting next_dagrun for example_branch_operator to 2023-04-14T00:00:00+00:00, run_after=2023-04-15T00:00:00+00:00
[2023-04-15T18:20:52.986+0000] {processor.py:175} INFO - Processing /home/airflow/.local/lib/python3.7/site-packages/airflow/example_dags/example_branch_operator.py took 0.176 seconds
[2023-04-15T18:21:29.639+0000] {processor.py:153} INFO - Started process (PID=615) to work on /home/airflow/.local/lib/python3.7/site-packages/airflow/example_dags/example_branch_operator.py
[2023-04-15T18:21:29.643+0000] {processor.py:743} INFO - Processing file /home/airflow/.local/lib/python3.7/site-packages/airflow/example_dags/example_branch_operator.py for tasks to queue
[2023-04-15T18:21:29.647+0000] {logging_mixin.py:137} INFO - [2023-04-15T18:21:29.647+0000] {dagbag.py:532} INFO - Filling up the DagBag from /home/airflow/.local/lib/python3.7/site-packages/airflow/example_dags/example_branch_operator.py
[2023-04-15T18:21:29.693+0000] {processor.py:753} INFO - DAG(s) dict_keys(['example_branch_operator']) retrieved from /home/airflow/.local/lib/python3.7/site-packages/airflow/example_dags/example_branch_operator.py
[2023-04-15T18:21:29.743+0000] {logging_mixin.py:137} INFO - [2023-04-15T18:21:29.742+0000] {dag.py:2705} INFO - Sync 1 DAGs
[2023-04-15T18:21:29.790+0000] {logging_mixin.py:137} INFO - [2023-04-15T18:21:29.790+0000] {dag.py:3456} INFO - Setting next_dagrun for example_branch_operator to 2023-04-14T00:00:00+00:00, run_after=2023-04-15T00:00:00+00:00
[2023-04-15T18:21:29.842+0000] {processor.py:175} INFO - Processing /home/airflow/.local/lib/python3.7/site-packages/airflow/example_dags/example_branch_operator.py took 0.213 seconds
[2023-04-15T18:22:00.587+0000] {processor.py:153} INFO - Started process (PID=666) to work on /home/airflow/.local/lib/python3.7/site-packages/airflow/example_dags/example_branch_operator.py
[2023-04-15T18:22:00.589+0000] {processor.py:743} INFO - Processing file /home/airflow/.local/lib/python3.7/site-packages/airflow/example_dags/example_branch_operator.py for tasks to queue
[2023-04-15T18:22:00.591+0000] {logging_mixin.py:137} INFO - [2023-04-15T18:22:00.591+0000] {dagbag.py:532} INFO - Filling up the DagBag from /home/airflow/.local/lib/python3.7/site-packages/airflow/example_dags/example_branch_operator.py
[2023-04-15T18:22:00.617+0000] {processor.py:753} INFO - DAG(s) dict_keys(['example_branch_operator']) retrieved from /home/airflow/.local/lib/python3.7/site-packages/airflow/example_dags/example_branch_operator.py
[2023-04-15T18:22:00.662+0000] {logging_mixin.py:137} INFO - [2023-04-15T18:22:00.661+0000] {dag.py:2705} INFO - Sync 1 DAGs
[2023-04-15T18:22:00.725+0000] {logging_mixin.py:137} INFO - [2023-04-15T18:22:00.725+0000] {dag.py:3456} INFO - Setting next_dagrun for example_branch_operator to 2023-04-14T00:00:00+00:00, run_after=2023-04-15T00:00:00+00:00
[2023-04-15T18:22:00.776+0000] {processor.py:175} INFO - Processing /home/airflow/.local/lib/python3.7/site-packages/airflow/example_dags/example_branch_operator.py took 0.194 seconds
