[2023-04-15T18:15:20.507+0000] {processor.py:153} INFO - Started process (PID=36) to work on /home/airflow/.local/lib/python3.7/site-packages/airflow/example_dags/example_task_group_decorator.py
[2023-04-15T18:15:20.510+0000] {processor.py:743} INFO - Processing file /home/airflow/.local/lib/python3.7/site-packages/airflow/example_dags/example_task_group_decorator.py for tasks to queue
[2023-04-15T18:15:20.513+0000] {logging_mixin.py:137} INFO - [2023-04-15T18:15:20.512+0000] {dagbag.py:532} INFO - Filling up the DagBag from /home/airflow/.local/lib/python3.7/site-packages/airflow/example_dags/example_task_group_decorator.py
[2023-04-15T18:15:20.573+0000] {processor.py:753} INFO - DAG(s) dict_keys(['example_task_group_decorator']) retrieved from /home/airflow/.local/lib/python3.7/site-packages/airflow/example_dags/example_task_group_decorator.py
[2023-04-15T18:15:20.626+0000] {logging_mixin.py:137} INFO - [2023-04-15T18:15:20.626+0000] {dag.py:2705} INFO - Sync 1 DAGs
[2023-04-15T18:15:20.676+0000] {logging_mixin.py:137} INFO - [2023-04-15T18:15:20.676+0000] {dag.py:3456} INFO - Setting next_dagrun for example_task_group_decorator to 2023-04-14T18:15:20.675598+00:00, run_after=2023-04-15T18:15:20.675598+00:00
[2023-04-15T18:15:20.709+0000] {processor.py:175} INFO - Processing /home/airflow/.local/lib/python3.7/site-packages/airflow/example_dags/example_task_group_decorator.py took 0.207 seconds
[2023-04-15T18:16:04.044+0000] {processor.py:153} INFO - Started process (PID=86) to work on /home/airflow/.local/lib/python3.7/site-packages/airflow/example_dags/example_task_group_decorator.py
[2023-04-15T18:16:04.066+0000] {processor.py:743} INFO - Processing file /home/airflow/.local/lib/python3.7/site-packages/airflow/example_dags/example_task_group_decorator.py for tasks to queue
[2023-04-15T18:16:04.075+0000] {logging_mixin.py:137} INFO - [2023-04-15T18:16:04.074+0000] {dagbag.py:532} INFO - Filling up the DagBag from /home/airflow/.local/lib/python3.7/site-packages/airflow/example_dags/example_task_group_decorator.py
[2023-04-15T18:16:04.256+0000] {processor.py:753} INFO - DAG(s) dict_keys(['example_task_group_decorator']) retrieved from /home/airflow/.local/lib/python3.7/site-packages/airflow/example_dags/example_task_group_decorator.py
[2023-04-15T18:16:04.767+0000] {logging_mixin.py:137} INFO - [2023-04-15T18:16:04.761+0000] {dag.py:2705} INFO - Sync 1 DAGs
[2023-04-15T18:16:05.358+0000] {logging_mixin.py:137} INFO - [2023-04-15T18:16:05.358+0000] {dag.py:3456} INFO - Setting next_dagrun for example_task_group_decorator to 2023-04-14T18:16:05.357569+00:00, run_after=2023-04-15T18:16:05.357569+00:00
[2023-04-15T18:16:05.777+0000] {processor.py:175} INFO - Processing /home/airflow/.local/lib/python3.7/site-packages/airflow/example_dags/example_task_group_decorator.py took 1.738 seconds
[2023-04-15T18:16:36.652+0000] {processor.py:153} INFO - Started process (PID=133) to work on /home/airflow/.local/lib/python3.7/site-packages/airflow/example_dags/example_task_group_decorator.py
[2023-04-15T18:16:36.656+0000] {processor.py:743} INFO - Processing file /home/airflow/.local/lib/python3.7/site-packages/airflow/example_dags/example_task_group_decorator.py for tasks to queue
[2023-04-15T18:16:36.659+0000] {logging_mixin.py:137} INFO - [2023-04-15T18:16:36.659+0000] {dagbag.py:532} INFO - Filling up the DagBag from /home/airflow/.local/lib/python3.7/site-packages/airflow/example_dags/example_task_group_decorator.py
[2023-04-15T18:16:36.732+0000] {processor.py:753} INFO - DAG(s) dict_keys(['example_task_group_decorator']) retrieved from /home/airflow/.local/lib/python3.7/site-packages/airflow/example_dags/example_task_group_decorator.py
[2023-04-15T18:16:36.789+0000] {logging_mixin.py:137} INFO - [2023-04-15T18:16:36.789+0000] {dag.py:2705} INFO - Sync 1 DAGs
[2023-04-15T18:16:36.840+0000] {logging_mixin.py:137} INFO - [2023-04-15T18:16:36.839+0000] {dag.py:3456} INFO - Setting next_dagrun for example_task_group_decorator to 2023-04-14T18:16:36.838907+00:00, run_after=2023-04-15T18:16:36.838907+00:00
[2023-04-15T18:16:36.892+0000] {processor.py:175} INFO - Processing /home/airflow/.local/lib/python3.7/site-packages/airflow/example_dags/example_task_group_decorator.py took 0.232 seconds
[2023-04-15T18:17:07.075+0000] {processor.py:153} INFO - Started process (PID=182) to work on /home/airflow/.local/lib/python3.7/site-packages/airflow/example_dags/example_task_group_decorator.py
[2023-04-15T18:17:07.078+0000] {processor.py:743} INFO - Processing file /home/airflow/.local/lib/python3.7/site-packages/airflow/example_dags/example_task_group_decorator.py for tasks to queue
[2023-04-15T18:17:07.080+0000] {logging_mixin.py:137} INFO - [2023-04-15T18:17:07.080+0000] {dagbag.py:532} INFO - Filling up the DagBag from /home/airflow/.local/lib/python3.7/site-packages/airflow/example_dags/example_task_group_decorator.py
[2023-04-15T18:17:07.122+0000] {processor.py:753} INFO - DAG(s) dict_keys(['example_task_group_decorator']) retrieved from /home/airflow/.local/lib/python3.7/site-packages/airflow/example_dags/example_task_group_decorator.py
[2023-04-15T18:17:07.167+0000] {logging_mixin.py:137} INFO - [2023-04-15T18:17:07.167+0000] {dag.py:2705} INFO - Sync 1 DAGs
[2023-04-15T18:17:07.202+0000] {logging_mixin.py:137} INFO - [2023-04-15T18:17:07.202+0000] {dag.py:3456} INFO - Setting next_dagrun for example_task_group_decorator to 2023-04-14T18:17:07.202436+00:00, run_after=2023-04-15T18:17:07.202436+00:00
[2023-04-15T18:17:07.230+0000] {processor.py:175} INFO - Processing /home/airflow/.local/lib/python3.7/site-packages/airflow/example_dags/example_task_group_decorator.py took 0.161 seconds
[2023-04-15T18:17:38.214+0000] {processor.py:153} INFO - Started process (PID=232) to work on /home/airflow/.local/lib/python3.7/site-packages/airflow/example_dags/example_task_group_decorator.py
[2023-04-15T18:17:38.217+0000] {processor.py:743} INFO - Processing file /home/airflow/.local/lib/python3.7/site-packages/airflow/example_dags/example_task_group_decorator.py for tasks to queue
[2023-04-15T18:17:38.220+0000] {logging_mixin.py:137} INFO - [2023-04-15T18:17:38.219+0000] {dagbag.py:532} INFO - Filling up the DagBag from /home/airflow/.local/lib/python3.7/site-packages/airflow/example_dags/example_task_group_decorator.py
[2023-04-15T18:17:38.263+0000] {processor.py:753} INFO - DAG(s) dict_keys(['example_task_group_decorator']) retrieved from /home/airflow/.local/lib/python3.7/site-packages/airflow/example_dags/example_task_group_decorator.py
[2023-04-15T18:17:38.305+0000] {logging_mixin.py:137} INFO - [2023-04-15T18:17:38.304+0000] {dag.py:2705} INFO - Sync 1 DAGs
[2023-04-15T18:17:38.344+0000] {logging_mixin.py:137} INFO - [2023-04-15T18:17:38.343+0000] {dag.py:3456} INFO - Setting next_dagrun for example_task_group_decorator to 2023-04-14T18:17:38.343658+00:00, run_after=2023-04-15T18:17:38.343658+00:00
[2023-04-15T18:17:38.371+0000] {processor.py:175} INFO - Processing /home/airflow/.local/lib/python3.7/site-packages/airflow/example_dags/example_task_group_decorator.py took 0.163 seconds
[2023-04-15T18:18:08.553+0000] {processor.py:153} INFO - Started process (PID=281) to work on /home/airflow/.local/lib/python3.7/site-packages/airflow/example_dags/example_task_group_decorator.py
[2023-04-15T18:18:08.556+0000] {processor.py:743} INFO - Processing file /home/airflow/.local/lib/python3.7/site-packages/airflow/example_dags/example_task_group_decorator.py for tasks to queue
[2023-04-15T18:18:08.559+0000] {logging_mixin.py:137} INFO - [2023-04-15T18:18:08.558+0000] {dagbag.py:532} INFO - Filling up the DagBag from /home/airflow/.local/lib/python3.7/site-packages/airflow/example_dags/example_task_group_decorator.py
[2023-04-15T18:18:08.613+0000] {processor.py:753} INFO - DAG(s) dict_keys(['example_task_group_decorator']) retrieved from /home/airflow/.local/lib/python3.7/site-packages/airflow/example_dags/example_task_group_decorator.py
[2023-04-15T18:18:08.655+0000] {logging_mixin.py:137} INFO - [2023-04-15T18:18:08.655+0000] {dag.py:2705} INFO - Sync 1 DAGs
[2023-04-15T18:18:08.691+0000] {logging_mixin.py:137} INFO - [2023-04-15T18:18:08.691+0000] {dag.py:3456} INFO - Setting next_dagrun for example_task_group_decorator to 2023-04-14T18:18:08.691319+00:00, run_after=2023-04-15T18:18:08.691319+00:00
[2023-04-15T18:18:08.721+0000] {processor.py:175} INFO - Processing /home/airflow/.local/lib/python3.7/site-packages/airflow/example_dags/example_task_group_decorator.py took 0.173 seconds
[2023-04-15T18:18:39.285+0000] {processor.py:153} INFO - Started process (PID=330) to work on /home/airflow/.local/lib/python3.7/site-packages/airflow/example_dags/example_task_group_decorator.py
[2023-04-15T18:18:39.288+0000] {processor.py:743} INFO - Processing file /home/airflow/.local/lib/python3.7/site-packages/airflow/example_dags/example_task_group_decorator.py for tasks to queue
[2023-04-15T18:18:39.290+0000] {logging_mixin.py:137} INFO - [2023-04-15T18:18:39.290+0000] {dagbag.py:532} INFO - Filling up the DagBag from /home/airflow/.local/lib/python3.7/site-packages/airflow/example_dags/example_task_group_decorator.py
[2023-04-15T18:18:39.336+0000] {processor.py:753} INFO - DAG(s) dict_keys(['example_task_group_decorator']) retrieved from /home/airflow/.local/lib/python3.7/site-packages/airflow/example_dags/example_task_group_decorator.py
[2023-04-15T18:18:39.380+0000] {logging_mixin.py:137} INFO - [2023-04-15T18:18:39.380+0000] {dag.py:2705} INFO - Sync 1 DAGs
[2023-04-15T18:18:39.416+0000] {logging_mixin.py:137} INFO - [2023-04-15T18:18:39.415+0000] {dag.py:3456} INFO - Setting next_dagrun for example_task_group_decorator to 2023-04-14T18:18:39.415617+00:00, run_after=2023-04-15T18:18:39.415617+00:00
[2023-04-15T18:18:39.443+0000] {processor.py:175} INFO - Processing /home/airflow/.local/lib/python3.7/site-packages/airflow/example_dags/example_task_group_decorator.py took 0.164 seconds
[2023-04-15T18:19:09.969+0000] {processor.py:153} INFO - Started process (PID=381) to work on /home/airflow/.local/lib/python3.7/site-packages/airflow/example_dags/example_task_group_decorator.py
[2023-04-15T18:19:09.973+0000] {processor.py:743} INFO - Processing file /home/airflow/.local/lib/python3.7/site-packages/airflow/example_dags/example_task_group_decorator.py for tasks to queue
[2023-04-15T18:19:09.975+0000] {logging_mixin.py:137} INFO - [2023-04-15T18:19:09.975+0000] {dagbag.py:532} INFO - Filling up the DagBag from /home/airflow/.local/lib/python3.7/site-packages/airflow/example_dags/example_task_group_decorator.py
[2023-04-15T18:19:10.013+0000] {processor.py:753} INFO - DAG(s) dict_keys(['example_task_group_decorator']) retrieved from /home/airflow/.local/lib/python3.7/site-packages/airflow/example_dags/example_task_group_decorator.py
[2023-04-15T18:19:10.061+0000] {logging_mixin.py:137} INFO - [2023-04-15T18:19:10.060+0000] {dag.py:2705} INFO - Sync 1 DAGs
[2023-04-15T18:19:10.095+0000] {logging_mixin.py:137} INFO - [2023-04-15T18:19:10.095+0000] {dag.py:3456} INFO - Setting next_dagrun for example_task_group_decorator to 2023-04-14T18:19:10.095185+00:00, run_after=2023-04-15T18:19:10.095185+00:00
[2023-04-15T18:19:10.125+0000] {processor.py:175} INFO - Processing /home/airflow/.local/lib/python3.7/site-packages/airflow/example_dags/example_task_group_decorator.py took 0.162 seconds
[2023-04-15T18:19:40.332+0000] {processor.py:153} INFO - Started process (PID=431) to work on /home/airflow/.local/lib/python3.7/site-packages/airflow/example_dags/example_task_group_decorator.py
[2023-04-15T18:19:40.334+0000] {processor.py:743} INFO - Processing file /home/airflow/.local/lib/python3.7/site-packages/airflow/example_dags/example_task_group_decorator.py for tasks to queue
[2023-04-15T18:19:40.337+0000] {logging_mixin.py:137} INFO - [2023-04-15T18:19:40.337+0000] {dagbag.py:532} INFO - Filling up the DagBag from /home/airflow/.local/lib/python3.7/site-packages/airflow/example_dags/example_task_group_decorator.py
[2023-04-15T18:19:40.380+0000] {processor.py:753} INFO - DAG(s) dict_keys(['example_task_group_decorator']) retrieved from /home/airflow/.local/lib/python3.7/site-packages/airflow/example_dags/example_task_group_decorator.py
[2023-04-15T18:19:40.422+0000] {logging_mixin.py:137} INFO - [2023-04-15T18:19:40.422+0000] {dag.py:2705} INFO - Sync 1 DAGs
[2023-04-15T18:19:40.458+0000] {logging_mixin.py:137} INFO - [2023-04-15T18:19:40.457+0000] {dag.py:3456} INFO - Setting next_dagrun for example_task_group_decorator to 2023-04-14T18:19:40.456391+00:00, run_after=2023-04-15T18:19:40.456391+00:00
[2023-04-15T18:19:40.491+0000] {processor.py:175} INFO - Processing /home/airflow/.local/lib/python3.7/site-packages/airflow/example_dags/example_task_group_decorator.py took 0.165 seconds
[2023-04-15T18:20:10.640+0000] {processor.py:153} INFO - Started process (PID=481) to work on /home/airflow/.local/lib/python3.7/site-packages/airflow/example_dags/example_task_group_decorator.py
[2023-04-15T18:20:10.648+0000] {processor.py:743} INFO - Processing file /home/airflow/.local/lib/python3.7/site-packages/airflow/example_dags/example_task_group_decorator.py for tasks to queue
[2023-04-15T18:20:10.650+0000] {logging_mixin.py:137} INFO - [2023-04-15T18:20:10.650+0000] {dagbag.py:532} INFO - Filling up the DagBag from /home/airflow/.local/lib/python3.7/site-packages/airflow/example_dags/example_task_group_decorator.py
[2023-04-15T18:20:10.690+0000] {processor.py:753} INFO - DAG(s) dict_keys(['example_task_group_decorator']) retrieved from /home/airflow/.local/lib/python3.7/site-packages/airflow/example_dags/example_task_group_decorator.py
[2023-04-15T18:20:10.742+0000] {logging_mixin.py:137} INFO - [2023-04-15T18:20:10.742+0000] {dag.py:2705} INFO - Sync 1 DAGs
[2023-04-15T18:20:10.782+0000] {logging_mixin.py:137} INFO - [2023-04-15T18:20:10.782+0000] {dag.py:3456} INFO - Setting next_dagrun for example_task_group_decorator to 2023-04-14T18:20:10.782010+00:00, run_after=2023-04-15T18:20:10.782010+00:00
[2023-04-15T18:20:10.811+0000] {processor.py:175} INFO - Processing /home/airflow/.local/lib/python3.7/site-packages/airflow/example_dags/example_task_group_decorator.py took 0.176 seconds
[2023-04-15T18:20:41.243+0000] {processor.py:153} INFO - Started process (PID=530) to work on /home/airflow/.local/lib/python3.7/site-packages/airflow/example_dags/example_task_group_decorator.py
[2023-04-15T18:20:41.248+0000] {processor.py:743} INFO - Processing file /home/airflow/.local/lib/python3.7/site-packages/airflow/example_dags/example_task_group_decorator.py for tasks to queue
[2023-04-15T18:20:41.252+0000] {logging_mixin.py:137} INFO - [2023-04-15T18:20:41.252+0000] {dagbag.py:532} INFO - Filling up the DagBag from /home/airflow/.local/lib/python3.7/site-packages/airflow/example_dags/example_task_group_decorator.py
[2023-04-15T18:20:41.331+0000] {processor.py:753} INFO - DAG(s) dict_keys(['example_task_group_decorator']) retrieved from /home/airflow/.local/lib/python3.7/site-packages/airflow/example_dags/example_task_group_decorator.py
[2023-04-15T18:20:41.540+0000] {logging_mixin.py:137} INFO - [2023-04-15T18:20:41.540+0000] {dag.py:2705} INFO - Sync 1 DAGs
[2023-04-15T18:20:41.663+0000] {logging_mixin.py:137} INFO - [2023-04-15T18:20:41.663+0000] {dag.py:3456} INFO - Setting next_dagrun for example_task_group_decorator to 2023-04-14T18:20:41.663068+00:00, run_after=2023-04-15T18:20:41.663068+00:00
[2023-04-15T18:20:41.706+0000] {processor.py:175} INFO - Processing /home/airflow/.local/lib/python3.7/site-packages/airflow/example_dags/example_task_group_decorator.py took 0.474 seconds
[2023-04-15T18:21:11.884+0000] {processor.py:153} INFO - Started process (PID=580) to work on /home/airflow/.local/lib/python3.7/site-packages/airflow/example_dags/example_task_group_decorator.py
[2023-04-15T18:21:11.887+0000] {processor.py:743} INFO - Processing file /home/airflow/.local/lib/python3.7/site-packages/airflow/example_dags/example_task_group_decorator.py for tasks to queue
[2023-04-15T18:21:11.890+0000] {logging_mixin.py:137} INFO - [2023-04-15T18:21:11.890+0000] {dagbag.py:532} INFO - Filling up the DagBag from /home/airflow/.local/lib/python3.7/site-packages/airflow/example_dags/example_task_group_decorator.py
[2023-04-15T18:21:11.950+0000] {processor.py:753} INFO - DAG(s) dict_keys(['example_task_group_decorator']) retrieved from /home/airflow/.local/lib/python3.7/site-packages/airflow/example_dags/example_task_group_decorator.py
[2023-04-15T18:21:12.007+0000] {logging_mixin.py:137} INFO - [2023-04-15T18:21:12.007+0000] {dag.py:2705} INFO - Sync 1 DAGs
[2023-04-15T18:21:12.055+0000] {logging_mixin.py:137} INFO - [2023-04-15T18:21:12.054+0000] {dag.py:3456} INFO - Setting next_dagrun for example_task_group_decorator to 2023-04-14T18:21:12.053836+00:00, run_after=2023-04-15T18:21:12.053836+00:00
[2023-04-15T18:21:12.086+0000] {processor.py:175} INFO - Processing /home/airflow/.local/lib/python3.7/site-packages/airflow/example_dags/example_task_group_decorator.py took 0.211 seconds
[2023-04-15T18:21:42.221+0000] {processor.py:153} INFO - Started process (PID=630) to work on /home/airflow/.local/lib/python3.7/site-packages/airflow/example_dags/example_task_group_decorator.py
[2023-04-15T18:21:42.224+0000] {processor.py:743} INFO - Processing file /home/airflow/.local/lib/python3.7/site-packages/airflow/example_dags/example_task_group_decorator.py for tasks to queue
[2023-04-15T18:21:42.227+0000] {logging_mixin.py:137} INFO - [2023-04-15T18:21:42.226+0000] {dagbag.py:532} INFO - Filling up the DagBag from /home/airflow/.local/lib/python3.7/site-packages/airflow/example_dags/example_task_group_decorator.py
[2023-04-15T18:21:42.302+0000] {processor.py:753} INFO - DAG(s) dict_keys(['example_task_group_decorator']) retrieved from /home/airflow/.local/lib/python3.7/site-packages/airflow/example_dags/example_task_group_decorator.py
[2023-04-15T18:21:42.355+0000] {logging_mixin.py:137} INFO - [2023-04-15T18:21:42.354+0000] {dag.py:2705} INFO - Sync 1 DAGs
[2023-04-15T18:21:42.428+0000] {logging_mixin.py:137} INFO - [2023-04-15T18:21:42.427+0000] {dag.py:3456} INFO - Setting next_dagrun for example_task_group_decorator to 2023-04-14T18:21:42.427409+00:00, run_after=2023-04-15T18:21:42.427409+00:00
[2023-04-15T18:21:42.464+0000] {processor.py:175} INFO - Processing /home/airflow/.local/lib/python3.7/site-packages/airflow/example_dags/example_task_group_decorator.py took 0.249 seconds
