[2023-04-15T18:15:21.630+0000] {processor.py:153} INFO - Started process (PID=42) to work on /home/airflow/.local/lib/python3.7/site-packages/airflow/example_dags/example_dag_decorator.py
[2023-04-15T18:15:21.635+0000] {processor.py:743} INFO - Processing file /home/airflow/.local/lib/python3.7/site-packages/airflow/example_dags/example_dag_decorator.py for tasks to queue
[2023-04-15T18:15:21.640+0000] {logging_mixin.py:137} INFO - [2023-04-15T18:15:21.640+0000] {dagbag.py:532} INFO - Filling up the DagBag from /home/airflow/.local/lib/python3.7/site-packages/airflow/example_dags/example_dag_decorator.py
[2023-04-15T18:15:21.733+0000] {logging_mixin.py:137} INFO - [2023-04-15T18:15:21.733+0000] {taskmixin.py:211} WARNING - Dependency <Task(_PythonDecoratedOperator): prepare_email>, send_email already registered for DAG: example_dag_decorator
[2023-04-15T18:15:21.746+0000] {logging_mixin.py:137} INFO - [2023-04-15T18:15:21.746+0000] {taskmixin.py:211} WARNING - Dependency <Task(EmailOperator): send_email>, prepare_email already registered for DAG: example_dag_decorator
[2023-04-15T18:15:21.783+0000] {processor.py:753} INFO - DAG(s) dict_keys(['example_dag_decorator']) retrieved from /home/airflow/.local/lib/python3.7/site-packages/airflow/example_dags/example_dag_decorator.py
[2023-04-15T18:15:21.979+0000] {logging_mixin.py:137} INFO - [2023-04-15T18:15:21.979+0000] {dag.py:2705} INFO - Sync 1 DAGs
[2023-04-15T18:15:22.092+0000] {logging_mixin.py:137} INFO - [2023-04-15T18:15:22.092+0000] {dag.py:3456} INFO - Setting next_dagrun for example_dag_decorator to None, run_after=None
[2023-04-15T18:15:22.168+0000] {processor.py:175} INFO - Processing /home/airflow/.local/lib/python3.7/site-packages/airflow/example_dags/example_dag_decorator.py took 0.549 seconds
[2023-04-15T18:16:13.166+0000] {processor.py:153} INFO - Started process (PID=92) to work on /home/airflow/.local/lib/python3.7/site-packages/airflow/example_dags/example_dag_decorator.py
[2023-04-15T18:16:13.174+0000] {processor.py:743} INFO - Processing file /home/airflow/.local/lib/python3.7/site-packages/airflow/example_dags/example_dag_decorator.py for tasks to queue
[2023-04-15T18:16:13.186+0000] {logging_mixin.py:137} INFO - [2023-04-15T18:16:13.186+0000] {dagbag.py:532} INFO - Filling up the DagBag from /home/airflow/.local/lib/python3.7/site-packages/airflow/example_dags/example_dag_decorator.py
[2023-04-15T18:16:13.279+0000] {logging_mixin.py:137} INFO - [2023-04-15T18:16:13.278+0000] {taskmixin.py:211} WARNING - Dependency <Task(_PythonDecoratedOperator): prepare_email>, send_email already registered for DAG: example_dag_decorator
[2023-04-15T18:16:13.294+0000] {logging_mixin.py:137} INFO - [2023-04-15T18:16:13.293+0000] {taskmixin.py:211} WARNING - Dependency <Task(EmailOperator): send_email>, prepare_email already registered for DAG: example_dag_decorator
[2023-04-15T18:16:13.382+0000] {processor.py:753} INFO - DAG(s) dict_keys(['example_dag_decorator']) retrieved from /home/airflow/.local/lib/python3.7/site-packages/airflow/example_dags/example_dag_decorator.py
[2023-04-15T18:16:13.721+0000] {logging_mixin.py:137} INFO - [2023-04-15T18:16:13.721+0000] {dag.py:2705} INFO - Sync 1 DAGs
[2023-04-15T18:16:13.778+0000] {logging_mixin.py:137} INFO - [2023-04-15T18:16:13.777+0000] {dag.py:3456} INFO - Setting next_dagrun for example_dag_decorator to None, run_after=None
[2023-04-15T18:16:13.855+0000] {processor.py:175} INFO - Processing /home/airflow/.local/lib/python3.7/site-packages/airflow/example_dags/example_dag_decorator.py took 0.699 seconds
[2023-04-15T18:16:44.083+0000] {processor.py:153} INFO - Started process (PID=141) to work on /home/airflow/.local/lib/python3.7/site-packages/airflow/example_dags/example_dag_decorator.py
[2023-04-15T18:16:44.086+0000] {processor.py:743} INFO - Processing file /home/airflow/.local/lib/python3.7/site-packages/airflow/example_dags/example_dag_decorator.py for tasks to queue
[2023-04-15T18:16:44.091+0000] {logging_mixin.py:137} INFO - [2023-04-15T18:16:44.091+0000] {dagbag.py:532} INFO - Filling up the DagBag from /home/airflow/.local/lib/python3.7/site-packages/airflow/example_dags/example_dag_decorator.py
[2023-04-15T18:16:44.146+0000] {logging_mixin.py:137} INFO - [2023-04-15T18:16:44.145+0000] {taskmixin.py:211} WARNING - Dependency <Task(_PythonDecoratedOperator): prepare_email>, send_email already registered for DAG: example_dag_decorator
[2023-04-15T18:16:44.148+0000] {logging_mixin.py:137} INFO - [2023-04-15T18:16:44.147+0000] {taskmixin.py:211} WARNING - Dependency <Task(EmailOperator): send_email>, prepare_email already registered for DAG: example_dag_decorator
[2023-04-15T18:16:44.179+0000] {processor.py:753} INFO - DAG(s) dict_keys(['example_dag_decorator']) retrieved from /home/airflow/.local/lib/python3.7/site-packages/airflow/example_dags/example_dag_decorator.py
[2023-04-15T18:16:44.305+0000] {logging_mixin.py:137} INFO - [2023-04-15T18:16:44.305+0000] {dag.py:2705} INFO - Sync 1 DAGs
[2023-04-15T18:16:44.349+0000] {logging_mixin.py:137} INFO - [2023-04-15T18:16:44.348+0000] {dag.py:3456} INFO - Setting next_dagrun for example_dag_decorator to None, run_after=None
[2023-04-15T18:16:44.399+0000] {processor.py:175} INFO - Processing /home/airflow/.local/lib/python3.7/site-packages/airflow/example_dags/example_dag_decorator.py took 0.326 seconds
[2023-04-15T18:17:14.520+0000] {processor.py:153} INFO - Started process (PID=190) to work on /home/airflow/.local/lib/python3.7/site-packages/airflow/example_dags/example_dag_decorator.py
[2023-04-15T18:17:14.528+0000] {processor.py:743} INFO - Processing file /home/airflow/.local/lib/python3.7/site-packages/airflow/example_dags/example_dag_decorator.py for tasks to queue
[2023-04-15T18:17:14.531+0000] {logging_mixin.py:137} INFO - [2023-04-15T18:17:14.531+0000] {dagbag.py:532} INFO - Filling up the DagBag from /home/airflow/.local/lib/python3.7/site-packages/airflow/example_dags/example_dag_decorator.py
[2023-04-15T18:17:14.561+0000] {logging_mixin.py:137} INFO - [2023-04-15T18:17:14.560+0000] {taskmixin.py:211} WARNING - Dependency <Task(_PythonDecoratedOperator): prepare_email>, send_email already registered for DAG: example_dag_decorator
[2023-04-15T18:17:14.562+0000] {logging_mixin.py:137} INFO - [2023-04-15T18:17:14.562+0000] {taskmixin.py:211} WARNING - Dependency <Task(EmailOperator): send_email>, prepare_email already registered for DAG: example_dag_decorator
[2023-04-15T18:17:14.580+0000] {processor.py:753} INFO - DAG(s) dict_keys(['example_dag_decorator']) retrieved from /home/airflow/.local/lib/python3.7/site-packages/airflow/example_dags/example_dag_decorator.py
[2023-04-15T18:17:14.677+0000] {logging_mixin.py:137} INFO - [2023-04-15T18:17:14.677+0000] {dag.py:2705} INFO - Sync 1 DAGs
[2023-04-15T18:17:14.718+0000] {logging_mixin.py:137} INFO - [2023-04-15T18:17:14.718+0000] {dag.py:3456} INFO - Setting next_dagrun for example_dag_decorator to None, run_after=None
[2023-04-15T18:17:14.749+0000] {processor.py:175} INFO - Processing /home/airflow/.local/lib/python3.7/site-packages/airflow/example_dags/example_dag_decorator.py took 0.235 seconds
[2023-04-15T18:17:44.912+0000] {processor.py:153} INFO - Started process (PID=239) to work on /home/airflow/.local/lib/python3.7/site-packages/airflow/example_dags/example_dag_decorator.py
[2023-04-15T18:17:44.915+0000] {processor.py:743} INFO - Processing file /home/airflow/.local/lib/python3.7/site-packages/airflow/example_dags/example_dag_decorator.py for tasks to queue
[2023-04-15T18:17:44.917+0000] {logging_mixin.py:137} INFO - [2023-04-15T18:17:44.916+0000] {dagbag.py:532} INFO - Filling up the DagBag from /home/airflow/.local/lib/python3.7/site-packages/airflow/example_dags/example_dag_decorator.py
[2023-04-15T18:17:44.942+0000] {logging_mixin.py:137} INFO - [2023-04-15T18:17:44.942+0000] {taskmixin.py:211} WARNING - Dependency <Task(_PythonDecoratedOperator): prepare_email>, send_email already registered for DAG: example_dag_decorator
[2023-04-15T18:17:44.944+0000] {logging_mixin.py:137} INFO - [2023-04-15T18:17:44.944+0000] {taskmixin.py:211} WARNING - Dependency <Task(EmailOperator): send_email>, prepare_email already registered for DAG: example_dag_decorator
[2023-04-15T18:17:44.963+0000] {processor.py:753} INFO - DAG(s) dict_keys(['example_dag_decorator']) retrieved from /home/airflow/.local/lib/python3.7/site-packages/airflow/example_dags/example_dag_decorator.py
[2023-04-15T18:17:45.072+0000] {logging_mixin.py:137} INFO - [2023-04-15T18:17:45.071+0000] {dag.py:2705} INFO - Sync 1 DAGs
[2023-04-15T18:17:45.127+0000] {logging_mixin.py:137} INFO - [2023-04-15T18:17:45.127+0000] {dag.py:3456} INFO - Setting next_dagrun for example_dag_decorator to None, run_after=None
[2023-04-15T18:17:45.159+0000] {processor.py:175} INFO - Processing /home/airflow/.local/lib/python3.7/site-packages/airflow/example_dags/example_dag_decorator.py took 0.251 seconds
[2023-04-15T18:18:15.432+0000] {processor.py:153} INFO - Started process (PID=293) to work on /home/airflow/.local/lib/python3.7/site-packages/airflow/example_dags/example_dag_decorator.py
[2023-04-15T18:18:15.436+0000] {processor.py:743} INFO - Processing file /home/airflow/.local/lib/python3.7/site-packages/airflow/example_dags/example_dag_decorator.py for tasks to queue
[2023-04-15T18:18:15.440+0000] {logging_mixin.py:137} INFO - [2023-04-15T18:18:15.439+0000] {dagbag.py:532} INFO - Filling up the DagBag from /home/airflow/.local/lib/python3.7/site-packages/airflow/example_dags/example_dag_decorator.py
[2023-04-15T18:18:15.484+0000] {logging_mixin.py:137} INFO - [2023-04-15T18:18:15.484+0000] {taskmixin.py:211} WARNING - Dependency <Task(_PythonDecoratedOperator): prepare_email>, send_email already registered for DAG: example_dag_decorator
[2023-04-15T18:18:15.492+0000] {logging_mixin.py:137} INFO - [2023-04-15T18:18:15.491+0000] {taskmixin.py:211} WARNING - Dependency <Task(EmailOperator): send_email>, prepare_email already registered for DAG: example_dag_decorator
[2023-04-15T18:18:15.517+0000] {processor.py:753} INFO - DAG(s) dict_keys(['example_dag_decorator']) retrieved from /home/airflow/.local/lib/python3.7/site-packages/airflow/example_dags/example_dag_decorator.py
[2023-04-15T18:18:15.655+0000] {logging_mixin.py:137} INFO - [2023-04-15T18:18:15.655+0000] {dag.py:2705} INFO - Sync 1 DAGs
[2023-04-15T18:18:15.692+0000] {logging_mixin.py:137} INFO - [2023-04-15T18:18:15.692+0000] {dag.py:3456} INFO - Setting next_dagrun for example_dag_decorator to None, run_after=None
[2023-04-15T18:18:15.726+0000] {processor.py:175} INFO - Processing /home/airflow/.local/lib/python3.7/site-packages/airflow/example_dags/example_dag_decorator.py took 0.306 seconds
[2023-04-15T18:18:46.015+0000] {processor.py:153} INFO - Started process (PID=345) to work on /home/airflow/.local/lib/python3.7/site-packages/airflow/example_dags/example_dag_decorator.py
[2023-04-15T18:18:46.017+0000] {processor.py:743} INFO - Processing file /home/airflow/.local/lib/python3.7/site-packages/airflow/example_dags/example_dag_decorator.py for tasks to queue
[2023-04-15T18:18:46.019+0000] {logging_mixin.py:137} INFO - [2023-04-15T18:18:46.019+0000] {dagbag.py:532} INFO - Filling up the DagBag from /home/airflow/.local/lib/python3.7/site-packages/airflow/example_dags/example_dag_decorator.py
[2023-04-15T18:18:46.045+0000] {logging_mixin.py:137} INFO - [2023-04-15T18:18:46.044+0000] {taskmixin.py:211} WARNING - Dependency <Task(_PythonDecoratedOperator): prepare_email>, send_email already registered for DAG: example_dag_decorator
[2023-04-15T18:18:46.046+0000] {logging_mixin.py:137} INFO - [2023-04-15T18:18:46.046+0000] {taskmixin.py:211} WARNING - Dependency <Task(EmailOperator): send_email>, prepare_email already registered for DAG: example_dag_decorator
[2023-04-15T18:18:46.064+0000] {processor.py:753} INFO - DAG(s) dict_keys(['example_dag_decorator']) retrieved from /home/airflow/.local/lib/python3.7/site-packages/airflow/example_dags/example_dag_decorator.py
[2023-04-15T18:18:46.165+0000] {logging_mixin.py:137} INFO - [2023-04-15T18:18:46.164+0000] {dag.py:2705} INFO - Sync 1 DAGs
[2023-04-15T18:18:46.201+0000] {logging_mixin.py:137} INFO - [2023-04-15T18:18:46.201+0000] {dag.py:3456} INFO - Setting next_dagrun for example_dag_decorator to None, run_after=None
[2023-04-15T18:18:46.233+0000] {processor.py:175} INFO - Processing /home/airflow/.local/lib/python3.7/site-packages/airflow/example_dags/example_dag_decorator.py took 0.224 seconds
[2023-04-15T18:19:16.605+0000] {processor.py:153} INFO - Started process (PID=394) to work on /home/airflow/.local/lib/python3.7/site-packages/airflow/example_dags/example_dag_decorator.py
[2023-04-15T18:19:16.609+0000] {processor.py:743} INFO - Processing file /home/airflow/.local/lib/python3.7/site-packages/airflow/example_dags/example_dag_decorator.py for tasks to queue
[2023-04-15T18:19:16.614+0000] {logging_mixin.py:137} INFO - [2023-04-15T18:19:16.613+0000] {dagbag.py:532} INFO - Filling up the DagBag from /home/airflow/.local/lib/python3.7/site-packages/airflow/example_dags/example_dag_decorator.py
[2023-04-15T18:19:16.655+0000] {logging_mixin.py:137} INFO - [2023-04-15T18:19:16.655+0000] {taskmixin.py:211} WARNING - Dependency <Task(_PythonDecoratedOperator): prepare_email>, send_email already registered for DAG: example_dag_decorator
[2023-04-15T18:19:16.658+0000] {logging_mixin.py:137} INFO - [2023-04-15T18:19:16.657+0000] {taskmixin.py:211} WARNING - Dependency <Task(EmailOperator): send_email>, prepare_email already registered for DAG: example_dag_decorator
[2023-04-15T18:19:16.679+0000] {processor.py:753} INFO - DAG(s) dict_keys(['example_dag_decorator']) retrieved from /home/airflow/.local/lib/python3.7/site-packages/airflow/example_dags/example_dag_decorator.py
[2023-04-15T18:19:16.781+0000] {logging_mixin.py:137} INFO - [2023-04-15T18:19:16.781+0000] {dag.py:2705} INFO - Sync 1 DAGs
[2023-04-15T18:19:16.821+0000] {logging_mixin.py:137} INFO - [2023-04-15T18:19:16.821+0000] {dag.py:3456} INFO - Setting next_dagrun for example_dag_decorator to None, run_after=None
[2023-04-15T18:19:16.859+0000] {processor.py:175} INFO - Processing /home/airflow/.local/lib/python3.7/site-packages/airflow/example_dags/example_dag_decorator.py took 0.262 seconds
[2023-04-15T18:19:47.056+0000] {processor.py:153} INFO - Started process (PID=444) to work on /home/airflow/.local/lib/python3.7/site-packages/airflow/example_dags/example_dag_decorator.py
[2023-04-15T18:19:47.059+0000] {processor.py:743} INFO - Processing file /home/airflow/.local/lib/python3.7/site-packages/airflow/example_dags/example_dag_decorator.py for tasks to queue
[2023-04-15T18:19:47.062+0000] {logging_mixin.py:137} INFO - [2023-04-15T18:19:47.061+0000] {dagbag.py:532} INFO - Filling up the DagBag from /home/airflow/.local/lib/python3.7/site-packages/airflow/example_dags/example_dag_decorator.py
[2023-04-15T18:19:47.091+0000] {logging_mixin.py:137} INFO - [2023-04-15T18:19:47.091+0000] {taskmixin.py:211} WARNING - Dependency <Task(_PythonDecoratedOperator): prepare_email>, send_email already registered for DAG: example_dag_decorator
[2023-04-15T18:19:47.093+0000] {logging_mixin.py:137} INFO - [2023-04-15T18:19:47.093+0000] {taskmixin.py:211} WARNING - Dependency <Task(EmailOperator): send_email>, prepare_email already registered for DAG: example_dag_decorator
[2023-04-15T18:19:47.111+0000] {processor.py:753} INFO - DAG(s) dict_keys(['example_dag_decorator']) retrieved from /home/airflow/.local/lib/python3.7/site-packages/airflow/example_dags/example_dag_decorator.py
[2023-04-15T18:19:47.212+0000] {logging_mixin.py:137} INFO - [2023-04-15T18:19:47.212+0000] {dag.py:2705} INFO - Sync 1 DAGs
[2023-04-15T18:19:47.256+0000] {logging_mixin.py:137} INFO - [2023-04-15T18:19:47.256+0000] {dag.py:3456} INFO - Setting next_dagrun for example_dag_decorator to None, run_after=None
[2023-04-15T18:19:47.293+0000] {processor.py:175} INFO - Processing /home/airflow/.local/lib/python3.7/site-packages/airflow/example_dags/example_dag_decorator.py took 0.243 seconds
[2023-04-15T18:20:17.351+0000] {processor.py:153} INFO - Started process (PID=493) to work on /home/airflow/.local/lib/python3.7/site-packages/airflow/example_dags/example_dag_decorator.py
[2023-04-15T18:20:17.354+0000] {processor.py:743} INFO - Processing file /home/airflow/.local/lib/python3.7/site-packages/airflow/example_dags/example_dag_decorator.py for tasks to queue
[2023-04-15T18:20:17.359+0000] {logging_mixin.py:137} INFO - [2023-04-15T18:20:17.358+0000] {dagbag.py:532} INFO - Filling up the DagBag from /home/airflow/.local/lib/python3.7/site-packages/airflow/example_dags/example_dag_decorator.py
[2023-04-15T18:20:17.391+0000] {logging_mixin.py:137} INFO - [2023-04-15T18:20:17.390+0000] {taskmixin.py:211} WARNING - Dependency <Task(_PythonDecoratedOperator): prepare_email>, send_email already registered for DAG: example_dag_decorator
[2023-04-15T18:20:17.392+0000] {logging_mixin.py:137} INFO - [2023-04-15T18:20:17.392+0000] {taskmixin.py:211} WARNING - Dependency <Task(EmailOperator): send_email>, prepare_email already registered for DAG: example_dag_decorator
[2023-04-15T18:20:17.413+0000] {processor.py:753} INFO - DAG(s) dict_keys(['example_dag_decorator']) retrieved from /home/airflow/.local/lib/python3.7/site-packages/airflow/example_dags/example_dag_decorator.py
[2023-04-15T18:20:17.518+0000] {logging_mixin.py:137} INFO - [2023-04-15T18:20:17.518+0000] {dag.py:2705} INFO - Sync 1 DAGs
[2023-04-15T18:20:17.555+0000] {logging_mixin.py:137} INFO - [2023-04-15T18:20:17.555+0000] {dag.py:3456} INFO - Setting next_dagrun for example_dag_decorator to None, run_after=None
[2023-04-15T18:20:17.592+0000] {processor.py:175} INFO - Processing /home/airflow/.local/lib/python3.7/site-packages/airflow/example_dags/example_dag_decorator.py took 0.250 seconds
[2023-04-15T18:20:48.200+0000] {processor.py:153} INFO - Started process (PID=543) to work on /home/airflow/.local/lib/python3.7/site-packages/airflow/example_dags/example_dag_decorator.py
[2023-04-15T18:20:48.206+0000] {processor.py:743} INFO - Processing file /home/airflow/.local/lib/python3.7/site-packages/airflow/example_dags/example_dag_decorator.py for tasks to queue
[2023-04-15T18:20:48.212+0000] {logging_mixin.py:137} INFO - [2023-04-15T18:20:48.211+0000] {dagbag.py:532} INFO - Filling up the DagBag from /home/airflow/.local/lib/python3.7/site-packages/airflow/example_dags/example_dag_decorator.py
[2023-04-15T18:20:48.254+0000] {logging_mixin.py:137} INFO - [2023-04-15T18:20:48.254+0000] {taskmixin.py:211} WARNING - Dependency <Task(_PythonDecoratedOperator): prepare_email>, send_email already registered for DAG: example_dag_decorator
[2023-04-15T18:20:48.256+0000] {logging_mixin.py:137} INFO - [2023-04-15T18:20:48.256+0000] {taskmixin.py:211} WARNING - Dependency <Task(EmailOperator): send_email>, prepare_email already registered for DAG: example_dag_decorator
[2023-04-15T18:20:48.276+0000] {processor.py:753} INFO - DAG(s) dict_keys(['example_dag_decorator']) retrieved from /home/airflow/.local/lib/python3.7/site-packages/airflow/example_dags/example_dag_decorator.py
[2023-04-15T18:20:48.374+0000] {logging_mixin.py:137} INFO - [2023-04-15T18:20:48.374+0000] {dag.py:2705} INFO - Sync 1 DAGs
[2023-04-15T18:20:48.419+0000] {logging_mixin.py:137} INFO - [2023-04-15T18:20:48.418+0000] {dag.py:3456} INFO - Setting next_dagrun for example_dag_decorator to None, run_after=None
[2023-04-15T18:20:48.461+0000] {processor.py:175} INFO - Processing /home/airflow/.local/lib/python3.7/site-packages/airflow/example_dags/example_dag_decorator.py took 0.271 seconds
[2023-04-15T18:21:25.458+0000] {processor.py:153} INFO - Started process (PID=593) to work on /home/airflow/.local/lib/python3.7/site-packages/airflow/example_dags/example_dag_decorator.py
[2023-04-15T18:21:25.477+0000] {processor.py:743} INFO - Processing file /home/airflow/.local/lib/python3.7/site-packages/airflow/example_dags/example_dag_decorator.py for tasks to queue
[2023-04-15T18:21:25.485+0000] {logging_mixin.py:137} INFO - [2023-04-15T18:21:25.483+0000] {dagbag.py:532} INFO - Filling up the DagBag from /home/airflow/.local/lib/python3.7/site-packages/airflow/example_dags/example_dag_decorator.py
[2023-04-15T18:21:25.617+0000] {logging_mixin.py:137} INFO - [2023-04-15T18:21:25.616+0000] {taskmixin.py:211} WARNING - Dependency <Task(_PythonDecoratedOperator): prepare_email>, send_email already registered for DAG: example_dag_decorator
[2023-04-15T18:21:25.621+0000] {logging_mixin.py:137} INFO - [2023-04-15T18:21:25.620+0000] {taskmixin.py:211} WARNING - Dependency <Task(EmailOperator): send_email>, prepare_email already registered for DAG: example_dag_decorator
[2023-04-15T18:21:25.732+0000] {processor.py:753} INFO - DAG(s) dict_keys(['example_dag_decorator']) retrieved from /home/airflow/.local/lib/python3.7/site-packages/airflow/example_dags/example_dag_decorator.py
[2023-04-15T18:21:26.142+0000] {logging_mixin.py:137} INFO - [2023-04-15T18:21:26.141+0000] {dag.py:2705} INFO - Sync 1 DAGs
[2023-04-15T18:21:26.288+0000] {logging_mixin.py:137} INFO - [2023-04-15T18:21:26.288+0000] {dag.py:3456} INFO - Setting next_dagrun for example_dag_decorator to None, run_after=None
[2023-04-15T18:21:26.369+0000] {processor.py:175} INFO - Processing /home/airflow/.local/lib/python3.7/site-packages/airflow/example_dags/example_dag_decorator.py took 0.972 seconds
[2023-04-15T18:21:57.171+0000] {processor.py:153} INFO - Started process (PID=644) to work on /home/airflow/.local/lib/python3.7/site-packages/airflow/example_dags/example_dag_decorator.py
[2023-04-15T18:21:57.174+0000] {processor.py:743} INFO - Processing file /home/airflow/.local/lib/python3.7/site-packages/airflow/example_dags/example_dag_decorator.py for tasks to queue
[2023-04-15T18:21:57.176+0000] {logging_mixin.py:137} INFO - [2023-04-15T18:21:57.175+0000] {dagbag.py:532} INFO - Filling up the DagBag from /home/airflow/.local/lib/python3.7/site-packages/airflow/example_dags/example_dag_decorator.py
[2023-04-15T18:21:57.207+0000] {logging_mixin.py:137} INFO - [2023-04-15T18:21:57.207+0000] {taskmixin.py:211} WARNING - Dependency <Task(_PythonDecoratedOperator): prepare_email>, send_email already registered for DAG: example_dag_decorator
[2023-04-15T18:21:57.209+0000] {logging_mixin.py:137} INFO - [2023-04-15T18:21:57.209+0000] {taskmixin.py:211} WARNING - Dependency <Task(EmailOperator): send_email>, prepare_email already registered for DAG: example_dag_decorator
[2023-04-15T18:21:57.226+0000] {processor.py:753} INFO - DAG(s) dict_keys(['example_dag_decorator']) retrieved from /home/airflow/.local/lib/python3.7/site-packages/airflow/example_dags/example_dag_decorator.py
[2023-04-15T18:21:57.336+0000] {logging_mixin.py:137} INFO - [2023-04-15T18:21:57.336+0000] {dag.py:2705} INFO - Sync 1 DAGs
[2023-04-15T18:21:57.374+0000] {logging_mixin.py:137} INFO - [2023-04-15T18:21:57.374+0000] {dag.py:3456} INFO - Setting next_dagrun for example_dag_decorator to None, run_after=None
[2023-04-15T18:21:57.409+0000] {processor.py:175} INFO - Processing /home/airflow/.local/lib/python3.7/site-packages/airflow/example_dags/example_dag_decorator.py took 0.245 seconds
