[2023-04-15T18:15:25.227+0000] {processor.py:153} INFO - Started process (PID=52) to work on /home/airflow/.local/lib/python3.7/site-packages/airflow/example_dags/example_latest_only_with_trigger.py
[2023-04-15T18:15:25.234+0000] {processor.py:743} INFO - Processing file /home/airflow/.local/lib/python3.7/site-packages/airflow/example_dags/example_latest_only_with_trigger.py for tasks to queue
[2023-04-15T18:15:25.240+0000] {logging_mixin.py:137} INFO - [2023-04-15T18:15:25.239+0000] {dagbag.py:532} INFO - Filling up the DagBag from /home/airflow/.local/lib/python3.7/site-packages/airflow/example_dags/example_latest_only_with_trigger.py
[2023-04-15T18:15:25.314+0000] {processor.py:753} INFO - DAG(s) dict_keys(['latest_only_with_trigger']) retrieved from /home/airflow/.local/lib/python3.7/site-packages/airflow/example_dags/example_latest_only_with_trigger.py
[2023-04-15T18:15:25.396+0000] {logging_mixin.py:137} INFO - [2023-04-15T18:15:25.396+0000] {dag.py:2705} INFO - Sync 1 DAGs
[2023-04-15T18:15:25.471+0000] {logging_mixin.py:137} INFO - [2023-04-15T18:15:25.471+0000] {dag.py:3456} INFO - Setting next_dagrun for latest_only_with_trigger to 2023-04-15T14:15:25.471132+00:00, run_after=2023-04-15T18:15:25.471132+00:00
[2023-04-15T18:15:25.522+0000] {processor.py:175} INFO - Processing /home/airflow/.local/lib/python3.7/site-packages/airflow/example_dags/example_latest_only_with_trigger.py took 0.317 seconds
[2023-04-15T18:16:15.877+0000] {processor.py:153} INFO - Started process (PID=108) to work on /home/airflow/.local/lib/python3.7/site-packages/airflow/example_dags/example_latest_only_with_trigger.py
[2023-04-15T18:16:15.884+0000] {processor.py:743} INFO - Processing file /home/airflow/.local/lib/python3.7/site-packages/airflow/example_dags/example_latest_only_with_trigger.py for tasks to queue
[2023-04-15T18:16:15.888+0000] {logging_mixin.py:137} INFO - [2023-04-15T18:16:15.887+0000] {dagbag.py:532} INFO - Filling up the DagBag from /home/airflow/.local/lib/python3.7/site-packages/airflow/example_dags/example_latest_only_with_trigger.py
[2023-04-15T18:16:15.924+0000] {processor.py:753} INFO - DAG(s) dict_keys(['latest_only_with_trigger']) retrieved from /home/airflow/.local/lib/python3.7/site-packages/airflow/example_dags/example_latest_only_with_trigger.py
[2023-04-15T18:16:15.996+0000] {logging_mixin.py:137} INFO - [2023-04-15T18:16:15.994+0000] {dag.py:2705} INFO - Sync 1 DAGs
[2023-04-15T18:16:16.040+0000] {logging_mixin.py:137} INFO - [2023-04-15T18:16:16.039+0000] {dag.py:3456} INFO - Setting next_dagrun for latest_only_with_trigger to 2023-04-15T14:16:16.039570+00:00, run_after=2023-04-15T18:16:16.039570+00:00
[2023-04-15T18:16:16.081+0000] {processor.py:175} INFO - Processing /home/airflow/.local/lib/python3.7/site-packages/airflow/example_dags/example_latest_only_with_trigger.py took 0.210 seconds
[2023-04-15T18:16:46.352+0000] {processor.py:153} INFO - Started process (PID=157) to work on /home/airflow/.local/lib/python3.7/site-packages/airflow/example_dags/example_latest_only_with_trigger.py
[2023-04-15T18:16:46.355+0000] {processor.py:743} INFO - Processing file /home/airflow/.local/lib/python3.7/site-packages/airflow/example_dags/example_latest_only_with_trigger.py for tasks to queue
[2023-04-15T18:16:46.358+0000] {logging_mixin.py:137} INFO - [2023-04-15T18:16:46.357+0000] {dagbag.py:532} INFO - Filling up the DagBag from /home/airflow/.local/lib/python3.7/site-packages/airflow/example_dags/example_latest_only_with_trigger.py
[2023-04-15T18:16:46.379+0000] {processor.py:753} INFO - DAG(s) dict_keys(['latest_only_with_trigger']) retrieved from /home/airflow/.local/lib/python3.7/site-packages/airflow/example_dags/example_latest_only_with_trigger.py
[2023-04-15T18:16:46.417+0000] {logging_mixin.py:137} INFO - [2023-04-15T18:16:46.417+0000] {dag.py:2705} INFO - Sync 1 DAGs
[2023-04-15T18:16:46.454+0000] {logging_mixin.py:137} INFO - [2023-04-15T18:16:46.454+0000] {dag.py:3456} INFO - Setting next_dagrun for latest_only_with_trigger to 2023-04-15T14:16:46.454010+00:00, run_after=2023-04-15T18:16:46.454010+00:00
[2023-04-15T18:16:46.485+0000] {processor.py:175} INFO - Processing /home/airflow/.local/lib/python3.7/site-packages/airflow/example_dags/example_latest_only_with_trigger.py took 0.138 seconds
[2023-04-15T18:17:16.617+0000] {processor.py:153} INFO - Started process (PID=207) to work on /home/airflow/.local/lib/python3.7/site-packages/airflow/example_dags/example_latest_only_with_trigger.py
[2023-04-15T18:17:16.619+0000] {processor.py:743} INFO - Processing file /home/airflow/.local/lib/python3.7/site-packages/airflow/example_dags/example_latest_only_with_trigger.py for tasks to queue
[2023-04-15T18:17:16.622+0000] {logging_mixin.py:137} INFO - [2023-04-15T18:17:16.621+0000] {dagbag.py:532} INFO - Filling up the DagBag from /home/airflow/.local/lib/python3.7/site-packages/airflow/example_dags/example_latest_only_with_trigger.py
[2023-04-15T18:17:16.650+0000] {processor.py:753} INFO - DAG(s) dict_keys(['latest_only_with_trigger']) retrieved from /home/airflow/.local/lib/python3.7/site-packages/airflow/example_dags/example_latest_only_with_trigger.py
[2023-04-15T18:17:16.689+0000] {logging_mixin.py:137} INFO - [2023-04-15T18:17:16.689+0000] {dag.py:2705} INFO - Sync 1 DAGs
[2023-04-15T18:17:16.729+0000] {logging_mixin.py:137} INFO - [2023-04-15T18:17:16.729+0000] {dag.py:3456} INFO - Setting next_dagrun for latest_only_with_trigger to 2023-04-15T14:17:16.728885+00:00, run_after=2023-04-15T18:17:16.728885+00:00
[2023-04-15T18:17:16.763+0000] {processor.py:175} INFO - Processing /home/airflow/.local/lib/python3.7/site-packages/airflow/example_dags/example_latest_only_with_trigger.py took 0.152 seconds
[2023-04-15T18:17:47.108+0000] {processor.py:153} INFO - Started process (PID=256) to work on /home/airflow/.local/lib/python3.7/site-packages/airflow/example_dags/example_latest_only_with_trigger.py
[2023-04-15T18:17:47.110+0000] {processor.py:743} INFO - Processing file /home/airflow/.local/lib/python3.7/site-packages/airflow/example_dags/example_latest_only_with_trigger.py for tasks to queue
[2023-04-15T18:17:47.112+0000] {logging_mixin.py:137} INFO - [2023-04-15T18:17:47.112+0000] {dagbag.py:532} INFO - Filling up the DagBag from /home/airflow/.local/lib/python3.7/site-packages/airflow/example_dags/example_latest_only_with_trigger.py
[2023-04-15T18:17:47.134+0000] {processor.py:753} INFO - DAG(s) dict_keys(['latest_only_with_trigger']) retrieved from /home/airflow/.local/lib/python3.7/site-packages/airflow/example_dags/example_latest_only_with_trigger.py
[2023-04-15T18:17:47.176+0000] {logging_mixin.py:137} INFO - [2023-04-15T18:17:47.175+0000] {dag.py:2705} INFO - Sync 1 DAGs
[2023-04-15T18:17:47.215+0000] {logging_mixin.py:137} INFO - [2023-04-15T18:17:47.215+0000] {dag.py:3456} INFO - Setting next_dagrun for latest_only_with_trigger to 2023-04-15T14:17:47.214962+00:00, run_after=2023-04-15T18:17:47.214962+00:00
[2023-04-15T18:17:47.250+0000] {processor.py:175} INFO - Processing /home/airflow/.local/lib/python3.7/site-packages/airflow/example_dags/example_latest_only_with_trigger.py took 0.148 seconds
[2023-04-15T18:18:17.688+0000] {processor.py:153} INFO - Started process (PID=305) to work on /home/airflow/.local/lib/python3.7/site-packages/airflow/example_dags/example_latest_only_with_trigger.py
[2023-04-15T18:18:17.691+0000] {processor.py:743} INFO - Processing file /home/airflow/.local/lib/python3.7/site-packages/airflow/example_dags/example_latest_only_with_trigger.py for tasks to queue
[2023-04-15T18:18:17.693+0000] {logging_mixin.py:137} INFO - [2023-04-15T18:18:17.693+0000] {dagbag.py:532} INFO - Filling up the DagBag from /home/airflow/.local/lib/python3.7/site-packages/airflow/example_dags/example_latest_only_with_trigger.py
[2023-04-15T18:18:17.717+0000] {processor.py:753} INFO - DAG(s) dict_keys(['latest_only_with_trigger']) retrieved from /home/airflow/.local/lib/python3.7/site-packages/airflow/example_dags/example_latest_only_with_trigger.py
[2023-04-15T18:18:17.772+0000] {logging_mixin.py:137} INFO - [2023-04-15T18:18:17.771+0000] {dag.py:2705} INFO - Sync 1 DAGs
[2023-04-15T18:18:17.813+0000] {logging_mixin.py:137} INFO - [2023-04-15T18:18:17.813+0000] {dag.py:3456} INFO - Setting next_dagrun for latest_only_with_trigger to 2023-04-15T14:18:17.813167+00:00, run_after=2023-04-15T18:18:17.813167+00:00
[2023-04-15T18:18:17.853+0000] {processor.py:175} INFO - Processing /home/airflow/.local/lib/python3.7/site-packages/airflow/example_dags/example_latest_only_with_trigger.py took 0.170 seconds
[2023-04-15T18:18:48.021+0000] {processor.py:153} INFO - Started process (PID=356) to work on /home/airflow/.local/lib/python3.7/site-packages/airflow/example_dags/example_latest_only_with_trigger.py
[2023-04-15T18:18:48.024+0000] {processor.py:743} INFO - Processing file /home/airflow/.local/lib/python3.7/site-packages/airflow/example_dags/example_latest_only_with_trigger.py for tasks to queue
[2023-04-15T18:18:48.026+0000] {logging_mixin.py:137} INFO - [2023-04-15T18:18:48.026+0000] {dagbag.py:532} INFO - Filling up the DagBag from /home/airflow/.local/lib/python3.7/site-packages/airflow/example_dags/example_latest_only_with_trigger.py
[2023-04-15T18:18:48.050+0000] {processor.py:753} INFO - DAG(s) dict_keys(['latest_only_with_trigger']) retrieved from /home/airflow/.local/lib/python3.7/site-packages/airflow/example_dags/example_latest_only_with_trigger.py
[2023-04-15T18:18:48.091+0000] {logging_mixin.py:137} INFO - [2023-04-15T18:18:48.091+0000] {dag.py:2705} INFO - Sync 1 DAGs
[2023-04-15T18:18:48.132+0000] {logging_mixin.py:137} INFO - [2023-04-15T18:18:48.132+0000] {dag.py:3456} INFO - Setting next_dagrun for latest_only_with_trigger to 2023-04-15T14:18:48.132076+00:00, run_after=2023-04-15T18:18:48.132076+00:00
[2023-04-15T18:18:48.166+0000] {processor.py:175} INFO - Processing /home/airflow/.local/lib/python3.7/site-packages/airflow/example_dags/example_latest_only_with_trigger.py took 0.150 seconds
[2023-04-15T18:19:18.735+0000] {processor.py:153} INFO - Started process (PID=406) to work on /home/airflow/.local/lib/python3.7/site-packages/airflow/example_dags/example_latest_only_with_trigger.py
[2023-04-15T18:19:18.737+0000] {processor.py:743} INFO - Processing file /home/airflow/.local/lib/python3.7/site-packages/airflow/example_dags/example_latest_only_with_trigger.py for tasks to queue
[2023-04-15T18:19:18.740+0000] {logging_mixin.py:137} INFO - [2023-04-15T18:19:18.739+0000] {dagbag.py:532} INFO - Filling up the DagBag from /home/airflow/.local/lib/python3.7/site-packages/airflow/example_dags/example_latest_only_with_trigger.py
[2023-04-15T18:19:18.767+0000] {processor.py:753} INFO - DAG(s) dict_keys(['latest_only_with_trigger']) retrieved from /home/airflow/.local/lib/python3.7/site-packages/airflow/example_dags/example_latest_only_with_trigger.py
[2023-04-15T18:19:18.810+0000] {logging_mixin.py:137} INFO - [2023-04-15T18:19:18.810+0000] {dag.py:2705} INFO - Sync 1 DAGs
[2023-04-15T18:19:18.850+0000] {logging_mixin.py:137} INFO - [2023-04-15T18:19:18.850+0000] {dag.py:3456} INFO - Setting next_dagrun for latest_only_with_trigger to 2023-04-15T14:19:18.850271+00:00, run_after=2023-04-15T18:19:18.850271+00:00
[2023-04-15T18:19:18.882+0000] {processor.py:175} INFO - Processing /home/airflow/.local/lib/python3.7/site-packages/airflow/example_dags/example_latest_only_with_trigger.py took 0.153 seconds
[2023-04-15T18:19:49.142+0000] {processor.py:153} INFO - Started process (PID=456) to work on /home/airflow/.local/lib/python3.7/site-packages/airflow/example_dags/example_latest_only_with_trigger.py
[2023-04-15T18:19:49.145+0000] {processor.py:743} INFO - Processing file /home/airflow/.local/lib/python3.7/site-packages/airflow/example_dags/example_latest_only_with_trigger.py for tasks to queue
[2023-04-15T18:19:49.147+0000] {logging_mixin.py:137} INFO - [2023-04-15T18:19:49.147+0000] {dagbag.py:532} INFO - Filling up the DagBag from /home/airflow/.local/lib/python3.7/site-packages/airflow/example_dags/example_latest_only_with_trigger.py
[2023-04-15T18:19:49.169+0000] {processor.py:753} INFO - DAG(s) dict_keys(['latest_only_with_trigger']) retrieved from /home/airflow/.local/lib/python3.7/site-packages/airflow/example_dags/example_latest_only_with_trigger.py
[2023-04-15T18:19:49.208+0000] {logging_mixin.py:137} INFO - [2023-04-15T18:19:49.208+0000] {dag.py:2705} INFO - Sync 1 DAGs
[2023-04-15T18:19:49.245+0000] {logging_mixin.py:137} INFO - [2023-04-15T18:19:49.245+0000] {dag.py:3456} INFO - Setting next_dagrun for latest_only_with_trigger to 2023-04-15T14:19:49.245294+00:00, run_after=2023-04-15T18:19:49.245294+00:00
[2023-04-15T18:19:49.283+0000] {processor.py:175} INFO - Processing /home/airflow/.local/lib/python3.7/site-packages/airflow/example_dags/example_latest_only_with_trigger.py took 0.146 seconds
[2023-04-15T18:20:19.895+0000] {processor.py:153} INFO - Started process (PID=505) to work on /home/airflow/.local/lib/python3.7/site-packages/airflow/example_dags/example_latest_only_with_trigger.py
[2023-04-15T18:20:19.898+0000] {processor.py:743} INFO - Processing file /home/airflow/.local/lib/python3.7/site-packages/airflow/example_dags/example_latest_only_with_trigger.py for tasks to queue
[2023-04-15T18:20:19.901+0000] {logging_mixin.py:137} INFO - [2023-04-15T18:20:19.900+0000] {dagbag.py:532} INFO - Filling up the DagBag from /home/airflow/.local/lib/python3.7/site-packages/airflow/example_dags/example_latest_only_with_trigger.py
[2023-04-15T18:20:19.928+0000] {processor.py:753} INFO - DAG(s) dict_keys(['latest_only_with_trigger']) retrieved from /home/airflow/.local/lib/python3.7/site-packages/airflow/example_dags/example_latest_only_with_trigger.py
[2023-04-15T18:20:19.979+0000] {logging_mixin.py:137} INFO - [2023-04-15T18:20:19.979+0000] {dag.py:2705} INFO - Sync 1 DAGs
[2023-04-15T18:20:20.022+0000] {logging_mixin.py:137} INFO - [2023-04-15T18:20:20.022+0000] {dag.py:3456} INFO - Setting next_dagrun for latest_only_with_trigger to 2023-04-15T14:20:20.021675+00:00, run_after=2023-04-15T18:20:20.021675+00:00
[2023-04-15T18:20:20.054+0000] {processor.py:175} INFO - Processing /home/airflow/.local/lib/python3.7/site-packages/airflow/example_dags/example_latest_only_with_trigger.py took 0.164 seconds
[2023-04-15T18:20:50.515+0000] {processor.py:153} INFO - Started process (PID=555) to work on /home/airflow/.local/lib/python3.7/site-packages/airflow/example_dags/example_latest_only_with_trigger.py
[2023-04-15T18:20:50.518+0000] {processor.py:743} INFO - Processing file /home/airflow/.local/lib/python3.7/site-packages/airflow/example_dags/example_latest_only_with_trigger.py for tasks to queue
[2023-04-15T18:20:50.521+0000] {logging_mixin.py:137} INFO - [2023-04-15T18:20:50.520+0000] {dagbag.py:532} INFO - Filling up the DagBag from /home/airflow/.local/lib/python3.7/site-packages/airflow/example_dags/example_latest_only_with_trigger.py
[2023-04-15T18:20:50.543+0000] {processor.py:753} INFO - DAG(s) dict_keys(['latest_only_with_trigger']) retrieved from /home/airflow/.local/lib/python3.7/site-packages/airflow/example_dags/example_latest_only_with_trigger.py
[2023-04-15T18:20:50.585+0000] {logging_mixin.py:137} INFO - [2023-04-15T18:20:50.585+0000] {dag.py:2705} INFO - Sync 1 DAGs
[2023-04-15T18:20:50.634+0000] {logging_mixin.py:137} INFO - [2023-04-15T18:20:50.634+0000] {dag.py:3456} INFO - Setting next_dagrun for latest_only_with_trigger to 2023-04-15T14:20:50.633807+00:00, run_after=2023-04-15T18:20:50.633807+00:00
[2023-04-15T18:20:50.675+0000] {processor.py:175} INFO - Processing /home/airflow/.local/lib/python3.7/site-packages/airflow/example_dags/example_latest_only_with_trigger.py took 0.166 seconds
[2023-04-15T18:21:27.964+0000] {processor.py:153} INFO - Started process (PID=603) to work on /home/airflow/.local/lib/python3.7/site-packages/airflow/example_dags/example_latest_only_with_trigger.py
[2023-04-15T18:21:27.968+0000] {processor.py:743} INFO - Processing file /home/airflow/.local/lib/python3.7/site-packages/airflow/example_dags/example_latest_only_with_trigger.py for tasks to queue
[2023-04-15T18:21:27.974+0000] {logging_mixin.py:137} INFO - [2023-04-15T18:21:27.974+0000] {dagbag.py:532} INFO - Filling up the DagBag from /home/airflow/.local/lib/python3.7/site-packages/airflow/example_dags/example_latest_only_with_trigger.py
[2023-04-15T18:21:28.018+0000] {processor.py:753} INFO - DAG(s) dict_keys(['latest_only_with_trigger']) retrieved from /home/airflow/.local/lib/python3.7/site-packages/airflow/example_dags/example_latest_only_with_trigger.py
[2023-04-15T18:21:28.082+0000] {logging_mixin.py:137} INFO - [2023-04-15T18:21:28.082+0000] {dag.py:2705} INFO - Sync 1 DAGs
[2023-04-15T18:21:28.150+0000] {logging_mixin.py:137} INFO - [2023-04-15T18:21:28.150+0000] {dag.py:3456} INFO - Setting next_dagrun for latest_only_with_trigger to 2023-04-15T14:21:28.149502+00:00, run_after=2023-04-15T18:21:28.149502+00:00
[2023-04-15T18:21:28.205+0000] {processor.py:175} INFO - Processing /home/airflow/.local/lib/python3.7/site-packages/airflow/example_dags/example_latest_only_with_trigger.py took 0.250 seconds
[2023-04-15T18:21:58.281+0000] {processor.py:153} INFO - Started process (PID=654) to work on /home/airflow/.local/lib/python3.7/site-packages/airflow/example_dags/example_latest_only_with_trigger.py
[2023-04-15T18:21:58.284+0000] {processor.py:743} INFO - Processing file /home/airflow/.local/lib/python3.7/site-packages/airflow/example_dags/example_latest_only_with_trigger.py for tasks to queue
[2023-04-15T18:21:58.286+0000] {logging_mixin.py:137} INFO - [2023-04-15T18:21:58.286+0000] {dagbag.py:532} INFO - Filling up the DagBag from /home/airflow/.local/lib/python3.7/site-packages/airflow/example_dags/example_latest_only_with_trigger.py
[2023-04-15T18:21:58.305+0000] {processor.py:753} INFO - DAG(s) dict_keys(['latest_only_with_trigger']) retrieved from /home/airflow/.local/lib/python3.7/site-packages/airflow/example_dags/example_latest_only_with_trigger.py
[2023-04-15T18:21:58.341+0000] {logging_mixin.py:137} INFO - [2023-04-15T18:21:58.341+0000] {dag.py:2705} INFO - Sync 1 DAGs
[2023-04-15T18:21:58.378+0000] {logging_mixin.py:137} INFO - [2023-04-15T18:21:58.378+0000] {dag.py:3456} INFO - Setting next_dagrun for latest_only_with_trigger to 2023-04-15T14:21:58.378249+00:00, run_after=2023-04-15T18:21:58.378249+00:00
[2023-04-15T18:21:58.408+0000] {processor.py:175} INFO - Processing /home/airflow/.local/lib/python3.7/site-packages/airflow/example_dags/example_latest_only_with_trigger.py took 0.133 seconds
