[2023-04-15T18:15:28.644+0000] {processor.py:153} INFO - Started process (PID=61) to work on /home/airflow/.local/lib/python3.7/site-packages/airflow/example_dags/example_short_circuit_decorator.py
[2023-04-15T18:15:28.656+0000] {processor.py:743} INFO - Processing file /home/airflow/.local/lib/python3.7/site-packages/airflow/example_dags/example_short_circuit_decorator.py for tasks to queue
[2023-04-15T18:15:28.663+0000] {logging_mixin.py:137} INFO - [2023-04-15T18:15:28.663+0000] {dagbag.py:532} INFO - Filling up the DagBag from /home/airflow/.local/lib/python3.7/site-packages/airflow/example_dags/example_short_circuit_decorator.py
[2023-04-15T18:15:28.928+0000] {processor.py:753} INFO - DAG(s) dict_keys(['example_short_circuit_decorator']) retrieved from /home/airflow/.local/lib/python3.7/site-packages/airflow/example_dags/example_short_circuit_decorator.py
[2023-04-15T18:15:29.063+0000] {logging_mixin.py:137} INFO - [2023-04-15T18:15:29.062+0000] {dag.py:2705} INFO - Sync 1 DAGs
[2023-04-15T18:15:29.180+0000] {logging_mixin.py:137} INFO - [2023-04-15T18:15:29.180+0000] {dag.py:3456} INFO - Setting next_dagrun for example_short_circuit_decorator to 2023-04-14T18:15:29.179142+00:00, run_after=2023-04-15T18:15:29.179142+00:00
[2023-04-15T18:15:29.255+0000] {processor.py:175} INFO - Processing /home/airflow/.local/lib/python3.7/site-packages/airflow/example_dags/example_short_circuit_decorator.py took 0.659 seconds
[2023-04-15T18:16:17.585+0000] {processor.py:153} INFO - Started process (PID=117) to work on /home/airflow/.local/lib/python3.7/site-packages/airflow/example_dags/example_short_circuit_decorator.py
[2023-04-15T18:16:17.596+0000] {processor.py:743} INFO - Processing file /home/airflow/.local/lib/python3.7/site-packages/airflow/example_dags/example_short_circuit_decorator.py for tasks to queue
[2023-04-15T18:16:17.601+0000] {logging_mixin.py:137} INFO - [2023-04-15T18:16:17.600+0000] {dagbag.py:532} INFO - Filling up the DagBag from /home/airflow/.local/lib/python3.7/site-packages/airflow/example_dags/example_short_circuit_decorator.py
[2023-04-15T18:16:17.685+0000] {processor.py:753} INFO - DAG(s) dict_keys(['example_short_circuit_decorator']) retrieved from /home/airflow/.local/lib/python3.7/site-packages/airflow/example_dags/example_short_circuit_decorator.py
[2023-04-15T18:16:17.754+0000] {logging_mixin.py:137} INFO - [2023-04-15T18:16:17.754+0000] {dag.py:2705} INFO - Sync 1 DAGs
[2023-04-15T18:16:17.822+0000] {logging_mixin.py:137} INFO - [2023-04-15T18:16:17.822+0000] {dag.py:3456} INFO - Setting next_dagrun for example_short_circuit_decorator to 2023-04-14T18:16:17.821406+00:00, run_after=2023-04-15T18:16:17.821406+00:00
[2023-04-15T18:16:17.873+0000] {processor.py:175} INFO - Processing /home/airflow/.local/lib/python3.7/site-packages/airflow/example_dags/example_short_circuit_decorator.py took 0.300 seconds
[2023-04-15T18:16:48.304+0000] {processor.py:153} INFO - Started process (PID=166) to work on /home/airflow/.local/lib/python3.7/site-packages/airflow/example_dags/example_short_circuit_decorator.py
[2023-04-15T18:16:48.307+0000] {processor.py:743} INFO - Processing file /home/airflow/.local/lib/python3.7/site-packages/airflow/example_dags/example_short_circuit_decorator.py for tasks to queue
[2023-04-15T18:16:48.310+0000] {logging_mixin.py:137} INFO - [2023-04-15T18:16:48.309+0000] {dagbag.py:532} INFO - Filling up the DagBag from /home/airflow/.local/lib/python3.7/site-packages/airflow/example_dags/example_short_circuit_decorator.py
[2023-04-15T18:16:48.356+0000] {processor.py:753} INFO - DAG(s) dict_keys(['example_short_circuit_decorator']) retrieved from /home/airflow/.local/lib/python3.7/site-packages/airflow/example_dags/example_short_circuit_decorator.py
[2023-04-15T18:16:48.405+0000] {logging_mixin.py:137} INFO - [2023-04-15T18:16:48.404+0000] {dag.py:2705} INFO - Sync 1 DAGs
[2023-04-15T18:16:48.450+0000] {logging_mixin.py:137} INFO - [2023-04-15T18:16:48.450+0000] {dag.py:3456} INFO - Setting next_dagrun for example_short_circuit_decorator to 2023-04-14T18:16:48.449913+00:00, run_after=2023-04-15T18:16:48.449913+00:00
[2023-04-15T18:16:48.494+0000] {processor.py:175} INFO - Processing /home/airflow/.local/lib/python3.7/site-packages/airflow/example_dags/example_short_circuit_decorator.py took 0.196 seconds
[2023-04-15T18:17:18.714+0000] {processor.py:153} INFO - Started process (PID=216) to work on /home/airflow/.local/lib/python3.7/site-packages/airflow/example_dags/example_short_circuit_decorator.py
[2023-04-15T18:17:18.717+0000] {processor.py:743} INFO - Processing file /home/airflow/.local/lib/python3.7/site-packages/airflow/example_dags/example_short_circuit_decorator.py for tasks to queue
[2023-04-15T18:17:18.719+0000] {logging_mixin.py:137} INFO - [2023-04-15T18:17:18.719+0000] {dagbag.py:532} INFO - Filling up the DagBag from /home/airflow/.local/lib/python3.7/site-packages/airflow/example_dags/example_short_circuit_decorator.py
[2023-04-15T18:17:18.758+0000] {processor.py:753} INFO - DAG(s) dict_keys(['example_short_circuit_decorator']) retrieved from /home/airflow/.local/lib/python3.7/site-packages/airflow/example_dags/example_short_circuit_decorator.py
[2023-04-15T18:17:18.804+0000] {logging_mixin.py:137} INFO - [2023-04-15T18:17:18.804+0000] {dag.py:2705} INFO - Sync 1 DAGs
[2023-04-15T18:17:18.841+0000] {logging_mixin.py:137} INFO - [2023-04-15T18:17:18.841+0000] {dag.py:3456} INFO - Setting next_dagrun for example_short_circuit_decorator to 2023-04-14T18:17:18.840800+00:00, run_after=2023-04-15T18:17:18.840800+00:00
[2023-04-15T18:17:18.875+0000] {processor.py:175} INFO - Processing /home/airflow/.local/lib/python3.7/site-packages/airflow/example_dags/example_short_circuit_decorator.py took 0.167 seconds
[2023-04-15T18:17:49.106+0000] {processor.py:153} INFO - Started process (PID=265) to work on /home/airflow/.local/lib/python3.7/site-packages/airflow/example_dags/example_short_circuit_decorator.py
[2023-04-15T18:17:49.109+0000] {processor.py:743} INFO - Processing file /home/airflow/.local/lib/python3.7/site-packages/airflow/example_dags/example_short_circuit_decorator.py for tasks to queue
[2023-04-15T18:17:49.113+0000] {logging_mixin.py:137} INFO - [2023-04-15T18:17:49.112+0000] {dagbag.py:532} INFO - Filling up the DagBag from /home/airflow/.local/lib/python3.7/site-packages/airflow/example_dags/example_short_circuit_decorator.py
[2023-04-15T18:17:49.150+0000] {processor.py:753} INFO - DAG(s) dict_keys(['example_short_circuit_decorator']) retrieved from /home/airflow/.local/lib/python3.7/site-packages/airflow/example_dags/example_short_circuit_decorator.py
[2023-04-15T18:17:49.197+0000] {logging_mixin.py:137} INFO - [2023-04-15T18:17:49.196+0000] {dag.py:2705} INFO - Sync 1 DAGs
[2023-04-15T18:17:49.236+0000] {logging_mixin.py:137} INFO - [2023-04-15T18:17:49.236+0000] {dag.py:3456} INFO - Setting next_dagrun for example_short_circuit_decorator to 2023-04-14T18:17:49.235846+00:00, run_after=2023-04-15T18:17:49.235846+00:00
[2023-04-15T18:17:49.267+0000] {processor.py:175} INFO - Processing /home/airflow/.local/lib/python3.7/site-packages/airflow/example_dags/example_short_circuit_decorator.py took 0.167 seconds
[2023-04-15T18:18:19.886+0000] {processor.py:153} INFO - Started process (PID=314) to work on /home/airflow/.local/lib/python3.7/site-packages/airflow/example_dags/example_short_circuit_decorator.py
[2023-04-15T18:18:19.888+0000] {processor.py:743} INFO - Processing file /home/airflow/.local/lib/python3.7/site-packages/airflow/example_dags/example_short_circuit_decorator.py for tasks to queue
[2023-04-15T18:18:19.891+0000] {logging_mixin.py:137} INFO - [2023-04-15T18:18:19.891+0000] {dagbag.py:532} INFO - Filling up the DagBag from /home/airflow/.local/lib/python3.7/site-packages/airflow/example_dags/example_short_circuit_decorator.py
[2023-04-15T18:18:19.948+0000] {processor.py:753} INFO - DAG(s) dict_keys(['example_short_circuit_decorator']) retrieved from /home/airflow/.local/lib/python3.7/site-packages/airflow/example_dags/example_short_circuit_decorator.py
[2023-04-15T18:18:20.011+0000] {logging_mixin.py:137} INFO - [2023-04-15T18:18:20.011+0000] {dag.py:2705} INFO - Sync 1 DAGs
[2023-04-15T18:18:20.050+0000] {logging_mixin.py:137} INFO - [2023-04-15T18:18:20.050+0000] {dag.py:3456} INFO - Setting next_dagrun for example_short_circuit_decorator to 2023-04-14T18:18:20.049814+00:00, run_after=2023-04-15T18:18:20.049814+00:00
[2023-04-15T18:18:20.081+0000] {processor.py:175} INFO - Processing /home/airflow/.local/lib/python3.7/site-packages/airflow/example_dags/example_short_circuit_decorator.py took 0.201 seconds
[2023-04-15T18:18:50.452+0000] {processor.py:153} INFO - Started process (PID=365) to work on /home/airflow/.local/lib/python3.7/site-packages/airflow/example_dags/example_short_circuit_decorator.py
[2023-04-15T18:18:50.455+0000] {processor.py:743} INFO - Processing file /home/airflow/.local/lib/python3.7/site-packages/airflow/example_dags/example_short_circuit_decorator.py for tasks to queue
[2023-04-15T18:18:50.459+0000] {logging_mixin.py:137} INFO - [2023-04-15T18:18:50.458+0000] {dagbag.py:532} INFO - Filling up the DagBag from /home/airflow/.local/lib/python3.7/site-packages/airflow/example_dags/example_short_circuit_decorator.py
[2023-04-15T18:18:50.498+0000] {processor.py:753} INFO - DAG(s) dict_keys(['example_short_circuit_decorator']) retrieved from /home/airflow/.local/lib/python3.7/site-packages/airflow/example_dags/example_short_circuit_decorator.py
[2023-04-15T18:18:50.540+0000] {logging_mixin.py:137} INFO - [2023-04-15T18:18:50.539+0000] {dag.py:2705} INFO - Sync 1 DAGs
[2023-04-15T18:18:50.577+0000] {logging_mixin.py:137} INFO - [2023-04-15T18:18:50.577+0000] {dag.py:3456} INFO - Setting next_dagrun for example_short_circuit_decorator to 2023-04-14T18:18:50.576908+00:00, run_after=2023-04-15T18:18:50.576908+00:00
[2023-04-15T18:18:50.616+0000] {processor.py:175} INFO - Processing /home/airflow/.local/lib/python3.7/site-packages/airflow/example_dags/example_short_circuit_decorator.py took 0.171 seconds
[2023-04-15T18:19:20.659+0000] {processor.py:153} INFO - Started process (PID=415) to work on /home/airflow/.local/lib/python3.7/site-packages/airflow/example_dags/example_short_circuit_decorator.py
[2023-04-15T18:19:20.662+0000] {processor.py:743} INFO - Processing file /home/airflow/.local/lib/python3.7/site-packages/airflow/example_dags/example_short_circuit_decorator.py for tasks to queue
[2023-04-15T18:19:20.664+0000] {logging_mixin.py:137} INFO - [2023-04-15T18:19:20.663+0000] {dagbag.py:532} INFO - Filling up the DagBag from /home/airflow/.local/lib/python3.7/site-packages/airflow/example_dags/example_short_circuit_decorator.py
[2023-04-15T18:19:20.703+0000] {processor.py:753} INFO - DAG(s) dict_keys(['example_short_circuit_decorator']) retrieved from /home/airflow/.local/lib/python3.7/site-packages/airflow/example_dags/example_short_circuit_decorator.py
[2023-04-15T18:19:20.772+0000] {logging_mixin.py:137} INFO - [2023-04-15T18:19:20.772+0000] {dag.py:2705} INFO - Sync 1 DAGs
[2023-04-15T18:19:20.813+0000] {logging_mixin.py:137} INFO - [2023-04-15T18:19:20.813+0000] {dag.py:3456} INFO - Setting next_dagrun for example_short_circuit_decorator to 2023-04-14T18:19:20.812978+00:00, run_after=2023-04-15T18:19:20.812978+00:00
[2023-04-15T18:19:20.842+0000] {processor.py:175} INFO - Processing /home/airflow/.local/lib/python3.7/site-packages/airflow/example_dags/example_short_circuit_decorator.py took 0.188 seconds
[2023-04-15T18:19:51.173+0000] {processor.py:153} INFO - Started process (PID=465) to work on /home/airflow/.local/lib/python3.7/site-packages/airflow/example_dags/example_short_circuit_decorator.py
[2023-04-15T18:19:51.176+0000] {processor.py:743} INFO - Processing file /home/airflow/.local/lib/python3.7/site-packages/airflow/example_dags/example_short_circuit_decorator.py for tasks to queue
[2023-04-15T18:19:51.178+0000] {logging_mixin.py:137} INFO - [2023-04-15T18:19:51.178+0000] {dagbag.py:532} INFO - Filling up the DagBag from /home/airflow/.local/lib/python3.7/site-packages/airflow/example_dags/example_short_circuit_decorator.py
[2023-04-15T18:19:51.220+0000] {processor.py:753} INFO - DAG(s) dict_keys(['example_short_circuit_decorator']) retrieved from /home/airflow/.local/lib/python3.7/site-packages/airflow/example_dags/example_short_circuit_decorator.py
[2023-04-15T18:19:51.270+0000] {logging_mixin.py:137} INFO - [2023-04-15T18:19:51.269+0000] {dag.py:2705} INFO - Sync 1 DAGs
[2023-04-15T18:19:51.310+0000] {logging_mixin.py:137} INFO - [2023-04-15T18:19:51.310+0000] {dag.py:3456} INFO - Setting next_dagrun for example_short_circuit_decorator to 2023-04-14T18:19:51.309723+00:00, run_after=2023-04-15T18:19:51.309723+00:00
[2023-04-15T18:19:51.342+0000] {processor.py:175} INFO - Processing /home/airflow/.local/lib/python3.7/site-packages/airflow/example_dags/example_short_circuit_decorator.py took 0.175 seconds
[2023-04-15T18:20:21.864+0000] {processor.py:153} INFO - Started process (PID=514) to work on /home/airflow/.local/lib/python3.7/site-packages/airflow/example_dags/example_short_circuit_decorator.py
[2023-04-15T18:20:21.867+0000] {processor.py:743} INFO - Processing file /home/airflow/.local/lib/python3.7/site-packages/airflow/example_dags/example_short_circuit_decorator.py for tasks to queue
[2023-04-15T18:20:21.869+0000] {logging_mixin.py:137} INFO - [2023-04-15T18:20:21.869+0000] {dagbag.py:532} INFO - Filling up the DagBag from /home/airflow/.local/lib/python3.7/site-packages/airflow/example_dags/example_short_circuit_decorator.py
[2023-04-15T18:20:21.911+0000] {processor.py:753} INFO - DAG(s) dict_keys(['example_short_circuit_decorator']) retrieved from /home/airflow/.local/lib/python3.7/site-packages/airflow/example_dags/example_short_circuit_decorator.py
[2023-04-15T18:20:21.961+0000] {logging_mixin.py:137} INFO - [2023-04-15T18:20:21.960+0000] {dag.py:2705} INFO - Sync 1 DAGs
[2023-04-15T18:20:22.000+0000] {logging_mixin.py:137} INFO - [2023-04-15T18:20:21.999+0000] {dag.py:3456} INFO - Setting next_dagrun for example_short_circuit_decorator to 2023-04-14T18:20:21.999529+00:00, run_after=2023-04-15T18:20:21.999529+00:00
[2023-04-15T18:20:22.031+0000] {processor.py:175} INFO - Processing /home/airflow/.local/lib/python3.7/site-packages/airflow/example_dags/example_short_circuit_decorator.py took 0.172 seconds
[2023-04-15T18:20:52.487+0000] {processor.py:153} INFO - Started process (PID=564) to work on /home/airflow/.local/lib/python3.7/site-packages/airflow/example_dags/example_short_circuit_decorator.py
[2023-04-15T18:20:52.490+0000] {processor.py:743} INFO - Processing file /home/airflow/.local/lib/python3.7/site-packages/airflow/example_dags/example_short_circuit_decorator.py for tasks to queue
[2023-04-15T18:20:52.492+0000] {logging_mixin.py:137} INFO - [2023-04-15T18:20:52.492+0000] {dagbag.py:532} INFO - Filling up the DagBag from /home/airflow/.local/lib/python3.7/site-packages/airflow/example_dags/example_short_circuit_decorator.py
[2023-04-15T18:20:52.536+0000] {processor.py:753} INFO - DAG(s) dict_keys(['example_short_circuit_decorator']) retrieved from /home/airflow/.local/lib/python3.7/site-packages/airflow/example_dags/example_short_circuit_decorator.py
[2023-04-15T18:20:52.593+0000] {logging_mixin.py:137} INFO - [2023-04-15T18:20:52.593+0000] {dag.py:2705} INFO - Sync 1 DAGs
[2023-04-15T18:20:52.634+0000] {logging_mixin.py:137} INFO - [2023-04-15T18:20:52.633+0000] {dag.py:3456} INFO - Setting next_dagrun for example_short_circuit_decorator to 2023-04-14T18:20:52.633513+00:00, run_after=2023-04-15T18:20:52.633513+00:00
[2023-04-15T18:20:52.679+0000] {processor.py:175} INFO - Processing /home/airflow/.local/lib/python3.7/site-packages/airflow/example_dags/example_short_circuit_decorator.py took 0.198 seconds
[2023-04-15T18:21:29.210+0000] {processor.py:153} INFO - Started process (PID=612) to work on /home/airflow/.local/lib/python3.7/site-packages/airflow/example_dags/example_short_circuit_decorator.py
[2023-04-15T18:21:29.212+0000] {processor.py:743} INFO - Processing file /home/airflow/.local/lib/python3.7/site-packages/airflow/example_dags/example_short_circuit_decorator.py for tasks to queue
[2023-04-15T18:21:29.214+0000] {logging_mixin.py:137} INFO - [2023-04-15T18:21:29.214+0000] {dagbag.py:532} INFO - Filling up the DagBag from /home/airflow/.local/lib/python3.7/site-packages/airflow/example_dags/example_short_circuit_decorator.py
[2023-04-15T18:21:29.258+0000] {processor.py:753} INFO - DAG(s) dict_keys(['example_short_circuit_decorator']) retrieved from /home/airflow/.local/lib/python3.7/site-packages/airflow/example_dags/example_short_circuit_decorator.py
[2023-04-15T18:21:29.303+0000] {logging_mixin.py:137} INFO - [2023-04-15T18:21:29.303+0000] {dag.py:2705} INFO - Sync 1 DAGs
[2023-04-15T18:21:29.344+0000] {logging_mixin.py:137} INFO - [2023-04-15T18:21:29.344+0000] {dag.py:3456} INFO - Setting next_dagrun for example_short_circuit_decorator to 2023-04-14T18:21:29.344368+00:00, run_after=2023-04-15T18:21:29.344368+00:00
[2023-04-15T18:21:29.397+0000] {processor.py:175} INFO - Processing /home/airflow/.local/lib/python3.7/site-packages/airflow/example_dags/example_short_circuit_decorator.py took 0.193 seconds
[2023-04-15T18:22:00.260+0000] {processor.py:153} INFO - Started process (PID=663) to work on /home/airflow/.local/lib/python3.7/site-packages/airflow/example_dags/example_short_circuit_decorator.py
[2023-04-15T18:22:00.263+0000] {processor.py:743} INFO - Processing file /home/airflow/.local/lib/python3.7/site-packages/airflow/example_dags/example_short_circuit_decorator.py for tasks to queue
[2023-04-15T18:22:00.266+0000] {logging_mixin.py:137} INFO - [2023-04-15T18:22:00.266+0000] {dagbag.py:532} INFO - Filling up the DagBag from /home/airflow/.local/lib/python3.7/site-packages/airflow/example_dags/example_short_circuit_decorator.py
[2023-04-15T18:22:00.317+0000] {processor.py:753} INFO - DAG(s) dict_keys(['example_short_circuit_decorator']) retrieved from /home/airflow/.local/lib/python3.7/site-packages/airflow/example_dags/example_short_circuit_decorator.py
[2023-04-15T18:22:00.359+0000] {logging_mixin.py:137} INFO - [2023-04-15T18:22:00.358+0000] {dag.py:2705} INFO - Sync 1 DAGs
[2023-04-15T18:22:00.403+0000] {logging_mixin.py:137} INFO - [2023-04-15T18:22:00.403+0000] {dag.py:3456} INFO - Setting next_dagrun for example_short_circuit_decorator to 2023-04-14T18:22:00.403116+00:00, run_after=2023-04-15T18:22:00.403116+00:00
[2023-04-15T18:22:00.440+0000] {processor.py:175} INFO - Processing /home/airflow/.local/lib/python3.7/site-packages/airflow/example_dags/example_short_circuit_decorator.py took 0.187 seconds
