[2023-04-15T18:15:25.929+0000] {processor.py:153} INFO - Started process (PID=55) to work on /home/airflow/.local/lib/python3.7/site-packages/airflow/example_dags/example_external_task_marker_dag.py
[2023-04-15T18:15:25.933+0000] {processor.py:743} INFO - Processing file /home/airflow/.local/lib/python3.7/site-packages/airflow/example_dags/example_external_task_marker_dag.py for tasks to queue
[2023-04-15T18:15:25.938+0000] {logging_mixin.py:137} INFO - [2023-04-15T18:15:25.938+0000] {dagbag.py:532} INFO - Filling up the DagBag from /home/airflow/.local/lib/python3.7/site-packages/airflow/example_dags/example_external_task_marker_dag.py
[2023-04-15T18:15:26.001+0000] {processor.py:753} INFO - DAG(s) dict_keys(['example_external_task_marker_child', 'example_external_task_marker_parent']) retrieved from /home/airflow/.local/lib/python3.7/site-packages/airflow/example_dags/example_external_task_marker_dag.py
[2023-04-15T18:15:26.241+0000] {logging_mixin.py:137} INFO - [2023-04-15T18:15:26.241+0000] {dag.py:2705} INFO - Sync 2 DAGs
[2023-04-15T18:15:26.350+0000] {logging_mixin.py:137} INFO - [2023-04-15T18:15:26.349+0000] {dag.py:3456} INFO - Setting next_dagrun for example_external_task_marker_child to None, run_after=None
[2023-04-15T18:15:26.360+0000] {logging_mixin.py:137} INFO - [2023-04-15T18:15:26.360+0000] {dag.py:3456} INFO - Setting next_dagrun for example_external_task_marker_parent to None, run_after=None
[2023-04-15T18:15:26.400+0000] {processor.py:175} INFO - Processing /home/airflow/.local/lib/python3.7/site-packages/airflow/example_dags/example_external_task_marker_dag.py took 0.482 seconds
[2023-04-15T18:16:16.327+0000] {processor.py:153} INFO - Started process (PID=111) to work on /home/airflow/.local/lib/python3.7/site-packages/airflow/example_dags/example_external_task_marker_dag.py
[2023-04-15T18:16:16.332+0000] {processor.py:743} INFO - Processing file /home/airflow/.local/lib/python3.7/site-packages/airflow/example_dags/example_external_task_marker_dag.py for tasks to queue
[2023-04-15T18:16:16.336+0000] {logging_mixin.py:137} INFO - [2023-04-15T18:16:16.335+0000] {dagbag.py:532} INFO - Filling up the DagBag from /home/airflow/.local/lib/python3.7/site-packages/airflow/example_dags/example_external_task_marker_dag.py
[2023-04-15T18:16:16.390+0000] {processor.py:753} INFO - DAG(s) dict_keys(['example_external_task_marker_child', 'example_external_task_marker_parent']) retrieved from /home/airflow/.local/lib/python3.7/site-packages/airflow/example_dags/example_external_task_marker_dag.py
[2023-04-15T18:16:16.446+0000] {logging_mixin.py:137} INFO - [2023-04-15T18:16:16.446+0000] {dag.py:2705} INFO - Sync 2 DAGs
[2023-04-15T18:16:16.498+0000] {logging_mixin.py:137} INFO - [2023-04-15T18:16:16.498+0000] {dag.py:3456} INFO - Setting next_dagrun for example_external_task_marker_child to None, run_after=None
[2023-04-15T18:16:16.508+0000] {logging_mixin.py:137} INFO - [2023-04-15T18:16:16.508+0000] {dag.py:3456} INFO - Setting next_dagrun for example_external_task_marker_parent to None, run_after=None
[2023-04-15T18:16:16.535+0000] {processor.py:175} INFO - Processing /home/airflow/.local/lib/python3.7/site-packages/airflow/example_dags/example_external_task_marker_dag.py took 0.216 seconds
[2023-04-15T18:16:46.593+0000] {processor.py:153} INFO - Started process (PID=160) to work on /home/airflow/.local/lib/python3.7/site-packages/airflow/example_dags/example_external_task_marker_dag.py
[2023-04-15T18:16:46.596+0000] {processor.py:743} INFO - Processing file /home/airflow/.local/lib/python3.7/site-packages/airflow/example_dags/example_external_task_marker_dag.py for tasks to queue
[2023-04-15T18:16:46.598+0000] {logging_mixin.py:137} INFO - [2023-04-15T18:16:46.598+0000] {dagbag.py:532} INFO - Filling up the DagBag from /home/airflow/.local/lib/python3.7/site-packages/airflow/example_dags/example_external_task_marker_dag.py
[2023-04-15T18:16:46.617+0000] {processor.py:753} INFO - DAG(s) dict_keys(['example_external_task_marker_child', 'example_external_task_marker_parent']) retrieved from /home/airflow/.local/lib/python3.7/site-packages/airflow/example_dags/example_external_task_marker_dag.py
[2023-04-15T18:16:46.663+0000] {logging_mixin.py:137} INFO - [2023-04-15T18:16:46.663+0000] {dag.py:2705} INFO - Sync 2 DAGs
[2023-04-15T18:16:46.703+0000] {logging_mixin.py:137} INFO - [2023-04-15T18:16:46.703+0000] {dag.py:3456} INFO - Setting next_dagrun for example_external_task_marker_child to None, run_after=None
[2023-04-15T18:16:46.709+0000] {logging_mixin.py:137} INFO - [2023-04-15T18:16:46.709+0000] {dag.py:3456} INFO - Setting next_dagrun for example_external_task_marker_parent to None, run_after=None
[2023-04-15T18:16:46.733+0000] {processor.py:175} INFO - Processing /home/airflow/.local/lib/python3.7/site-packages/airflow/example_dags/example_external_task_marker_dag.py took 0.146 seconds
[2023-04-15T18:17:16.908+0000] {processor.py:153} INFO - Started process (PID=210) to work on /home/airflow/.local/lib/python3.7/site-packages/airflow/example_dags/example_external_task_marker_dag.py
[2023-04-15T18:17:16.912+0000] {processor.py:743} INFO - Processing file /home/airflow/.local/lib/python3.7/site-packages/airflow/example_dags/example_external_task_marker_dag.py for tasks to queue
[2023-04-15T18:17:16.915+0000] {logging_mixin.py:137} INFO - [2023-04-15T18:17:16.915+0000] {dagbag.py:532} INFO - Filling up the DagBag from /home/airflow/.local/lib/python3.7/site-packages/airflow/example_dags/example_external_task_marker_dag.py
[2023-04-15T18:17:16.955+0000] {processor.py:753} INFO - DAG(s) dict_keys(['example_external_task_marker_child', 'example_external_task_marker_parent']) retrieved from /home/airflow/.local/lib/python3.7/site-packages/airflow/example_dags/example_external_task_marker_dag.py
[2023-04-15T18:17:17.122+0000] {logging_mixin.py:137} INFO - [2023-04-15T18:17:17.121+0000] {dag.py:2705} INFO - Sync 2 DAGs
[2023-04-15T18:17:17.235+0000] {logging_mixin.py:137} INFO - [2023-04-15T18:17:17.235+0000] {dag.py:3456} INFO - Setting next_dagrun for example_external_task_marker_child to None, run_after=None
[2023-04-15T18:17:17.247+0000] {logging_mixin.py:137} INFO - [2023-04-15T18:17:17.246+0000] {dag.py:3456} INFO - Setting next_dagrun for example_external_task_marker_parent to None, run_after=None
[2023-04-15T18:17:17.291+0000] {processor.py:175} INFO - Processing /home/airflow/.local/lib/python3.7/site-packages/airflow/example_dags/example_external_task_marker_dag.py took 0.393 seconds
[2023-04-15T18:17:47.490+0000] {processor.py:153} INFO - Started process (PID=259) to work on /home/airflow/.local/lib/python3.7/site-packages/airflow/example_dags/example_external_task_marker_dag.py
[2023-04-15T18:17:47.493+0000] {processor.py:743} INFO - Processing file /home/airflow/.local/lib/python3.7/site-packages/airflow/example_dags/example_external_task_marker_dag.py for tasks to queue
[2023-04-15T18:17:47.495+0000] {logging_mixin.py:137} INFO - [2023-04-15T18:17:47.495+0000] {dagbag.py:532} INFO - Filling up the DagBag from /home/airflow/.local/lib/python3.7/site-packages/airflow/example_dags/example_external_task_marker_dag.py
[2023-04-15T18:17:47.519+0000] {processor.py:753} INFO - DAG(s) dict_keys(['example_external_task_marker_parent', 'example_external_task_marker_child']) retrieved from /home/airflow/.local/lib/python3.7/site-packages/airflow/example_dags/example_external_task_marker_dag.py
[2023-04-15T18:17:47.567+0000] {logging_mixin.py:137} INFO - [2023-04-15T18:17:47.567+0000] {dag.py:2705} INFO - Sync 2 DAGs
[2023-04-15T18:17:47.603+0000] {logging_mixin.py:137} INFO - [2023-04-15T18:17:47.603+0000] {dag.py:3456} INFO - Setting next_dagrun for example_external_task_marker_child to None, run_after=None
[2023-04-15T18:17:47.609+0000] {logging_mixin.py:137} INFO - [2023-04-15T18:17:47.609+0000] {dag.py:3456} INFO - Setting next_dagrun for example_external_task_marker_parent to None, run_after=None
[2023-04-15T18:17:47.642+0000] {processor.py:175} INFO - Processing /home/airflow/.local/lib/python3.7/site-packages/airflow/example_dags/example_external_task_marker_dag.py took 0.159 seconds
[2023-04-15T18:18:18.325+0000] {processor.py:153} INFO - Started process (PID=308) to work on /home/airflow/.local/lib/python3.7/site-packages/airflow/example_dags/example_external_task_marker_dag.py
[2023-04-15T18:18:18.328+0000] {processor.py:743} INFO - Processing file /home/airflow/.local/lib/python3.7/site-packages/airflow/example_dags/example_external_task_marker_dag.py for tasks to queue
[2023-04-15T18:18:18.329+0000] {logging_mixin.py:137} INFO - [2023-04-15T18:18:18.329+0000] {dagbag.py:532} INFO - Filling up the DagBag from /home/airflow/.local/lib/python3.7/site-packages/airflow/example_dags/example_external_task_marker_dag.py
[2023-04-15T18:18:18.350+0000] {processor.py:753} INFO - DAG(s) dict_keys(['example_external_task_marker_child', 'example_external_task_marker_parent']) retrieved from /home/airflow/.local/lib/python3.7/site-packages/airflow/example_dags/example_external_task_marker_dag.py
[2023-04-15T18:18:18.390+0000] {logging_mixin.py:137} INFO - [2023-04-15T18:18:18.390+0000] {dag.py:2705} INFO - Sync 2 DAGs
[2023-04-15T18:18:18.425+0000] {logging_mixin.py:137} INFO - [2023-04-15T18:18:18.425+0000] {dag.py:3456} INFO - Setting next_dagrun for example_external_task_marker_child to None, run_after=None
[2023-04-15T18:18:18.434+0000] {logging_mixin.py:137} INFO - [2023-04-15T18:18:18.434+0000] {dag.py:3456} INFO - Setting next_dagrun for example_external_task_marker_parent to None, run_after=None
[2023-04-15T18:18:18.461+0000] {processor.py:175} INFO - Processing /home/airflow/.local/lib/python3.7/site-packages/airflow/example_dags/example_external_task_marker_dag.py took 0.142 seconds
[2023-04-15T18:18:48.608+0000] {processor.py:153} INFO - Started process (PID=359) to work on /home/airflow/.local/lib/python3.7/site-packages/airflow/example_dags/example_external_task_marker_dag.py
[2023-04-15T18:18:48.610+0000] {processor.py:743} INFO - Processing file /home/airflow/.local/lib/python3.7/site-packages/airflow/example_dags/example_external_task_marker_dag.py for tasks to queue
[2023-04-15T18:18:48.612+0000] {logging_mixin.py:137} INFO - [2023-04-15T18:18:48.612+0000] {dagbag.py:532} INFO - Filling up the DagBag from /home/airflow/.local/lib/python3.7/site-packages/airflow/example_dags/example_external_task_marker_dag.py
[2023-04-15T18:18:48.632+0000] {processor.py:753} INFO - DAG(s) dict_keys(['example_external_task_marker_child', 'example_external_task_marker_parent']) retrieved from /home/airflow/.local/lib/python3.7/site-packages/airflow/example_dags/example_external_task_marker_dag.py
[2023-04-15T18:18:48.672+0000] {logging_mixin.py:137} INFO - [2023-04-15T18:18:48.671+0000] {dag.py:2705} INFO - Sync 2 DAGs
[2023-04-15T18:18:48.706+0000] {logging_mixin.py:137} INFO - [2023-04-15T18:18:48.706+0000] {dag.py:3456} INFO - Setting next_dagrun for example_external_task_marker_child to None, run_after=None
[2023-04-15T18:18:48.714+0000] {logging_mixin.py:137} INFO - [2023-04-15T18:18:48.714+0000] {dag.py:3456} INFO - Setting next_dagrun for example_external_task_marker_parent to None, run_after=None
[2023-04-15T18:18:48.739+0000] {processor.py:175} INFO - Processing /home/airflow/.local/lib/python3.7/site-packages/airflow/example_dags/example_external_task_marker_dag.py took 0.138 seconds
[2023-04-15T18:19:19.126+0000] {processor.py:153} INFO - Started process (PID=409) to work on /home/airflow/.local/lib/python3.7/site-packages/airflow/example_dags/example_external_task_marker_dag.py
[2023-04-15T18:19:19.128+0000] {processor.py:743} INFO - Processing file /home/airflow/.local/lib/python3.7/site-packages/airflow/example_dags/example_external_task_marker_dag.py for tasks to queue
[2023-04-15T18:19:19.130+0000] {logging_mixin.py:137} INFO - [2023-04-15T18:19:19.130+0000] {dagbag.py:532} INFO - Filling up the DagBag from /home/airflow/.local/lib/python3.7/site-packages/airflow/example_dags/example_external_task_marker_dag.py
[2023-04-15T18:19:19.151+0000] {processor.py:753} INFO - DAG(s) dict_keys(['example_external_task_marker_child', 'example_external_task_marker_parent']) retrieved from /home/airflow/.local/lib/python3.7/site-packages/airflow/example_dags/example_external_task_marker_dag.py
[2023-04-15T18:19:19.194+0000] {logging_mixin.py:137} INFO - [2023-04-15T18:19:19.194+0000] {dag.py:2705} INFO - Sync 2 DAGs
[2023-04-15T18:19:19.232+0000] {logging_mixin.py:137} INFO - [2023-04-15T18:19:19.232+0000] {dag.py:3456} INFO - Setting next_dagrun for example_external_task_marker_child to None, run_after=None
[2023-04-15T18:19:19.239+0000] {logging_mixin.py:137} INFO - [2023-04-15T18:19:19.238+0000] {dag.py:3456} INFO - Setting next_dagrun for example_external_task_marker_parent to None, run_after=None
[2023-04-15T18:19:19.275+0000] {processor.py:175} INFO - Processing /home/airflow/.local/lib/python3.7/site-packages/airflow/example_dags/example_external_task_marker_dag.py took 0.155 seconds
[2023-04-15T18:19:49.541+0000] {processor.py:153} INFO - Started process (PID=459) to work on /home/airflow/.local/lib/python3.7/site-packages/airflow/example_dags/example_external_task_marker_dag.py
[2023-04-15T18:19:49.544+0000] {processor.py:743} INFO - Processing file /home/airflow/.local/lib/python3.7/site-packages/airflow/example_dags/example_external_task_marker_dag.py for tasks to queue
[2023-04-15T18:19:49.547+0000] {logging_mixin.py:137} INFO - [2023-04-15T18:19:49.546+0000] {dagbag.py:532} INFO - Filling up the DagBag from /home/airflow/.local/lib/python3.7/site-packages/airflow/example_dags/example_external_task_marker_dag.py
[2023-04-15T18:19:49.574+0000] {processor.py:753} INFO - DAG(s) dict_keys(['example_external_task_marker_parent', 'example_external_task_marker_child']) retrieved from /home/airflow/.local/lib/python3.7/site-packages/airflow/example_dags/example_external_task_marker_dag.py
[2023-04-15T18:19:49.625+0000] {logging_mixin.py:137} INFO - [2023-04-15T18:19:49.625+0000] {dag.py:2705} INFO - Sync 2 DAGs
[2023-04-15T18:19:49.664+0000] {logging_mixin.py:137} INFO - [2023-04-15T18:19:49.664+0000] {dag.py:3456} INFO - Setting next_dagrun for example_external_task_marker_child to None, run_after=None
[2023-04-15T18:19:49.672+0000] {logging_mixin.py:137} INFO - [2023-04-15T18:19:49.672+0000] {dag.py:3456} INFO - Setting next_dagrun for example_external_task_marker_parent to None, run_after=None
[2023-04-15T18:19:49.708+0000] {processor.py:175} INFO - Processing /home/airflow/.local/lib/python3.7/site-packages/airflow/example_dags/example_external_task_marker_dag.py took 0.174 seconds
[2023-04-15T18:20:20.194+0000] {processor.py:153} INFO - Started process (PID=508) to work on /home/airflow/.local/lib/python3.7/site-packages/airflow/example_dags/example_external_task_marker_dag.py
[2023-04-15T18:20:20.196+0000] {processor.py:743} INFO - Processing file /home/airflow/.local/lib/python3.7/site-packages/airflow/example_dags/example_external_task_marker_dag.py for tasks to queue
[2023-04-15T18:20:20.199+0000] {logging_mixin.py:137} INFO - [2023-04-15T18:20:20.198+0000] {dagbag.py:532} INFO - Filling up the DagBag from /home/airflow/.local/lib/python3.7/site-packages/airflow/example_dags/example_external_task_marker_dag.py
[2023-04-15T18:20:20.220+0000] {processor.py:753} INFO - DAG(s) dict_keys(['example_external_task_marker_parent', 'example_external_task_marker_child']) retrieved from /home/airflow/.local/lib/python3.7/site-packages/airflow/example_dags/example_external_task_marker_dag.py
[2023-04-15T18:20:20.265+0000] {logging_mixin.py:137} INFO - [2023-04-15T18:20:20.265+0000] {dag.py:2705} INFO - Sync 2 DAGs
[2023-04-15T18:20:20.307+0000] {logging_mixin.py:137} INFO - [2023-04-15T18:20:20.307+0000] {dag.py:3456} INFO - Setting next_dagrun for example_external_task_marker_child to None, run_after=None
[2023-04-15T18:20:20.314+0000] {logging_mixin.py:137} INFO - [2023-04-15T18:20:20.313+0000] {dag.py:3456} INFO - Setting next_dagrun for example_external_task_marker_parent to None, run_after=None
[2023-04-15T18:20:20.337+0000] {processor.py:175} INFO - Processing /home/airflow/.local/lib/python3.7/site-packages/airflow/example_dags/example_external_task_marker_dag.py took 0.149 seconds
[2023-04-15T18:20:50.786+0000] {processor.py:153} INFO - Started process (PID=558) to work on /home/airflow/.local/lib/python3.7/site-packages/airflow/example_dags/example_external_task_marker_dag.py
[2023-04-15T18:20:50.789+0000] {processor.py:743} INFO - Processing file /home/airflow/.local/lib/python3.7/site-packages/airflow/example_dags/example_external_task_marker_dag.py for tasks to queue
[2023-04-15T18:20:50.791+0000] {logging_mixin.py:137} INFO - [2023-04-15T18:20:50.791+0000] {dagbag.py:532} INFO - Filling up the DagBag from /home/airflow/.local/lib/python3.7/site-packages/airflow/example_dags/example_external_task_marker_dag.py
[2023-04-15T18:20:50.811+0000] {processor.py:753} INFO - DAG(s) dict_keys(['example_external_task_marker_child', 'example_external_task_marker_parent']) retrieved from /home/airflow/.local/lib/python3.7/site-packages/airflow/example_dags/example_external_task_marker_dag.py
[2023-04-15T18:20:50.854+0000] {logging_mixin.py:137} INFO - [2023-04-15T18:20:50.853+0000] {dag.py:2705} INFO - Sync 2 DAGs
[2023-04-15T18:20:50.894+0000] {logging_mixin.py:137} INFO - [2023-04-15T18:20:50.894+0000] {dag.py:3456} INFO - Setting next_dagrun for example_external_task_marker_child to None, run_after=None
[2023-04-15T18:20:50.900+0000] {logging_mixin.py:137} INFO - [2023-04-15T18:20:50.900+0000] {dag.py:3456} INFO - Setting next_dagrun for example_external_task_marker_parent to None, run_after=None
[2023-04-15T18:20:50.924+0000] {processor.py:175} INFO - Processing /home/airflow/.local/lib/python3.7/site-packages/airflow/example_dags/example_external_task_marker_dag.py took 0.144 seconds
[2023-04-15T18:21:28.414+0000] {processor.py:153} INFO - Started process (PID=606) to work on /home/airflow/.local/lib/python3.7/site-packages/airflow/example_dags/example_external_task_marker_dag.py
[2023-04-15T18:21:28.417+0000] {processor.py:743} INFO - Processing file /home/airflow/.local/lib/python3.7/site-packages/airflow/example_dags/example_external_task_marker_dag.py for tasks to queue
[2023-04-15T18:21:28.420+0000] {logging_mixin.py:137} INFO - [2023-04-15T18:21:28.420+0000] {dagbag.py:532} INFO - Filling up the DagBag from /home/airflow/.local/lib/python3.7/site-packages/airflow/example_dags/example_external_task_marker_dag.py
[2023-04-15T18:21:28.444+0000] {processor.py:753} INFO - DAG(s) dict_keys(['example_external_task_marker_parent', 'example_external_task_marker_child']) retrieved from /home/airflow/.local/lib/python3.7/site-packages/airflow/example_dags/example_external_task_marker_dag.py
[2023-04-15T18:21:28.510+0000] {logging_mixin.py:137} INFO - [2023-04-15T18:21:28.510+0000] {dag.py:2705} INFO - Sync 2 DAGs
[2023-04-15T18:21:28.557+0000] {logging_mixin.py:137} INFO - [2023-04-15T18:21:28.557+0000] {dag.py:3456} INFO - Setting next_dagrun for example_external_task_marker_child to None, run_after=None
[2023-04-15T18:21:28.564+0000] {logging_mixin.py:137} INFO - [2023-04-15T18:21:28.564+0000] {dag.py:3456} INFO - Setting next_dagrun for example_external_task_marker_parent to None, run_after=None
[2023-04-15T18:21:28.591+0000] {processor.py:175} INFO - Processing /home/airflow/.local/lib/python3.7/site-packages/airflow/example_dags/example_external_task_marker_dag.py took 0.182 seconds
[2023-04-15T18:21:58.678+0000] {processor.py:153} INFO - Started process (PID=657) to work on /home/airflow/.local/lib/python3.7/site-packages/airflow/example_dags/example_external_task_marker_dag.py
[2023-04-15T18:21:58.681+0000] {processor.py:743} INFO - Processing file /home/airflow/.local/lib/python3.7/site-packages/airflow/example_dags/example_external_task_marker_dag.py for tasks to queue
[2023-04-15T18:21:58.683+0000] {logging_mixin.py:137} INFO - [2023-04-15T18:21:58.683+0000] {dagbag.py:532} INFO - Filling up the DagBag from /home/airflow/.local/lib/python3.7/site-packages/airflow/example_dags/example_external_task_marker_dag.py
[2023-04-15T18:21:58.704+0000] {processor.py:753} INFO - DAG(s) dict_keys(['example_external_task_marker_child', 'example_external_task_marker_parent']) retrieved from /home/airflow/.local/lib/python3.7/site-packages/airflow/example_dags/example_external_task_marker_dag.py
[2023-04-15T18:21:58.751+0000] {logging_mixin.py:137} INFO - [2023-04-15T18:21:58.751+0000] {dag.py:2705} INFO - Sync 2 DAGs
[2023-04-15T18:21:58.794+0000] {logging_mixin.py:137} INFO - [2023-04-15T18:21:58.794+0000] {dag.py:3456} INFO - Setting next_dagrun for example_external_task_marker_child to None, run_after=None
[2023-04-15T18:21:58.801+0000] {logging_mixin.py:137} INFO - [2023-04-15T18:21:58.801+0000] {dag.py:3456} INFO - Setting next_dagrun for example_external_task_marker_parent to None, run_after=None
[2023-04-15T18:21:58.833+0000] {processor.py:175} INFO - Processing /home/airflow/.local/lib/python3.7/site-packages/airflow/example_dags/example_external_task_marker_dag.py took 0.162 seconds
