[2023-04-15T18:15:22.202+0000] {processor.py:153} INFO - Started process (PID=44) to work on /home/airflow/.local/lib/python3.7/site-packages/airflow/example_dags/example_python_operator.py
[2023-04-15T18:15:22.211+0000] {processor.py:743} INFO - Processing file /home/airflow/.local/lib/python3.7/site-packages/airflow/example_dags/example_python_operator.py for tasks to queue
[2023-04-15T18:15:22.215+0000] {logging_mixin.py:137} INFO - [2023-04-15T18:15:22.214+0000] {dagbag.py:532} INFO - Filling up the DagBag from /home/airflow/.local/lib/python3.7/site-packages/airflow/example_dags/example_python_operator.py
[2023-04-15T18:15:22.328+0000] {logging_mixin.py:137} INFO - [2023-04-15T18:15:22.328+0000] {taskmixin.py:211} WARNING - Dependency <Task(_PythonDecoratedOperator): print_the_context>, log_sql_query already registered for DAG: example_python_operator
[2023-04-15T18:15:22.340+0000] {logging_mixin.py:137} INFO - [2023-04-15T18:15:22.340+0000] {taskmixin.py:211} WARNING - Dependency <Task(_PythonDecoratedOperator): log_sql_query>, print_the_context already registered for DAG: example_python_operator
[2023-04-15T18:15:22.342+0000] {logging_mixin.py:137} INFO - [2023-04-15T18:15:22.342+0000] {taskmixin.py:211} WARNING - Dependency <Task(_PythonDecoratedOperator): print_the_context>, log_sql_query already registered for DAG: example_python_operator
[2023-04-15T18:15:22.350+0000] {logging_mixin.py:137} INFO - [2023-04-15T18:15:22.350+0000] {taskmixin.py:211} WARNING - Dependency <Task(_PythonDecoratedOperator): log_sql_query>, print_the_context already registered for DAG: example_python_operator
[2023-04-15T18:15:22.353+0000] {logging_mixin.py:137} INFO - [2023-04-15T18:15:22.353+0000] {taskmixin.py:211} WARNING - Dependency <Task(_PythonDecoratedOperator): print_the_context>, log_sql_query already registered for DAG: example_python_operator
[2023-04-15T18:15:22.354+0000] {logging_mixin.py:137} INFO - [2023-04-15T18:15:22.354+0000] {taskmixin.py:211} WARNING - Dependency <Task(_PythonDecoratedOperator): log_sql_query>, print_the_context already registered for DAG: example_python_operator
[2023-04-15T18:15:22.356+0000] {logging_mixin.py:137} INFO - [2023-04-15T18:15:22.356+0000] {taskmixin.py:211} WARNING - Dependency <Task(_PythonDecoratedOperator): print_the_context>, log_sql_query already registered for DAG: example_python_operator
[2023-04-15T18:15:22.357+0000] {logging_mixin.py:137} INFO - [2023-04-15T18:15:22.357+0000] {taskmixin.py:211} WARNING - Dependency <Task(_PythonDecoratedOperator): log_sql_query>, print_the_context already registered for DAG: example_python_operator
[2023-04-15T18:15:22.382+0000] {processor.py:753} INFO - DAG(s) dict_keys(['example_python_operator']) retrieved from /home/airflow/.local/lib/python3.7/site-packages/airflow/example_dags/example_python_operator.py
[2023-04-15T18:15:22.644+0000] {logging_mixin.py:137} INFO - [2023-04-15T18:15:22.644+0000] {dag.py:2705} INFO - Sync 1 DAGs
[2023-04-15T18:15:22.703+0000] {logging_mixin.py:137} INFO - [2023-04-15T18:15:22.703+0000] {dag.py:3456} INFO - Setting next_dagrun for example_python_operator to None, run_after=None
[2023-04-15T18:15:22.757+0000] {processor.py:175} INFO - Processing /home/airflow/.local/lib/python3.7/site-packages/airflow/example_dags/example_python_operator.py took 0.566 seconds
[2023-04-15T18:16:13.867+0000] {processor.py:153} INFO - Started process (PID=94) to work on /home/airflow/.local/lib/python3.7/site-packages/airflow/example_dags/example_python_operator.py
[2023-04-15T18:16:13.871+0000] {processor.py:743} INFO - Processing file /home/airflow/.local/lib/python3.7/site-packages/airflow/example_dags/example_python_operator.py for tasks to queue
[2023-04-15T18:16:13.875+0000] {logging_mixin.py:137} INFO - [2023-04-15T18:16:13.874+0000] {dagbag.py:532} INFO - Filling up the DagBag from /home/airflow/.local/lib/python3.7/site-packages/airflow/example_dags/example_python_operator.py
[2023-04-15T18:16:13.942+0000] {logging_mixin.py:137} INFO - [2023-04-15T18:16:13.941+0000] {taskmixin.py:211} WARNING - Dependency <Task(_PythonDecoratedOperator): print_the_context>, log_sql_query already registered for DAG: example_python_operator
[2023-04-15T18:16:13.958+0000] {logging_mixin.py:137} INFO - [2023-04-15T18:16:13.958+0000] {taskmixin.py:211} WARNING - Dependency <Task(_PythonDecoratedOperator): log_sql_query>, print_the_context already registered for DAG: example_python_operator
[2023-04-15T18:16:13.963+0000] {logging_mixin.py:137} INFO - [2023-04-15T18:16:13.963+0000] {taskmixin.py:211} WARNING - Dependency <Task(_PythonDecoratedOperator): print_the_context>, log_sql_query already registered for DAG: example_python_operator
[2023-04-15T18:16:13.977+0000] {logging_mixin.py:137} INFO - [2023-04-15T18:16:13.977+0000] {taskmixin.py:211} WARNING - Dependency <Task(_PythonDecoratedOperator): log_sql_query>, print_the_context already registered for DAG: example_python_operator
[2023-04-15T18:16:13.979+0000] {logging_mixin.py:137} INFO - [2023-04-15T18:16:13.979+0000] {taskmixin.py:211} WARNING - Dependency <Task(_PythonDecoratedOperator): print_the_context>, log_sql_query already registered for DAG: example_python_operator
[2023-04-15T18:16:13.981+0000] {logging_mixin.py:137} INFO - [2023-04-15T18:16:13.981+0000] {taskmixin.py:211} WARNING - Dependency <Task(_PythonDecoratedOperator): log_sql_query>, print_the_context already registered for DAG: example_python_operator
[2023-04-15T18:16:13.983+0000] {logging_mixin.py:137} INFO - [2023-04-15T18:16:13.983+0000] {taskmixin.py:211} WARNING - Dependency <Task(_PythonDecoratedOperator): print_the_context>, log_sql_query already registered for DAG: example_python_operator
[2023-04-15T18:16:13.985+0000] {logging_mixin.py:137} INFO - [2023-04-15T18:16:13.985+0000] {taskmixin.py:211} WARNING - Dependency <Task(_PythonDecoratedOperator): log_sql_query>, print_the_context already registered for DAG: example_python_operator
[2023-04-15T18:16:14.017+0000] {processor.py:753} INFO - DAG(s) dict_keys(['example_python_operator']) retrieved from /home/airflow/.local/lib/python3.7/site-packages/airflow/example_dags/example_python_operator.py
[2023-04-15T18:16:14.172+0000] {logging_mixin.py:137} INFO - [2023-04-15T18:16:14.172+0000] {dag.py:2705} INFO - Sync 1 DAGs
[2023-04-15T18:16:14.263+0000] {logging_mixin.py:137} INFO - [2023-04-15T18:16:14.262+0000] {dag.py:3456} INFO - Setting next_dagrun for example_python_operator to None, run_after=None
[2023-04-15T18:16:14.332+0000] {processor.py:175} INFO - Processing /home/airflow/.local/lib/python3.7/site-packages/airflow/example_dags/example_python_operator.py took 0.475 seconds
[2023-04-15T18:16:44.417+0000] {processor.py:153} INFO - Started process (PID=143) to work on /home/airflow/.local/lib/python3.7/site-packages/airflow/example_dags/example_python_operator.py
[2023-04-15T18:16:44.420+0000] {processor.py:743} INFO - Processing file /home/airflow/.local/lib/python3.7/site-packages/airflow/example_dags/example_python_operator.py for tasks to queue
[2023-04-15T18:16:44.422+0000] {logging_mixin.py:137} INFO - [2023-04-15T18:16:44.422+0000] {dagbag.py:532} INFO - Filling up the DagBag from /home/airflow/.local/lib/python3.7/site-packages/airflow/example_dags/example_python_operator.py
[2023-04-15T18:16:44.453+0000] {logging_mixin.py:137} INFO - [2023-04-15T18:16:44.453+0000] {taskmixin.py:211} WARNING - Dependency <Task(_PythonDecoratedOperator): print_the_context>, log_sql_query already registered for DAG: example_python_operator
[2023-04-15T18:16:44.455+0000] {logging_mixin.py:137} INFO - [2023-04-15T18:16:44.455+0000] {taskmixin.py:211} WARNING - Dependency <Task(_PythonDecoratedOperator): log_sql_query>, print_the_context already registered for DAG: example_python_operator
[2023-04-15T18:16:44.461+0000] {logging_mixin.py:137} INFO - [2023-04-15T18:16:44.461+0000] {taskmixin.py:211} WARNING - Dependency <Task(_PythonDecoratedOperator): print_the_context>, log_sql_query already registered for DAG: example_python_operator
[2023-04-15T18:16:44.464+0000] {logging_mixin.py:137} INFO - [2023-04-15T18:16:44.463+0000] {taskmixin.py:211} WARNING - Dependency <Task(_PythonDecoratedOperator): log_sql_query>, print_the_context already registered for DAG: example_python_operator
[2023-04-15T18:16:44.470+0000] {logging_mixin.py:137} INFO - [2023-04-15T18:16:44.470+0000] {taskmixin.py:211} WARNING - Dependency <Task(_PythonDecoratedOperator): print_the_context>, log_sql_query already registered for DAG: example_python_operator
[2023-04-15T18:16:44.473+0000] {logging_mixin.py:137} INFO - [2023-04-15T18:16:44.472+0000] {taskmixin.py:211} WARNING - Dependency <Task(_PythonDecoratedOperator): log_sql_query>, print_the_context already registered for DAG: example_python_operator
[2023-04-15T18:16:44.477+0000] {logging_mixin.py:137} INFO - [2023-04-15T18:16:44.476+0000] {taskmixin.py:211} WARNING - Dependency <Task(_PythonDecoratedOperator): print_the_context>, log_sql_query already registered for DAG: example_python_operator
[2023-04-15T18:16:44.479+0000] {logging_mixin.py:137} INFO - [2023-04-15T18:16:44.479+0000] {taskmixin.py:211} WARNING - Dependency <Task(_PythonDecoratedOperator): log_sql_query>, print_the_context already registered for DAG: example_python_operator
[2023-04-15T18:16:44.500+0000] {processor.py:753} INFO - DAG(s) dict_keys(['example_python_operator']) retrieved from /home/airflow/.local/lib/python3.7/site-packages/airflow/example_dags/example_python_operator.py
[2023-04-15T18:16:44.577+0000] {logging_mixin.py:137} INFO - [2023-04-15T18:16:44.576+0000] {dag.py:2705} INFO - Sync 1 DAGs
[2023-04-15T18:16:44.641+0000] {logging_mixin.py:137} INFO - [2023-04-15T18:16:44.640+0000] {dag.py:3456} INFO - Setting next_dagrun for example_python_operator to None, run_after=None
[2023-04-15T18:16:44.699+0000] {processor.py:175} INFO - Processing /home/airflow/.local/lib/python3.7/site-packages/airflow/example_dags/example_python_operator.py took 0.288 seconds
[2023-04-15T18:17:14.792+0000] {processor.py:153} INFO - Started process (PID=192) to work on /home/airflow/.local/lib/python3.7/site-packages/airflow/example_dags/example_python_operator.py
[2023-04-15T18:17:14.795+0000] {processor.py:743} INFO - Processing file /home/airflow/.local/lib/python3.7/site-packages/airflow/example_dags/example_python_operator.py for tasks to queue
[2023-04-15T18:17:14.797+0000] {logging_mixin.py:137} INFO - [2023-04-15T18:17:14.797+0000] {dagbag.py:532} INFO - Filling up the DagBag from /home/airflow/.local/lib/python3.7/site-packages/airflow/example_dags/example_python_operator.py
[2023-04-15T18:17:14.826+0000] {logging_mixin.py:137} INFO - [2023-04-15T18:17:14.826+0000] {taskmixin.py:211} WARNING - Dependency <Task(_PythonDecoratedOperator): print_the_context>, log_sql_query already registered for DAG: example_python_operator
[2023-04-15T18:17:14.828+0000] {logging_mixin.py:137} INFO - [2023-04-15T18:17:14.827+0000] {taskmixin.py:211} WARNING - Dependency <Task(_PythonDecoratedOperator): log_sql_query>, print_the_context already registered for DAG: example_python_operator
[2023-04-15T18:17:14.830+0000] {logging_mixin.py:137} INFO - [2023-04-15T18:17:14.830+0000] {taskmixin.py:211} WARNING - Dependency <Task(_PythonDecoratedOperator): print_the_context>, log_sql_query already registered for DAG: example_python_operator
[2023-04-15T18:17:14.832+0000] {logging_mixin.py:137} INFO - [2023-04-15T18:17:14.832+0000] {taskmixin.py:211} WARNING - Dependency <Task(_PythonDecoratedOperator): log_sql_query>, print_the_context already registered for DAG: example_python_operator
[2023-04-15T18:17:14.834+0000] {logging_mixin.py:137} INFO - [2023-04-15T18:17:14.834+0000] {taskmixin.py:211} WARNING - Dependency <Task(_PythonDecoratedOperator): print_the_context>, log_sql_query already registered for DAG: example_python_operator
[2023-04-15T18:17:14.836+0000] {logging_mixin.py:137} INFO - [2023-04-15T18:17:14.836+0000] {taskmixin.py:211} WARNING - Dependency <Task(_PythonDecoratedOperator): log_sql_query>, print_the_context already registered for DAG: example_python_operator
[2023-04-15T18:17:14.838+0000] {logging_mixin.py:137} INFO - [2023-04-15T18:17:14.838+0000] {taskmixin.py:211} WARNING - Dependency <Task(_PythonDecoratedOperator): print_the_context>, log_sql_query already registered for DAG: example_python_operator
[2023-04-15T18:17:14.841+0000] {logging_mixin.py:137} INFO - [2023-04-15T18:17:14.841+0000] {taskmixin.py:211} WARNING - Dependency <Task(_PythonDecoratedOperator): log_sql_query>, print_the_context already registered for DAG: example_python_operator
[2023-04-15T18:17:14.852+0000] {processor.py:753} INFO - DAG(s) dict_keys(['example_python_operator']) retrieved from /home/airflow/.local/lib/python3.7/site-packages/airflow/example_dags/example_python_operator.py
[2023-04-15T18:17:14.894+0000] {logging_mixin.py:137} INFO - [2023-04-15T18:17:14.894+0000] {dag.py:2705} INFO - Sync 1 DAGs
[2023-04-15T18:17:14.936+0000] {logging_mixin.py:137} INFO - [2023-04-15T18:17:14.936+0000] {dag.py:3456} INFO - Setting next_dagrun for example_python_operator to None, run_after=None
[2023-04-15T18:17:14.968+0000] {processor.py:175} INFO - Processing /home/airflow/.local/lib/python3.7/site-packages/airflow/example_dags/example_python_operator.py took 0.183 seconds
[2023-04-15T18:17:45.373+0000] {processor.py:153} INFO - Started process (PID=248) to work on /home/airflow/.local/lib/python3.7/site-packages/airflow/example_dags/example_python_operator.py
[2023-04-15T18:17:45.376+0000] {processor.py:743} INFO - Processing file /home/airflow/.local/lib/python3.7/site-packages/airflow/example_dags/example_python_operator.py for tasks to queue
[2023-04-15T18:17:45.378+0000] {logging_mixin.py:137} INFO - [2023-04-15T18:17:45.378+0000] {dagbag.py:532} INFO - Filling up the DagBag from /home/airflow/.local/lib/python3.7/site-packages/airflow/example_dags/example_python_operator.py
[2023-04-15T18:17:45.407+0000] {logging_mixin.py:137} INFO - [2023-04-15T18:17:45.407+0000] {taskmixin.py:211} WARNING - Dependency <Task(_PythonDecoratedOperator): print_the_context>, log_sql_query already registered for DAG: example_python_operator
[2023-04-15T18:17:45.411+0000] {logging_mixin.py:137} INFO - [2023-04-15T18:17:45.411+0000] {taskmixin.py:211} WARNING - Dependency <Task(_PythonDecoratedOperator): log_sql_query>, print_the_context already registered for DAG: example_python_operator
[2023-04-15T18:17:45.417+0000] {logging_mixin.py:137} INFO - [2023-04-15T18:17:45.417+0000] {taskmixin.py:211} WARNING - Dependency <Task(_PythonDecoratedOperator): print_the_context>, log_sql_query already registered for DAG: example_python_operator
[2023-04-15T18:17:45.421+0000] {logging_mixin.py:137} INFO - [2023-04-15T18:17:45.421+0000] {taskmixin.py:211} WARNING - Dependency <Task(_PythonDecoratedOperator): log_sql_query>, print_the_context already registered for DAG: example_python_operator
[2023-04-15T18:17:45.425+0000] {logging_mixin.py:137} INFO - [2023-04-15T18:17:45.425+0000] {taskmixin.py:211} WARNING - Dependency <Task(_PythonDecoratedOperator): print_the_context>, log_sql_query already registered for DAG: example_python_operator
[2023-04-15T18:17:45.427+0000] {logging_mixin.py:137} INFO - [2023-04-15T18:17:45.427+0000] {taskmixin.py:211} WARNING - Dependency <Task(_PythonDecoratedOperator): log_sql_query>, print_the_context already registered for DAG: example_python_operator
[2023-04-15T18:17:45.429+0000] {logging_mixin.py:137} INFO - [2023-04-15T18:17:45.429+0000] {taskmixin.py:211} WARNING - Dependency <Task(_PythonDecoratedOperator): print_the_context>, log_sql_query already registered for DAG: example_python_operator
[2023-04-15T18:17:45.430+0000] {logging_mixin.py:137} INFO - [2023-04-15T18:17:45.430+0000] {taskmixin.py:211} WARNING - Dependency <Task(_PythonDecoratedOperator): log_sql_query>, print_the_context already registered for DAG: example_python_operator
[2023-04-15T18:17:45.441+0000] {processor.py:753} INFO - DAG(s) dict_keys(['example_python_operator']) retrieved from /home/airflow/.local/lib/python3.7/site-packages/airflow/example_dags/example_python_operator.py
[2023-04-15T18:17:45.487+0000] {logging_mixin.py:137} INFO - [2023-04-15T18:17:45.487+0000] {dag.py:2705} INFO - Sync 1 DAGs
[2023-04-15T18:17:45.527+0000] {logging_mixin.py:137} INFO - [2023-04-15T18:17:45.527+0000] {dag.py:3456} INFO - Setting next_dagrun for example_python_operator to None, run_after=None
[2023-04-15T18:17:45.560+0000] {processor.py:175} INFO - Processing /home/airflow/.local/lib/python3.7/site-packages/airflow/example_dags/example_python_operator.py took 0.192 seconds
[2023-04-15T18:18:15.719+0000] {processor.py:153} INFO - Started process (PID=295) to work on /home/airflow/.local/lib/python3.7/site-packages/airflow/example_dags/example_python_operator.py
[2023-04-15T18:18:15.722+0000] {processor.py:743} INFO - Processing file /home/airflow/.local/lib/python3.7/site-packages/airflow/example_dags/example_python_operator.py for tasks to queue
[2023-04-15T18:18:15.724+0000] {logging_mixin.py:137} INFO - [2023-04-15T18:18:15.724+0000] {dagbag.py:532} INFO - Filling up the DagBag from /home/airflow/.local/lib/python3.7/site-packages/airflow/example_dags/example_python_operator.py
[2023-04-15T18:18:15.752+0000] {logging_mixin.py:137} INFO - [2023-04-15T18:18:15.751+0000] {taskmixin.py:211} WARNING - Dependency <Task(_PythonDecoratedOperator): print_the_context>, log_sql_query already registered for DAG: example_python_operator
[2023-04-15T18:18:15.753+0000] {logging_mixin.py:137} INFO - [2023-04-15T18:18:15.753+0000] {taskmixin.py:211} WARNING - Dependency <Task(_PythonDecoratedOperator): log_sql_query>, print_the_context already registered for DAG: example_python_operator
[2023-04-15T18:18:15.756+0000] {logging_mixin.py:137} INFO - [2023-04-15T18:18:15.755+0000] {taskmixin.py:211} WARNING - Dependency <Task(_PythonDecoratedOperator): print_the_context>, log_sql_query already registered for DAG: example_python_operator
[2023-04-15T18:18:15.757+0000] {logging_mixin.py:137} INFO - [2023-04-15T18:18:15.757+0000] {taskmixin.py:211} WARNING - Dependency <Task(_PythonDecoratedOperator): log_sql_query>, print_the_context already registered for DAG: example_python_operator
[2023-04-15T18:18:15.760+0000] {logging_mixin.py:137} INFO - [2023-04-15T18:18:15.760+0000] {taskmixin.py:211} WARNING - Dependency <Task(_PythonDecoratedOperator): print_the_context>, log_sql_query already registered for DAG: example_python_operator
[2023-04-15T18:18:15.762+0000] {logging_mixin.py:137} INFO - [2023-04-15T18:18:15.761+0000] {taskmixin.py:211} WARNING - Dependency <Task(_PythonDecoratedOperator): log_sql_query>, print_the_context already registered for DAG: example_python_operator
[2023-04-15T18:18:15.764+0000] {logging_mixin.py:137} INFO - [2023-04-15T18:18:15.764+0000] {taskmixin.py:211} WARNING - Dependency <Task(_PythonDecoratedOperator): print_the_context>, log_sql_query already registered for DAG: example_python_operator
[2023-04-15T18:18:15.765+0000] {logging_mixin.py:137} INFO - [2023-04-15T18:18:15.765+0000] {taskmixin.py:211} WARNING - Dependency <Task(_PythonDecoratedOperator): log_sql_query>, print_the_context already registered for DAG: example_python_operator
[2023-04-15T18:18:15.776+0000] {processor.py:753} INFO - DAG(s) dict_keys(['example_python_operator']) retrieved from /home/airflow/.local/lib/python3.7/site-packages/airflow/example_dags/example_python_operator.py
[2023-04-15T18:18:15.815+0000] {logging_mixin.py:137} INFO - [2023-04-15T18:18:15.815+0000] {dag.py:2705} INFO - Sync 1 DAGs
[2023-04-15T18:18:15.859+0000] {logging_mixin.py:137} INFO - [2023-04-15T18:18:15.859+0000] {dag.py:3456} INFO - Setting next_dagrun for example_python_operator to None, run_after=None
[2023-04-15T18:18:15.900+0000] {processor.py:175} INFO - Processing /home/airflow/.local/lib/python3.7/site-packages/airflow/example_dags/example_python_operator.py took 0.187 seconds
[2023-04-15T18:18:46.149+0000] {processor.py:153} INFO - Started process (PID=346) to work on /home/airflow/.local/lib/python3.7/site-packages/airflow/example_dags/example_python_operator.py
[2023-04-15T18:18:46.151+0000] {processor.py:743} INFO - Processing file /home/airflow/.local/lib/python3.7/site-packages/airflow/example_dags/example_python_operator.py for tasks to queue
[2023-04-15T18:18:46.154+0000] {logging_mixin.py:137} INFO - [2023-04-15T18:18:46.153+0000] {dagbag.py:532} INFO - Filling up the DagBag from /home/airflow/.local/lib/python3.7/site-packages/airflow/example_dags/example_python_operator.py
[2023-04-15T18:18:46.181+0000] {logging_mixin.py:137} INFO - [2023-04-15T18:18:46.181+0000] {taskmixin.py:211} WARNING - Dependency <Task(_PythonDecoratedOperator): print_the_context>, log_sql_query already registered for DAG: example_python_operator
[2023-04-15T18:18:46.183+0000] {logging_mixin.py:137} INFO - [2023-04-15T18:18:46.182+0000] {taskmixin.py:211} WARNING - Dependency <Task(_PythonDecoratedOperator): log_sql_query>, print_the_context already registered for DAG: example_python_operator
[2023-04-15T18:18:46.185+0000] {logging_mixin.py:137} INFO - [2023-04-15T18:18:46.185+0000] {taskmixin.py:211} WARNING - Dependency <Task(_PythonDecoratedOperator): print_the_context>, log_sql_query already registered for DAG: example_python_operator
[2023-04-15T18:18:46.187+0000] {logging_mixin.py:137} INFO - [2023-04-15T18:18:46.186+0000] {taskmixin.py:211} WARNING - Dependency <Task(_PythonDecoratedOperator): log_sql_query>, print_the_context already registered for DAG: example_python_operator
[2023-04-15T18:18:46.189+0000] {logging_mixin.py:137} INFO - [2023-04-15T18:18:46.189+0000] {taskmixin.py:211} WARNING - Dependency <Task(_PythonDecoratedOperator): print_the_context>, log_sql_query already registered for DAG: example_python_operator
[2023-04-15T18:18:46.190+0000] {logging_mixin.py:137} INFO - [2023-04-15T18:18:46.190+0000] {taskmixin.py:211} WARNING - Dependency <Task(_PythonDecoratedOperator): log_sql_query>, print_the_context already registered for DAG: example_python_operator
[2023-04-15T18:18:46.193+0000] {logging_mixin.py:137} INFO - [2023-04-15T18:18:46.193+0000] {taskmixin.py:211} WARNING - Dependency <Task(_PythonDecoratedOperator): print_the_context>, log_sql_query already registered for DAG: example_python_operator
[2023-04-15T18:18:46.194+0000] {logging_mixin.py:137} INFO - [2023-04-15T18:18:46.194+0000] {taskmixin.py:211} WARNING - Dependency <Task(_PythonDecoratedOperator): log_sql_query>, print_the_context already registered for DAG: example_python_operator
[2023-04-15T18:18:46.206+0000] {processor.py:753} INFO - DAG(s) dict_keys(['example_python_operator']) retrieved from /home/airflow/.local/lib/python3.7/site-packages/airflow/example_dags/example_python_operator.py
[2023-04-15T18:18:46.252+0000] {logging_mixin.py:137} INFO - [2023-04-15T18:18:46.252+0000] {dag.py:2705} INFO - Sync 1 DAGs
[2023-04-15T18:18:46.295+0000] {logging_mixin.py:137} INFO - [2023-04-15T18:18:46.295+0000] {dag.py:3456} INFO - Setting next_dagrun for example_python_operator to None, run_after=None
[2023-04-15T18:18:46.326+0000] {processor.py:175} INFO - Processing /home/airflow/.local/lib/python3.7/site-packages/airflow/example_dags/example_python_operator.py took 0.182 seconds
[2023-04-15T18:19:16.842+0000] {processor.py:153} INFO - Started process (PID=396) to work on /home/airflow/.local/lib/python3.7/site-packages/airflow/example_dags/example_python_operator.py
[2023-04-15T18:19:16.844+0000] {processor.py:743} INFO - Processing file /home/airflow/.local/lib/python3.7/site-packages/airflow/example_dags/example_python_operator.py for tasks to queue
[2023-04-15T18:19:16.847+0000] {logging_mixin.py:137} INFO - [2023-04-15T18:19:16.847+0000] {dagbag.py:532} INFO - Filling up the DagBag from /home/airflow/.local/lib/python3.7/site-packages/airflow/example_dags/example_python_operator.py
[2023-04-15T18:19:16.884+0000] {logging_mixin.py:137} INFO - [2023-04-15T18:19:16.883+0000] {taskmixin.py:211} WARNING - Dependency <Task(_PythonDecoratedOperator): print_the_context>, log_sql_query already registered for DAG: example_python_operator
[2023-04-15T18:19:16.886+0000] {logging_mixin.py:137} INFO - [2023-04-15T18:19:16.885+0000] {taskmixin.py:211} WARNING - Dependency <Task(_PythonDecoratedOperator): log_sql_query>, print_the_context already registered for DAG: example_python_operator
[2023-04-15T18:19:16.889+0000] {logging_mixin.py:137} INFO - [2023-04-15T18:19:16.889+0000] {taskmixin.py:211} WARNING - Dependency <Task(_PythonDecoratedOperator): print_the_context>, log_sql_query already registered for DAG: example_python_operator
[2023-04-15T18:19:16.892+0000] {logging_mixin.py:137} INFO - [2023-04-15T18:19:16.892+0000] {taskmixin.py:211} WARNING - Dependency <Task(_PythonDecoratedOperator): log_sql_query>, print_the_context already registered for DAG: example_python_operator
[2023-04-15T18:19:16.896+0000] {logging_mixin.py:137} INFO - [2023-04-15T18:19:16.896+0000] {taskmixin.py:211} WARNING - Dependency <Task(_PythonDecoratedOperator): print_the_context>, log_sql_query already registered for DAG: example_python_operator
[2023-04-15T18:19:16.898+0000] {logging_mixin.py:137} INFO - [2023-04-15T18:19:16.898+0000] {taskmixin.py:211} WARNING - Dependency <Task(_PythonDecoratedOperator): log_sql_query>, print_the_context already registered for DAG: example_python_operator
[2023-04-15T18:19:16.901+0000] {logging_mixin.py:137} INFO - [2023-04-15T18:19:16.901+0000] {taskmixin.py:211} WARNING - Dependency <Task(_PythonDecoratedOperator): print_the_context>, log_sql_query already registered for DAG: example_python_operator
[2023-04-15T18:19:16.903+0000] {logging_mixin.py:137} INFO - [2023-04-15T18:19:16.902+0000] {taskmixin.py:211} WARNING - Dependency <Task(_PythonDecoratedOperator): log_sql_query>, print_the_context already registered for DAG: example_python_operator
[2023-04-15T18:19:16.915+0000] {processor.py:753} INFO - DAG(s) dict_keys(['example_python_operator']) retrieved from /home/airflow/.local/lib/python3.7/site-packages/airflow/example_dags/example_python_operator.py
[2023-04-15T18:19:16.960+0000] {logging_mixin.py:137} INFO - [2023-04-15T18:19:16.959+0000] {dag.py:2705} INFO - Sync 1 DAGs
[2023-04-15T18:19:16.999+0000] {logging_mixin.py:137} INFO - [2023-04-15T18:19:16.998+0000] {dag.py:3456} INFO - Setting next_dagrun for example_python_operator to None, run_after=None
[2023-04-15T18:19:17.028+0000] {processor.py:175} INFO - Processing /home/airflow/.local/lib/python3.7/site-packages/airflow/example_dags/example_python_operator.py took 0.192 seconds
[2023-04-15T18:19:47.272+0000] {processor.py:153} INFO - Started process (PID=446) to work on /home/airflow/.local/lib/python3.7/site-packages/airflow/example_dags/example_python_operator.py
[2023-04-15T18:19:47.275+0000] {processor.py:743} INFO - Processing file /home/airflow/.local/lib/python3.7/site-packages/airflow/example_dags/example_python_operator.py for tasks to queue
[2023-04-15T18:19:47.278+0000] {logging_mixin.py:137} INFO - [2023-04-15T18:19:47.278+0000] {dagbag.py:532} INFO - Filling up the DagBag from /home/airflow/.local/lib/python3.7/site-packages/airflow/example_dags/example_python_operator.py
[2023-04-15T18:19:47.313+0000] {logging_mixin.py:137} INFO - [2023-04-15T18:19:47.312+0000] {taskmixin.py:211} WARNING - Dependency <Task(_PythonDecoratedOperator): print_the_context>, log_sql_query already registered for DAG: example_python_operator
[2023-04-15T18:19:47.315+0000] {logging_mixin.py:137} INFO - [2023-04-15T18:19:47.315+0000] {taskmixin.py:211} WARNING - Dependency <Task(_PythonDecoratedOperator): log_sql_query>, print_the_context already registered for DAG: example_python_operator
[2023-04-15T18:19:47.318+0000] {logging_mixin.py:137} INFO - [2023-04-15T18:19:47.318+0000] {taskmixin.py:211} WARNING - Dependency <Task(_PythonDecoratedOperator): print_the_context>, log_sql_query already registered for DAG: example_python_operator
[2023-04-15T18:19:47.321+0000] {logging_mixin.py:137} INFO - [2023-04-15T18:19:47.320+0000] {taskmixin.py:211} WARNING - Dependency <Task(_PythonDecoratedOperator): log_sql_query>, print_the_context already registered for DAG: example_python_operator
[2023-04-15T18:19:47.324+0000] {logging_mixin.py:137} INFO - [2023-04-15T18:19:47.323+0000] {taskmixin.py:211} WARNING - Dependency <Task(_PythonDecoratedOperator): print_the_context>, log_sql_query already registered for DAG: example_python_operator
[2023-04-15T18:19:47.326+0000] {logging_mixin.py:137} INFO - [2023-04-15T18:19:47.325+0000] {taskmixin.py:211} WARNING - Dependency <Task(_PythonDecoratedOperator): log_sql_query>, print_the_context already registered for DAG: example_python_operator
[2023-04-15T18:19:47.331+0000] {logging_mixin.py:137} INFO - [2023-04-15T18:19:47.331+0000] {taskmixin.py:211} WARNING - Dependency <Task(_PythonDecoratedOperator): print_the_context>, log_sql_query already registered for DAG: example_python_operator
[2023-04-15T18:19:47.333+0000] {logging_mixin.py:137} INFO - [2023-04-15T18:19:47.333+0000] {taskmixin.py:211} WARNING - Dependency <Task(_PythonDecoratedOperator): log_sql_query>, print_the_context already registered for DAG: example_python_operator
[2023-04-15T18:19:47.346+0000] {processor.py:753} INFO - DAG(s) dict_keys(['example_python_operator']) retrieved from /home/airflow/.local/lib/python3.7/site-packages/airflow/example_dags/example_python_operator.py
[2023-04-15T18:19:47.393+0000] {logging_mixin.py:137} INFO - [2023-04-15T18:19:47.393+0000] {dag.py:2705} INFO - Sync 1 DAGs
[2023-04-15T18:19:47.434+0000] {logging_mixin.py:137} INFO - [2023-04-15T18:19:47.433+0000] {dag.py:3456} INFO - Setting next_dagrun for example_python_operator to None, run_after=None
[2023-04-15T18:19:47.465+0000] {processor.py:175} INFO - Processing /home/airflow/.local/lib/python3.7/site-packages/airflow/example_dags/example_python_operator.py took 0.199 seconds
[2023-04-15T18:20:17.578+0000] {processor.py:153} INFO - Started process (PID=495) to work on /home/airflow/.local/lib/python3.7/site-packages/airflow/example_dags/example_python_operator.py
[2023-04-15T18:20:17.580+0000] {processor.py:743} INFO - Processing file /home/airflow/.local/lib/python3.7/site-packages/airflow/example_dags/example_python_operator.py for tasks to queue
[2023-04-15T18:20:17.583+0000] {logging_mixin.py:137} INFO - [2023-04-15T18:20:17.582+0000] {dagbag.py:532} INFO - Filling up the DagBag from /home/airflow/.local/lib/python3.7/site-packages/airflow/example_dags/example_python_operator.py
[2023-04-15T18:20:17.613+0000] {logging_mixin.py:137} INFO - [2023-04-15T18:20:17.613+0000] {taskmixin.py:211} WARNING - Dependency <Task(_PythonDecoratedOperator): print_the_context>, log_sql_query already registered for DAG: example_python_operator
[2023-04-15T18:20:17.615+0000] {logging_mixin.py:137} INFO - [2023-04-15T18:20:17.615+0000] {taskmixin.py:211} WARNING - Dependency <Task(_PythonDecoratedOperator): log_sql_query>, print_the_context already registered for DAG: example_python_operator
[2023-04-15T18:20:17.618+0000] {logging_mixin.py:137} INFO - [2023-04-15T18:20:17.618+0000] {taskmixin.py:211} WARNING - Dependency <Task(_PythonDecoratedOperator): print_the_context>, log_sql_query already registered for DAG: example_python_operator
[2023-04-15T18:20:17.620+0000] {logging_mixin.py:137} INFO - [2023-04-15T18:20:17.620+0000] {taskmixin.py:211} WARNING - Dependency <Task(_PythonDecoratedOperator): log_sql_query>, print_the_context already registered for DAG: example_python_operator
[2023-04-15T18:20:17.623+0000] {logging_mixin.py:137} INFO - [2023-04-15T18:20:17.623+0000] {taskmixin.py:211} WARNING - Dependency <Task(_PythonDecoratedOperator): print_the_context>, log_sql_query already registered for DAG: example_python_operator
[2023-04-15T18:20:17.625+0000] {logging_mixin.py:137} INFO - [2023-04-15T18:20:17.624+0000] {taskmixin.py:211} WARNING - Dependency <Task(_PythonDecoratedOperator): log_sql_query>, print_the_context already registered for DAG: example_python_operator
[2023-04-15T18:20:17.628+0000] {logging_mixin.py:137} INFO - [2023-04-15T18:20:17.627+0000] {taskmixin.py:211} WARNING - Dependency <Task(_PythonDecoratedOperator): print_the_context>, log_sql_query already registered for DAG: example_python_operator
[2023-04-15T18:20:17.630+0000] {logging_mixin.py:137} INFO - [2023-04-15T18:20:17.629+0000] {taskmixin.py:211} WARNING - Dependency <Task(_PythonDecoratedOperator): log_sql_query>, print_the_context already registered for DAG: example_python_operator
[2023-04-15T18:20:17.641+0000] {processor.py:753} INFO - DAG(s) dict_keys(['example_python_operator']) retrieved from /home/airflow/.local/lib/python3.7/site-packages/airflow/example_dags/example_python_operator.py
[2023-04-15T18:20:17.695+0000] {logging_mixin.py:137} INFO - [2023-04-15T18:20:17.695+0000] {dag.py:2705} INFO - Sync 1 DAGs
[2023-04-15T18:20:17.741+0000] {logging_mixin.py:137} INFO - [2023-04-15T18:20:17.741+0000] {dag.py:3456} INFO - Setting next_dagrun for example_python_operator to None, run_after=None
[2023-04-15T18:20:17.774+0000] {processor.py:175} INFO - Processing /home/airflow/.local/lib/python3.7/site-packages/airflow/example_dags/example_python_operator.py took 0.203 seconds
[2023-04-15T18:20:48.451+0000] {processor.py:153} INFO - Started process (PID=545) to work on /home/airflow/.local/lib/python3.7/site-packages/airflow/example_dags/example_python_operator.py
[2023-04-15T18:20:48.455+0000] {processor.py:743} INFO - Processing file /home/airflow/.local/lib/python3.7/site-packages/airflow/example_dags/example_python_operator.py for tasks to queue
[2023-04-15T18:20:48.457+0000] {logging_mixin.py:137} INFO - [2023-04-15T18:20:48.457+0000] {dagbag.py:532} INFO - Filling up the DagBag from /home/airflow/.local/lib/python3.7/site-packages/airflow/example_dags/example_python_operator.py
[2023-04-15T18:20:48.491+0000] {logging_mixin.py:137} INFO - [2023-04-15T18:20:48.490+0000] {taskmixin.py:211} WARNING - Dependency <Task(_PythonDecoratedOperator): print_the_context>, log_sql_query already registered for DAG: example_python_operator
[2023-04-15T18:20:48.493+0000] {logging_mixin.py:137} INFO - [2023-04-15T18:20:48.492+0000] {taskmixin.py:211} WARNING - Dependency <Task(_PythonDecoratedOperator): log_sql_query>, print_the_context already registered for DAG: example_python_operator
[2023-04-15T18:20:48.497+0000] {logging_mixin.py:137} INFO - [2023-04-15T18:20:48.497+0000] {taskmixin.py:211} WARNING - Dependency <Task(_PythonDecoratedOperator): print_the_context>, log_sql_query already registered for DAG: example_python_operator
[2023-04-15T18:20:48.499+0000] {logging_mixin.py:137} INFO - [2023-04-15T18:20:48.499+0000] {taskmixin.py:211} WARNING - Dependency <Task(_PythonDecoratedOperator): log_sql_query>, print_the_context already registered for DAG: example_python_operator
[2023-04-15T18:20:48.502+0000] {logging_mixin.py:137} INFO - [2023-04-15T18:20:48.502+0000] {taskmixin.py:211} WARNING - Dependency <Task(_PythonDecoratedOperator): print_the_context>, log_sql_query already registered for DAG: example_python_operator
[2023-04-15T18:20:48.503+0000] {logging_mixin.py:137} INFO - [2023-04-15T18:20:48.503+0000] {taskmixin.py:211} WARNING - Dependency <Task(_PythonDecoratedOperator): log_sql_query>, print_the_context already registered for DAG: example_python_operator
[2023-04-15T18:20:48.506+0000] {logging_mixin.py:137} INFO - [2023-04-15T18:20:48.506+0000] {taskmixin.py:211} WARNING - Dependency <Task(_PythonDecoratedOperator): print_the_context>, log_sql_query already registered for DAG: example_python_operator
[2023-04-15T18:20:48.508+0000] {logging_mixin.py:137} INFO - [2023-04-15T18:20:48.507+0000] {taskmixin.py:211} WARNING - Dependency <Task(_PythonDecoratedOperator): log_sql_query>, print_the_context already registered for DAG: example_python_operator
[2023-04-15T18:20:48.519+0000] {processor.py:753} INFO - DAG(s) dict_keys(['example_python_operator']) retrieved from /home/airflow/.local/lib/python3.7/site-packages/airflow/example_dags/example_python_operator.py
[2023-04-15T18:20:48.562+0000] {logging_mixin.py:137} INFO - [2023-04-15T18:20:48.562+0000] {dag.py:2705} INFO - Sync 1 DAGs
[2023-04-15T18:20:48.599+0000] {logging_mixin.py:137} INFO - [2023-04-15T18:20:48.599+0000] {dag.py:3456} INFO - Setting next_dagrun for example_python_operator to None, run_after=None
[2023-04-15T18:20:48.627+0000] {processor.py:175} INFO - Processing /home/airflow/.local/lib/python3.7/site-packages/airflow/example_dags/example_python_operator.py took 0.184 seconds
[2023-04-15T18:21:26.446+0000] {processor.py:153} INFO - Started process (PID=595) to work on /home/airflow/.local/lib/python3.7/site-packages/airflow/example_dags/example_python_operator.py
[2023-04-15T18:21:26.452+0000] {processor.py:743} INFO - Processing file /home/airflow/.local/lib/python3.7/site-packages/airflow/example_dags/example_python_operator.py for tasks to queue
[2023-04-15T18:21:26.456+0000] {logging_mixin.py:137} INFO - [2023-04-15T18:21:26.456+0000] {dagbag.py:532} INFO - Filling up the DagBag from /home/airflow/.local/lib/python3.7/site-packages/airflow/example_dags/example_python_operator.py
[2023-04-15T18:21:26.513+0000] {logging_mixin.py:137} INFO - [2023-04-15T18:21:26.513+0000] {taskmixin.py:211} WARNING - Dependency <Task(_PythonDecoratedOperator): print_the_context>, log_sql_query already registered for DAG: example_python_operator
[2023-04-15T18:21:26.516+0000] {logging_mixin.py:137} INFO - [2023-04-15T18:21:26.516+0000] {taskmixin.py:211} WARNING - Dependency <Task(_PythonDecoratedOperator): log_sql_query>, print_the_context already registered for DAG: example_python_operator
[2023-04-15T18:21:26.522+0000] {logging_mixin.py:137} INFO - [2023-04-15T18:21:26.521+0000] {taskmixin.py:211} WARNING - Dependency <Task(_PythonDecoratedOperator): print_the_context>, log_sql_query already registered for DAG: example_python_operator
[2023-04-15T18:21:26.525+0000] {logging_mixin.py:137} INFO - [2023-04-15T18:21:26.524+0000] {taskmixin.py:211} WARNING - Dependency <Task(_PythonDecoratedOperator): log_sql_query>, print_the_context already registered for DAG: example_python_operator
[2023-04-15T18:21:26.531+0000] {logging_mixin.py:137} INFO - [2023-04-15T18:21:26.531+0000] {taskmixin.py:211} WARNING - Dependency <Task(_PythonDecoratedOperator): print_the_context>, log_sql_query already registered for DAG: example_python_operator
[2023-04-15T18:21:26.534+0000] {logging_mixin.py:137} INFO - [2023-04-15T18:21:26.533+0000] {taskmixin.py:211} WARNING - Dependency <Task(_PythonDecoratedOperator): log_sql_query>, print_the_context already registered for DAG: example_python_operator
[2023-04-15T18:21:26.537+0000] {logging_mixin.py:137} INFO - [2023-04-15T18:21:26.537+0000] {taskmixin.py:211} WARNING - Dependency <Task(_PythonDecoratedOperator): print_the_context>, log_sql_query already registered for DAG: example_python_operator
[2023-04-15T18:21:26.539+0000] {logging_mixin.py:137} INFO - [2023-04-15T18:21:26.539+0000] {taskmixin.py:211} WARNING - Dependency <Task(_PythonDecoratedOperator): log_sql_query>, print_the_context already registered for DAG: example_python_operator
[2023-04-15T18:21:26.558+0000] {processor.py:753} INFO - DAG(s) dict_keys(['example_python_operator']) retrieved from /home/airflow/.local/lib/python3.7/site-packages/airflow/example_dags/example_python_operator.py
[2023-04-15T18:21:26.636+0000] {logging_mixin.py:137} INFO - [2023-04-15T18:21:26.636+0000] {dag.py:2705} INFO - Sync 1 DAGs
[2023-04-15T18:21:26.702+0000] {logging_mixin.py:137} INFO - [2023-04-15T18:21:26.701+0000] {dag.py:3456} INFO - Setting next_dagrun for example_python_operator to None, run_after=None
[2023-04-15T18:21:26.774+0000] {processor.py:175} INFO - Processing /home/airflow/.local/lib/python3.7/site-packages/airflow/example_dags/example_python_operator.py took 0.335 seconds
[2023-04-15T18:21:57.362+0000] {processor.py:153} INFO - Started process (PID=646) to work on /home/airflow/.local/lib/python3.7/site-packages/airflow/example_dags/example_python_operator.py
[2023-04-15T18:21:57.365+0000] {processor.py:743} INFO - Processing file /home/airflow/.local/lib/python3.7/site-packages/airflow/example_dags/example_python_operator.py for tasks to queue
[2023-04-15T18:21:57.368+0000] {logging_mixin.py:137} INFO - [2023-04-15T18:21:57.367+0000] {dagbag.py:532} INFO - Filling up the DagBag from /home/airflow/.local/lib/python3.7/site-packages/airflow/example_dags/example_python_operator.py
[2023-04-15T18:21:57.394+0000] {logging_mixin.py:137} INFO - [2023-04-15T18:21:57.393+0000] {taskmixin.py:211} WARNING - Dependency <Task(_PythonDecoratedOperator): print_the_context>, log_sql_query already registered for DAG: example_python_operator
[2023-04-15T18:21:57.395+0000] {logging_mixin.py:137} INFO - [2023-04-15T18:21:57.395+0000] {taskmixin.py:211} WARNING - Dependency <Task(_PythonDecoratedOperator): log_sql_query>, print_the_context already registered for DAG: example_python_operator
[2023-04-15T18:21:57.399+0000] {logging_mixin.py:137} INFO - [2023-04-15T18:21:57.399+0000] {taskmixin.py:211} WARNING - Dependency <Task(_PythonDecoratedOperator): print_the_context>, log_sql_query already registered for DAG: example_python_operator
[2023-04-15T18:21:57.401+0000] {logging_mixin.py:137} INFO - [2023-04-15T18:21:57.401+0000] {taskmixin.py:211} WARNING - Dependency <Task(_PythonDecoratedOperator): log_sql_query>, print_the_context already registered for DAG: example_python_operator
[2023-04-15T18:21:57.403+0000] {logging_mixin.py:137} INFO - [2023-04-15T18:21:57.403+0000] {taskmixin.py:211} WARNING - Dependency <Task(_PythonDecoratedOperator): print_the_context>, log_sql_query already registered for DAG: example_python_operator
[2023-04-15T18:21:57.405+0000] {logging_mixin.py:137} INFO - [2023-04-15T18:21:57.405+0000] {taskmixin.py:211} WARNING - Dependency <Task(_PythonDecoratedOperator): log_sql_query>, print_the_context already registered for DAG: example_python_operator
[2023-04-15T18:21:57.408+0000] {logging_mixin.py:137} INFO - [2023-04-15T18:21:57.408+0000] {taskmixin.py:211} WARNING - Dependency <Task(_PythonDecoratedOperator): print_the_context>, log_sql_query already registered for DAG: example_python_operator
[2023-04-15T18:21:57.410+0000] {logging_mixin.py:137} INFO - [2023-04-15T18:21:57.410+0000] {taskmixin.py:211} WARNING - Dependency <Task(_PythonDecoratedOperator): log_sql_query>, print_the_context already registered for DAG: example_python_operator
[2023-04-15T18:21:57.433+0000] {processor.py:753} INFO - DAG(s) dict_keys(['example_python_operator']) retrieved from /home/airflow/.local/lib/python3.7/site-packages/airflow/example_dags/example_python_operator.py
[2023-04-15T18:21:57.489+0000] {logging_mixin.py:137} INFO - [2023-04-15T18:21:57.489+0000] {dag.py:2705} INFO - Sync 1 DAGs
[2023-04-15T18:21:57.529+0000] {logging_mixin.py:137} INFO - [2023-04-15T18:21:57.528+0000] {dag.py:3456} INFO - Setting next_dagrun for example_python_operator to None, run_after=None
[2023-04-15T18:21:57.558+0000] {processor.py:175} INFO - Processing /home/airflow/.local/lib/python3.7/site-packages/airflow/example_dags/example_python_operator.py took 0.201 seconds
